Using scaled threading model. 8 processors detected, 8 threads used to drive the workload, in a possible range of [1,512]
Tomcat is using port 8080. Configure with -Ddacapo.tomcat.port.
Missing data file: C:\Users\pelan\Desktop\446_Project\dacapo-23.11-MR2-chopin\dat/tomcat/BUILDING.txt
Missing data file: C:\Users\pelan\Desktop\446_Project\dacapo-23.11-MR2-chopin\dat/tomcat/CONTRIBUTING.md
Missing data file: C:\Users\pelan\Desktop\446_Project\dacapo-23.11-MR2-chopin\dat/tomcat/LICENSE
Missing data file: C:\Users\pelan\Desktop\446_Project\dacapo-23.11-MR2-chopin\dat/tomcat/NOTICE
Missing data file: C:\Users\pelan\Desktop\446_Project\dacapo-23.11-MR2-chopin\dat/tomcat/README.md
Missing data file: C:\Users\pelan\Desktop\446_Project\dacapo-23.11-MR2-chopin\dat/tomcat/RELEASE-NOTES
Missing data file: C:\Users\pelan\Desktop\446_Project\dacapo-23.11-MR2-chopin\dat/tomcat/RUNNING.txt
Missing data file: C:\Users\pelan\Desktop\446_Project\dacapo-23.11-MR2-chopin\dat/tomcat/bin/bootstrap.jar
Missing data file: C:\Users\pelan\Desktop\446_Project\dacapo-23.11-MR2-chopin\dat/tomcat/bin/catalina-tasks.xml
Missing data file: C:\Users\pelan\Desktop\446_Project\dacapo-23.11-MR2-chopin\dat/tomcat/bin/catalina.bat
Missing data file: C:\Users\pelan\Desktop\446_Project\dacapo-23.11-MR2-chopin\dat/tomcat/bin/catalina.sh
Missing data file: C:\Users\pelan\Desktop\446_Project\dacapo-23.11-MR2-chopin\dat/tomcat/bin/ciphers.bat
Missing data file: C:\Users\pelan\Desktop\446_Project\dacapo-23.11-MR2-chopin\dat/tomcat/bin/ciphers.sh
Missing data file: C:\Users\pelan\Desktop\446_Project\dacapo-23.11-MR2-chopin\dat/tomcat/bin/commons-daemon-native.tar.gz
Missing data file: C:\Users\pelan\Desktop\446_Project\dacapo-23.11-MR2-chopin\dat/tomcat/bin/commons-daemon.jar
Missing data file: C:\Users\pelan\Desktop\446_Project\dacapo-23.11-MR2-chopin\dat/tomcat/bin/configtest.bat
Missing data file: C:\Users\pelan\Desktop\446_Project\dacapo-23.11-MR2-chopin\dat/tomcat/bin/configtest.sh
Missing data file: C:\Users\pelan\Desktop\446_Project\dacapo-23.11-MR2-chopin\dat/tomcat/bin/daemon.sh
Missing data file: C:\Users\pelan\Desktop\446_Project\dacapo-23.11-MR2-chopin\dat/tomcat/bin/digest.bat
Missing data file: C:\Users\pelan\Desktop\446_Project\dacapo-23.11-MR2-chopin\dat/tomcat/bin/digest.sh
Missing data file: C:\Users\pelan\Desktop\446_Project\dacapo-23.11-MR2-chopin\dat/tomcat/bin/makebase.bat
Missing data file: C:\Users\pelan\Desktop\446_Project\dacapo-23.11-MR2-chopin\dat/tomcat/bin/makebase.sh
Missing data file: C:\Users\pelan\Desktop\446_Project\dacapo-23.11-MR2-chopin\dat/tomcat/bin/migrate.bat
Missing data file: C:\Users\pelan\Desktop\446_Project\dacapo-23.11-MR2-chopin\dat/tomcat/bin/migrate.sh
Missing data file: C:\Users\pelan\Desktop\446_Project\dacapo-23.11-MR2-chopin\dat/tomcat/bin/service.bat
Missing data file: C:\Users\pelan\Desktop\446_Project\dacapo-23.11-MR2-chopin\dat/tomcat/bin/setclasspath.bat
Missing data file: C:\Users\pelan\Desktop\446_Project\dacapo-23.11-MR2-chopin\dat/tomcat/bin/setclasspath.sh
Missing data file: C:\Users\pelan\Desktop\446_Project\dacapo-23.11-MR2-chopin\dat/tomcat/bin/shutdown.bat
Missing data file: C:\Users\pelan\Desktop\446_Project\dacapo-23.11-MR2-chopin\dat/tomcat/bin/shutdown.sh
Missing data file: C:\Users\pelan\Desktop\446_Project\dacapo-23.11-MR2-chopin\dat/tomcat/bin/startup.bat
Missing data file: C:\Users\pelan\Desktop\446_Project\dacapo-23.11-MR2-chopin\dat/tomcat/bin/startup.sh
Missing data file: C:\Users\pelan\Desktop\446_Project\dacapo-23.11-MR2-chopin\dat/tomcat/bin/tcnative-1.dll
Missing data file: C:\Users\pelan\Desktop\446_Project\dacapo-23.11-MR2-chopin\dat/tomcat/bin/tomcat-juli.jar
Missing data file: C:\Users\pelan\Desktop\446_Project\dacapo-23.11-MR2-chopin\dat/tomcat/bin/tomcat-native.tar.gz
Missing data file: C:\Users\pelan\Desktop\446_Project\dacapo-23.11-MR2-chopin\dat/tomcat/bin/tomcat10.exe
Missing data file: C:\Users\pelan\Desktop\446_Project\dacapo-23.11-MR2-chopin\dat/tomcat/bin/tomcat10w.exe
Missing data file: C:\Users\pelan\Desktop\446_Project\dacapo-23.11-MR2-chopin\dat/tomcat/bin/tool-wrapper.bat
Missing data file: C:\Users\pelan\Desktop\446_Project\dacapo-23.11-MR2-chopin\dat/tomcat/bin/tool-wrapper.sh
Missing data file: C:\Users\pelan\Desktop\446_Project\dacapo-23.11-MR2-chopin\dat/tomcat/bin/version.bat
Missing data file: C:\Users\pelan\Desktop\446_Project\dacapo-23.11-MR2-chopin\dat/tomcat/bin/version.sh
Missing data file: C:\Users\pelan\Desktop\446_Project\dacapo-23.11-MR2-chopin\dat/tomcat/bin/x64/README
Missing data file: C:\Users\pelan\Desktop\446_Project\dacapo-23.11-MR2-chopin\dat/tomcat/bin/x64/tcnative-1.dll
Missing data file: C:\Users\pelan\Desktop\446_Project\dacapo-23.11-MR2-chopin\dat/tomcat/bin/x64/tomcat10.exe
Missing data file: C:\Users\pelan\Desktop\446_Project\dacapo-23.11-MR2-chopin\dat/tomcat/conf/catalina.policy
Missing data file: C:\Users\pelan\Desktop\446_Project\dacapo-23.11-MR2-chopin\dat/tomcat/conf/catalina.properties
Missing data file: C:\Users\pelan\Desktop\446_Project\dacapo-23.11-MR2-chopin\dat/tomcat/conf/context.xml
Missing data file: C:\Users\pelan\Desktop\446_Project\dacapo-23.11-MR2-chopin\dat/tomcat/conf/jaspic-providers.xml
Missing data file: C:\Users\pelan\Desktop\446_Project\dacapo-23.11-MR2-chopin\dat/tomcat/conf/jaspic-providers.xsd
Missing data file: C:\Users\pelan\Desktop\446_Project\dacapo-23.11-MR2-chopin\dat/tomcat/conf/logging.properties
Missing data file: C:\Users\pelan\Desktop\446_Project\dacapo-23.11-MR2-chopin\dat/tomcat/conf/server.xml
Missing data file: C:\Users\pelan\Desktop\446_Project\dacapo-23.11-MR2-chopin\dat/tomcat/conf/tomcat-users.xml
Missing data file: C:\Users\pelan\Desktop\446_Project\dacapo-23.11-MR2-chopin\dat/tomcat/conf/tomcat-users.xsd
Missing data file: C:\Users\pelan\Desktop\446_Project\dacapo-23.11-MR2-chopin\dat/tomcat/conf/web.xml
Missing data file: C:\Users\pelan\Desktop\446_Project\dacapo-23.11-MR2-chopin\dat/tomcat/temp/safeToDelete.tmp
Missing data file: C:\Users\pelan\Desktop\446_Project\dacapo-23.11-MR2-chopin\dat/tomcat/webapps/ROOT/RELEASE-NOTES.txt
Missing data file: C:\Users\pelan\Desktop\446_Project\dacapo-23.11-MR2-chopin\dat/tomcat/webapps/ROOT/WEB-INF/web.xml
Missing data file: C:\Users\pelan\Desktop\446_Project\dacapo-23.11-MR2-chopin\dat/tomcat/webapps/ROOT/asf-logo-wide.svg
Missing data file: C:\Users\pelan\Desktop\446_Project\dacapo-23.11-MR2-chopin\dat/tomcat/webapps/ROOT/bg-button.png
Missing data file: C:\Users\pelan\Desktop\446_Project\dacapo-23.11-MR2-chopin\dat/tomcat/webapps/ROOT/bg-middle.png
Missing data file: C:\Users\pelan\Desktop\446_Project\dacapo-23.11-MR2-chopin\dat/tomcat/webapps/ROOT/bg-nav.png
Missing data file: C:\Users\pelan\Desktop\446_Project\dacapo-23.11-MR2-chopin\dat/tomcat/webapps/ROOT/bg-upper.png
Missing data file: C:\Users\pelan\Desktop\446_Project\dacapo-23.11-MR2-chopin\dat/tomcat/webapps/ROOT/favicon.ico
Missing data file: C:\Users\pelan\Desktop\446_Project\dacapo-23.11-MR2-chopin\dat/tomcat/webapps/ROOT/index.jsp
Missing data file: C:\Users\pelan\Desktop\446_Project\dacapo-23.11-MR2-chopin\dat/tomcat/webapps/ROOT/tomcat.css
Missing data file: C:\Users\pelan\Desktop\446_Project\dacapo-23.11-MR2-chopin\dat/tomcat/webapps/ROOT/tomcat.svg
Missing data file: C:\Users\pelan\Desktop\446_Project\dacapo-23.11-MR2-chopin\dat/tomcat/webapps/docs/BUILDING.txt
Missing data file: C:\Users\pelan\Desktop\446_Project\dacapo-23.11-MR2-chopin\dat/tomcat/webapps/docs/META-INF/context.xml
Missing data file: C:\Users\pelan\Desktop\446_Project\dacapo-23.11-MR2-chopin\dat/tomcat/webapps/docs/RELEASE-NOTES.txt
Missing data file: C:\Users\pelan\Desktop\446_Project\dacapo-23.11-MR2-chopin\dat/tomcat/webapps/docs/RUNNING.txt
Missing data file: C:\Users\pelan\Desktop\446_Project\dacapo-23.11-MR2-chopin\dat/tomcat/webapps/docs/WEB-INF/jsp/403.jsp
Missing data file: C:\Users\pelan\Desktop\446_Project\dacapo-23.11-MR2-chopin\dat/tomcat/webapps/docs/WEB-INF/web.xml
Missing data file: C:\Users\pelan\Desktop\446_Project\dacapo-23.11-MR2-chopin\dat/tomcat/webapps/docs/aio.html
Missing data file: C:\Users\pelan\Desktop\446_Project\dacapo-23.11-MR2-chopin\dat/tomcat/webapps/docs/annotationapi/index.html
Missing data file: C:\Users\pelan\Desktop\446_Project\dacapo-23.11-MR2-chopin\dat/tomcat/webapps/docs/api/index.html
Missing data file: C:\Users\pelan\Desktop\446_Project\dacapo-23.11-MR2-chopin\dat/tomcat/webapps/docs/appdev/build.xml.txt
Missing data file: C:\Users\pelan\Desktop\446_Project\dacapo-23.11-MR2-chopin\dat/tomcat/webapps/docs/appdev/deployment.html
Missing data file: C:\Users\pelan\Desktop\446_Project\dacapo-23.11-MR2-chopin\dat/tomcat/webapps/docs/appdev/index.html
Missing data file: C:\Users\pelan\Desktop\446_Project\dacapo-23.11-MR2-chopin\dat/tomcat/webapps/docs/appdev/installation.html
Missing data file: C:\Users\pelan\Desktop\446_Project\dacapo-23.11-MR2-chopin\dat/tomcat/webapps/docs/appdev/introduction.html
Missing data file: C:\Users\pelan\Desktop\446_Project\dacapo-23.11-MR2-chopin\dat/tomcat/webapps/docs/appdev/processes.html
Missing data file: C:\Users\pelan\Desktop\446_Project\dacapo-23.11-MR2-chopin\dat/tomcat/webapps/docs/appdev/sample/build.xml
Missing data file: C:\Users\pelan\Desktop\446_Project\dacapo-23.11-MR2-chopin\dat/tomcat/webapps/docs/appdev/sample/docs/README.txt
Missing data file: C:\Users\pelan\Desktop\446_Project\dacapo-23.11-MR2-chopin\dat/tomcat/webapps/docs/appdev/sample/index.html
Missing data file: C:\Users\pelan\Desktop\446_Project\dacapo-23.11-MR2-chopin\dat/tomcat/webapps/docs/appdev/sample/sample.war
Missing data file: C:\Users\pelan\Desktop\446_Project\dacapo-23.11-MR2-chopin\dat/tomcat/webapps/docs/appdev/sample/src/mypackage/Hello.java
Missing data file: C:\Users\pelan\Desktop\446_Project\dacapo-23.11-MR2-chopin\dat/tomcat/webapps/docs/appdev/sample/web/WEB-INF/web.xml
Missing data file: C:\Users\pelan\Desktop\446_Project\dacapo-23.11-MR2-chopin\dat/tomcat/webapps/docs/appdev/sample/web/hello.jsp
Missing data file: C:\Users\pelan\Desktop\446_Project\dacapo-23.11-MR2-chopin\dat/tomcat/webapps/docs/appdev/sample/web/images/tomcat.gif
Missing data file: C:\Users\pelan\Desktop\446_Project\dacapo-23.11-MR2-chopin\dat/tomcat/webapps/docs/appdev/sample/web/index.html
Missing data file: C:\Users\pelan\Desktop\446_Project\dacapo-23.11-MR2-chopin\dat/tomcat/webapps/docs/appdev/source.html
Missing data file: C:\Users\pelan\Desktop\446_Project\dacapo-23.11-MR2-chopin\dat/tomcat/webapps/docs/appdev/web.xml.txt
Missing data file: C:\Users\pelan\Desktop\446_Project\dacapo-23.11-MR2-chopin\dat/tomcat/webapps/docs/apr.html
Missing data file: C:\Users\pelan\Desktop\446_Project\dacapo-23.11-MR2-chopin\dat/tomcat/webapps/docs/architecture/index.html
Missing data file: C:\Users\pelan\Desktop\446_Project\dacapo-23.11-MR2-chopin\dat/tomcat/webapps/docs/architecture/overview.html
Missing data file: C:\Users\pelan\Desktop\446_Project\dacapo-23.11-MR2-chopin\dat/tomcat/webapps/docs/architecture/requestProcess.html
Missing data file: C:\Users\pelan\Desktop\446_Project\dacapo-23.11-MR2-chopin\dat/tomcat/webapps/docs/architecture/requestProcess/authentication-process.png
Missing data file: C:\Users\pelan\Desktop\446_Project\dacapo-23.11-MR2-chopin\dat/tomcat/webapps/docs/architecture/requestProcess/request-process.png
Missing data file: C:\Users\pelan\Desktop\446_Project\dacapo-23.11-MR2-chopin\dat/tomcat/webapps/docs/architecture/startup.html
Missing data file: C:\Users\pelan\Desktop\446_Project\dacapo-23.11-MR2-chopin\dat/tomcat/webapps/docs/architecture/startup/serverStartup.pdf
Missing data file: C:\Users\pelan\Desktop\446_Project\dacapo-23.11-MR2-chopin\dat/tomcat/webapps/docs/architecture/startup/serverStartup.txt
Missing data file: C:\Users\pelan\Desktop\446_Project\dacapo-23.11-MR2-chopin\dat/tomcat/webapps/docs/balancer-howto.html
Missing data file: C:\Users\pelan\Desktop\446_Project\dacapo-23.11-MR2-chopin\dat/tomcat/webapps/docs/building.html
Missing data file: C:\Users\pelan\Desktop\446_Project\dacapo-23.11-MR2-chopin\dat/tomcat/webapps/docs/cdi.html
Missing data file: C:\Users\pelan\Desktop\446_Project\dacapo-23.11-MR2-chopin\dat/tomcat/webapps/docs/cgi-howto.html
Missing data file: C:\Users\pelan\Desktop\446_Project\dacapo-23.11-MR2-chopin\dat/tomcat/webapps/docs/changelog.html
Missing data file: C:\Users\pelan\Desktop\446_Project\dacapo-23.11-MR2-chopin\dat/tomcat/webapps/docs/class-loader-howto.html
Missing data file: C:\Users\pelan\Desktop\446_Project\dacapo-23.11-MR2-chopin\dat/tomcat/webapps/docs/cluster-howto.html
Missing data file: C:\Users\pelan\Desktop\446_Project\dacapo-23.11-MR2-chopin\dat/tomcat/webapps/docs/comments.html
Missing data file: C:\Users\pelan\Desktop\446_Project\dacapo-23.11-MR2-chopin\dat/tomcat/webapps/docs/config/ajp.html
Missing data file: C:\Users\pelan\Desktop\446_Project\dacapo-23.11-MR2-chopin\dat/tomcat/webapps/docs/config/automatic-deployment.html
Missing data file: C:\Users\pelan\Desktop\446_Project\dacapo-23.11-MR2-chopin\dat/tomcat/webapps/docs/config/cluster-channel.html
Missing data file: C:\Users\pelan\Desktop\446_Project\dacapo-23.11-MR2-chopin\dat/tomcat/webapps/docs/config/cluster-deployer.html
Missing data file: C:\Users\pelan\Desktop\446_Project\dacapo-23.11-MR2-chopin\dat/tomcat/webapps/docs/config/cluster-interceptor.html
Missing data file: C:\Users\pelan\Desktop\446_Project\dacapo-23.11-MR2-chopin\dat/tomcat/webapps/docs/config/cluster-listener.html
Missing data file: C:\Users\pelan\Desktop\446_Project\dacapo-23.11-MR2-chopin\dat/tomcat/webapps/docs/config/cluster-manager.html
Missing data file: C:\Users\pelan\Desktop\446_Project\dacapo-23.11-MR2-chopin\dat/tomcat/webapps/docs/config/cluster-membership.html
Missing data file: C:\Users\pelan\Desktop\446_Project\dacapo-23.11-MR2-chopin\dat/tomcat/webapps/docs/config/cluster-receiver.html
Missing data file: C:\Users\pelan\Desktop\446_Project\dacapo-23.11-MR2-chopin\dat/tomcat/webapps/docs/config/cluster-sender.html
Missing data file: C:\Users\pelan\Desktop\446_Project\dacapo-23.11-MR2-chopin\dat/tomcat/webapps/docs/config/cluster-valve.html
Missing data file: C:\Users\pelan\Desktop\446_Project\dacapo-23.11-MR2-chopin\dat/tomcat/webapps/docs/config/cluster.html
Missing data file: C:\Users\pelan\Desktop\446_Project\dacapo-23.11-MR2-chopin\dat/tomcat/webapps/docs/config/context.html
Missing data file: C:\Users\pelan\Desktop\446_Project\dacapo-23.11-MR2-chopin\dat/tomcat/webapps/docs/config/cookie-processor.html
Missing data file: C:\Users\pelan\Desktop\446_Project\dacapo-23.11-MR2-chopin\dat/tomcat/webapps/docs/config/credentialhandler.html
Missing data file: C:\Users\pelan\Desktop\446_Project\dacapo-23.11-MR2-chopin\dat/tomcat/webapps/docs/config/engine.html
Missing data file: C:\Users\pelan\Desktop\446_Project\dacapo-23.11-MR2-chopin\dat/tomcat/webapps/docs/config/executor.html
Missing data file: C:\Users\pelan\Desktop\446_Project\dacapo-23.11-MR2-chopin\dat/tomcat/webapps/docs/config/filter.html
Missing data file: C:\Users\pelan\Desktop\446_Project\dacapo-23.11-MR2-chopin\dat/tomcat/webapps/docs/config/globalresources.html
Missing data file: C:\Users\pelan\Desktop\446_Project\dacapo-23.11-MR2-chopin\dat/tomcat/webapps/docs/config/host.html
Missing data file: C:\Users\pelan\Desktop\446_Project\dacapo-23.11-MR2-chopin\dat/tomcat/webapps/docs/config/http.html
Missing data file: C:\Users\pelan\Desktop\446_Project\dacapo-23.11-MR2-chopin\dat/tomcat/webapps/docs/config/http2.html
Missing data file: C:\Users\pelan\Desktop\446_Project\dacapo-23.11-MR2-chopin\dat/tomcat/webapps/docs/config/index.html
Missing data file: C:\Users\pelan\Desktop\446_Project\dacapo-23.11-MR2-chopin\dat/tomcat/webapps/docs/config/jar-scan-filter.html
Missing data file: C:\Users\pelan\Desktop\446_Project\dacapo-23.11-MR2-chopin\dat/tomcat/webapps/docs/config/jar-scanner.html
Missing data file: C:\Users\pelan\Desktop\446_Project\dacapo-23.11-MR2-chopin\dat/tomcat/webapps/docs/config/jaspic.html
Missing data file: C:\Users\pelan\Desktop\446_Project\dacapo-23.11-MR2-chopin\dat/tomcat/webapps/docs/config/listeners.html
Missing data file: C:\Users\pelan\Desktop\446_Project\dacapo-23.11-MR2-chopin\dat/tomcat/webapps/docs/config/loader.html
Missing data file: C:\Users\pelan\Desktop\446_Project\dacapo-23.11-MR2-chopin\dat/tomcat/webapps/docs/config/manager.html
Missing data file: C:\Users\pelan\Desktop\446_Project\dacapo-23.11-MR2-chopin\dat/tomcat/webapps/docs/config/realm.html
Missing data file: C:\Users\pelan\Desktop\446_Project\dacapo-23.11-MR2-chopin\dat/tomcat/webapps/docs/config/resources.html
Missing data file: C:\Users\pelan\Desktop\446_Project\dacapo-23.11-MR2-chopin\dat/tomcat/webapps/docs/config/server.html
Missing data file: C:\Users\pelan\Desktop\446_Project\dacapo-23.11-MR2-chopin\dat/tomcat/webapps/docs/config/service.html
Missing data file: C:\Users\pelan\Desktop\446_Project\dacapo-23.11-MR2-chopin\dat/tomcat/webapps/docs/config/sessionidgenerator.html
Missing data file: C:\Users\pelan\Desktop\446_Project\dacapo-23.11-MR2-chopin\dat/tomcat/webapps/docs/config/systemprops.html
Missing data file: C:\Users\pelan\Desktop\446_Project\dacapo-23.11-MR2-chopin\dat/tomcat/webapps/docs/config/valve.html
Missing data file: C:\Users\pelan\Desktop\446_Project\dacapo-23.11-MR2-chopin\dat/tomcat/webapps/docs/connectors.html
Missing data file: C:\Users\pelan\Desktop\446_Project\dacapo-23.11-MR2-chopin\dat/tomcat/webapps/docs/default-servlet.html
Missing data file: C:\Users\pelan\Desktop\446_Project\dacapo-23.11-MR2-chopin\dat/tomcat/webapps/docs/deployer-howto.html
Missing data file: C:\Users\pelan\Desktop\446_Project\dacapo-23.11-MR2-chopin\dat/tomcat/webapps/docs/developers.html
Missing data file: C:\Users\pelan\Desktop\446_Project\dacapo-23.11-MR2-chopin\dat/tomcat/webapps/docs/elapi/index.html
Missing data file: C:\Users\pelan\Desktop\446_Project\dacapo-23.11-MR2-chopin\dat/tomcat/webapps/docs/graal.html
Missing data file: C:\Users\pelan\Desktop\446_Project\dacapo-23.11-MR2-chopin\dat/tomcat/webapps/docs/host-manager-howto.html
Missing data file: C:\Users\pelan\Desktop\446_Project\dacapo-23.11-MR2-chopin\dat/tomcat/webapps/docs/html-host-manager-howto.html
Missing data file: C:\Users\pelan\Desktop\446_Project\dacapo-23.11-MR2-chopin\dat/tomcat/webapps/docs/html-manager-howto.html
Missing data file: C:\Users\pelan\Desktop\446_Project\dacapo-23.11-MR2-chopin\dat/tomcat/webapps/docs/images/add.gif
Missing data file: C:\Users\pelan\Desktop\446_Project\dacapo-23.11-MR2-chopin\dat/tomcat/webapps/docs/images/asf-logo.svg
Missing data file: C:\Users\pelan\Desktop\446_Project\dacapo-23.11-MR2-chopin\dat/tomcat/webapps/docs/images/code.gif
Missing data file: C:\Users\pelan\Desktop\446_Project\dacapo-23.11-MR2-chopin\dat/tomcat/webapps/docs/images/cors-flowchart.png
Missing data file: C:\Users\pelan\Desktop\446_Project\dacapo-23.11-MR2-chopin\dat/tomcat/webapps/docs/images/design.gif
Missing data file: C:\Users\pelan\Desktop\446_Project\dacapo-23.11-MR2-chopin\dat/tomcat/webapps/docs/images/docs-stylesheet.css
Missing data file: C:\Users\pelan\Desktop\446_Project\dacapo-23.11-MR2-chopin\dat/tomcat/webapps/docs/images/docs.gif
Missing data file: C:\Users\pelan\Desktop\446_Project\dacapo-23.11-MR2-chopin\dat/tomcat/webapps/docs/images/fix.gif
Missing data file: C:\Users\pelan\Desktop\446_Project\dacapo-23.11-MR2-chopin\dat/tomcat/webapps/docs/images/fonts/OpenSans400.woff
Missing data file: C:\Users\pelan\Desktop\446_Project\dacapo-23.11-MR2-chopin\dat/tomcat/webapps/docs/images/fonts/OpenSans400italic.woff
Missing data file: C:\Users\pelan\Desktop\446_Project\dacapo-23.11-MR2-chopin\dat/tomcat/webapps/docs/images/fonts/OpenSans600.woff
Missing data file: C:\Users\pelan\Desktop\446_Project\dacapo-23.11-MR2-chopin\dat/tomcat/webapps/docs/images/fonts/OpenSans600italic.woff
Missing data file: C:\Users\pelan\Desktop\446_Project\dacapo-23.11-MR2-chopin\dat/tomcat/webapps/docs/images/fonts/OpenSans700.woff
Missing data file: C:\Users\pelan\Desktop\446_Project\dacapo-23.11-MR2-chopin\dat/tomcat/webapps/docs/images/fonts/OpenSans700italic.woff
Missing data file: C:\Users\pelan\Desktop\446_Project\dacapo-23.11-MR2-chopin\dat/tomcat/webapps/docs/images/fonts/fonts.css
Missing data file: C:\Users\pelan\Desktop\446_Project\dacapo-23.11-MR2-chopin\dat/tomcat/webapps/docs/images/tomcat.gif
Missing data file: C:\Users\pelan\Desktop\446_Project\dacapo-23.11-MR2-chopin\dat/tomcat/webapps/docs/images/tomcat.png
Missing data file: C:\Users\pelan\Desktop\446_Project\dacapo-23.11-MR2-chopin\dat/tomcat/webapps/docs/images/update.gif
Missing data file: C:\Users\pelan\Desktop\446_Project\dacapo-23.11-MR2-chopin\dat/tomcat/webapps/docs/images/void.gif
Missing data file: C:\Users\pelan\Desktop\446_Project\dacapo-23.11-MR2-chopin\dat/tomcat/webapps/docs/index.html
Missing data file: C:\Users\pelan\Desktop\446_Project\dacapo-23.11-MR2-chopin\dat/tomcat/webapps/docs/introduction.html
Missing data file: C:\Users\pelan\Desktop\446_Project\dacapo-23.11-MR2-chopin\dat/tomcat/webapps/docs/jasper-howto.html
Missing data file: C:\Users\pelan\Desktop\446_Project\dacapo-23.11-MR2-chopin\dat/tomcat/webapps/docs/jaspicapi/index.html
Missing data file: C:\Users\pelan\Desktop\446_Project\dacapo-23.11-MR2-chopin\dat/tomcat/webapps/docs/jdbc-pool.html
Missing data file: C:\Users\pelan\Desktop\446_Project\dacapo-23.11-MR2-chopin\dat/tomcat/webapps/docs/jndi-datasource-examples-howto.html
Missing data file: C:\Users\pelan\Desktop\446_Project\dacapo-23.11-MR2-chopin\dat/tomcat/webapps/docs/jndi-resources-howto.html
Missing data file: C:\Users\pelan\Desktop\446_Project\dacapo-23.11-MR2-chopin\dat/tomcat/webapps/docs/jspapi/index.html
Missing data file: C:\Users\pelan\Desktop\446_Project\dacapo-23.11-MR2-chopin\dat/tomcat/webapps/docs/logging.html
Missing data file: C:\Users\pelan\Desktop\446_Project\dacapo-23.11-MR2-chopin\dat/tomcat/webapps/docs/manager-howto.html
Missing data file: C:\Users\pelan\Desktop\446_Project\dacapo-23.11-MR2-chopin\dat/tomcat/webapps/docs/maven-jars.html
Missing data file: C:\Users\pelan\Desktop\446_Project\dacapo-23.11-MR2-chopin\dat/tomcat/webapps/docs/mbeans-descriptors-howto.html
Missing data file: C:\Users\pelan\Desktop\446_Project\dacapo-23.11-MR2-chopin\dat/tomcat/webapps/docs/mbeans-descriptors.dtd
Missing data file: C:\Users\pelan\Desktop\446_Project\dacapo-23.11-MR2-chopin\dat/tomcat/webapps/docs/monitoring.html
Missing data file: C:\Users\pelan\Desktop\446_Project\dacapo-23.11-MR2-chopin\dat/tomcat/webapps/docs/proxy-howto.html
Missing data file: C:\Users\pelan\Desktop\446_Project\dacapo-23.11-MR2-chopin\dat/tomcat/webapps/docs/realm-howto.html
Missing data file: C:\Users\pelan\Desktop\446_Project\dacapo-23.11-MR2-chopin\dat/tomcat/webapps/docs/rewrite.html
Missing data file: C:\Users\pelan\Desktop\446_Project\dacapo-23.11-MR2-chopin\dat/tomcat/webapps/docs/security-howto.html
Missing data file: C:\Users\pelan\Desktop\446_Project\dacapo-23.11-MR2-chopin\dat/tomcat/webapps/docs/security-manager-howto.html
Missing data file: C:\Users\pelan\Desktop\446_Project\dacapo-23.11-MR2-chopin\dat/tomcat/webapps/docs/servletapi/index.html
Missing data file: C:\Users\pelan\Desktop\446_Project\dacapo-23.11-MR2-chopin\dat/tomcat/webapps/docs/setup.html
Missing data file: C:\Users\pelan\Desktop\446_Project\dacapo-23.11-MR2-chopin\dat/tomcat/webapps/docs/ssi-howto.html
Missing data file: C:\Users\pelan\Desktop\446_Project\dacapo-23.11-MR2-chopin\dat/tomcat/webapps/docs/ssl-howto.html
Missing data file: C:\Users\pelan\Desktop\446_Project\dacapo-23.11-MR2-chopin\dat/tomcat/webapps/docs/tribes/developers.html
Missing data file: C:\Users\pelan\Desktop\446_Project\dacapo-23.11-MR2-chopin\dat/tomcat/webapps/docs/tribes/faq.html
Missing data file: C:\Users\pelan\Desktop\446_Project\dacapo-23.11-MR2-chopin\dat/tomcat/webapps/docs/tribes/interceptors.html
Missing data file: C:\Users\pelan\Desktop\446_Project\dacapo-23.11-MR2-chopin\dat/tomcat/webapps/docs/tribes/introduction.html
Missing data file: C:\Users\pelan\Desktop\446_Project\dacapo-23.11-MR2-chopin\dat/tomcat/webapps/docs/tribes/membership.html
Missing data file: C:\Users\pelan\Desktop\446_Project\dacapo-23.11-MR2-chopin\dat/tomcat/webapps/docs/tribes/setup.html
Missing data file: C:\Users\pelan\Desktop\446_Project\dacapo-23.11-MR2-chopin\dat/tomcat/webapps/docs/tribes/status.html
Missing data file: C:\Users\pelan\Desktop\446_Project\dacapo-23.11-MR2-chopin\dat/tomcat/webapps/docs/tribes/transport.html
Missing data file: C:\Users\pelan\Desktop\446_Project\dacapo-23.11-MR2-chopin\dat/tomcat/webapps/docs/virtual-hosting-howto.html
Missing data file: C:\Users\pelan\Desktop\446_Project\dacapo-23.11-MR2-chopin\dat/tomcat/webapps/docs/web-socket-howto.html
Missing data file: C:\Users\pelan\Desktop\446_Project\dacapo-23.11-MR2-chopin\dat/tomcat/webapps/docs/websocketapi/index.html
Missing data file: C:\Users\pelan\Desktop\446_Project\dacapo-23.11-MR2-chopin\dat/tomcat/webapps/docs/windows-auth-howto.html
Missing data file: C:\Users\pelan\Desktop\446_Project\dacapo-23.11-MR2-chopin\dat/tomcat/webapps/docs/windows-service-howto.html
Missing data file: C:\Users\pelan\Desktop\446_Project\dacapo-23.11-MR2-chopin\dat/tomcat/webapps/examples/META-INF/context.xml
Missing data file: C:\Users\pelan\Desktop\446_Project\dacapo-23.11-MR2-chopin\dat/tomcat/webapps/examples/WEB-INF/classes/CookieExample.class
Missing data file: C:\Users\pelan\Desktop\446_Project\dacapo-23.11-MR2-chopin\dat/tomcat/webapps/examples/WEB-INF/classes/CookieExample.java
Missing data file: C:\Users\pelan\Desktop\446_Project\dacapo-23.11-MR2-chopin\dat/tomcat/webapps/examples/WEB-INF/classes/HelloWorldExample.class
Missing data file: C:\Users\pelan\Desktop\446_Project\dacapo-23.11-MR2-chopin\dat/tomcat/webapps/examples/WEB-INF/classes/HelloWorldExample.java
Missing data file: C:\Users\pelan\Desktop\446_Project\dacapo-23.11-MR2-chopin\dat/tomcat/webapps/examples/WEB-INF/classes/LocalStrings.properties
Missing data file: C:\Users\pelan\Desktop\446_Project\dacapo-23.11-MR2-chopin\dat/tomcat/webapps/examples/WEB-INF/classes/LocalStrings_cs.properties
Missing data file: C:\Users\pelan\Desktop\446_Project\dacapo-23.11-MR2-chopin\dat/tomcat/webapps/examples/WEB-INF/classes/LocalStrings_de.properties
Missing data file: C:\Users\pelan\Desktop\446_Project\dacapo-23.11-MR2-chopin\dat/tomcat/webapps/examples/WEB-INF/classes/LocalStrings_es.properties
Missing data file: C:\Users\pelan\Desktop\446_Project\dacapo-23.11-MR2-chopin\dat/tomcat/webapps/examples/WEB-INF/classes/LocalStrings_fr.properties
Missing data file: C:\Users\pelan\Desktop\446_Project\dacapo-23.11-MR2-chopin\dat/tomcat/webapps/examples/WEB-INF/classes/LocalStrings_ja.properties
Missing data file: C:\Users\pelan\Desktop\446_Project\dacapo-23.11-MR2-chopin\dat/tomcat/webapps/examples/WEB-INF/classes/LocalStrings_ko.properties
Missing data file: C:\Users\pelan\Desktop\446_Project\dacapo-23.11-MR2-chopin\dat/tomcat/webapps/examples/WEB-INF/classes/LocalStrings_pt.properties
Missing data file: C:\Users\pelan\Desktop\446_Project\dacapo-23.11-MR2-chopin\dat/tomcat/webapps/examples/WEB-INF/classes/LocalStrings_pt_BR.properties
Missing data file: C:\Users\pelan\Desktop\446_Project\dacapo-23.11-MR2-chopin\dat/tomcat/webapps/examples/WEB-INF/classes/LocalStrings_ru.properties
Missing data file: C:\Users\pelan\Desktop\446_Project\dacapo-23.11-MR2-chopin\dat/tomcat/webapps/examples/WEB-INF/classes/LocalStrings_zh_CN.properties
Missing data file: C:\Users\pelan\Desktop\446_Project\dacapo-23.11-MR2-chopin\dat/tomcat/webapps/examples/WEB-INF/classes/RequestHeaderExample.class
Missing data file: C:\Users\pelan\Desktop\446_Project\dacapo-23.11-MR2-chopin\dat/tomcat/webapps/examples/WEB-INF/classes/RequestHeaderExample.java
Missing data file: C:\Users\pelan\Desktop\446_Project\dacapo-23.11-MR2-chopin\dat/tomcat/webapps/examples/WEB-INF/classes/RequestInfoExample.class
Missing data file: C:\Users\pelan\Desktop\446_Project\dacapo-23.11-MR2-chopin\dat/tomcat/webapps/examples/WEB-INF/classes/RequestInfoExample.java
Missing data file: C:\Users\pelan\Desktop\446_Project\dacapo-23.11-MR2-chopin\dat/tomcat/webapps/examples/WEB-INF/classes/RequestParamExample.class
Missing data file: C:\Users\pelan\Desktop\446_Project\dacapo-23.11-MR2-chopin\dat/tomcat/webapps/examples/WEB-INF/classes/RequestParamExample.java
Missing data file: C:\Users\pelan\Desktop\446_Project\dacapo-23.11-MR2-chopin\dat/tomcat/webapps/examples/WEB-INF/classes/ServletToJsp.class
Missing data file: C:\Users\pelan\Desktop\446_Project\dacapo-23.11-MR2-chopin\dat/tomcat/webapps/examples/WEB-INF/classes/ServletToJsp.java
Missing data file: C:\Users\pelan\Desktop\446_Project\dacapo-23.11-MR2-chopin\dat/tomcat/webapps/examples/WEB-INF/classes/SessionExample.class
Missing data file: C:\Users\pelan\Desktop\446_Project\dacapo-23.11-MR2-chopin\dat/tomcat/webapps/examples/WEB-INF/classes/SessionExample.java
Missing data file: C:\Users\pelan\Desktop\446_Project\dacapo-23.11-MR2-chopin\dat/tomcat/webapps/examples/WEB-INF/classes/async/Async0$1.class
Missing data file: C:\Users\pelan\Desktop\446_Project\dacapo-23.11-MR2-chopin\dat/tomcat/webapps/examples/WEB-INF/classes/async/Async0.class
Missing data file: C:\Users\pelan\Desktop\446_Project\dacapo-23.11-MR2-chopin\dat/tomcat/webapps/examples/WEB-INF/classes/async/Async0.java
Missing data file: C:\Users\pelan\Desktop\446_Project\dacapo-23.11-MR2-chopin\dat/tomcat/webapps/examples/WEB-INF/classes/async/Async1$1.class
Missing data file: C:\Users\pelan\Desktop\446_Project\dacapo-23.11-MR2-chopin\dat/tomcat/webapps/examples/WEB-INF/classes/async/Async1.class
Missing data file: C:\Users\pelan\Desktop\446_Project\dacapo-23.11-MR2-chopin\dat/tomcat/webapps/examples/WEB-INF/classes/async/Async1.java
Missing data file: C:\Users\pelan\Desktop\446_Project\dacapo-23.11-MR2-chopin\dat/tomcat/webapps/examples/WEB-INF/classes/async/Async2$1.class
Missing data file: C:\Users\pelan\Desktop\446_Project\dacapo-23.11-MR2-chopin\dat/tomcat/webapps/examples/WEB-INF/classes/async/Async2.class
Missing data file: C:\Users\pelan\Desktop\446_Project\dacapo-23.11-MR2-chopin\dat/tomcat/webapps/examples/WEB-INF/classes/async/Async2.java
Missing data file: C:\Users\pelan\Desktop\446_Project\dacapo-23.11-MR2-chopin\dat/tomcat/webapps/examples/WEB-INF/classes/async/Async3.class
Missing data file: C:\Users\pelan\Desktop\446_Project\dacapo-23.11-MR2-chopin\dat/tomcat/webapps/examples/WEB-INF/classes/async/Async3.java
Missing data file: C:\Users\pelan\Desktop\446_Project\dacapo-23.11-MR2-chopin\dat/tomcat/webapps/examples/WEB-INF/classes/async/AsyncStockContextListener.class
Missing data file: C:\Users\pelan\Desktop\446_Project\dacapo-23.11-MR2-chopin\dat/tomcat/webapps/examples/WEB-INF/classes/async/AsyncStockContextListener.java
Missing data file: C:\Users\pelan\Desktop\446_Project\dacapo-23.11-MR2-chopin\dat/tomcat/webapps/examples/WEB-INF/classes/async/AsyncStockServlet.class
Missing data file: C:\Users\pelan\Desktop\446_Project\dacapo-23.11-MR2-chopin\dat/tomcat/webapps/examples/WEB-INF/classes/async/AsyncStockServlet.java
Missing data file: C:\Users\pelan\Desktop\446_Project\dacapo-23.11-MR2-chopin\dat/tomcat/webapps/examples/WEB-INF/classes/async/Stockticker$Stock.class
Missing data file: C:\Users\pelan\Desktop\446_Project\dacapo-23.11-MR2-chopin\dat/tomcat/webapps/examples/WEB-INF/classes/async/Stockticker$TickListener.class
Missing data file: C:\Users\pelan\Desktop\446_Project\dacapo-23.11-MR2-chopin\dat/tomcat/webapps/examples/WEB-INF/classes/async/Stockticker.class
Missing data file: C:\Users\pelan\Desktop\446_Project\dacapo-23.11-MR2-chopin\dat/tomcat/webapps/examples/WEB-INF/classes/async/Stockticker.java
Missing data file: C:\Users\pelan\Desktop\446_Project\dacapo-23.11-MR2-chopin\dat/tomcat/webapps/examples/WEB-INF/classes/cal/Entries.class
Missing data file: C:\Users\pelan\Desktop\446_Project\dacapo-23.11-MR2-chopin\dat/tomcat/webapps/examples/WEB-INF/classes/cal/Entries.java
Missing data file: C:\Users\pelan\Desktop\446_Project\dacapo-23.11-MR2-chopin\dat/tomcat/webapps/examples/WEB-INF/classes/cal/Entry.class
Missing data file: C:\Users\pelan\Desktop\446_Project\dacapo-23.11-MR2-chopin\dat/tomcat/webapps/examples/WEB-INF/classes/cal/Entry.java
Missing data file: C:\Users\pelan\Desktop\446_Project\dacapo-23.11-MR2-chopin\dat/tomcat/webapps/examples/WEB-INF/classes/cal/JspCalendar.class
Missing data file: C:\Users\pelan\Desktop\446_Project\dacapo-23.11-MR2-chopin\dat/tomcat/webapps/examples/WEB-INF/classes/cal/JspCalendar.java
Missing data file: C:\Users\pelan\Desktop\446_Project\dacapo-23.11-MR2-chopin\dat/tomcat/webapps/examples/WEB-INF/classes/cal/TableBean.class
Missing data file: C:\Users\pelan\Desktop\446_Project\dacapo-23.11-MR2-chopin\dat/tomcat/webapps/examples/WEB-INF/classes/cal/TableBean.java
Missing data file: C:\Users\pelan\Desktop\446_Project\dacapo-23.11-MR2-chopin\dat/tomcat/webapps/examples/WEB-INF/classes/checkbox/CheckTest.class
Missing data file: C:\Users\pelan\Desktop\446_Project\dacapo-23.11-MR2-chopin\dat/tomcat/webapps/examples/WEB-INF/classes/checkbox/CheckTest.java
Missing data file: C:\Users\pelan\Desktop\446_Project\dacapo-23.11-MR2-chopin\dat/tomcat/webapps/examples/WEB-INF/classes/colors/ColorGameBean.class
Missing data file: C:\Users\pelan\Desktop\446_Project\dacapo-23.11-MR2-chopin\dat/tomcat/webapps/examples/WEB-INF/classes/colors/ColorGameBean.java
Missing data file: C:\Users\pelan\Desktop\446_Project\dacapo-23.11-MR2-chopin\dat/tomcat/webapps/examples/WEB-INF/classes/compressionFilters/CompressionFilter.class
Missing data file: C:\Users\pelan\Desktop\446_Project\dacapo-23.11-MR2-chopin\dat/tomcat/webapps/examples/WEB-INF/classes/compressionFilters/CompressionFilter.java
Missing data file: C:\Users\pelan\Desktop\446_Project\dacapo-23.11-MR2-chopin\dat/tomcat/webapps/examples/WEB-INF/classes/compressionFilters/CompressionFilterTestServlet.class
Missing data file: C:\Users\pelan\Desktop\446_Project\dacapo-23.11-MR2-chopin\dat/tomcat/webapps/examples/WEB-INF/classes/compressionFilters/CompressionFilterTestServlet.java
Missing data file: C:\Users\pelan\Desktop\446_Project\dacapo-23.11-MR2-chopin\dat/tomcat/webapps/examples/WEB-INF/classes/compressionFilters/CompressionResponseStream.class
Missing data file: C:\Users\pelan\Desktop\446_Project\dacapo-23.11-MR2-chopin\dat/tomcat/webapps/examples/WEB-INF/classes/compressionFilters/CompressionResponseStream.java
Missing data file: C:\Users\pelan\Desktop\446_Project\dacapo-23.11-MR2-chopin\dat/tomcat/webapps/examples/WEB-INF/classes/compressionFilters/CompressionServletResponseWrapper.class
Missing data file: C:\Users\pelan\Desktop\446_Project\dacapo-23.11-MR2-chopin\dat/tomcat/webapps/examples/WEB-INF/classes/compressionFilters/CompressionServletResponseWrapper.java
Missing data file: C:\Users\pelan\Desktop\446_Project\dacapo-23.11-MR2-chopin\dat/tomcat/webapps/examples/WEB-INF/classes/dates/JspCalendar.class
Missing data file: C:\Users\pelan\Desktop\446_Project\dacapo-23.11-MR2-chopin\dat/tomcat/webapps/examples/WEB-INF/classes/dates/JspCalendar.java
Missing data file: C:\Users\pelan\Desktop\446_Project\dacapo-23.11-MR2-chopin\dat/tomcat/webapps/examples/WEB-INF/classes/error/Smart.class
Missing data file: C:\Users\pelan\Desktop\446_Project\dacapo-23.11-MR2-chopin\dat/tomcat/webapps/examples/WEB-INF/classes/error/Smart.java
Missing data file: C:\Users\pelan\Desktop\446_Project\dacapo-23.11-MR2-chopin\dat/tomcat/webapps/examples/WEB-INF/classes/examples/ExampleTagBase.class
Missing data file: C:\Users\pelan\Desktop\446_Project\dacapo-23.11-MR2-chopin\dat/tomcat/webapps/examples/WEB-INF/classes/examples/ExampleTagBase.java
Missing data file: C:\Users\pelan\Desktop\446_Project\dacapo-23.11-MR2-chopin\dat/tomcat/webapps/examples/WEB-INF/classes/examples/FooTag.class
Missing data file: C:\Users\pelan\Desktop\446_Project\dacapo-23.11-MR2-chopin\dat/tomcat/webapps/examples/WEB-INF/classes/examples/FooTag.java
Missing data file: C:\Users\pelan\Desktop\446_Project\dacapo-23.11-MR2-chopin\dat/tomcat/webapps/examples/WEB-INF/classes/examples/FooTagExtraInfo.class
Missing data file: C:\Users\pelan\Desktop\446_Project\dacapo-23.11-MR2-chopin\dat/tomcat/webapps/examples/WEB-INF/classes/examples/FooTagExtraInfo.java
Missing data file: C:\Users\pelan\Desktop\446_Project\dacapo-23.11-MR2-chopin\dat/tomcat/webapps/examples/WEB-INF/classes/examples/LogTag.class
Missing data file: C:\Users\pelan\Desktop\446_Project\dacapo-23.11-MR2-chopin\dat/tomcat/webapps/examples/WEB-INF/classes/examples/LogTag.java
Missing data file: C:\Users\pelan\Desktop\446_Project\dacapo-23.11-MR2-chopin\dat/tomcat/webapps/examples/WEB-INF/classes/examples/ValuesTag.class
Missing data file: C:\Users\pelan\Desktop\446_Project\dacapo-23.11-MR2-chopin\dat/tomcat/webapps/examples/WEB-INF/classes/examples/ValuesTag.java
Missing data file: C:\Users\pelan\Desktop\446_Project\dacapo-23.11-MR2-chopin\dat/tomcat/webapps/examples/WEB-INF/classes/filters/ExampleFilter.class
Missing data file: C:\Users\pelan\Desktop\446_Project\dacapo-23.11-MR2-chopin\dat/tomcat/webapps/examples/WEB-INF/classes/filters/ExampleFilter.java
Missing data file: C:\Users\pelan\Desktop\446_Project\dacapo-23.11-MR2-chopin\dat/tomcat/webapps/examples/WEB-INF/classes/http2/SimpleImagePush.class
Missing data file: C:\Users\pelan\Desktop\446_Project\dacapo-23.11-MR2-chopin\dat/tomcat/webapps/examples/WEB-INF/classes/http2/SimpleImagePush.java
Missing data file: C:\Users\pelan\Desktop\446_Project\dacapo-23.11-MR2-chopin\dat/tomcat/webapps/examples/WEB-INF/classes/jsp2/examples/BookBean.class
Missing data file: C:\Users\pelan\Desktop\446_Project\dacapo-23.11-MR2-chopin\dat/tomcat/webapps/examples/WEB-INF/classes/jsp2/examples/BookBean.java
Missing data file: C:\Users\pelan\Desktop\446_Project\dacapo-23.11-MR2-chopin\dat/tomcat/webapps/examples/WEB-INF/classes/jsp2/examples/FooBean.class
Missing data file: C:\Users\pelan\Desktop\446_Project\dacapo-23.11-MR2-chopin\dat/tomcat/webapps/examples/WEB-INF/classes/jsp2/examples/FooBean.java
Missing data file: C:\Users\pelan\Desktop\446_Project\dacapo-23.11-MR2-chopin\dat/tomcat/webapps/examples/WEB-INF/classes/jsp2/examples/ValuesBean.class
Missing data file: C:\Users\pelan\Desktop\446_Project\dacapo-23.11-MR2-chopin\dat/tomcat/webapps/examples/WEB-INF/classes/jsp2/examples/ValuesBean.java
Missing data file: C:\Users\pelan\Desktop\446_Project\dacapo-23.11-MR2-chopin\dat/tomcat/webapps/examples/WEB-INF/classes/jsp2/examples/el/Functions.class
Missing data file: C:\Users\pelan\Desktop\446_Project\dacapo-23.11-MR2-chopin\dat/tomcat/webapps/examples/WEB-INF/classes/jsp2/examples/el/Functions.java
Missing data file: C:\Users\pelan\Desktop\446_Project\dacapo-23.11-MR2-chopin\dat/tomcat/webapps/examples/WEB-INF/classes/jsp2/examples/simpletag/EchoAttributesTag.class
Missing data file: C:\Users\pelan\Desktop\446_Project\dacapo-23.11-MR2-chopin\dat/tomcat/webapps/examples/WEB-INF/classes/jsp2/examples/simpletag/EchoAttributesTag.java
Missing data file: C:\Users\pelan\Desktop\446_Project\dacapo-23.11-MR2-chopin\dat/tomcat/webapps/examples/WEB-INF/classes/jsp2/examples/simpletag/FindBookSimpleTag.class
Missing data file: C:\Users\pelan\Desktop\446_Project\dacapo-23.11-MR2-chopin\dat/tomcat/webapps/examples/WEB-INF/classes/jsp2/examples/simpletag/FindBookSimpleTag.java
Missing data file: C:\Users\pelan\Desktop\446_Project\dacapo-23.11-MR2-chopin\dat/tomcat/webapps/examples/WEB-INF/classes/jsp2/examples/simpletag/HelloWorldSimpleTag.class
Missing data file: C:\Users\pelan\Desktop\446_Project\dacapo-23.11-MR2-chopin\dat/tomcat/webapps/examples/WEB-INF/classes/jsp2/examples/simpletag/HelloWorldSimpleTag.java
Missing data file: C:\Users\pelan\Desktop\446_Project\dacapo-23.11-MR2-chopin\dat/tomcat/webapps/examples/WEB-INF/classes/jsp2/examples/simpletag/RepeatSimpleTag.class
Missing data file: C:\Users\pelan\Desktop\446_Project\dacapo-23.11-MR2-chopin\dat/tomcat/webapps/examples/WEB-INF/classes/jsp2/examples/simpletag/RepeatSimpleTag.java
Missing data file: C:\Users\pelan\Desktop\446_Project\dacapo-23.11-MR2-chopin\dat/tomcat/webapps/examples/WEB-INF/classes/jsp2/examples/simpletag/ShuffleSimpleTag.class
Missing data file: C:\Users\pelan\Desktop\446_Project\dacapo-23.11-MR2-chopin\dat/tomcat/webapps/examples/WEB-INF/classes/jsp2/examples/simpletag/ShuffleSimpleTag.java
Missing data file: C:\Users\pelan\Desktop\446_Project\dacapo-23.11-MR2-chopin\dat/tomcat/webapps/examples/WEB-INF/classes/jsp2/examples/simpletag/TileSimpleTag.class
Missing data file: C:\Users\pelan\Desktop\446_Project\dacapo-23.11-MR2-chopin\dat/tomcat/webapps/examples/WEB-INF/classes/jsp2/examples/simpletag/TileSimpleTag.java
Missing data file: C:\Users\pelan\Desktop\446_Project\dacapo-23.11-MR2-chopin\dat/tomcat/webapps/examples/WEB-INF/classes/listeners/ContextListener.class
Missing data file: C:\Users\pelan\Desktop\446_Project\dacapo-23.11-MR2-chopin\dat/tomcat/webapps/examples/WEB-INF/classes/listeners/ContextListener.java
Missing data file: C:\Users\pelan\Desktop\446_Project\dacapo-23.11-MR2-chopin\dat/tomcat/webapps/examples/WEB-INF/classes/listeners/SessionListener.class
Missing data file: C:\Users\pelan\Desktop\446_Project\dacapo-23.11-MR2-chopin\dat/tomcat/webapps/examples/WEB-INF/classes/listeners/SessionListener.java
Missing data file: C:\Users\pelan\Desktop\446_Project\dacapo-23.11-MR2-chopin\dat/tomcat/webapps/examples/WEB-INF/classes/nonblocking/ByteCounter$CounterListener.class
Missing data file: C:\Users\pelan\Desktop\446_Project\dacapo-23.11-MR2-chopin\dat/tomcat/webapps/examples/WEB-INF/classes/nonblocking/ByteCounter.class
Missing data file: C:\Users\pelan\Desktop\446_Project\dacapo-23.11-MR2-chopin\dat/tomcat/webapps/examples/WEB-INF/classes/nonblocking/ByteCounter.java
Missing data file: C:\Users\pelan\Desktop\446_Project\dacapo-23.11-MR2-chopin\dat/tomcat/webapps/examples/WEB-INF/classes/nonblocking/NumberWriter$NumberWriterListener.class
Missing data file: C:\Users\pelan\Desktop\446_Project\dacapo-23.11-MR2-chopin\dat/tomcat/webapps/examples/WEB-INF/classes/nonblocking/NumberWriter.class
Missing data file: C:\Users\pelan\Desktop\446_Project\dacapo-23.11-MR2-chopin\dat/tomcat/webapps/examples/WEB-INF/classes/nonblocking/NumberWriter.java
Missing data file: C:\Users\pelan\Desktop\446_Project\dacapo-23.11-MR2-chopin\dat/tomcat/webapps/examples/WEB-INF/classes/num/NumberGuessBean.class
Missing data file: C:\Users\pelan\Desktop\446_Project\dacapo-23.11-MR2-chopin\dat/tomcat/webapps/examples/WEB-INF/classes/num/NumberGuessBean.java
Missing data file: C:\Users\pelan\Desktop\446_Project\dacapo-23.11-MR2-chopin\dat/tomcat/webapps/examples/WEB-INF/classes/sessions/DummyCart.class
Missing data file: C:\Users\pelan\Desktop\446_Project\dacapo-23.11-MR2-chopin\dat/tomcat/webapps/examples/WEB-INF/classes/sessions/DummyCart.java
Missing data file: C:\Users\pelan\Desktop\446_Project\dacapo-23.11-MR2-chopin\dat/tomcat/webapps/examples/WEB-INF/classes/trailers/ResponseTrailers$TrailerFieldSupplier.class
Missing data file: C:\Users\pelan\Desktop\446_Project\dacapo-23.11-MR2-chopin\dat/tomcat/webapps/examples/WEB-INF/classes/trailers/ResponseTrailers.class
Missing data file: C:\Users\pelan\Desktop\446_Project\dacapo-23.11-MR2-chopin\dat/tomcat/webapps/examples/WEB-INF/classes/trailers/ResponseTrailers.java
Missing data file: C:\Users\pelan\Desktop\446_Project\dacapo-23.11-MR2-chopin\dat/tomcat/webapps/examples/WEB-INF/classes/util/CookieFilter.class
Missing data file: C:\Users\pelan\Desktop\446_Project\dacapo-23.11-MR2-chopin\dat/tomcat/webapps/examples/WEB-INF/classes/util/CookieFilter.java
Missing data file: C:\Users\pelan\Desktop\446_Project\dacapo-23.11-MR2-chopin\dat/tomcat/webapps/examples/WEB-INF/classes/util/HTMLFilter.class
Missing data file: C:\Users\pelan\Desktop\446_Project\dacapo-23.11-MR2-chopin\dat/tomcat/webapps/examples/WEB-INF/classes/util/HTMLFilter.java
Missing data file: C:\Users\pelan\Desktop\446_Project\dacapo-23.11-MR2-chopin\dat/tomcat/webapps/examples/WEB-INF/classes/validators/DebugValidator.class
Missing data file: C:\Users\pelan\Desktop\446_Project\dacapo-23.11-MR2-chopin\dat/tomcat/webapps/examples/WEB-INF/classes/validators/DebugValidator.java
Missing data file: C:\Users\pelan\Desktop\446_Project\dacapo-23.11-MR2-chopin\dat/tomcat/webapps/examples/WEB-INF/classes/websocket/ExamplesConfig.class
Missing data file: C:\Users\pelan\Desktop\446_Project\dacapo-23.11-MR2-chopin\dat/tomcat/webapps/examples/WEB-INF/classes/websocket/ExamplesConfig.java
Missing data file: C:\Users\pelan\Desktop\446_Project\dacapo-23.11-MR2-chopin\dat/tomcat/webapps/examples/WEB-INF/classes/websocket/chat/ChatAnnotation.class
Missing data file: C:\Users\pelan\Desktop\446_Project\dacapo-23.11-MR2-chopin\dat/tomcat/webapps/examples/WEB-INF/classes/websocket/chat/ChatAnnotation.java
Missing data file: C:\Users\pelan\Desktop\446_Project\dacapo-23.11-MR2-chopin\dat/tomcat/webapps/examples/WEB-INF/classes/websocket/drawboard/Client$1.class
Missing data file: C:\Users\pelan\Desktop\446_Project\dacapo-23.11-MR2-chopin\dat/tomcat/webapps/examples/WEB-INF/classes/websocket/drawboard/Client.class
Missing data file: C:\Users\pelan\Desktop\446_Project\dacapo-23.11-MR2-chopin\dat/tomcat/webapps/examples/WEB-INF/classes/websocket/drawboard/Client.java
Missing data file: C:\Users\pelan\Desktop\446_Project\dacapo-23.11-MR2-chopin\dat/tomcat/webapps/examples/WEB-INF/classes/websocket/drawboard/DrawMessage$ParseException.class
Missing data file: C:\Users\pelan\Desktop\446_Project\dacapo-23.11-MR2-chopin\dat/tomcat/webapps/examples/WEB-INF/classes/websocket/drawboard/DrawMessage.class
Missing data file: C:\Users\pelan\Desktop\446_Project\dacapo-23.11-MR2-chopin\dat/tomcat/webapps/examples/WEB-INF/classes/websocket/drawboard/DrawMessage.java
Missing data file: C:\Users\pelan\Desktop\446_Project\dacapo-23.11-MR2-chopin\dat/tomcat/webapps/examples/WEB-INF/classes/websocket/drawboard/DrawboardContextListener.class
Missing data file: C:\Users\pelan\Desktop\446_Project\dacapo-23.11-MR2-chopin\dat/tomcat/webapps/examples/WEB-INF/classes/websocket/drawboard/DrawboardContextListener.java
Missing data file: C:\Users\pelan\Desktop\446_Project\dacapo-23.11-MR2-chopin\dat/tomcat/webapps/examples/WEB-INF/classes/websocket/drawboard/DrawboardEndpoint$1.class
Missing data file: C:\Users\pelan\Desktop\446_Project\dacapo-23.11-MR2-chopin\dat/tomcat/webapps/examples/WEB-INF/classes/websocket/drawboard/DrawboardEndpoint$2.class
Missing data file: C:\Users\pelan\Desktop\446_Project\dacapo-23.11-MR2-chopin\dat/tomcat/webapps/examples/WEB-INF/classes/websocket/drawboard/DrawboardEndpoint$3$1.class
Missing data file: C:\Users\pelan\Desktop\446_Project\dacapo-23.11-MR2-chopin\dat/tomcat/webapps/examples/WEB-INF/classes/websocket/drawboard/DrawboardEndpoint$3.class
Missing data file: C:\Users\pelan\Desktop\446_Project\dacapo-23.11-MR2-chopin\dat/tomcat/webapps/examples/WEB-INF/classes/websocket/drawboard/DrawboardEndpoint.class
Missing data file: C:\Users\pelan\Desktop\446_Project\dacapo-23.11-MR2-chopin\dat/tomcat/webapps/examples/WEB-INF/classes/websocket/drawboard/DrawboardEndpoint.java
Missing data file: C:\Users\pelan\Desktop\446_Project\dacapo-23.11-MR2-chopin\dat/tomcat/webapps/examples/WEB-INF/classes/websocket/drawboard/Room$1$1.class
Missing data file: C:\Users\pelan\Desktop\446_Project\dacapo-23.11-MR2-chopin\dat/tomcat/webapps/examples/WEB-INF/classes/websocket/drawboard/Room$1.class
Missing data file: C:\Users\pelan\Desktop\446_Project\dacapo-23.11-MR2-chopin\dat/tomcat/webapps/examples/WEB-INF/classes/websocket/drawboard/Room$2.class
Missing data file: C:\Users\pelan\Desktop\446_Project\dacapo-23.11-MR2-chopin\dat/tomcat/webapps/examples/WEB-INF/classes/websocket/drawboard/Room$MessageType.class
Missing data file: C:\Users\pelan\Desktop\446_Project\dacapo-23.11-MR2-chopin\dat/tomcat/webapps/examples/WEB-INF/classes/websocket/drawboard/Room$Player.class
Missing data file: C:\Users\pelan\Desktop\446_Project\dacapo-23.11-MR2-chopin\dat/tomcat/webapps/examples/WEB-INF/classes/websocket/drawboard/Room.class
Missing data file: C:\Users\pelan\Desktop\446_Project\dacapo-23.11-MR2-chopin\dat/tomcat/webapps/examples/WEB-INF/classes/websocket/drawboard/Room.java
Missing data file: C:\Users\pelan\Desktop\446_Project\dacapo-23.11-MR2-chopin\dat/tomcat/webapps/examples/WEB-INF/classes/websocket/drawboard/wsmessages/AbstractWebsocketMessage.class
Missing data file: C:\Users\pelan\Desktop\446_Project\dacapo-23.11-MR2-chopin\dat/tomcat/webapps/examples/WEB-INF/classes/websocket/drawboard/wsmessages/AbstractWebsocketMessage.java
Missing data file: C:\Users\pelan\Desktop\446_Project\dacapo-23.11-MR2-chopin\dat/tomcat/webapps/examples/WEB-INF/classes/websocket/drawboard/wsmessages/BinaryWebsocketMessage.class
Missing data file: C:\Users\pelan\Desktop\446_Project\dacapo-23.11-MR2-chopin\dat/tomcat/webapps/examples/WEB-INF/classes/websocket/drawboard/wsmessages/BinaryWebsocketMessage.java
Missing data file: C:\Users\pelan\Desktop\446_Project\dacapo-23.11-MR2-chopin\dat/tomcat/webapps/examples/WEB-INF/classes/websocket/drawboard/wsmessages/CloseWebsocketMessage.class
Missing data file: C:\Users\pelan\Desktop\446_Project\dacapo-23.11-MR2-chopin\dat/tomcat/webapps/examples/WEB-INF/classes/websocket/drawboard/wsmessages/CloseWebsocketMessage.java
Missing data file: C:\Users\pelan\Desktop\446_Project\dacapo-23.11-MR2-chopin\dat/tomcat/webapps/examples/WEB-INF/classes/websocket/drawboard/wsmessages/StringWebsocketMessage.class
Missing data file: C:\Users\pelan\Desktop\446_Project\dacapo-23.11-MR2-chopin\dat/tomcat/webapps/examples/WEB-INF/classes/websocket/drawboard/wsmessages/StringWebsocketMessage.java
Missing data file: C:\Users\pelan\Desktop\446_Project\dacapo-23.11-MR2-chopin\dat/tomcat/webapps/examples/WEB-INF/classes/websocket/echo/EchoAnnotation.class
Missing data file: C:\Users\pelan\Desktop\446_Project\dacapo-23.11-MR2-chopin\dat/tomcat/webapps/examples/WEB-INF/classes/websocket/echo/EchoAnnotation.java
Missing data file: C:\Users\pelan\Desktop\446_Project\dacapo-23.11-MR2-chopin\dat/tomcat/webapps/examples/WEB-INF/classes/websocket/echo/EchoAsyncAnnotation$CompletedFuture.class
Missing data file: C:\Users\pelan\Desktop\446_Project\dacapo-23.11-MR2-chopin\dat/tomcat/webapps/examples/WEB-INF/classes/websocket/echo/EchoAsyncAnnotation.class
Missing data file: C:\Users\pelan\Desktop\446_Project\dacapo-23.11-MR2-chopin\dat/tomcat/webapps/examples/WEB-INF/classes/websocket/echo/EchoAsyncAnnotation.java
Missing data file: C:\Users\pelan\Desktop\446_Project\dacapo-23.11-MR2-chopin\dat/tomcat/webapps/examples/WEB-INF/classes/websocket/echo/EchoEndpoint$EchoMessageHandlerBinary.class
Missing data file: C:\Users\pelan\Desktop\446_Project\dacapo-23.11-MR2-chopin\dat/tomcat/webapps/examples/WEB-INF/classes/websocket/echo/EchoEndpoint$EchoMessageHandlerText.class
Missing data file: C:\Users\pelan\Desktop\446_Project\dacapo-23.11-MR2-chopin\dat/tomcat/webapps/examples/WEB-INF/classes/websocket/echo/EchoEndpoint.class
Missing data file: C:\Users\pelan\Desktop\446_Project\dacapo-23.11-MR2-chopin\dat/tomcat/webapps/examples/WEB-INF/classes/websocket/echo/EchoEndpoint.java
Missing data file: C:\Users\pelan\Desktop\446_Project\dacapo-23.11-MR2-chopin\dat/tomcat/webapps/examples/WEB-INF/classes/websocket/echo/EchoStreamAnnotation.class
Missing data file: C:\Users\pelan\Desktop\446_Project\dacapo-23.11-MR2-chopin\dat/tomcat/webapps/examples/WEB-INF/classes/websocket/echo/EchoStreamAnnotation.java
Missing data file: C:\Users\pelan\Desktop\446_Project\dacapo-23.11-MR2-chopin\dat/tomcat/webapps/examples/WEB-INF/classes/websocket/echo/servers.json
Missing data file: C:\Users\pelan\Desktop\446_Project\dacapo-23.11-MR2-chopin\dat/tomcat/webapps/examples/WEB-INF/classes/websocket/snake/Direction.class
Missing data file: C:\Users\pelan\Desktop\446_Project\dacapo-23.11-MR2-chopin\dat/tomcat/webapps/examples/WEB-INF/classes/websocket/snake/Direction.java
Missing data file: C:\Users\pelan\Desktop\446_Project\dacapo-23.11-MR2-chopin\dat/tomcat/webapps/examples/WEB-INF/classes/websocket/snake/Location$1.class
Missing data file: C:\Users\pelan\Desktop\446_Project\dacapo-23.11-MR2-chopin\dat/tomcat/webapps/examples/WEB-INF/classes/websocket/snake/Location.class
Missing data file: C:\Users\pelan\Desktop\446_Project\dacapo-23.11-MR2-chopin\dat/tomcat/webapps/examples/WEB-INF/classes/websocket/snake/Location.java
Missing data file: C:\Users\pelan\Desktop\446_Project\dacapo-23.11-MR2-chopin\dat/tomcat/webapps/examples/WEB-INF/classes/websocket/snake/Snake.class
Missing data file: C:\Users\pelan\Desktop\446_Project\dacapo-23.11-MR2-chopin\dat/tomcat/webapps/examples/WEB-INF/classes/websocket/snake/Snake.java
Missing data file: C:\Users\pelan\Desktop\446_Project\dacapo-23.11-MR2-chopin\dat/tomcat/webapps/examples/WEB-INF/classes/websocket/snake/SnakeAnnotation.class
Missing data file: C:\Users\pelan\Desktop\446_Project\dacapo-23.11-MR2-chopin\dat/tomcat/webapps/examples/WEB-INF/classes/websocket/snake/SnakeAnnotation.java
Missing data file: C:\Users\pelan\Desktop\446_Project\dacapo-23.11-MR2-chopin\dat/tomcat/webapps/examples/WEB-INF/classes/websocket/snake/SnakeTimer$1.class
Missing data file: C:\Users\pelan\Desktop\446_Project\dacapo-23.11-MR2-chopin\dat/tomcat/webapps/examples/WEB-INF/classes/websocket/snake/SnakeTimer.class
Missing data file: C:\Users\pelan\Desktop\446_Project\dacapo-23.11-MR2-chopin\dat/tomcat/webapps/examples/WEB-INF/classes/websocket/snake/SnakeTimer.java
Missing data file: C:\Users\pelan\Desktop\446_Project\dacapo-23.11-MR2-chopin\dat/tomcat/webapps/examples/WEB-INF/jsp/403.jsp
Missing data file: C:\Users\pelan\Desktop\446_Project\dacapo-23.11-MR2-chopin\dat/tomcat/webapps/examples/WEB-INF/jsp/403.jsp.html
Missing data file: C:\Users\pelan\Desktop\446_Project\dacapo-23.11-MR2-chopin\dat/tomcat/webapps/examples/WEB-INF/jsp/debug-taglib.tld
Missing data file: C:\Users\pelan\Desktop\446_Project\dacapo-23.11-MR2-chopin\dat/tomcat/webapps/examples/WEB-INF/jsp/example-taglib.tld
Missing data file: C:\Users\pelan\Desktop\446_Project\dacapo-23.11-MR2-chopin\dat/tomcat/webapps/examples/WEB-INF/jsp/jsp2-example-taglib.tld
Missing data file: C:\Users\pelan\Desktop\446_Project\dacapo-23.11-MR2-chopin\dat/tomcat/webapps/examples/WEB-INF/lib/taglibs-standard-impl-1.2.5-migrated-0.0.1.jar
Missing data file: C:\Users\pelan\Desktop\446_Project\dacapo-23.11-MR2-chopin\dat/tomcat/webapps/examples/WEB-INF/lib/taglibs-standard-spec-1.2.5-migrated-0.0.1.jar
Missing data file: C:\Users\pelan\Desktop\446_Project\dacapo-23.11-MR2-chopin\dat/tomcat/webapps/examples/WEB-INF/tags/displayProducts.tag
Missing data file: C:\Users\pelan\Desktop\446_Project\dacapo-23.11-MR2-chopin\dat/tomcat/webapps/examples/WEB-INF/tags/helloWorld.tag
Missing data file: C:\Users\pelan\Desktop\446_Project\dacapo-23.11-MR2-chopin\dat/tomcat/webapps/examples/WEB-INF/tags/panel.tag
Missing data file: C:\Users\pelan\Desktop\446_Project\dacapo-23.11-MR2-chopin\dat/tomcat/webapps/examples/WEB-INF/web.xml
Missing data file: C:\Users\pelan\Desktop\446_Project\dacapo-23.11-MR2-chopin\dat/tomcat/webapps/examples/index.html
Missing data file: C:\Users\pelan\Desktop\446_Project\dacapo-23.11-MR2-chopin\dat/tomcat/webapps/examples/jsp/async/async1.jsp
Missing data file: C:\Users\pelan\Desktop\446_Project\dacapo-23.11-MR2-chopin\dat/tomcat/webapps/examples/jsp/async/async1.jsp.html
Missing data file: C:\Users\pelan\Desktop\446_Project\dacapo-23.11-MR2-chopin\dat/tomcat/webapps/examples/jsp/async/async3.jsp
Missing data file: C:\Users\pelan\Desktop\446_Project\dacapo-23.11-MR2-chopin\dat/tomcat/webapps/examples/jsp/async/async3.jsp.html
Missing data file: C:\Users\pelan\Desktop\446_Project\dacapo-23.11-MR2-chopin\dat/tomcat/webapps/examples/jsp/async/index.jsp
Missing data file: C:\Users\pelan\Desktop\446_Project\dacapo-23.11-MR2-chopin\dat/tomcat/webapps/examples/jsp/async/index.jsp.html
Missing data file: C:\Users\pelan\Desktop\446_Project\dacapo-23.11-MR2-chopin\dat/tomcat/webapps/examples/jsp/cal/Entries.java.html
Missing data file: C:\Users\pelan\Desktop\446_Project\dacapo-23.11-MR2-chopin\dat/tomcat/webapps/examples/jsp/cal/Entry.java.html
Missing data file: C:\Users\pelan\Desktop\446_Project\dacapo-23.11-MR2-chopin\dat/tomcat/webapps/examples/jsp/cal/JspCalendar.java.html
Missing data file: C:\Users\pelan\Desktop\446_Project\dacapo-23.11-MR2-chopin\dat/tomcat/webapps/examples/jsp/cal/TableBean.java.html
Missing data file: C:\Users\pelan\Desktop\446_Project\dacapo-23.11-MR2-chopin\dat/tomcat/webapps/examples/jsp/cal/cal1.jsp
Missing data file: C:\Users\pelan\Desktop\446_Project\dacapo-23.11-MR2-chopin\dat/tomcat/webapps/examples/jsp/cal/cal1.jsp.html
Missing data file: C:\Users\pelan\Desktop\446_Project\dacapo-23.11-MR2-chopin\dat/tomcat/webapps/examples/jsp/cal/cal2.jsp
Missing data file: C:\Users\pelan\Desktop\446_Project\dacapo-23.11-MR2-chopin\dat/tomcat/webapps/examples/jsp/cal/cal2.jsp.html
Missing data file: C:\Users\pelan\Desktop\446_Project\dacapo-23.11-MR2-chopin\dat/tomcat/webapps/examples/jsp/cal/calendar.html
Missing data file: C:\Users\pelan\Desktop\446_Project\dacapo-23.11-MR2-chopin\dat/tomcat/webapps/examples/jsp/cal/login.html
Missing data file: C:\Users\pelan\Desktop\446_Project\dacapo-23.11-MR2-chopin\dat/tomcat/webapps/examples/jsp/checkbox/CheckTest.html
Missing data file: C:\Users\pelan\Desktop\446_Project\dacapo-23.11-MR2-chopin\dat/tomcat/webapps/examples/jsp/checkbox/check.html
Missing data file: C:\Users\pelan\Desktop\446_Project\dacapo-23.11-MR2-chopin\dat/tomcat/webapps/examples/jsp/checkbox/checkresult.jsp
Missing data file: C:\Users\pelan\Desktop\446_Project\dacapo-23.11-MR2-chopin\dat/tomcat/webapps/examples/jsp/checkbox/checkresult.jsp.html
Missing data file: C:\Users\pelan\Desktop\446_Project\dacapo-23.11-MR2-chopin\dat/tomcat/webapps/examples/jsp/checkbox/cresult.html
Missing data file: C:\Users\pelan\Desktop\446_Project\dacapo-23.11-MR2-chopin\dat/tomcat/webapps/examples/jsp/colors/ColorGameBean.html
Missing data file: C:\Users\pelan\Desktop\446_Project\dacapo-23.11-MR2-chopin\dat/tomcat/webapps/examples/jsp/colors/clr.html
Missing data file: C:\Users\pelan\Desktop\446_Project\dacapo-23.11-MR2-chopin\dat/tomcat/webapps/examples/jsp/colors/colors.html
Missing data file: C:\Users\pelan\Desktop\446_Project\dacapo-23.11-MR2-chopin\dat/tomcat/webapps/examples/jsp/colors/colrs.jsp
Missing data file: C:\Users\pelan\Desktop\446_Project\dacapo-23.11-MR2-chopin\dat/tomcat/webapps/examples/jsp/colors/colrs.jsp.html
Missing data file: C:\Users\pelan\Desktop\446_Project\dacapo-23.11-MR2-chopin\dat/tomcat/webapps/examples/jsp/dates/date.html
Missing data file: C:\Users\pelan\Desktop\446_Project\dacapo-23.11-MR2-chopin\dat/tomcat/webapps/examples/jsp/dates/date.jsp
Missing data file: C:\Users\pelan\Desktop\446_Project\dacapo-23.11-MR2-chopin\dat/tomcat/webapps/examples/jsp/dates/date.jsp.html
Missing data file: C:\Users\pelan\Desktop\446_Project\dacapo-23.11-MR2-chopin\dat/tomcat/webapps/examples/jsp/error/er.html
Missing data file: C:\Users\pelan\Desktop\446_Project\dacapo-23.11-MR2-chopin\dat/tomcat/webapps/examples/jsp/error/err.jsp
Missing data file: C:\Users\pelan\Desktop\446_Project\dacapo-23.11-MR2-chopin\dat/tomcat/webapps/examples/jsp/error/err.jsp.html
Missing data file: C:\Users\pelan\Desktop\446_Project\dacapo-23.11-MR2-chopin\dat/tomcat/webapps/examples/jsp/error/error.html
Missing data file: C:\Users\pelan\Desktop\446_Project\dacapo-23.11-MR2-chopin\dat/tomcat/webapps/examples/jsp/error/errorpge.jsp
Missing data file: C:\Users\pelan\Desktop\446_Project\dacapo-23.11-MR2-chopin\dat/tomcat/webapps/examples/jsp/error/errorpge.jsp.html
Missing data file: C:\Users\pelan\Desktop\446_Project\dacapo-23.11-MR2-chopin\dat/tomcat/webapps/examples/jsp/forward/forward.jsp
Missing data file: C:\Users\pelan\Desktop\446_Project\dacapo-23.11-MR2-chopin\dat/tomcat/webapps/examples/jsp/forward/forward.jsp.html
Missing data file: C:\Users\pelan\Desktop\446_Project\dacapo-23.11-MR2-chopin\dat/tomcat/webapps/examples/jsp/forward/fwd.html
Missing data file: C:\Users\pelan\Desktop\446_Project\dacapo-23.11-MR2-chopin\dat/tomcat/webapps/examples/jsp/forward/one.jsp
Missing data file: C:\Users\pelan\Desktop\446_Project\dacapo-23.11-MR2-chopin\dat/tomcat/webapps/examples/jsp/forward/one.jsp.html
Missing data file: C:\Users\pelan\Desktop\446_Project\dacapo-23.11-MR2-chopin\dat/tomcat/webapps/examples/jsp/forward/two.html
Missing data file: C:\Users\pelan\Desktop\446_Project\dacapo-23.11-MR2-chopin\dat/tomcat/webapps/examples/jsp/images/code.gif
Missing data file: C:\Users\pelan\Desktop\446_Project\dacapo-23.11-MR2-chopin\dat/tomcat/webapps/examples/jsp/images/execute.gif
Missing data file: C:\Users\pelan\Desktop\446_Project\dacapo-23.11-MR2-chopin\dat/tomcat/webapps/examples/jsp/images/return.gif
Missing data file: C:\Users\pelan\Desktop\446_Project\dacapo-23.11-MR2-chopin\dat/tomcat/webapps/examples/jsp/include/foo.html
Missing data file: C:\Users\pelan\Desktop\446_Project\dacapo-23.11-MR2-chopin\dat/tomcat/webapps/examples/jsp/include/foo.jsp
Missing data file: C:\Users\pelan\Desktop\446_Project\dacapo-23.11-MR2-chopin\dat/tomcat/webapps/examples/jsp/include/foo.jsp.html
Missing data file: C:\Users\pelan\Desktop\446_Project\dacapo-23.11-MR2-chopin\dat/tomcat/webapps/examples/jsp/include/inc.html
Missing data file: C:\Users\pelan\Desktop\446_Project\dacapo-23.11-MR2-chopin\dat/tomcat/webapps/examples/jsp/include/include.jsp
Missing data file: C:\Users\pelan\Desktop\446_Project\dacapo-23.11-MR2-chopin\dat/tomcat/webapps/examples/jsp/include/include.jsp.html
Missing data file: C:\Users\pelan\Desktop\446_Project\dacapo-23.11-MR2-chopin\dat/tomcat/webapps/examples/jsp/index.html
Missing data file: C:\Users\pelan\Desktop\446_Project\dacapo-23.11-MR2-chopin\dat/tomcat/webapps/examples/jsp/jsp2/el/Functions.java.html
Missing data file: C:\Users\pelan\Desktop\446_Project\dacapo-23.11-MR2-chopin\dat/tomcat/webapps/examples/jsp/jsp2/el/ValuesBean.java.html
Missing data file: C:\Users\pelan\Desktop\446_Project\dacapo-23.11-MR2-chopin\dat/tomcat/webapps/examples/jsp/jsp2/el/ValuesTag.java.html
Missing data file: C:\Users\pelan\Desktop\446_Project\dacapo-23.11-MR2-chopin\dat/tomcat/webapps/examples/jsp/jsp2/el/basic-arithmetic.html
Missing data file: C:\Users\pelan\Desktop\446_Project\dacapo-23.11-MR2-chopin\dat/tomcat/webapps/examples/jsp/jsp2/el/basic-arithmetic.jsp
Missing data file: C:\Users\pelan\Desktop\446_Project\dacapo-23.11-MR2-chopin\dat/tomcat/webapps/examples/jsp/jsp2/el/basic-arithmetic.jsp.html
Missing data file: C:\Users\pelan\Desktop\446_Project\dacapo-23.11-MR2-chopin\dat/tomcat/webapps/examples/jsp/jsp2/el/basic-comparisons.html
Missing data file: C:\Users\pelan\Desktop\446_Project\dacapo-23.11-MR2-chopin\dat/tomcat/webapps/examples/jsp/jsp2/el/basic-comparisons.jsp
Missing data file: C:\Users\pelan\Desktop\446_Project\dacapo-23.11-MR2-chopin\dat/tomcat/webapps/examples/jsp/jsp2/el/basic-comparisons.jsp.html
Missing data file: C:\Users\pelan\Desktop\446_Project\dacapo-23.11-MR2-chopin\dat/tomcat/webapps/examples/jsp/jsp2/el/composite.html
Missing data file: C:\Users\pelan\Desktop\446_Project\dacapo-23.11-MR2-chopin\dat/tomcat/webapps/examples/jsp/jsp2/el/composite.jsp
Missing data file: C:\Users\pelan\Desktop\446_Project\dacapo-23.11-MR2-chopin\dat/tomcat/webapps/examples/jsp/jsp2/el/composite.jsp.html
Missing data file: C:\Users\pelan\Desktop\446_Project\dacapo-23.11-MR2-chopin\dat/tomcat/webapps/examples/jsp/jsp2/el/functions.html
Missing data file: C:\Users\pelan\Desktop\446_Project\dacapo-23.11-MR2-chopin\dat/tomcat/webapps/examples/jsp/jsp2/el/functions.jsp
Missing data file: C:\Users\pelan\Desktop\446_Project\dacapo-23.11-MR2-chopin\dat/tomcat/webapps/examples/jsp/jsp2/el/functions.jsp.html
Missing data file: C:\Users\pelan\Desktop\446_Project\dacapo-23.11-MR2-chopin\dat/tomcat/webapps/examples/jsp/jsp2/el/implicit-objects.html
Missing data file: C:\Users\pelan\Desktop\446_Project\dacapo-23.11-MR2-chopin\dat/tomcat/webapps/examples/jsp/jsp2/el/implicit-objects.jsp
Missing data file: C:\Users\pelan\Desktop\446_Project\dacapo-23.11-MR2-chopin\dat/tomcat/webapps/examples/jsp/jsp2/el/implicit-objects.jsp.html
Missing data file: C:\Users\pelan\Desktop\446_Project\dacapo-23.11-MR2-chopin\dat/tomcat/webapps/examples/jsp/jsp2/jspattribute/FooBean.java.html
Missing data file: C:\Users\pelan\Desktop\446_Project\dacapo-23.11-MR2-chopin\dat/tomcat/webapps/examples/jsp/jsp2/jspattribute/HelloWorldSimpleTag.java.html
Missing data file: C:\Users\pelan\Desktop\446_Project\dacapo-23.11-MR2-chopin\dat/tomcat/webapps/examples/jsp/jsp2/jspattribute/ShuffleSimpleTag.java.html
Missing data file: C:\Users\pelan\Desktop\446_Project\dacapo-23.11-MR2-chopin\dat/tomcat/webapps/examples/jsp/jsp2/jspattribute/TileSimpleTag.java.html
Missing data file: C:\Users\pelan\Desktop\446_Project\dacapo-23.11-MR2-chopin\dat/tomcat/webapps/examples/jsp/jsp2/jspattribute/jspattribute.html
Missing data file: C:\Users\pelan\Desktop\446_Project\dacapo-23.11-MR2-chopin\dat/tomcat/webapps/examples/jsp/jsp2/jspattribute/jspattribute.jsp
Missing data file: C:\Users\pelan\Desktop\446_Project\dacapo-23.11-MR2-chopin\dat/tomcat/webapps/examples/jsp/jsp2/jspattribute/jspattribute.jsp.html
Missing data file: C:\Users\pelan\Desktop\446_Project\dacapo-23.11-MR2-chopin\dat/tomcat/webapps/examples/jsp/jsp2/jspattribute/shuffle.html
Missing data file: C:\Users\pelan\Desktop\446_Project\dacapo-23.11-MR2-chopin\dat/tomcat/webapps/examples/jsp/jsp2/jspattribute/shuffle.jsp
Missing data file: C:\Users\pelan\Desktop\446_Project\dacapo-23.11-MR2-chopin\dat/tomcat/webapps/examples/jsp/jsp2/jspattribute/shuffle.jsp.html
Missing data file: C:\Users\pelan\Desktop\446_Project\dacapo-23.11-MR2-chopin\dat/tomcat/webapps/examples/jsp/jsp2/jspx/basic.html
Missing data file: C:\Users\pelan\Desktop\446_Project\dacapo-23.11-MR2-chopin\dat/tomcat/webapps/examples/jsp/jsp2/jspx/basic.jspx
Missing data file: C:\Users\pelan\Desktop\446_Project\dacapo-23.11-MR2-chopin\dat/tomcat/webapps/examples/jsp/jsp2/jspx/basic.jspx.html
Missing data file: C:\Users\pelan\Desktop\446_Project\dacapo-23.11-MR2-chopin\dat/tomcat/webapps/examples/jsp/jsp2/jspx/svgexample.html
Missing data file: C:\Users\pelan\Desktop\446_Project\dacapo-23.11-MR2-chopin\dat/tomcat/webapps/examples/jsp/jsp2/jspx/textRotate.html
Missing data file: C:\Users\pelan\Desktop\446_Project\dacapo-23.11-MR2-chopin\dat/tomcat/webapps/examples/jsp/jsp2/jspx/textRotate.jpg
Missing data file: C:\Users\pelan\Desktop\446_Project\dacapo-23.11-MR2-chopin\dat/tomcat/webapps/examples/jsp/jsp2/jspx/textRotate.jspx
Missing data file: C:\Users\pelan\Desktop\446_Project\dacapo-23.11-MR2-chopin\dat/tomcat/webapps/examples/jsp/jsp2/jspx/textRotate.jspx.html
Missing data file: C:\Users\pelan\Desktop\446_Project\dacapo-23.11-MR2-chopin\dat/tomcat/webapps/examples/jsp/jsp2/misc/EchoAttributesTag.java.html
Missing data file: C:\Users\pelan\Desktop\446_Project\dacapo-23.11-MR2-chopin\dat/tomcat/webapps/examples/jsp/jsp2/misc/coda.jspf
Missing data file: C:\Users\pelan\Desktop\446_Project\dacapo-23.11-MR2-chopin\dat/tomcat/webapps/examples/jsp/jsp2/misc/coda.jspf.html
Missing data file: C:\Users\pelan\Desktop\446_Project\dacapo-23.11-MR2-chopin\dat/tomcat/webapps/examples/jsp/jsp2/misc/config.html
Missing data file: C:\Users\pelan\Desktop\446_Project\dacapo-23.11-MR2-chopin\dat/tomcat/webapps/examples/jsp/jsp2/misc/config.jsp
Missing data file: C:\Users\pelan\Desktop\446_Project\dacapo-23.11-MR2-chopin\dat/tomcat/webapps/examples/jsp/jsp2/misc/config.jsp.html
Missing data file: C:\Users\pelan\Desktop\446_Project\dacapo-23.11-MR2-chopin\dat/tomcat/webapps/examples/jsp/jsp2/misc/dynamicattrs.html
Missing data file: C:\Users\pelan\Desktop\446_Project\dacapo-23.11-MR2-chopin\dat/tomcat/webapps/examples/jsp/jsp2/misc/dynamicattrs.jsp
Missing data file: C:\Users\pelan\Desktop\446_Project\dacapo-23.11-MR2-chopin\dat/tomcat/webapps/examples/jsp/jsp2/misc/dynamicattrs.jsp.html
Missing data file: C:\Users\pelan\Desktop\446_Project\dacapo-23.11-MR2-chopin\dat/tomcat/webapps/examples/jsp/jsp2/misc/prelude.jspf
Missing data file: C:\Users\pelan\Desktop\446_Project\dacapo-23.11-MR2-chopin\dat/tomcat/webapps/examples/jsp/jsp2/misc/prelude.jspf.html
Missing data file: C:\Users\pelan\Desktop\446_Project\dacapo-23.11-MR2-chopin\dat/tomcat/webapps/examples/jsp/jsp2/simpletag/BookBean.java.html
Missing data file: C:\Users\pelan\Desktop\446_Project\dacapo-23.11-MR2-chopin\dat/tomcat/webapps/examples/jsp/jsp2/simpletag/FindBookSimpleTag.java.html
Missing data file: C:\Users\pelan\Desktop\446_Project\dacapo-23.11-MR2-chopin\dat/tomcat/webapps/examples/jsp/jsp2/simpletag/Functions.java.html
Missing data file: C:\Users\pelan\Desktop\446_Project\dacapo-23.11-MR2-chopin\dat/tomcat/webapps/examples/jsp/jsp2/simpletag/HelloWorldSimpleTag.java.html
Missing data file: C:\Users\pelan\Desktop\446_Project\dacapo-23.11-MR2-chopin\dat/tomcat/webapps/examples/jsp/jsp2/simpletag/RepeatSimpleTag.java.html
Missing data file: C:\Users\pelan\Desktop\446_Project\dacapo-23.11-MR2-chopin\dat/tomcat/webapps/examples/jsp/jsp2/simpletag/book.html
Missing data file: C:\Users\pelan\Desktop\446_Project\dacapo-23.11-MR2-chopin\dat/tomcat/webapps/examples/jsp/jsp2/simpletag/book.jsp
Missing data file: C:\Users\pelan\Desktop\446_Project\dacapo-23.11-MR2-chopin\dat/tomcat/webapps/examples/jsp/jsp2/simpletag/book.jsp.html
Missing data file: C:\Users\pelan\Desktop\446_Project\dacapo-23.11-MR2-chopin\dat/tomcat/webapps/examples/jsp/jsp2/simpletag/hello.html
Missing data file: C:\Users\pelan\Desktop\446_Project\dacapo-23.11-MR2-chopin\dat/tomcat/webapps/examples/jsp/jsp2/simpletag/hello.jsp
Missing data file: C:\Users\pelan\Desktop\446_Project\dacapo-23.11-MR2-chopin\dat/tomcat/webapps/examples/jsp/jsp2/simpletag/hello.jsp.html
Missing data file: C:\Users\pelan\Desktop\446_Project\dacapo-23.11-MR2-chopin\dat/tomcat/webapps/examples/jsp/jsp2/simpletag/repeat.html
Missing data file: C:\Users\pelan\Desktop\446_Project\dacapo-23.11-MR2-chopin\dat/tomcat/webapps/examples/jsp/jsp2/simpletag/repeat.jsp
Missing data file: C:\Users\pelan\Desktop\446_Project\dacapo-23.11-MR2-chopin\dat/tomcat/webapps/examples/jsp/jsp2/simpletag/repeat.jsp.html
Missing data file: C:\Users\pelan\Desktop\446_Project\dacapo-23.11-MR2-chopin\dat/tomcat/webapps/examples/jsp/jsp2/tagfiles/displayProducts.tag.html
Missing data file: C:\Users\pelan\Desktop\446_Project\dacapo-23.11-MR2-chopin\dat/tomcat/webapps/examples/jsp/jsp2/tagfiles/hello.html
Missing data file: C:\Users\pelan\Desktop\446_Project\dacapo-23.11-MR2-chopin\dat/tomcat/webapps/examples/jsp/jsp2/tagfiles/hello.jsp
Missing data file: C:\Users\pelan\Desktop\446_Project\dacapo-23.11-MR2-chopin\dat/tomcat/webapps/examples/jsp/jsp2/tagfiles/hello.jsp.html
Missing data file: C:\Users\pelan\Desktop\446_Project\dacapo-23.11-MR2-chopin\dat/tomcat/webapps/examples/jsp/jsp2/tagfiles/helloWorld.tag.html
Missing data file: C:\Users\pelan\Desktop\446_Project\dacapo-23.11-MR2-chopin\dat/tomcat/webapps/examples/jsp/jsp2/tagfiles/panel.html
Missing data file: C:\Users\pelan\Desktop\446_Project\dacapo-23.11-MR2-chopin\dat/tomcat/webapps/examples/jsp/jsp2/tagfiles/panel.jsp
Missing data file: C:\Users\pelan\Desktop\446_Project\dacapo-23.11-MR2-chopin\dat/tomcat/webapps/examples/jsp/jsp2/tagfiles/panel.jsp.html
Missing data file: C:\Users\pelan\Desktop\446_Project\dacapo-23.11-MR2-chopin\dat/tomcat/webapps/examples/jsp/jsp2/tagfiles/panel.tag.html
Missing data file: C:\Users\pelan\Desktop\446_Project\dacapo-23.11-MR2-chopin\dat/tomcat/webapps/examples/jsp/jsp2/tagfiles/products.html
Missing data file: C:\Users\pelan\Desktop\446_Project\dacapo-23.11-MR2-chopin\dat/tomcat/webapps/examples/jsp/jsp2/tagfiles/products.jsp
Missing data file: C:\Users\pelan\Desktop\446_Project\dacapo-23.11-MR2-chopin\dat/tomcat/webapps/examples/jsp/jsp2/tagfiles/products.jsp.html
Missing data file: C:\Users\pelan\Desktop\446_Project\dacapo-23.11-MR2-chopin\dat/tomcat/webapps/examples/jsp/jsptoserv/ServletToJsp.java.html
Missing data file: C:\Users\pelan\Desktop\446_Project\dacapo-23.11-MR2-chopin\dat/tomcat/webapps/examples/jsp/jsptoserv/hello.jsp
Missing data file: C:\Users\pelan\Desktop\446_Project\dacapo-23.11-MR2-chopin\dat/tomcat/webapps/examples/jsp/jsptoserv/hello.jsp.html
Missing data file: C:\Users\pelan\Desktop\446_Project\dacapo-23.11-MR2-chopin\dat/tomcat/webapps/examples/jsp/jsptoserv/jsptoservlet.jsp
Missing data file: C:\Users\pelan\Desktop\446_Project\dacapo-23.11-MR2-chopin\dat/tomcat/webapps/examples/jsp/jsptoserv/jsptoservlet.jsp.html
Missing data file: C:\Users\pelan\Desktop\446_Project\dacapo-23.11-MR2-chopin\dat/tomcat/webapps/examples/jsp/jsptoserv/jts.html
Missing data file: C:\Users\pelan\Desktop\446_Project\dacapo-23.11-MR2-chopin\dat/tomcat/webapps/examples/jsp/num/numguess.html
Missing data file: C:\Users\pelan\Desktop\446_Project\dacapo-23.11-MR2-chopin\dat/tomcat/webapps/examples/jsp/num/numguess.jsp
Missing data file: C:\Users\pelan\Desktop\446_Project\dacapo-23.11-MR2-chopin\dat/tomcat/webapps/examples/jsp/num/numguess.jsp.html
Missing data file: C:\Users\pelan\Desktop\446_Project\dacapo-23.11-MR2-chopin\dat/tomcat/webapps/examples/jsp/security/protected/error.jsp
Missing data file: C:\Users\pelan\Desktop\446_Project\dacapo-23.11-MR2-chopin\dat/tomcat/webapps/examples/jsp/security/protected/error.jsp.html
Missing data file: C:\Users\pelan\Desktop\446_Project\dacapo-23.11-MR2-chopin\dat/tomcat/webapps/examples/jsp/security/protected/index.jsp
Missing data file: C:\Users\pelan\Desktop\446_Project\dacapo-23.11-MR2-chopin\dat/tomcat/webapps/examples/jsp/security/protected/index.jsp.html
Missing data file: C:\Users\pelan\Desktop\446_Project\dacapo-23.11-MR2-chopin\dat/tomcat/webapps/examples/jsp/security/protected/login.jsp
Missing data file: C:\Users\pelan\Desktop\446_Project\dacapo-23.11-MR2-chopin\dat/tomcat/webapps/examples/jsp/security/protected/login.jsp.html
Missing data file: C:\Users\pelan\Desktop\446_Project\dacapo-23.11-MR2-chopin\dat/tomcat/webapps/examples/jsp/sessions/DummyCart.html
Missing data file: C:\Users\pelan\Desktop\446_Project\dacapo-23.11-MR2-chopin\dat/tomcat/webapps/examples/jsp/sessions/carts.html
Missing data file: C:\Users\pelan\Desktop\446_Project\dacapo-23.11-MR2-chopin\dat/tomcat/webapps/examples/jsp/sessions/carts.jsp
Missing data file: C:\Users\pelan\Desktop\446_Project\dacapo-23.11-MR2-chopin\dat/tomcat/webapps/examples/jsp/sessions/carts.jsp.html
Missing data file: C:\Users\pelan\Desktop\446_Project\dacapo-23.11-MR2-chopin\dat/tomcat/webapps/examples/jsp/sessions/crt.html
Missing data file: C:\Users\pelan\Desktop\446_Project\dacapo-23.11-MR2-chopin\dat/tomcat/webapps/examples/jsp/simpletag/foo.html
Missing data file: C:\Users\pelan\Desktop\446_Project\dacapo-23.11-MR2-chopin\dat/tomcat/webapps/examples/jsp/simpletag/foo.jsp
Missing data file: C:\Users\pelan\Desktop\446_Project\dacapo-23.11-MR2-chopin\dat/tomcat/webapps/examples/jsp/simpletag/foo.jsp.html
Missing data file: C:\Users\pelan\Desktop\446_Project\dacapo-23.11-MR2-chopin\dat/tomcat/webapps/examples/jsp/snp/snoop.html
Missing data file: C:\Users\pelan\Desktop\446_Project\dacapo-23.11-MR2-chopin\dat/tomcat/webapps/examples/jsp/snp/snoop.jsp
Missing data file: C:\Users\pelan\Desktop\446_Project\dacapo-23.11-MR2-chopin\dat/tomcat/webapps/examples/jsp/snp/snoop.jsp.html
Missing data file: C:\Users\pelan\Desktop\446_Project\dacapo-23.11-MR2-chopin\dat/tomcat/webapps/examples/jsp/tagplugin/choose.html
Missing data file: C:\Users\pelan\Desktop\446_Project\dacapo-23.11-MR2-chopin\dat/tomcat/webapps/examples/jsp/tagplugin/choose.jsp
Missing data file: C:\Users\pelan\Desktop\446_Project\dacapo-23.11-MR2-chopin\dat/tomcat/webapps/examples/jsp/tagplugin/choose.jsp.html
Missing data file: C:\Users\pelan\Desktop\446_Project\dacapo-23.11-MR2-chopin\dat/tomcat/webapps/examples/jsp/tagplugin/foreach.html
Missing data file: C:\Users\pelan\Desktop\446_Project\dacapo-23.11-MR2-chopin\dat/tomcat/webapps/examples/jsp/tagplugin/foreach.jsp
Missing data file: C:\Users\pelan\Desktop\446_Project\dacapo-23.11-MR2-chopin\dat/tomcat/webapps/examples/jsp/tagplugin/foreach.jsp.html
Missing data file: C:\Users\pelan\Desktop\446_Project\dacapo-23.11-MR2-chopin\dat/tomcat/webapps/examples/jsp/tagplugin/howto.html
Missing data file: C:\Users\pelan\Desktop\446_Project\dacapo-23.11-MR2-chopin\dat/tomcat/webapps/examples/jsp/tagplugin/if.html
Missing data file: C:\Users\pelan\Desktop\446_Project\dacapo-23.11-MR2-chopin\dat/tomcat/webapps/examples/jsp/tagplugin/if.jsp
Missing data file: C:\Users\pelan\Desktop\446_Project\dacapo-23.11-MR2-chopin\dat/tomcat/webapps/examples/jsp/tagplugin/if.jsp.html
Missing data file: C:\Users\pelan\Desktop\446_Project\dacapo-23.11-MR2-chopin\dat/tomcat/webapps/examples/jsp/tagplugin/notes.html
Missing data file: C:\Users\pelan\Desktop\446_Project\dacapo-23.11-MR2-chopin\dat/tomcat/webapps/examples/jsp/xml/xml.html
Missing data file: C:\Users\pelan\Desktop\446_Project\dacapo-23.11-MR2-chopin\dat/tomcat/webapps/examples/jsp/xml/xml.jsp
Missing data file: C:\Users\pelan\Desktop\446_Project\dacapo-23.11-MR2-chopin\dat/tomcat/webapps/examples/jsp/xml/xml.jsp.html
Missing data file: C:\Users\pelan\Desktop\446_Project\dacapo-23.11-MR2-chopin\dat/tomcat/webapps/examples/servlets/cookies.html
Missing data file: C:\Users\pelan\Desktop\446_Project\dacapo-23.11-MR2-chopin\dat/tomcat/webapps/examples/servlets/helloworld.html
Missing data file: C:\Users\pelan\Desktop\446_Project\dacapo-23.11-MR2-chopin\dat/tomcat/webapps/examples/servlets/images/code.gif
Missing data file: C:\Users\pelan\Desktop\446_Project\dacapo-23.11-MR2-chopin\dat/tomcat/webapps/examples/servlets/images/execute.gif
Missing data file: C:\Users\pelan\Desktop\446_Project\dacapo-23.11-MR2-chopin\dat/tomcat/webapps/examples/servlets/images/return.gif
Missing data file: C:\Users\pelan\Desktop\446_Project\dacapo-23.11-MR2-chopin\dat/tomcat/webapps/examples/servlets/index.html
Missing data file: C:\Users\pelan\Desktop\446_Project\dacapo-23.11-MR2-chopin\dat/tomcat/webapps/examples/servlets/nonblocking/bytecounter.html
Missing data file: C:\Users\pelan\Desktop\446_Project\dacapo-23.11-MR2-chopin\dat/tomcat/webapps/examples/servlets/reqheaders.html
Missing data file: C:\Users\pelan\Desktop\446_Project\dacapo-23.11-MR2-chopin\dat/tomcat/webapps/examples/servlets/reqinfo.html
Missing data file: C:\Users\pelan\Desktop\446_Project\dacapo-23.11-MR2-chopin\dat/tomcat/webapps/examples/servlets/reqparams.html
Missing data file: C:\Users\pelan\Desktop\446_Project\dacapo-23.11-MR2-chopin\dat/tomcat/webapps/examples/servlets/sessions.html
Missing data file: C:\Users\pelan\Desktop\446_Project\dacapo-23.11-MR2-chopin\dat/tomcat/webapps/examples/websocket/chat.xhtml
Missing data file: C:\Users\pelan\Desktop\446_Project\dacapo-23.11-MR2-chopin\dat/tomcat/webapps/examples/websocket/drawboard.xhtml
Missing data file: C:\Users\pelan\Desktop\446_Project\dacapo-23.11-MR2-chopin\dat/tomcat/webapps/examples/websocket/echo.xhtml
Missing data file: C:\Users\pelan\Desktop\446_Project\dacapo-23.11-MR2-chopin\dat/tomcat/webapps/examples/websocket/index.xhtml
Missing data file: C:\Users\pelan\Desktop\446_Project\dacapo-23.11-MR2-chopin\dat/tomcat/webapps/examples/websocket/snake.xhtml
Missing data file: C:\Users\pelan\Desktop\446_Project\dacapo-23.11-MR2-chopin\dat/tomcat/webapps/host-manager/META-INF/context.xml
Missing data file: C:\Users\pelan\Desktop\446_Project\dacapo-23.11-MR2-chopin\dat/tomcat/webapps/host-manager/WEB-INF/jsp/401.jsp
Missing data file: C:\Users\pelan\Desktop\446_Project\dacapo-23.11-MR2-chopin\dat/tomcat/webapps/host-manager/WEB-INF/jsp/403.jsp
Missing data file: C:\Users\pelan\Desktop\446_Project\dacapo-23.11-MR2-chopin\dat/tomcat/webapps/host-manager/WEB-INF/jsp/404.jsp
Missing data file: C:\Users\pelan\Desktop\446_Project\dacapo-23.11-MR2-chopin\dat/tomcat/webapps/host-manager/WEB-INF/manager.xml
Missing data file: C:\Users\pelan\Desktop\446_Project\dacapo-23.11-MR2-chopin\dat/tomcat/webapps/host-manager/WEB-INF/web.xml
Missing data file: C:\Users\pelan\Desktop\446_Project\dacapo-23.11-MR2-chopin\dat/tomcat/webapps/host-manager/css/manager.css
Missing data file: C:\Users\pelan\Desktop\446_Project\dacapo-23.11-MR2-chopin\dat/tomcat/webapps/host-manager/images/asf-logo.svg
Missing data file: C:\Users\pelan\Desktop\446_Project\dacapo-23.11-MR2-chopin\dat/tomcat/webapps/host-manager/images/tomcat.svg
Missing data file: C:\Users\pelan\Desktop\446_Project\dacapo-23.11-MR2-chopin\dat/tomcat/webapps/host-manager/index.jsp
Missing data file: C:\Users\pelan\Desktop\446_Project\dacapo-23.11-MR2-chopin\dat/tomcat/webapps/manager/META-INF/context.xml
Missing data file: C:\Users\pelan\Desktop\446_Project\dacapo-23.11-MR2-chopin\dat/tomcat/webapps/manager/WEB-INF/jsp/401.jsp
Missing data file: C:\Users\pelan\Desktop\446_Project\dacapo-23.11-MR2-chopin\dat/tomcat/webapps/manager/WEB-INF/jsp/403.jsp
Missing data file: C:\Users\pelan\Desktop\446_Project\dacapo-23.11-MR2-chopin\dat/tomcat/webapps/manager/WEB-INF/jsp/404.jsp
Missing data file: C:\Users\pelan\Desktop\446_Project\dacapo-23.11-MR2-chopin\dat/tomcat/webapps/manager/WEB-INF/jsp/connectorCerts.jsp
Missing data file: C:\Users\pelan\Desktop\446_Project\dacapo-23.11-MR2-chopin\dat/tomcat/webapps/manager/WEB-INF/jsp/connectorCiphers.jsp
Missing data file: C:\Users\pelan\Desktop\446_Project\dacapo-23.11-MR2-chopin\dat/tomcat/webapps/manager/WEB-INF/jsp/connectorTrustedCerts.jsp
Missing data file: C:\Users\pelan\Desktop\446_Project\dacapo-23.11-MR2-chopin\dat/tomcat/webapps/manager/WEB-INF/jsp/sessionDetail.jsp
Missing data file: C:\Users\pelan\Desktop\446_Project\dacapo-23.11-MR2-chopin\dat/tomcat/webapps/manager/WEB-INF/jsp/sessionsList.jsp
Missing data file: C:\Users\pelan\Desktop\446_Project\dacapo-23.11-MR2-chopin\dat/tomcat/webapps/manager/WEB-INF/web.xml
Missing data file: C:\Users\pelan\Desktop\446_Project\dacapo-23.11-MR2-chopin\dat/tomcat/webapps/manager/css/manager.css
Missing data file: C:\Users\pelan\Desktop\446_Project\dacapo-23.11-MR2-chopin\dat/tomcat/webapps/manager/images/asf-logo.svg
Missing data file: C:\Users\pelan\Desktop\446_Project\dacapo-23.11-MR2-chopin\dat/tomcat/webapps/manager/images/tomcat.svg
Missing data file: C:\Users\pelan\Desktop\446_Project\dacapo-23.11-MR2-chopin\dat/tomcat/webapps/manager/index.jsp
Missing data file: C:\Users\pelan\Desktop\446_Project\dacapo-23.11-MR2-chopin\dat/tomcat/webapps/manager/status.xsd
Missing data file: C:\Users\pelan\Desktop\446_Project\dacapo-23.11-MR2-chopin\dat/tomcat/webapps/manager/xform.xsl
Missing data file: C:\Users\pelan\Desktop\446_Project\dacapo-23.11-MR2-chopin\jar/lib/commons-codec/commons-codec.jar
Missing data file: C:\Users\pelan\Desktop\446_Project\dacapo-23.11-MR2-chopin\jar/lib/commons-httpclient/commons-httpclient.jar
Missing data file: C:\Users\pelan\Desktop\446_Project\dacapo-23.11-MR2-chopin\jar/lib/commons-logging/commons-logging.jar
Missing data file: C:\Users\pelan\Desktop\446_Project\dacapo-23.11-MR2-chopin\jar/tomcat/annotations-api.jar
Missing data file: C:\Users\pelan\Desktop\446_Project\dacapo-23.11-MR2-chopin\jar/tomcat/bootstrap.jar
Missing data file: C:\Users\pelan\Desktop\446_Project\dacapo-23.11-MR2-chopin\jar/tomcat/catalina-ant.jar
Missing data file: C:\Users\pelan\Desktop\446_Project\dacapo-23.11-MR2-chopin\jar/tomcat/catalina-ha.jar
Missing data file: C:\Users\pelan\Desktop\446_Project\dacapo-23.11-MR2-chopin\jar/tomcat/catalina-ssi.jar
Missing data file: C:\Users\pelan\Desktop\446_Project\dacapo-23.11-MR2-chopin\jar/tomcat/catalina-storeconfig.jar
Missing data file: C:\Users\pelan\Desktop\446_Project\dacapo-23.11-MR2-chopin\jar/tomcat/catalina-tribes.jar
Missing data file: C:\Users\pelan\Desktop\446_Project\dacapo-23.11-MR2-chopin\jar/tomcat/catalina.jar
Missing data file: C:\Users\pelan\Desktop\446_Project\dacapo-23.11-MR2-chopin\jar/tomcat/commons-codec.jar
Missing data file: C:\Users\pelan\Desktop\446_Project\dacapo-23.11-MR2-chopin\jar/tomcat/commons-daemon.jar
Missing data file: C:\Users\pelan\Desktop\446_Project\dacapo-23.11-MR2-chopin\jar/tomcat/commons-httpclient.jar
Missing data file: C:\Users\pelan\Desktop\446_Project\dacapo-23.11-MR2-chopin\jar/tomcat/commons-logging.jar
Missing data file: C:\Users\pelan\Desktop\446_Project\dacapo-23.11-MR2-chopin\jar/tomcat/dacapo-tomcat.jar
Missing data file: C:\Users\pelan\Desktop\446_Project\dacapo-23.11-MR2-chopin\jar/tomcat/ecj-4.27.jar
Missing data file: C:\Users\pelan\Desktop\446_Project\dacapo-23.11-MR2-chopin\jar/tomcat/el-api.jar
Missing data file: C:\Users\pelan\Desktop\446_Project\dacapo-23.11-MR2-chopin\jar/tomcat/jakartaee-migration-1.0.7-shaded.jar
Missing data file: C:\Users\pelan\Desktop\446_Project\dacapo-23.11-MR2-chopin\jar/tomcat/jasper-el.jar
Missing data file: C:\Users\pelan\Desktop\446_Project\dacapo-23.11-MR2-chopin\jar/tomcat/jasper.jar
Missing data file: C:\Users\pelan\Desktop\446_Project\dacapo-23.11-MR2-chopin\jar/tomcat/jaspic-api.jar
Missing data file: C:\Users\pelan\Desktop\446_Project\dacapo-23.11-MR2-chopin\jar/tomcat/jsp-api.jar
Missing data file: C:\Users\pelan\Desktop\446_Project\dacapo-23.11-MR2-chopin\jar/tomcat/servlet-api.jar
Missing data file: C:\Users\pelan\Desktop\446_Project\dacapo-23.11-MR2-chopin\jar/tomcat/tomcat-api.jar
Missing data file: C:\Users\pelan\Desktop\446_Project\dacapo-23.11-MR2-chopin\jar/tomcat/tomcat-coyote.jar
Missing data file: C:\Users\pelan\Desktop\446_Project\dacapo-23.11-MR2-chopin\jar/tomcat/tomcat-dbcp.jar
Missing data file: C:\Users\pelan\Desktop\446_Project\dacapo-23.11-MR2-chopin\jar/tomcat/tomcat-i18n-cs.jar
Missing data file: C:\Users\pelan\Desktop\446_Project\dacapo-23.11-MR2-chopin\jar/tomcat/tomcat-i18n-de.jar
Missing data file: C:\Users\pelan\Desktop\446_Project\dacapo-23.11-MR2-chopin\jar/tomcat/tomcat-i18n-es.jar
Missing data file: C:\Users\pelan\Desktop\446_Project\dacapo-23.11-MR2-chopin\jar/tomcat/tomcat-i18n-fr.jar
Missing data file: C:\Users\pelan\Desktop\446_Project\dacapo-23.11-MR2-chopin\jar/tomcat/tomcat-i18n-ja.jar
Missing data file: C:\Users\pelan\Desktop\446_Project\dacapo-23.11-MR2-chopin\jar/tomcat/tomcat-i18n-ko.jar
Missing data file: C:\Users\pelan\Desktop\446_Project\dacapo-23.11-MR2-chopin\jar/tomcat/tomcat-i18n-pt-BR.jar
Missing data file: C:\Users\pelan\Desktop\446_Project\dacapo-23.11-MR2-chopin\jar/tomcat/tomcat-i18n-ru.jar
Missing data file: C:\Users\pelan\Desktop\446_Project\dacapo-23.11-MR2-chopin\jar/tomcat/tomcat-i18n-zh-CN.jar
Missing data file: C:\Users\pelan\Desktop\446_Project\dacapo-23.11-MR2-chopin\jar/tomcat/tomcat-jdbc.jar
Missing data file: C:\Users\pelan\Desktop\446_Project\dacapo-23.11-MR2-chopin\jar/tomcat/tomcat-jni.jar
Missing data file: C:\Users\pelan\Desktop\446_Project\dacapo-23.11-MR2-chopin\jar/tomcat/tomcat-juli.jar
Missing data file: C:\Users\pelan\Desktop\446_Project\dacapo-23.11-MR2-chopin\jar/tomcat/tomcat-util-scan.jar
Missing data file: C:\Users\pelan\Desktop\446_Project\dacapo-23.11-MR2-chopin\jar/tomcat/tomcat-util.jar
Missing data file: C:\Users\pelan\Desktop\446_Project\dacapo-23.11-MR2-chopin\jar/tomcat/tomcat-websocket.jar
Missing data file: C:\Users\pelan\Desktop\446_Project\dacapo-23.11-MR2-chopin\jar/tomcat/websocket-api.jar
Missing data file: C:\Users\pelan\Desktop\446_Project\dacapo-23.11-MR2-chopin\jar/tomcat/websocket-client-api.jar
