Missing data file: C:\Users\pelan\Desktop\446_Project\dacapo-23.11-MR2-chopin\dat/avrora/arch/msp430/interpreter/gen-instr.bash
Missing data file: C:\Users\pelan\Desktop\446_Project\dacapo-23.11-MR2-chopin\dat/avrora/arch/msp430/interpreter/gen-msp430.bash
Missing data file: C:\Users\pelan\Desktop\446_Project\dacapo-23.11-MR2-chopin\dat/avrora/arch/msp430/interpreter/msp430init.bash
Missing data file: C:\Users\pelan\Desktop\446_Project\dacapo-23.11-MR2-chopin\dat/avrora/arch/msp430/interpreter/plan
Missing data file: C:\Users\pelan\Desktop\446_Project\dacapo-23.11-MR2-chopin\dat/avrora/disassembler/adc.instr.tst
Missing data file: C:\Users\pelan\Desktop\446_Project\dacapo-23.11-MR2-chopin\dat/avrora/disassembler/add.instr.tst
Missing data file: C:\Users\pelan\Desktop\446_Project\dacapo-23.11-MR2-chopin\dat/avrora/disassembler/adiw.instr.tst
Missing data file: C:\Users\pelan\Desktop\446_Project\dacapo-23.11-MR2-chopin\dat/avrora/disassembler/and.instr.tst
Missing data file: C:\Users\pelan\Desktop\446_Project\dacapo-23.11-MR2-chopin\dat/avrora/disassembler/andi.instr.tst
Missing data file: C:\Users\pelan\Desktop\446_Project\dacapo-23.11-MR2-chopin\dat/avrora/disassembler/asr.instr.tst
Missing data file: C:\Users\pelan\Desktop\446_Project\dacapo-23.11-MR2-chopin\dat/avrora/disassembler/bclr.instr.tst
Missing data file: C:\Users\pelan\Desktop\446_Project\dacapo-23.11-MR2-chopin\dat/avrora/disassembler/bld.instr.tst
Missing data file: C:\Users\pelan\Desktop\446_Project\dacapo-23.11-MR2-chopin\dat/avrora/disassembler/brbc.instr.tst
Missing data file: C:\Users\pelan\Desktop\446_Project\dacapo-23.11-MR2-chopin\dat/avrora/disassembler/brbs.instr.tst
Missing data file: C:\Users\pelan\Desktop\446_Project\dacapo-23.11-MR2-chopin\dat/avrora/disassembler/brcc.instr.tst
Missing data file: C:\Users\pelan\Desktop\446_Project\dacapo-23.11-MR2-chopin\dat/avrora/disassembler/brcs.instr.tst
Missing data file: C:\Users\pelan\Desktop\446_Project\dacapo-23.11-MR2-chopin\dat/avrora/disassembler/break.instr.tst
Missing data file: C:\Users\pelan\Desktop\446_Project\dacapo-23.11-MR2-chopin\dat/avrora/disassembler/breq.instr.tst
Missing data file: C:\Users\pelan\Desktop\446_Project\dacapo-23.11-MR2-chopin\dat/avrora/disassembler/brge.instr.tst
Missing data file: C:\Users\pelan\Desktop\446_Project\dacapo-23.11-MR2-chopin\dat/avrora/disassembler/brhc.instr.tst
Missing data file: C:\Users\pelan\Desktop\446_Project\dacapo-23.11-MR2-chopin\dat/avrora/disassembler/brhs.instr.tst
Missing data file: C:\Users\pelan\Desktop\446_Project\dacapo-23.11-MR2-chopin\dat/avrora/disassembler/brid.instr.tst
Missing data file: C:\Users\pelan\Desktop\446_Project\dacapo-23.11-MR2-chopin\dat/avrora/disassembler/brie.instr.tst
Missing data file: C:\Users\pelan\Desktop\446_Project\dacapo-23.11-MR2-chopin\dat/avrora/disassembler/brlo.instr.tst
Missing data file: C:\Users\pelan\Desktop\446_Project\dacapo-23.11-MR2-chopin\dat/avrora/disassembler/brlt.instr.tst
Missing data file: C:\Users\pelan\Desktop\446_Project\dacapo-23.11-MR2-chopin\dat/avrora/disassembler/brmi.instr.tst
Missing data file: C:\Users\pelan\Desktop\446_Project\dacapo-23.11-MR2-chopin\dat/avrora/disassembler/brne.instr.tst
Missing data file: C:\Users\pelan\Desktop\446_Project\dacapo-23.11-MR2-chopin\dat/avrora/disassembler/brpl.instr.tst
Missing data file: C:\Users\pelan\Desktop\446_Project\dacapo-23.11-MR2-chopin\dat/avrora/disassembler/brsh.instr.tst
Missing data file: C:\Users\pelan\Desktop\446_Project\dacapo-23.11-MR2-chopin\dat/avrora/disassembler/brtc.instr.tst
Missing data file: C:\Users\pelan\Desktop\446_Project\dacapo-23.11-MR2-chopin\dat/avrora/disassembler/brts.instr.tst
Missing data file: C:\Users\pelan\Desktop\446_Project\dacapo-23.11-MR2-chopin\dat/avrora/disassembler/brvc.instr.tst
Missing data file: C:\Users\pelan\Desktop\446_Project\dacapo-23.11-MR2-chopin\dat/avrora/disassembler/brvs.instr.tst
Missing data file: C:\Users\pelan\Desktop\446_Project\dacapo-23.11-MR2-chopin\dat/avrora/disassembler/bset.instr.tst
Missing data file: C:\Users\pelan\Desktop\446_Project\dacapo-23.11-MR2-chopin\dat/avrora/disassembler/bst.instr.tst
Missing data file: C:\Users\pelan\Desktop\446_Project\dacapo-23.11-MR2-chopin\dat/avrora/disassembler/call.instr.tst
Missing data file: C:\Users\pelan\Desktop\446_Project\dacapo-23.11-MR2-chopin\dat/avrora/disassembler/cbi.instr.tst
Missing data file: C:\Users\pelan\Desktop\446_Project\dacapo-23.11-MR2-chopin\dat/avrora/disassembler/cbr.instr.tst
Missing data file: C:\Users\pelan\Desktop\446_Project\dacapo-23.11-MR2-chopin\dat/avrora/disassembler/clc.instr.tst
Missing data file: C:\Users\pelan\Desktop\446_Project\dacapo-23.11-MR2-chopin\dat/avrora/disassembler/clh.instr.tst
Missing data file: C:\Users\pelan\Desktop\446_Project\dacapo-23.11-MR2-chopin\dat/avrora/disassembler/cli.instr.tst
Missing data file: C:\Users\pelan\Desktop\446_Project\dacapo-23.11-MR2-chopin\dat/avrora/disassembler/cln.instr.tst
Missing data file: C:\Users\pelan\Desktop\446_Project\dacapo-23.11-MR2-chopin\dat/avrora/disassembler/clr.instr.tst
Missing data file: C:\Users\pelan\Desktop\446_Project\dacapo-23.11-MR2-chopin\dat/avrora/disassembler/cls.instr.tst
Missing data file: C:\Users\pelan\Desktop\446_Project\dacapo-23.11-MR2-chopin\dat/avrora/disassembler/clt.instr.tst
Missing data file: C:\Users\pelan\Desktop\446_Project\dacapo-23.11-MR2-chopin\dat/avrora/disassembler/clv.instr.tst
Missing data file: C:\Users\pelan\Desktop\446_Project\dacapo-23.11-MR2-chopin\dat/avrora/disassembler/clz.instr.tst
Missing data file: C:\Users\pelan\Desktop\446_Project\dacapo-23.11-MR2-chopin\dat/avrora/disassembler/com.instr.tst
Missing data file: C:\Users\pelan\Desktop\446_Project\dacapo-23.11-MR2-chopin\dat/avrora/disassembler/cp.instr.tst
Missing data file: C:\Users\pelan\Desktop\446_Project\dacapo-23.11-MR2-chopin\dat/avrora/disassembler/cpc.instr.tst
Missing data file: C:\Users\pelan\Desktop\446_Project\dacapo-23.11-MR2-chopin\dat/avrora/disassembler/cpi.instr.tst
Missing data file: C:\Users\pelan\Desktop\446_Project\dacapo-23.11-MR2-chopin\dat/avrora/disassembler/cpse.instr.tst
Missing data file: C:\Users\pelan\Desktop\446_Project\dacapo-23.11-MR2-chopin\dat/avrora/disassembler/dec.instr.tst
Missing data file: C:\Users\pelan\Desktop\446_Project\dacapo-23.11-MR2-chopin\dat/avrora/disassembler/elpm.instr.tst
Missing data file: C:\Users\pelan\Desktop\446_Project\dacapo-23.11-MR2-chopin\dat/avrora/disassembler/elpmd.instr.tst
Missing data file: C:\Users\pelan\Desktop\446_Project\dacapo-23.11-MR2-chopin\dat/avrora/disassembler/elpmpi.instr.tst
Missing data file: C:\Users\pelan\Desktop\446_Project\dacapo-23.11-MR2-chopin\dat/avrora/disassembler/eor.instr.tst
Missing data file: C:\Users\pelan\Desktop\446_Project\dacapo-23.11-MR2-chopin\dat/avrora/disassembler/fmul.instr.tst
Missing data file: C:\Users\pelan\Desktop\446_Project\dacapo-23.11-MR2-chopin\dat/avrora/disassembler/fmuls.instr.tst
Missing data file: C:\Users\pelan\Desktop\446_Project\dacapo-23.11-MR2-chopin\dat/avrora/disassembler/fmulsu.instr.tst
Missing data file: C:\Users\pelan\Desktop\446_Project\dacapo-23.11-MR2-chopin\dat/avrora/disassembler/icall.instr.tst
Missing data file: C:\Users\pelan\Desktop\446_Project\dacapo-23.11-MR2-chopin\dat/avrora/disassembler/ijmp.instr.tst
Missing data file: C:\Users\pelan\Desktop\446_Project\dacapo-23.11-MR2-chopin\dat/avrora/disassembler/in.instr.tst
Missing data file: C:\Users\pelan\Desktop\446_Project\dacapo-23.11-MR2-chopin\dat/avrora/disassembler/inc.instr.tst
Missing data file: C:\Users\pelan\Desktop\446_Project\dacapo-23.11-MR2-chopin\dat/avrora/disassembler/jmp.instr.tst
Missing data file: C:\Users\pelan\Desktop\446_Project\dacapo-23.11-MR2-chopin\dat/avrora/disassembler/ld.instr.tst
Missing data file: C:\Users\pelan\Desktop\446_Project\dacapo-23.11-MR2-chopin\dat/avrora/disassembler/ldd.instr.tst
Missing data file: C:\Users\pelan\Desktop\446_Project\dacapo-23.11-MR2-chopin\dat/avrora/disassembler/ldi.instr.tst
Missing data file: C:\Users\pelan\Desktop\446_Project\dacapo-23.11-MR2-chopin\dat/avrora/disassembler/ldpd.instr.tst
Missing data file: C:\Users\pelan\Desktop\446_Project\dacapo-23.11-MR2-chopin\dat/avrora/disassembler/ldpi.instr.tst
Missing data file: C:\Users\pelan\Desktop\446_Project\dacapo-23.11-MR2-chopin\dat/avrora/disassembler/lds.instr.tst
Missing data file: C:\Users\pelan\Desktop\446_Project\dacapo-23.11-MR2-chopin\dat/avrora/disassembler/lpm.instr.tst
Missing data file: C:\Users\pelan\Desktop\446_Project\dacapo-23.11-MR2-chopin\dat/avrora/disassembler/lpmd.instr.tst
Missing data file: C:\Users\pelan\Desktop\446_Project\dacapo-23.11-MR2-chopin\dat/avrora/disassembler/lpmpi.instr.tst
Missing data file: C:\Users\pelan\Desktop\446_Project\dacapo-23.11-MR2-chopin\dat/avrora/disassembler/lsl.instr.tst
Missing data file: C:\Users\pelan\Desktop\446_Project\dacapo-23.11-MR2-chopin\dat/avrora/disassembler/lsr.instr.tst
Missing data file: C:\Users\pelan\Desktop\446_Project\dacapo-23.11-MR2-chopin\dat/avrora/disassembler/mov.instr.tst
Missing data file: C:\Users\pelan\Desktop\446_Project\dacapo-23.11-MR2-chopin\dat/avrora/disassembler/movw.instr.tst
Missing data file: C:\Users\pelan\Desktop\446_Project\dacapo-23.11-MR2-chopin\dat/avrora/disassembler/mul.instr.tst
Missing data file: C:\Users\pelan\Desktop\446_Project\dacapo-23.11-MR2-chopin\dat/avrora/disassembler/muls.instr.tst
Missing data file: C:\Users\pelan\Desktop\446_Project\dacapo-23.11-MR2-chopin\dat/avrora/disassembler/mulsu.instr.tst
Missing data file: C:\Users\pelan\Desktop\446_Project\dacapo-23.11-MR2-chopin\dat/avrora/disassembler/neg.instr.tst
Missing data file: C:\Users\pelan\Desktop\446_Project\dacapo-23.11-MR2-chopin\dat/avrora/disassembler/nop.instr.tst
Missing data file: C:\Users\pelan\Desktop\446_Project\dacapo-23.11-MR2-chopin\dat/avrora/disassembler/or.instr.tst
Missing data file: C:\Users\pelan\Desktop\446_Project\dacapo-23.11-MR2-chopin\dat/avrora/disassembler/ori.instr.tst
Missing data file: C:\Users\pelan\Desktop\446_Project\dacapo-23.11-MR2-chopin\dat/avrora/disassembler/out.instr.tst
Missing data file: C:\Users\pelan\Desktop\446_Project\dacapo-23.11-MR2-chopin\dat/avrora/disassembler/pop.instr.tst
Missing data file: C:\Users\pelan\Desktop\446_Project\dacapo-23.11-MR2-chopin\dat/avrora/disassembler/push.instr.tst
Missing data file: C:\Users\pelan\Desktop\446_Project\dacapo-23.11-MR2-chopin\dat/avrora/disassembler/rcall.instr.tst
Missing data file: C:\Users\pelan\Desktop\446_Project\dacapo-23.11-MR2-chopin\dat/avrora/disassembler/ret.instr.tst
Missing data file: C:\Users\pelan\Desktop\446_Project\dacapo-23.11-MR2-chopin\dat/avrora/disassembler/reti.instr.tst
Missing data file: C:\Users\pelan\Desktop\446_Project\dacapo-23.11-MR2-chopin\dat/avrora/disassembler/rjmp.instr.tst
Missing data file: C:\Users\pelan\Desktop\446_Project\dacapo-23.11-MR2-chopin\dat/avrora/disassembler/rol.instr.tst
Missing data file: C:\Users\pelan\Desktop\446_Project\dacapo-23.11-MR2-chopin\dat/avrora/disassembler/ror.instr.tst
Missing data file: C:\Users\pelan\Desktop\446_Project\dacapo-23.11-MR2-chopin\dat/avrora/disassembler/sbc.instr.tst
Missing data file: C:\Users\pelan\Desktop\446_Project\dacapo-23.11-MR2-chopin\dat/avrora/disassembler/sbci.instr.tst
Missing data file: C:\Users\pelan\Desktop\446_Project\dacapo-23.11-MR2-chopin\dat/avrora/disassembler/sbi.instr.tst
Missing data file: C:\Users\pelan\Desktop\446_Project\dacapo-23.11-MR2-chopin\dat/avrora/disassembler/sbic.instr.tst
Missing data file: C:\Users\pelan\Desktop\446_Project\dacapo-23.11-MR2-chopin\dat/avrora/disassembler/sbis.instr.tst
Missing data file: C:\Users\pelan\Desktop\446_Project\dacapo-23.11-MR2-chopin\dat/avrora/disassembler/sbiw.instr.tst
Missing data file: C:\Users\pelan\Desktop\446_Project\dacapo-23.11-MR2-chopin\dat/avrora/disassembler/sbr.instr.tst
Missing data file: C:\Users\pelan\Desktop\446_Project\dacapo-23.11-MR2-chopin\dat/avrora/disassembler/sbrc.instr.tst
Missing data file: C:\Users\pelan\Desktop\446_Project\dacapo-23.11-MR2-chopin\dat/avrora/disassembler/sbrs.instr.tst
Missing data file: C:\Users\pelan\Desktop\446_Project\dacapo-23.11-MR2-chopin\dat/avrora/disassembler/sec.instr.tst
Missing data file: C:\Users\pelan\Desktop\446_Project\dacapo-23.11-MR2-chopin\dat/avrora/disassembler/seh.instr.tst
Missing data file: C:\Users\pelan\Desktop\446_Project\dacapo-23.11-MR2-chopin\dat/avrora/disassembler/sei.instr.tst
Missing data file: C:\Users\pelan\Desktop\446_Project\dacapo-23.11-MR2-chopin\dat/avrora/disassembler/sen.instr.tst
Missing data file: C:\Users\pelan\Desktop\446_Project\dacapo-23.11-MR2-chopin\dat/avrora/disassembler/ser.instr.tst
Missing data file: C:\Users\pelan\Desktop\446_Project\dacapo-23.11-MR2-chopin\dat/avrora/disassembler/ses.instr.tst
Missing data file: C:\Users\pelan\Desktop\446_Project\dacapo-23.11-MR2-chopin\dat/avrora/disassembler/set.instr.tst
Missing data file: C:\Users\pelan\Desktop\446_Project\dacapo-23.11-MR2-chopin\dat/avrora/disassembler/sev.instr.tst
Missing data file: C:\Users\pelan\Desktop\446_Project\dacapo-23.11-MR2-chopin\dat/avrora/disassembler/sez.instr.tst
Missing data file: C:\Users\pelan\Desktop\446_Project\dacapo-23.11-MR2-chopin\dat/avrora/disassembler/sleep.instr.tst
Missing data file: C:\Users\pelan\Desktop\446_Project\dacapo-23.11-MR2-chopin\dat/avrora/disassembler/spm.instr.tst
Missing data file: C:\Users\pelan\Desktop\446_Project\dacapo-23.11-MR2-chopin\dat/avrora/disassembler/st.instr.tst
Missing data file: C:\Users\pelan\Desktop\446_Project\dacapo-23.11-MR2-chopin\dat/avrora/disassembler/std.instr.tst
Missing data file: C:\Users\pelan\Desktop\446_Project\dacapo-23.11-MR2-chopin\dat/avrora/disassembler/stpd.instr.tst
Missing data file: C:\Users\pelan\Desktop\446_Project\dacapo-23.11-MR2-chopin\dat/avrora/disassembler/stpi.instr.tst
Missing data file: C:\Users\pelan\Desktop\446_Project\dacapo-23.11-MR2-chopin\dat/avrora/disassembler/sts.instr.tst
Missing data file: C:\Users\pelan\Desktop\446_Project\dacapo-23.11-MR2-chopin\dat/avrora/disassembler/sub.instr.tst
Missing data file: C:\Users\pelan\Desktop\446_Project\dacapo-23.11-MR2-chopin\dat/avrora/disassembler/subi.instr.tst
Missing data file: C:\Users\pelan\Desktop\446_Project\dacapo-23.11-MR2-chopin\dat/avrora/disassembler/swap.instr.tst
Missing data file: C:\Users\pelan\Desktop\446_Project\dacapo-23.11-MR2-chopin\dat/avrora/disassembler/tst.instr.tst
Missing data file: C:\Users\pelan\Desktop\446_Project\dacapo-23.11-MR2-chopin\dat/avrora/disassembler/wdr.instr.tst
Missing data file: C:\Users\pelan\Desktop\446_Project\dacapo-23.11-MR2-chopin\dat/avrora/event/event1.tst
Missing data file: C:\Users\pelan\Desktop\446_Project\dacapo-23.11-MR2-chopin\dat/avrora/event/event2.tst
Missing data file: C:\Users\pelan\Desktop\446_Project\dacapo-23.11-MR2-chopin\dat/avrora/interpreter/adc01.tst
Missing data file: C:\Users\pelan\Desktop\446_Project\dacapo-23.11-MR2-chopin\dat/avrora/interpreter/adc02.tst
Missing data file: C:\Users\pelan\Desktop\446_Project\dacapo-23.11-MR2-chopin\dat/avrora/interpreter/adc03.tst
Missing data file: C:\Users\pelan\Desktop\446_Project\dacapo-23.11-MR2-chopin\dat/avrora/interpreter/adc04.tst
Missing data file: C:\Users\pelan\Desktop\446_Project\dacapo-23.11-MR2-chopin\dat/avrora/interpreter/adc05.tst
Missing data file: C:\Users\pelan\Desktop\446_Project\dacapo-23.11-MR2-chopin\dat/avrora/interpreter/adc06.tst
Missing data file: C:\Users\pelan\Desktop\446_Project\dacapo-23.11-MR2-chopin\dat/avrora/interpreter/adc07.tst
Missing data file: C:\Users\pelan\Desktop\446_Project\dacapo-23.11-MR2-chopin\dat/avrora/interpreter/adc08.tst
Missing data file: C:\Users\pelan\Desktop\446_Project\dacapo-23.11-MR2-chopin\dat/avrora/interpreter/adc09.tst
Missing data file: C:\Users\pelan\Desktop\446_Project\dacapo-23.11-MR2-chopin\dat/avrora/interpreter/adc10.tst
Missing data file: C:\Users\pelan\Desktop\446_Project\dacapo-23.11-MR2-chopin\dat/avrora/interpreter/add01.tst
Missing data file: C:\Users\pelan\Desktop\446_Project\dacapo-23.11-MR2-chopin\dat/avrora/interpreter/add02.tst
Missing data file: C:\Users\pelan\Desktop\446_Project\dacapo-23.11-MR2-chopin\dat/avrora/interpreter/add03.tst
Missing data file: C:\Users\pelan\Desktop\446_Project\dacapo-23.11-MR2-chopin\dat/avrora/interpreter/add04.tst
Missing data file: C:\Users\pelan\Desktop\446_Project\dacapo-23.11-MR2-chopin\dat/avrora/interpreter/add05.tst
Missing data file: C:\Users\pelan\Desktop\446_Project\dacapo-23.11-MR2-chopin\dat/avrora/interpreter/adiw01.tst
Missing data file: C:\Users\pelan\Desktop\446_Project\dacapo-23.11-MR2-chopin\dat/avrora/interpreter/adiw02.tst
Missing data file: C:\Users\pelan\Desktop\446_Project\dacapo-23.11-MR2-chopin\dat/avrora/interpreter/adiw03.tst
Missing data file: C:\Users\pelan\Desktop\446_Project\dacapo-23.11-MR2-chopin\dat/avrora/interpreter/adiw04.tst
Missing data file: C:\Users\pelan\Desktop\446_Project\dacapo-23.11-MR2-chopin\dat/avrora/interpreter/all_instrs.tst
Missing data file: C:\Users\pelan\Desktop\446_Project\dacapo-23.11-MR2-chopin\dat/avrora/interpreter/and01.tst
Missing data file: C:\Users\pelan\Desktop\446_Project\dacapo-23.11-MR2-chopin\dat/avrora/interpreter/and02.tst
Missing data file: C:\Users\pelan\Desktop\446_Project\dacapo-23.11-MR2-chopin\dat/avrora/interpreter/and03.tst
Missing data file: C:\Users\pelan\Desktop\446_Project\dacapo-23.11-MR2-chopin\dat/avrora/interpreter/andi01.tst
Missing data file: C:\Users\pelan\Desktop\446_Project\dacapo-23.11-MR2-chopin\dat/avrora/interpreter/andi02.tst
Missing data file: C:\Users\pelan\Desktop\446_Project\dacapo-23.11-MR2-chopin\dat/avrora/interpreter/andi03.tst
Missing data file: C:\Users\pelan\Desktop\446_Project\dacapo-23.11-MR2-chopin\dat/avrora/interpreter/asr01.tst
Missing data file: C:\Users\pelan\Desktop\446_Project\dacapo-23.11-MR2-chopin\dat/avrora/interpreter/asr02.tst
Missing data file: C:\Users\pelan\Desktop\446_Project\dacapo-23.11-MR2-chopin\dat/avrora/interpreter/asr03.tst
Missing data file: C:\Users\pelan\Desktop\446_Project\dacapo-23.11-MR2-chopin\dat/avrora/interpreter/asr04.tst
Missing data file: C:\Users\pelan\Desktop\446_Project\dacapo-23.11-MR2-chopin\dat/avrora/interpreter/call01.tst
Missing data file: C:\Users\pelan\Desktop\446_Project\dacapo-23.11-MR2-chopin\dat/avrora/interpreter/call02.tst
Missing data file: C:\Users\pelan\Desktop\446_Project\dacapo-23.11-MR2-chopin\dat/avrora/interpreter/call03.tst
Missing data file: C:\Users\pelan\Desktop\446_Project\dacapo-23.11-MR2-chopin\dat/avrora/interpreter/call04.tst
Missing data file: C:\Users\pelan\Desktop\446_Project\dacapo-23.11-MR2-chopin\dat/avrora/interpreter/call05.tst
Missing data file: C:\Users\pelan\Desktop\446_Project\dacapo-23.11-MR2-chopin\dat/avrora/interpreter/call06.tst
Missing data file: C:\Users\pelan\Desktop\446_Project\dacapo-23.11-MR2-chopin\dat/avrora/interpreter/call07.tst
Missing data file: C:\Users\pelan\Desktop\446_Project\dacapo-23.11-MR2-chopin\dat/avrora/interpreter/call08.tst
Missing data file: C:\Users\pelan\Desktop\446_Project\dacapo-23.11-MR2-chopin\dat/avrora/interpreter/call09.tst
Missing data file: C:\Users\pelan\Desktop\446_Project\dacapo-23.11-MR2-chopin\dat/avrora/interpreter/call10.tst
Missing data file: C:\Users\pelan\Desktop\446_Project\dacapo-23.11-MR2-chopin\dat/avrora/interpreter/call11.tst
Missing data file: C:\Users\pelan\Desktop\446_Project\dacapo-23.11-MR2-chopin\dat/avrora/interpreter/call12.tst
Missing data file: C:\Users\pelan\Desktop\446_Project\dacapo-23.11-MR2-chopin\dat/avrora/interpreter/cbr01.tst
Missing data file: C:\Users\pelan\Desktop\446_Project\dacapo-23.11-MR2-chopin\dat/avrora/interpreter/cbr02.tst
Missing data file: C:\Users\pelan\Desktop\446_Project\dacapo-23.11-MR2-chopin\dat/avrora/interpreter/clr01.tst
Missing data file: C:\Users\pelan\Desktop\446_Project\dacapo-23.11-MR2-chopin\dat/avrora/interpreter/com01.tst
Missing data file: C:\Users\pelan\Desktop\446_Project\dacapo-23.11-MR2-chopin\dat/avrora/interpreter/com02.tst
Missing data file: C:\Users\pelan\Desktop\446_Project\dacapo-23.11-MR2-chopin\dat/avrora/interpreter/cp01.tst
Missing data file: C:\Users\pelan\Desktop\446_Project\dacapo-23.11-MR2-chopin\dat/avrora/interpreter/cp02.tst
Missing data file: C:\Users\pelan\Desktop\446_Project\dacapo-23.11-MR2-chopin\dat/avrora/interpreter/cp03.tst
Missing data file: C:\Users\pelan\Desktop\446_Project\dacapo-23.11-MR2-chopin\dat/avrora/interpreter/cp04.tst
Missing data file: C:\Users\pelan\Desktop\446_Project\dacapo-23.11-MR2-chopin\dat/avrora/interpreter/cp05.tst
Missing data file: C:\Users\pelan\Desktop\446_Project\dacapo-23.11-MR2-chopin\dat/avrora/interpreter/cpc01.tst
Missing data file: C:\Users\pelan\Desktop\446_Project\dacapo-23.11-MR2-chopin\dat/avrora/interpreter/cpc02.tst
Missing data file: C:\Users\pelan\Desktop\446_Project\dacapo-23.11-MR2-chopin\dat/avrora/interpreter/cpc03.tst
Missing data file: C:\Users\pelan\Desktop\446_Project\dacapo-23.11-MR2-chopin\dat/avrora/interpreter/cpc04.tst
Missing data file: C:\Users\pelan\Desktop\446_Project\dacapo-23.11-MR2-chopin\dat/avrora/interpreter/cpc05.tst
Missing data file: C:\Users\pelan\Desktop\446_Project\dacapo-23.11-MR2-chopin\dat/avrora/interpreter/cpc06.tst
Missing data file: C:\Users\pelan\Desktop\446_Project\dacapo-23.11-MR2-chopin\dat/avrora/interpreter/cpi01.tst
Missing data file: C:\Users\pelan\Desktop\446_Project\dacapo-23.11-MR2-chopin\dat/avrora/interpreter/cpi02.tst
Missing data file: C:\Users\pelan\Desktop\446_Project\dacapo-23.11-MR2-chopin\dat/avrora/interpreter/cpi03.tst
Missing data file: C:\Users\pelan\Desktop\446_Project\dacapo-23.11-MR2-chopin\dat/avrora/interpreter/cpi04.tst
Missing data file: C:\Users\pelan\Desktop\446_Project\dacapo-23.11-MR2-chopin\dat/avrora/interpreter/cpi05.tst
Missing data file: C:\Users\pelan\Desktop\446_Project\dacapo-23.11-MR2-chopin\dat/avrora/interpreter/dec01.tst
Missing data file: C:\Users\pelan\Desktop\446_Project\dacapo-23.11-MR2-chopin\dat/avrora/interpreter/dec02.tst
Missing data file: C:\Users\pelan\Desktop\446_Project\dacapo-23.11-MR2-chopin\dat/avrora/interpreter/dec03.tst
Missing data file: C:\Users\pelan\Desktop\446_Project\dacapo-23.11-MR2-chopin\dat/avrora/interpreter/elpm01.tst
Missing data file: C:\Users\pelan\Desktop\446_Project\dacapo-23.11-MR2-chopin\dat/avrora/interpreter/elpm02.tst
Missing data file: C:\Users\pelan\Desktop\446_Project\dacapo-23.11-MR2-chopin\dat/avrora/interpreter/elpm03.tst
Missing data file: C:\Users\pelan\Desktop\446_Project\dacapo-23.11-MR2-chopin\dat/avrora/interpreter/elpm04.tst
Missing data file: C:\Users\pelan\Desktop\446_Project\dacapo-23.11-MR2-chopin\dat/avrora/interpreter/elpm05.tst
Missing data file: C:\Users\pelan\Desktop\446_Project\dacapo-23.11-MR2-chopin\dat/avrora/interpreter/elpm06.tst
Missing data file: C:\Users\pelan\Desktop\446_Project\dacapo-23.11-MR2-chopin\dat/avrora/interpreter/eor01.tst
Missing data file: C:\Users\pelan\Desktop\446_Project\dacapo-23.11-MR2-chopin\dat/avrora/interpreter/eor02.tst
Missing data file: C:\Users\pelan\Desktop\446_Project\dacapo-23.11-MR2-chopin\dat/avrora/interpreter/eor03.tst
Missing data file: C:\Users\pelan\Desktop\446_Project\dacapo-23.11-MR2-chopin\dat/avrora/interpreter/flags01.tst
Missing data file: C:\Users\pelan\Desktop\446_Project\dacapo-23.11-MR2-chopin\dat/avrora/interpreter/flags02.tst
Missing data file: C:\Users\pelan\Desktop\446_Project\dacapo-23.11-MR2-chopin\dat/avrora/interpreter/flags03.tst
Missing data file: C:\Users\pelan\Desktop\446_Project\dacapo-23.11-MR2-chopin\dat/avrora/interpreter/flags04.tst
Missing data file: C:\Users\pelan\Desktop\446_Project\dacapo-23.11-MR2-chopin\dat/avrora/interpreter/flags05.tst
Missing data file: C:\Users\pelan\Desktop\446_Project\dacapo-23.11-MR2-chopin\dat/avrora/interpreter/flags06.tst
Missing data file: C:\Users\pelan\Desktop\446_Project\dacapo-23.11-MR2-chopin\dat/avrora/interpreter/flags07.tst
Missing data file: C:\Users\pelan\Desktop\446_Project\dacapo-23.11-MR2-chopin\dat/avrora/interpreter/flags08.tst
Missing data file: C:\Users\pelan\Desktop\446_Project\dacapo-23.11-MR2-chopin\dat/avrora/interpreter/flags11.tst
Missing data file: C:\Users\pelan\Desktop\446_Project\dacapo-23.11-MR2-chopin\dat/avrora/interpreter/flags12.tst
Missing data file: C:\Users\pelan\Desktop\446_Project\dacapo-23.11-MR2-chopin\dat/avrora/interpreter/flags13.tst
Missing data file: C:\Users\pelan\Desktop\446_Project\dacapo-23.11-MR2-chopin\dat/avrora/interpreter/flags14.tst
Missing data file: C:\Users\pelan\Desktop\446_Project\dacapo-23.11-MR2-chopin\dat/avrora/interpreter/flags15.tst
Missing data file: C:\Users\pelan\Desktop\446_Project\dacapo-23.11-MR2-chopin\dat/avrora/interpreter/flags16.tst
Missing data file: C:\Users\pelan\Desktop\446_Project\dacapo-23.11-MR2-chopin\dat/avrora/interpreter/flags17.tst
Missing data file: C:\Users\pelan\Desktop\446_Project\dacapo-23.11-MR2-chopin\dat/avrora/interpreter/flags18.tst
Missing data file: C:\Users\pelan\Desktop\446_Project\dacapo-23.11-MR2-chopin\dat/avrora/interpreter/flags19.tst
Missing data file: C:\Users\pelan\Desktop\446_Project\dacapo-23.11-MR2-chopin\dat/avrora/interpreter/flags20.tst
Missing data file: C:\Users\pelan\Desktop\446_Project\dacapo-23.11-MR2-chopin\dat/avrora/interpreter/flags21.tst
Missing data file: C:\Users\pelan\Desktop\446_Project\dacapo-23.11-MR2-chopin\dat/avrora/interpreter/flags22.tst
Missing data file: C:\Users\pelan\Desktop\446_Project\dacapo-23.11-MR2-chopin\dat/avrora/interpreter/flags23.tst
Missing data file: C:\Users\pelan\Desktop\446_Project\dacapo-23.11-MR2-chopin\dat/avrora/interpreter/flags24.tst
Missing data file: C:\Users\pelan\Desktop\446_Project\dacapo-23.11-MR2-chopin\dat/avrora/interpreter/flags25.tst
Missing data file: C:\Users\pelan\Desktop\446_Project\dacapo-23.11-MR2-chopin\dat/avrora/interpreter/flags26.tst
Missing data file: C:\Users\pelan\Desktop\446_Project\dacapo-23.11-MR2-chopin\dat/avrora/interpreter/fmul01.tst
Missing data file: C:\Users\pelan\Desktop\446_Project\dacapo-23.11-MR2-chopin\dat/avrora/interpreter/fmul02.tst
Missing data file: C:\Users\pelan\Desktop\446_Project\dacapo-23.11-MR2-chopin\dat/avrora/interpreter/fmul03.tst
Missing data file: C:\Users\pelan\Desktop\446_Project\dacapo-23.11-MR2-chopin\dat/avrora/interpreter/fmul04.tst
Missing data file: C:\Users\pelan\Desktop\446_Project\dacapo-23.11-MR2-chopin\dat/avrora/interpreter/fmul05.tst
Missing data file: C:\Users\pelan\Desktop\446_Project\dacapo-23.11-MR2-chopin\dat/avrora/interpreter/fmuls01.tst
Missing data file: C:\Users\pelan\Desktop\446_Project\dacapo-23.11-MR2-chopin\dat/avrora/interpreter/fmuls02.tst
Missing data file: C:\Users\pelan\Desktop\446_Project\dacapo-23.11-MR2-chopin\dat/avrora/interpreter/fmuls03.tst
Missing data file: C:\Users\pelan\Desktop\446_Project\dacapo-23.11-MR2-chopin\dat/avrora/interpreter/fmuls04.tst
Missing data file: C:\Users\pelan\Desktop\446_Project\dacapo-23.11-MR2-chopin\dat/avrora/interpreter/fmuls05.tst
Missing data file: C:\Users\pelan\Desktop\446_Project\dacapo-23.11-MR2-chopin\dat/avrora/interpreter/fmulsu01.tst
Missing data file: C:\Users\pelan\Desktop\446_Project\dacapo-23.11-MR2-chopin\dat/avrora/interpreter/fmulsu02.tst
Missing data file: C:\Users\pelan\Desktop\446_Project\dacapo-23.11-MR2-chopin\dat/avrora/interpreter/fmulsu03.tst
Missing data file: C:\Users\pelan\Desktop\446_Project\dacapo-23.11-MR2-chopin\dat/avrora/interpreter/fmulsu04.tst
Missing data file: C:\Users\pelan\Desktop\446_Project\dacapo-23.11-MR2-chopin\dat/avrora/interpreter/fmulsu05.tst
Missing data file: C:\Users\pelan\Desktop\446_Project\dacapo-23.11-MR2-chopin\dat/avrora/interpreter/inc01.tst
Missing data file: C:\Users\pelan\Desktop\446_Project\dacapo-23.11-MR2-chopin\dat/avrora/interpreter/inc02.tst
Missing data file: C:\Users\pelan\Desktop\446_Project\dacapo-23.11-MR2-chopin\dat/avrora/interpreter/inc03.tst
Missing data file: C:\Users\pelan\Desktop\446_Project\dacapo-23.11-MR2-chopin\dat/avrora/interpreter/include01.inc
Missing data file: C:\Users\pelan\Desktop\446_Project\dacapo-23.11-MR2-chopin\dat/avrora/interpreter/include01.tst
Missing data file: C:\Users\pelan\Desktop\446_Project\dacapo-23.11-MR2-chopin\dat/avrora/interpreter/include02.tst
Missing data file: C:\Users\pelan\Desktop\446_Project\dacapo-23.11-MR2-chopin\dat/avrora/interpreter/include03.inc
Missing data file: C:\Users\pelan\Desktop\446_Project\dacapo-23.11-MR2-chopin\dat/avrora/interpreter/include03.tst
Missing data file: C:\Users\pelan\Desktop\446_Project\dacapo-23.11-MR2-chopin\dat/avrora/interpreter/instrseg01.tst
Missing data file: C:\Users\pelan\Desktop\446_Project\dacapo-23.11-MR2-chopin\dat/avrora/interpreter/instrseg02.tst
Missing data file: C:\Users\pelan\Desktop\446_Project\dacapo-23.11-MR2-chopin\dat/avrora/interpreter/ioreg01.tst
Missing data file: C:\Users\pelan\Desktop\446_Project\dacapo-23.11-MR2-chopin\dat/avrora/interpreter/ioreg02.tst
Missing data file: C:\Users\pelan\Desktop\446_Project\dacapo-23.11-MR2-chopin\dat/avrora/interpreter/ioreg03.tst
Missing data file: C:\Users\pelan\Desktop\446_Project\dacapo-23.11-MR2-chopin\dat/avrora/interpreter/ioreg04.tst
Missing data file: C:\Users\pelan\Desktop\446_Project\dacapo-23.11-MR2-chopin\dat/avrora/interpreter/ioreg05.tst
Missing data file: C:\Users\pelan\Desktop\446_Project\dacapo-23.11-MR2-chopin\dat/avrora/interpreter/jmp01.tst
Missing data file: C:\Users\pelan\Desktop\446_Project\dacapo-23.11-MR2-chopin\dat/avrora/interpreter/jmp02.tst
Missing data file: C:\Users\pelan\Desktop\446_Project\dacapo-23.11-MR2-chopin\dat/avrora/interpreter/jmp03.tst
Missing data file: C:\Users\pelan\Desktop\446_Project\dacapo-23.11-MR2-chopin\dat/avrora/interpreter/jmp04.tst
Missing data file: C:\Users\pelan\Desktop\446_Project\dacapo-23.11-MR2-chopin\dat/avrora/interpreter/jmp05.tst
Missing data file: C:\Users\pelan\Desktop\446_Project\dacapo-23.11-MR2-chopin\dat/avrora/interpreter/jmp06.tst
Missing data file: C:\Users\pelan\Desktop\446_Project\dacapo-23.11-MR2-chopin\dat/avrora/interpreter/ld01.tst
Missing data file: C:\Users\pelan\Desktop\446_Project\dacapo-23.11-MR2-chopin\dat/avrora/interpreter/ld05.tst
Missing data file: C:\Users\pelan\Desktop\446_Project\dacapo-23.11-MR2-chopin\dat/avrora/interpreter/ld06.tst
Missing data file: C:\Users\pelan\Desktop\446_Project\dacapo-23.11-MR2-chopin\dat/avrora/interpreter/ld07.tst
Missing data file: C:\Users\pelan\Desktop\446_Project\dacapo-23.11-MR2-chopin\dat/avrora/interpreter/ld08.tst
Missing data file: C:\Users\pelan\Desktop\446_Project\dacapo-23.11-MR2-chopin\dat/avrora/interpreter/ld09.tst
Missing data file: C:\Users\pelan\Desktop\446_Project\dacapo-23.11-MR2-chopin\dat/avrora/interpreter/ld10.tst
Missing data file: C:\Users\pelan\Desktop\446_Project\dacapo-23.11-MR2-chopin\dat/avrora/interpreter/ld11.tst
Missing data file: C:\Users\pelan\Desktop\446_Project\dacapo-23.11-MR2-chopin\dat/avrora/interpreter/ld12.tst
Missing data file: C:\Users\pelan\Desktop\446_Project\dacapo-23.11-MR2-chopin\dat/avrora/interpreter/ld13.tst
Missing data file: C:\Users\pelan\Desktop\446_Project\dacapo-23.11-MR2-chopin\dat/avrora/interpreter/lpm01.tst
Missing data file: C:\Users\pelan\Desktop\446_Project\dacapo-23.11-MR2-chopin\dat/avrora/interpreter/lpm02.tst
Missing data file: C:\Users\pelan\Desktop\446_Project\dacapo-23.11-MR2-chopin\dat/avrora/interpreter/lpm03.tst
Missing data file: C:\Users\pelan\Desktop\446_Project\dacapo-23.11-MR2-chopin\dat/avrora/interpreter/lsl01.tst
Missing data file: C:\Users\pelan\Desktop\446_Project\dacapo-23.11-MR2-chopin\dat/avrora/interpreter/lsl02.tst
Missing data file: C:\Users\pelan\Desktop\446_Project\dacapo-23.11-MR2-chopin\dat/avrora/interpreter/lsl03.tst
Missing data file: C:\Users\pelan\Desktop\446_Project\dacapo-23.11-MR2-chopin\dat/avrora/interpreter/lsr01.tst
Missing data file: C:\Users\pelan\Desktop\446_Project\dacapo-23.11-MR2-chopin\dat/avrora/interpreter/lsr02.tst
Missing data file: C:\Users\pelan\Desktop\446_Project\dacapo-23.11-MR2-chopin\dat/avrora/interpreter/lsr03.tst
Missing data file: C:\Users\pelan\Desktop\446_Project\dacapo-23.11-MR2-chopin\dat/avrora/interpreter/mov01.tst
Missing data file: C:\Users\pelan\Desktop\446_Project\dacapo-23.11-MR2-chopin\dat/avrora/interpreter/mov02.tst
Missing data file: C:\Users\pelan\Desktop\446_Project\dacapo-23.11-MR2-chopin\dat/avrora/interpreter/mov03.tst
Missing data file: C:\Users\pelan\Desktop\446_Project\dacapo-23.11-MR2-chopin\dat/avrora/interpreter/mul01.tst
Missing data file: C:\Users\pelan\Desktop\446_Project\dacapo-23.11-MR2-chopin\dat/avrora/interpreter/mul02.tst
Missing data file: C:\Users\pelan\Desktop\446_Project\dacapo-23.11-MR2-chopin\dat/avrora/interpreter/mul03.tst
Missing data file: C:\Users\pelan\Desktop\446_Project\dacapo-23.11-MR2-chopin\dat/avrora/interpreter/mul04.tst
Missing data file: C:\Users\pelan\Desktop\446_Project\dacapo-23.11-MR2-chopin\dat/avrora/interpreter/mul05.tst
Missing data file: C:\Users\pelan\Desktop\446_Project\dacapo-23.11-MR2-chopin\dat/avrora/interpreter/muls01.tst
Missing data file: C:\Users\pelan\Desktop\446_Project\dacapo-23.11-MR2-chopin\dat/avrora/interpreter/muls02.tst
Missing data file: C:\Users\pelan\Desktop\446_Project\dacapo-23.11-MR2-chopin\dat/avrora/interpreter/muls03.tst
Missing data file: C:\Users\pelan\Desktop\446_Project\dacapo-23.11-MR2-chopin\dat/avrora/interpreter/muls04.tst
Missing data file: C:\Users\pelan\Desktop\446_Project\dacapo-23.11-MR2-chopin\dat/avrora/interpreter/muls05.tst
Missing data file: C:\Users\pelan\Desktop\446_Project\dacapo-23.11-MR2-chopin\dat/avrora/interpreter/mulsu01.tst
Missing data file: C:\Users\pelan\Desktop\446_Project\dacapo-23.11-MR2-chopin\dat/avrora/interpreter/mulsu02.tst
Missing data file: C:\Users\pelan\Desktop\446_Project\dacapo-23.11-MR2-chopin\dat/avrora/interpreter/mulsu03.tst
Missing data file: C:\Users\pelan\Desktop\446_Project\dacapo-23.11-MR2-chopin\dat/avrora/interpreter/mulsu04.tst
Missing data file: C:\Users\pelan\Desktop\446_Project\dacapo-23.11-MR2-chopin\dat/avrora/interpreter/mulsu05.tst
Missing data file: C:\Users\pelan\Desktop\446_Project\dacapo-23.11-MR2-chopin\dat/avrora/interpreter/neg01.tst
Missing data file: C:\Users\pelan\Desktop\446_Project\dacapo-23.11-MR2-chopin\dat/avrora/interpreter/neg02.tst
Missing data file: C:\Users\pelan\Desktop\446_Project\dacapo-23.11-MR2-chopin\dat/avrora/interpreter/nottaken01.tst
Missing data file: C:\Users\pelan\Desktop\446_Project\dacapo-23.11-MR2-chopin\dat/avrora/interpreter/nottaken02.tst
Missing data file: C:\Users\pelan\Desktop\446_Project\dacapo-23.11-MR2-chopin\dat/avrora/interpreter/nottaken03.tst
Missing data file: C:\Users\pelan\Desktop\446_Project\dacapo-23.11-MR2-chopin\dat/avrora/interpreter/nottaken04.tst
Missing data file: C:\Users\pelan\Desktop\446_Project\dacapo-23.11-MR2-chopin\dat/avrora/interpreter/nottaken05.tst
Missing data file: C:\Users\pelan\Desktop\446_Project\dacapo-23.11-MR2-chopin\dat/avrora/interpreter/nottaken06.tst
Missing data file: C:\Users\pelan\Desktop\446_Project\dacapo-23.11-MR2-chopin\dat/avrora/interpreter/nottaken07.tst
Missing data file: C:\Users\pelan\Desktop\446_Project\dacapo-23.11-MR2-chopin\dat/avrora/interpreter/nottaken08.tst
Missing data file: C:\Users\pelan\Desktop\446_Project\dacapo-23.11-MR2-chopin\dat/avrora/interpreter/nottaken09.tst
Missing data file: C:\Users\pelan\Desktop\446_Project\dacapo-23.11-MR2-chopin\dat/avrora/interpreter/nottaken10.tst
Missing data file: C:\Users\pelan\Desktop\446_Project\dacapo-23.11-MR2-chopin\dat/avrora/interpreter/nottaken11.tst
Missing data file: C:\Users\pelan\Desktop\446_Project\dacapo-23.11-MR2-chopin\dat/avrora/interpreter/nottaken12.tst
Missing data file: C:\Users\pelan\Desktop\446_Project\dacapo-23.11-MR2-chopin\dat/avrora/interpreter/nottaken13.tst
Missing data file: C:\Users\pelan\Desktop\446_Project\dacapo-23.11-MR2-chopin\dat/avrora/interpreter/nottaken14.tst
Missing data file: C:\Users\pelan\Desktop\446_Project\dacapo-23.11-MR2-chopin\dat/avrora/interpreter/nottaken15.tst
Missing data file: C:\Users\pelan\Desktop\446_Project\dacapo-23.11-MR2-chopin\dat/avrora/interpreter/nottaken16.tst
Missing data file: C:\Users\pelan\Desktop\446_Project\dacapo-23.11-MR2-chopin\dat/avrora/interpreter/nottaken17.tst
Missing data file: C:\Users\pelan\Desktop\446_Project\dacapo-23.11-MR2-chopin\dat/avrora/interpreter/nottaken18.tst
Missing data file: C:\Users\pelan\Desktop\446_Project\dacapo-23.11-MR2-chopin\dat/avrora/interpreter/nottaken19.tst
Missing data file: C:\Users\pelan\Desktop\446_Project\dacapo-23.11-MR2-chopin\dat/avrora/interpreter/nottaken20.tst
Missing data file: C:\Users\pelan\Desktop\446_Project\dacapo-23.11-MR2-chopin\dat/avrora/interpreter/nottaken21.tst
Missing data file: C:\Users\pelan\Desktop\446_Project\dacapo-23.11-MR2-chopin\dat/avrora/interpreter/nottaken22.tst
Missing data file: C:\Users\pelan\Desktop\446_Project\dacapo-23.11-MR2-chopin\dat/avrora/interpreter/or01.tst
Missing data file: C:\Users\pelan\Desktop\446_Project\dacapo-23.11-MR2-chopin\dat/avrora/interpreter/or02.tst
Missing data file: C:\Users\pelan\Desktop\446_Project\dacapo-23.11-MR2-chopin\dat/avrora/interpreter/or03.tst
Missing data file: C:\Users\pelan\Desktop\446_Project\dacapo-23.11-MR2-chopin\dat/avrora/interpreter/ori01.tst
Missing data file: C:\Users\pelan\Desktop\446_Project\dacapo-23.11-MR2-chopin\dat/avrora/interpreter/ori02.tst
Missing data file: C:\Users\pelan\Desktop\446_Project\dacapo-23.11-MR2-chopin\dat/avrora/interpreter/ori03.tst
Missing data file: C:\Users\pelan\Desktop\446_Project\dacapo-23.11-MR2-chopin\dat/avrora/interpreter/rol01.tst
Missing data file: C:\Users\pelan\Desktop\446_Project\dacapo-23.11-MR2-chopin\dat/avrora/interpreter/rol02.tst
Missing data file: C:\Users\pelan\Desktop\446_Project\dacapo-23.11-MR2-chopin\dat/avrora/interpreter/rol03.tst
Missing data file: C:\Users\pelan\Desktop\446_Project\dacapo-23.11-MR2-chopin\dat/avrora/interpreter/rol04.tst
Missing data file: C:\Users\pelan\Desktop\446_Project\dacapo-23.11-MR2-chopin\dat/avrora/interpreter/rol05.tst
Missing data file: C:\Users\pelan\Desktop\446_Project\dacapo-23.11-MR2-chopin\dat/avrora/interpreter/rol06.tst
Missing data file: C:\Users\pelan\Desktop\446_Project\dacapo-23.11-MR2-chopin\dat/avrora/interpreter/ror01.tst
Missing data file: C:\Users\pelan\Desktop\446_Project\dacapo-23.11-MR2-chopin\dat/avrora/interpreter/ror02.tst
Missing data file: C:\Users\pelan\Desktop\446_Project\dacapo-23.11-MR2-chopin\dat/avrora/interpreter/ror03.tst
Missing data file: C:\Users\pelan\Desktop\446_Project\dacapo-23.11-MR2-chopin\dat/avrora/interpreter/ror04.tst
Missing data file: C:\Users\pelan\Desktop\446_Project\dacapo-23.11-MR2-chopin\dat/avrora/interpreter/ror05.tst
Missing data file: C:\Users\pelan\Desktop\446_Project\dacapo-23.11-MR2-chopin\dat/avrora/interpreter/ror06.tst
Missing data file: C:\Users\pelan\Desktop\446_Project\dacapo-23.11-MR2-chopin\dat/avrora/interpreter/sbc01.tst
Missing data file: C:\Users\pelan\Desktop\446_Project\dacapo-23.11-MR2-chopin\dat/avrora/interpreter/sbc02.tst
Missing data file: C:\Users\pelan\Desktop\446_Project\dacapo-23.11-MR2-chopin\dat/avrora/interpreter/sbc03.tst
Missing data file: C:\Users\pelan\Desktop\446_Project\dacapo-23.11-MR2-chopin\dat/avrora/interpreter/sbc04.tst
Missing data file: C:\Users\pelan\Desktop\446_Project\dacapo-23.11-MR2-chopin\dat/avrora/interpreter/sbc05.tst
Missing data file: C:\Users\pelan\Desktop\446_Project\dacapo-23.11-MR2-chopin\dat/avrora/interpreter/sbc06.tst
Missing data file: C:\Users\pelan\Desktop\446_Project\dacapo-23.11-MR2-chopin\dat/avrora/interpreter/sbc07.tst
Missing data file: C:\Users\pelan\Desktop\446_Project\dacapo-23.11-MR2-chopin\dat/avrora/interpreter/sbc08.tst
Missing data file: C:\Users\pelan\Desktop\446_Project\dacapo-23.11-MR2-chopin\dat/avrora/interpreter/sbc09.tst
Missing data file: C:\Users\pelan\Desktop\446_Project\dacapo-23.11-MR2-chopin\dat/avrora/interpreter/sbc10.tst
Missing data file: C:\Users\pelan\Desktop\446_Project\dacapo-23.11-MR2-chopin\dat/avrora/interpreter/sbc11.tst
Missing data file: C:\Users\pelan\Desktop\446_Project\dacapo-23.11-MR2-chopin\dat/avrora/interpreter/sbci01.tst
Missing data file: C:\Users\pelan\Desktop\446_Project\dacapo-23.11-MR2-chopin\dat/avrora/interpreter/sbci02.tst
Missing data file: C:\Users\pelan\Desktop\446_Project\dacapo-23.11-MR2-chopin\dat/avrora/interpreter/sbci03.tst
Missing data file: C:\Users\pelan\Desktop\446_Project\dacapo-23.11-MR2-chopin\dat/avrora/interpreter/sbci04.tst
Missing data file: C:\Users\pelan\Desktop\446_Project\dacapo-23.11-MR2-chopin\dat/avrora/interpreter/sbci05.tst
Missing data file: C:\Users\pelan\Desktop\446_Project\dacapo-23.11-MR2-chopin\dat/avrora/interpreter/sbci06.tst
Missing data file: C:\Users\pelan\Desktop\446_Project\dacapo-23.11-MR2-chopin\dat/avrora/interpreter/sbci07.tst
Missing data file: C:\Users\pelan\Desktop\446_Project\dacapo-23.11-MR2-chopin\dat/avrora/interpreter/sbci08.tst
Missing data file: C:\Users\pelan\Desktop\446_Project\dacapo-23.11-MR2-chopin\dat/avrora/interpreter/sbci09.tst
Missing data file: C:\Users\pelan\Desktop\446_Project\dacapo-23.11-MR2-chopin\dat/avrora/interpreter/sbci10.tst
Missing data file: C:\Users\pelan\Desktop\446_Project\dacapo-23.11-MR2-chopin\dat/avrora/interpreter/sbci11.tst
Missing data file: C:\Users\pelan\Desktop\446_Project\dacapo-23.11-MR2-chopin\dat/avrora/interpreter/sbr01.tst
Missing data file: C:\Users\pelan\Desktop\446_Project\dacapo-23.11-MR2-chopin\dat/avrora/interpreter/sbr02.tst
Missing data file: C:\Users\pelan\Desktop\446_Project\dacapo-23.11-MR2-chopin\dat/avrora/interpreter/sbr03.tst
Missing data file: C:\Users\pelan\Desktop\446_Project\dacapo-23.11-MR2-chopin\dat/avrora/interpreter/ser01.tst
Missing data file: C:\Users\pelan\Desktop\446_Project\dacapo-23.11-MR2-chopin\dat/avrora/interpreter/skip01.tst
Missing data file: C:\Users\pelan\Desktop\446_Project\dacapo-23.11-MR2-chopin\dat/avrora/interpreter/skip02.tst
Missing data file: C:\Users\pelan\Desktop\446_Project\dacapo-23.11-MR2-chopin\dat/avrora/interpreter/skip03.tst
Missing data file: C:\Users\pelan\Desktop\446_Project\dacapo-23.11-MR2-chopin\dat/avrora/interpreter/skip04.tst
Missing data file: C:\Users\pelan\Desktop\446_Project\dacapo-23.11-MR2-chopin\dat/avrora/interpreter/skip05.tst
Missing data file: C:\Users\pelan\Desktop\446_Project\dacapo-23.11-MR2-chopin\dat/avrora/interpreter/skip06.tst
Missing data file: C:\Users\pelan\Desktop\446_Project\dacapo-23.11-MR2-chopin\dat/avrora/interpreter/skip07.tst
Missing data file: C:\Users\pelan\Desktop\446_Project\dacapo-23.11-MR2-chopin\dat/avrora/interpreter/skip08.tst
Missing data file: C:\Users\pelan\Desktop\446_Project\dacapo-23.11-MR2-chopin\dat/avrora/interpreter/skip09.tst
Missing data file: C:\Users\pelan\Desktop\446_Project\dacapo-23.11-MR2-chopin\dat/avrora/interpreter/skip10.tst
Missing data file: C:\Users\pelan\Desktop\446_Project\dacapo-23.11-MR2-chopin\dat/avrora/interpreter/skip11.tst
Missing data file: C:\Users\pelan\Desktop\446_Project\dacapo-23.11-MR2-chopin\dat/avrora/interpreter/skip12.tst
Missing data file: C:\Users\pelan\Desktop\446_Project\dacapo-23.11-MR2-chopin\dat/avrora/interpreter/skip13.tst
Missing data file: C:\Users\pelan\Desktop\446_Project\dacapo-23.11-MR2-chopin\dat/avrora/interpreter/skip14.tst
Missing data file: C:\Users\pelan\Desktop\446_Project\dacapo-23.11-MR2-chopin\dat/avrora/interpreter/skip15.tst
Missing data file: C:\Users\pelan\Desktop\446_Project\dacapo-23.11-MR2-chopin\dat/avrora/interpreter/srel01.tst
Missing data file: C:\Users\pelan\Desktop\446_Project\dacapo-23.11-MR2-chopin\dat/avrora/interpreter/srel02.tst
Missing data file: C:\Users\pelan\Desktop\446_Project\dacapo-23.11-MR2-chopin\dat/avrora/interpreter/srel03.tst
Missing data file: C:\Users\pelan\Desktop\446_Project\dacapo-23.11-MR2-chopin\dat/avrora/interpreter/srel04.tst
Missing data file: C:\Users\pelan\Desktop\446_Project\dacapo-23.11-MR2-chopin\dat/avrora/interpreter/st01.tst
Missing data file: C:\Users\pelan\Desktop\446_Project\dacapo-23.11-MR2-chopin\dat/avrora/interpreter/st02.tst
Missing data file: C:\Users\pelan\Desktop\446_Project\dacapo-23.11-MR2-chopin\dat/avrora/interpreter/st03.tst
Missing data file: C:\Users\pelan\Desktop\446_Project\dacapo-23.11-MR2-chopin\dat/avrora/interpreter/st04.tst
Missing data file: C:\Users\pelan\Desktop\446_Project\dacapo-23.11-MR2-chopin\dat/avrora/interpreter/st05.tst
Missing data file: C:\Users\pelan\Desktop\446_Project\dacapo-23.11-MR2-chopin\dat/avrora/interpreter/st06.tst
Missing data file: C:\Users\pelan\Desktop\446_Project\dacapo-23.11-MR2-chopin\dat/avrora/interpreter/st07.tst
Missing data file: C:\Users\pelan\Desktop\446_Project\dacapo-23.11-MR2-chopin\dat/avrora/interpreter/st08.tst
Missing data file: C:\Users\pelan\Desktop\446_Project\dacapo-23.11-MR2-chopin\dat/avrora/interpreter/stack01.tst
Missing data file: C:\Users\pelan\Desktop\446_Project\dacapo-23.11-MR2-chopin\dat/avrora/interpreter/stack02.tst
Missing data file: C:\Users\pelan\Desktop\446_Project\dacapo-23.11-MR2-chopin\dat/avrora/interpreter/stack03.tst
Missing data file: C:\Users\pelan\Desktop\446_Project\dacapo-23.11-MR2-chopin\dat/avrora/interpreter/stack04.tst
Missing data file: C:\Users\pelan\Desktop\446_Project\dacapo-23.11-MR2-chopin\dat/avrora/interpreter/sub01.tst
Missing data file: C:\Users\pelan\Desktop\446_Project\dacapo-23.11-MR2-chopin\dat/avrora/interpreter/sub02.tst
Missing data file: C:\Users\pelan\Desktop\446_Project\dacapo-23.11-MR2-chopin\dat/avrora/interpreter/sub03.tst
Missing data file: C:\Users\pelan\Desktop\446_Project\dacapo-23.11-MR2-chopin\dat/avrora/interpreter/sub04.tst
Missing data file: C:\Users\pelan\Desktop\446_Project\dacapo-23.11-MR2-chopin\dat/avrora/interpreter/sub05.tst
Missing data file: C:\Users\pelan\Desktop\446_Project\dacapo-23.11-MR2-chopin\dat/avrora/interpreter/subi01.tst
Missing data file: C:\Users\pelan\Desktop\446_Project\dacapo-23.11-MR2-chopin\dat/avrora/interpreter/subi02.tst
Missing data file: C:\Users\pelan\Desktop\446_Project\dacapo-23.11-MR2-chopin\dat/avrora/interpreter/subi03.tst
Missing data file: C:\Users\pelan\Desktop\446_Project\dacapo-23.11-MR2-chopin\dat/avrora/interpreter/subi04.tst
Missing data file: C:\Users\pelan\Desktop\446_Project\dacapo-23.11-MR2-chopin\dat/avrora/interpreter/subi05.tst
Missing data file: C:\Users\pelan\Desktop\446_Project\dacapo-23.11-MR2-chopin\dat/avrora/interpreter/swap01.tst
Missing data file: C:\Users\pelan\Desktop\446_Project\dacapo-23.11-MR2-chopin\dat/avrora/interpreter/swap02.tst
Missing data file: C:\Users\pelan\Desktop\446_Project\dacapo-23.11-MR2-chopin\dat/avrora/interpreter/swap03.tst
Missing data file: C:\Users\pelan\Desktop\446_Project\dacapo-23.11-MR2-chopin\dat/avrora/interpreter/taken01.tst
Missing data file: C:\Users\pelan\Desktop\446_Project\dacapo-23.11-MR2-chopin\dat/avrora/interpreter/taken02.tst
Missing data file: C:\Users\pelan\Desktop\446_Project\dacapo-23.11-MR2-chopin\dat/avrora/interpreter/taken03.tst
Missing data file: C:\Users\pelan\Desktop\446_Project\dacapo-23.11-MR2-chopin\dat/avrora/interpreter/taken04.tst
Missing data file: C:\Users\pelan\Desktop\446_Project\dacapo-23.11-MR2-chopin\dat/avrora/interpreter/taken05.tst
Missing data file: C:\Users\pelan\Desktop\446_Project\dacapo-23.11-MR2-chopin\dat/avrora/interpreter/taken06.tst
Missing data file: C:\Users\pelan\Desktop\446_Project\dacapo-23.11-MR2-chopin\dat/avrora/interpreter/taken07.tst
Missing data file: C:\Users\pelan\Desktop\446_Project\dacapo-23.11-MR2-chopin\dat/avrora/interpreter/taken08.tst
Missing data file: C:\Users\pelan\Desktop\446_Project\dacapo-23.11-MR2-chopin\dat/avrora/interpreter/taken09.tst
Missing data file: C:\Users\pelan\Desktop\446_Project\dacapo-23.11-MR2-chopin\dat/avrora/interpreter/taken10.tst
Missing data file: C:\Users\pelan\Desktop\446_Project\dacapo-23.11-MR2-chopin\dat/avrora/interpreter/taken11.tst
Missing data file: C:\Users\pelan\Desktop\446_Project\dacapo-23.11-MR2-chopin\dat/avrora/interpreter/taken12.tst
Missing data file: C:\Users\pelan\Desktop\446_Project\dacapo-23.11-MR2-chopin\dat/avrora/interpreter/taken13.tst
Missing data file: C:\Users\pelan\Desktop\446_Project\dacapo-23.11-MR2-chopin\dat/avrora/interpreter/taken14.tst
Missing data file: C:\Users\pelan\Desktop\446_Project\dacapo-23.11-MR2-chopin\dat/avrora/interpreter/taken15.tst
Missing data file: C:\Users\pelan\Desktop\446_Project\dacapo-23.11-MR2-chopin\dat/avrora/interpreter/taken16.tst
Missing data file: C:\Users\pelan\Desktop\446_Project\dacapo-23.11-MR2-chopin\dat/avrora/interpreter/taken17.tst
Missing data file: C:\Users\pelan\Desktop\446_Project\dacapo-23.11-MR2-chopin\dat/avrora/interpreter/taken18.tst
Missing data file: C:\Users\pelan\Desktop\446_Project\dacapo-23.11-MR2-chopin\dat/avrora/interpreter/taken19.tst
Missing data file: C:\Users\pelan\Desktop\446_Project\dacapo-23.11-MR2-chopin\dat/avrora/interpreter/taken20.tst
Missing data file: C:\Users\pelan\Desktop\446_Project\dacapo-23.11-MR2-chopin\dat/avrora/interpreter/taken21.tst
Missing data file: C:\Users\pelan\Desktop\446_Project\dacapo-23.11-MR2-chopin\dat/avrora/interpreter/taken22.tst
Missing data file: C:\Users\pelan\Desktop\446_Project\dacapo-23.11-MR2-chopin\dat/avrora/interpreter/tst01.tst
Missing data file: C:\Users\pelan\Desktop\446_Project\dacapo-23.11-MR2-chopin\dat/avrora/interpreter/tst02.tst
Missing data file: C:\Users\pelan\Desktop\446_Project\dacapo-23.11-MR2-chopin\dat/avrora/interpreter/unreg01.tst
Missing data file: C:\Users\pelan\Desktop\446_Project\dacapo-23.11-MR2-chopin\dat/avrora/interpreter/unreg02.tst
Missing data file: C:\Users\pelan\Desktop\446_Project\dacapo-23.11-MR2-chopin\dat/avrora/interpreter/unreg03.tst
Missing data file: C:\Users\pelan\Desktop\446_Project\dacapo-23.11-MR2-chopin\dat/avrora/interpreter/unreg04.tst
Missing data file: C:\Users\pelan\Desktop\446_Project\dacapo-23.11-MR2-chopin\dat/avrora/interrupts/handlers.c
Missing data file: C:\Users\pelan\Desktop\446_Project\dacapo-23.11-MR2-chopin\dat/avrora/interrupts/handlers.od
Missing data file: C:\Users\pelan\Desktop\446_Project\dacapo-23.11-MR2-chopin\dat/avrora/interrupts/int01.tst
Missing data file: C:\Users\pelan\Desktop\446_Project\dacapo-23.11-MR2-chopin\dat/avrora/interrupts/interrupt-sched.txt
Missing data file: C:\Users\pelan\Desktop\446_Project\dacapo-23.11-MR2-chopin\dat/avrora/jintgen/arity_01.tst
Missing data file: C:\Users\pelan\Desktop\446_Project\dacapo-23.11-MR2-chopin\dat/avrora/jintgen/arity_02.tst
Missing data file: C:\Users\pelan\Desktop\446_Project\dacapo-23.11-MR2-chopin\dat/avrora/jintgen/arity_03.tst
Missing data file: C:\Users\pelan\Desktop\446_Project\dacapo-23.11-MR2-chopin\dat/avrora/jintgen/arity_04.tst
Missing data file: C:\Users\pelan\Desktop\446_Project\dacapo-23.11-MR2-chopin\dat/avrora/jintgen/arity_05.tst
Missing data file: C:\Users\pelan\Desktop\446_Project\dacapo-23.11-MR2-chopin\dat/avrora/jintgen/extra_op_01.tst
Missing data file: C:\Users\pelan\Desktop\446_Project\dacapo-23.11-MR2-chopin\dat/avrora/jintgen/extra_op_02.tst
Missing data file: C:\Users\pelan\Desktop\446_Project\dacapo-23.11-MR2-chopin\dat/avrora/jintgen/int_expect_01.tst
Missing data file: C:\Users\pelan\Desktop\446_Project\dacapo-23.11-MR2-chopin\dat/avrora/jintgen/int_expect_02.tst
Missing data file: C:\Users\pelan\Desktop\446_Project\dacapo-23.11-MR2-chopin\dat/avrora/jintgen/int_expect_03.tst
Missing data file: C:\Users\pelan\Desktop\446_Project\dacapo-23.11-MR2-chopin\dat/avrora/jintgen/int_expect_04.tst
Missing data file: C:\Users\pelan\Desktop\446_Project\dacapo-23.11-MR2-chopin\dat/avrora/jintgen/int_expect_05.tst
Missing data file: C:\Users\pelan\Desktop\446_Project\dacapo-23.11-MR2-chopin\dat/avrora/jintgen/int_expect_06.tst
Missing data file: C:\Users\pelan\Desktop\446_Project\dacapo-23.11-MR2-chopin\dat/avrora/jintgen/missing_op_01.tst
Missing data file: C:\Users\pelan\Desktop\446_Project\dacapo-23.11-MR2-chopin\dat/avrora/jintgen/missing_op_02.tst
Missing data file: C:\Users\pelan\Desktop\446_Project\dacapo-23.11-MR2-chopin\dat/avrora/jintgen/no_index_01.tst
Missing data file: C:\Users\pelan\Desktop\446_Project\dacapo-23.11-MR2-chopin\dat/avrora/jintgen/no_index_02.tst
Missing data file: C:\Users\pelan\Desktop\446_Project\dacapo-23.11-MR2-chopin\dat/avrora/jintgen/no_index_03.tst
Missing data file: C:\Users\pelan\Desktop\446_Project\dacapo-23.11-MR2-chopin\dat/avrora/jintgen/not_lvalue_01.tst
Missing data file: C:\Users\pelan\Desktop\446_Project\dacapo-23.11-MR2-chopin\dat/avrora/jintgen/not_lvalue_02.tst
Missing data file: C:\Users\pelan\Desktop\446_Project\dacapo-23.11-MR2-chopin\dat/avrora/jintgen/not_lvalue_03.tst
Missing data file: C:\Users\pelan\Desktop\446_Project\dacapo-23.11-MR2-chopin\dat/avrora/jintgen/not_lvalue_04.tst
Missing data file: C:\Users\pelan\Desktop\446_Project\dacapo-23.11-MR2-chopin\dat/avrora/jintgen/not_lvalue_05.tst
Missing data file: C:\Users\pelan\Desktop\446_Project\dacapo-23.11-MR2-chopin\dat/avrora/jintgen/not_lvalue_06.tst
Missing data file: C:\Users\pelan\Desktop\446_Project\dacapo-23.11-MR2-chopin\dat/avrora/jintgen/ot_expect_01.tst
Missing data file: C:\Users\pelan\Desktop\446_Project\dacapo-23.11-MR2-chopin\dat/avrora/jintgen/ot_expect_02.tst
Missing data file: C:\Users\pelan\Desktop\446_Project\dacapo-23.11-MR2-chopin\dat/avrora/jintgen/ot_expect_03.tst
Missing data file: C:\Users\pelan\Desktop\446_Project\dacapo-23.11-MR2-chopin\dat/avrora/jintgen/ot_expect_04.tst
Missing data file: C:\Users\pelan\Desktop\446_Project\dacapo-23.11-MR2-chopin\dat/avrora/jintgen/redef_am_01.tst
Missing data file: C:\Users\pelan\Desktop\446_Project\dacapo-23.11-MR2-chopin\dat/avrora/jintgen/redef_am_02.tst
Missing data file: C:\Users\pelan\Desktop\446_Project\dacapo-23.11-MR2-chopin\dat/avrora/jintgen/redef_amset_01.tst
Missing data file: C:\Users\pelan\Desktop\446_Project\dacapo-23.11-MR2-chopin\dat/avrora/jintgen/redef_amset_02.tst
Missing data file: C:\Users\pelan\Desktop\446_Project\dacapo-23.11-MR2-chopin\dat/avrora/jintgen/redef_enc_01.tst
Missing data file: C:\Users\pelan\Desktop\446_Project\dacapo-23.11-MR2-chopin\dat/avrora/jintgen/redef_enc_02.tst
Missing data file: C:\Users\pelan\Desktop\446_Project\dacapo-23.11-MR2-chopin\dat/avrora/jintgen/redef_enum_01.tst
Missing data file: C:\Users\pelan\Desktop\446_Project\dacapo-23.11-MR2-chopin\dat/avrora/jintgen/redef_enum_02.tst
Missing data file: C:\Users\pelan\Desktop\446_Project\dacapo-23.11-MR2-chopin\dat/avrora/jintgen/redef_enum_03.tst
Missing data file: C:\Users\pelan\Desktop\446_Project\dacapo-23.11-MR2-chopin\dat/avrora/jintgen/redef_inst_01.tst
Missing data file: C:\Users\pelan\Desktop\446_Project\dacapo-23.11-MR2-chopin\dat/avrora/jintgen/redef_inst_02.tst
Missing data file: C:\Users\pelan\Desktop\446_Project\dacapo-23.11-MR2-chopin\dat/avrora/jintgen/redef_local_01.tst
Missing data file: C:\Users\pelan\Desktop\446_Project\dacapo-23.11-MR2-chopin\dat/avrora/jintgen/redef_local_02.tst
Missing data file: C:\Users\pelan\Desktop\446_Project\dacapo-23.11-MR2-chopin\dat/avrora/jintgen/redef_local_03.tst
Missing data file: C:\Users\pelan\Desktop\446_Project\dacapo-23.11-MR2-chopin\dat/avrora/jintgen/redef_local_04.tst
Missing data file: C:\Users\pelan\Desktop\446_Project\dacapo-23.11-MR2-chopin\dat/avrora/jintgen/redef_op_01.tst
Missing data file: C:\Users\pelan\Desktop\446_Project\dacapo-23.11-MR2-chopin\dat/avrora/jintgen/redef_op_02.tst
Missing data file: C:\Users\pelan\Desktop\446_Project\dacapo-23.11-MR2-chopin\dat/avrora/jintgen/redef_ot_01.tst
Missing data file: C:\Users\pelan\Desktop\446_Project\dacapo-23.11-MR2-chopin\dat/avrora/jintgen/redef_ot_02.tst
Missing data file: C:\Users\pelan\Desktop\446_Project\dacapo-23.11-MR2-chopin\dat/avrora/jintgen/redef_sub_01.tst
Missing data file: C:\Users\pelan\Desktop\446_Project\dacapo-23.11-MR2-chopin\dat/avrora/jintgen/redef_sub_02.tst
Missing data file: C:\Users\pelan\Desktop\446_Project\dacapo-23.11-MR2-chopin\dat/avrora/jintgen/redef_user_01.tst
Missing data file: C:\Users\pelan\Desktop\446_Project\dacapo-23.11-MR2-chopin\dat/avrora/jintgen/redef_user_02.tst
Missing data file: C:\Users\pelan\Desktop\446_Project\dacapo-23.11-MR2-chopin\dat/avrora/jintgen/ret_insub_01.tst
Missing data file: C:\Users\pelan\Desktop\446_Project\dacapo-23.11-MR2-chopin\dat/avrora/jintgen/ret_insub_02.tst
Missing data file: C:\Users\pelan\Desktop\446_Project\dacapo-23.11-MR2-chopin\dat/avrora/jintgen/type_error_01.tst
Missing data file: C:\Users\pelan\Desktop\446_Project\dacapo-23.11-MR2-chopin\dat/avrora/jintgen/unr_am_01.tst
Missing data file: C:\Users\pelan\Desktop\446_Project\dacapo-23.11-MR2-chopin\dat/avrora/jintgen/unr_am_02.tst
Missing data file: C:\Users\pelan\Desktop\446_Project\dacapo-23.11-MR2-chopin\dat/avrora/jintgen/unr_am_03.tst
Missing data file: C:\Users\pelan\Desktop\446_Project\dacapo-23.11-MR2-chopin\dat/avrora/jintgen/unr_am_04.tst
Missing data file: C:\Users\pelan\Desktop\446_Project\dacapo-23.11-MR2-chopin\dat/avrora/jintgen/unr_enum_01.tst
Missing data file: C:\Users\pelan\Desktop\446_Project\dacapo-23.11-MR2-chopin\dat/avrora/jintgen/unr_enum_02.tst
Missing data file: C:\Users\pelan\Desktop\446_Project\dacapo-23.11-MR2-chopin\dat/avrora/jintgen/unr_format_01.tst
Missing data file: C:\Users\pelan\Desktop\446_Project\dacapo-23.11-MR2-chopin\dat/avrora/jintgen/unr_format_02.tst
Missing data file: C:\Users\pelan\Desktop\446_Project\dacapo-23.11-MR2-chopin\dat/avrora/jintgen/unr_format_03.tst
Missing data file: C:\Users\pelan\Desktop\446_Project\dacapo-23.11-MR2-chopin\dat/avrora/jintgen/unr_format_04.tst
Missing data file: C:\Users\pelan\Desktop\446_Project\dacapo-23.11-MR2-chopin\dat/avrora/jintgen/unr_oper_01.tst
Missing data file: C:\Users\pelan\Desktop\446_Project\dacapo-23.11-MR2-chopin\dat/avrora/jintgen/unr_oper_02.tst
Missing data file: C:\Users\pelan\Desktop\446_Project\dacapo-23.11-MR2-chopin\dat/avrora/jintgen/unr_oper_03.tst
Missing data file: C:\Users\pelan\Desktop\446_Project\dacapo-23.11-MR2-chopin\dat/avrora/jintgen/unr_oper_04.tst
Missing data file: C:\Users\pelan\Desktop\446_Project\dacapo-23.11-MR2-chopin\dat/avrora/jintgen/unr_oper_05.tst
Missing data file: C:\Users\pelan\Desktop\446_Project\dacapo-23.11-MR2-chopin\dat/avrora/jintgen/unr_oper_06.tst
Missing data file: C:\Users\pelan\Desktop\446_Project\dacapo-23.11-MR2-chopin\dat/avrora/jintgen/unr_oper_07.tst
Missing data file: C:\Users\pelan\Desktop\446_Project\dacapo-23.11-MR2-chopin\dat/avrora/jintgen/unr_oper_08.tst
Missing data file: C:\Users\pelan\Desktop\446_Project\dacapo-23.11-MR2-chopin\dat/avrora/jintgen/unr_oper_09.tst
Missing data file: C:\Users\pelan\Desktop\446_Project\dacapo-23.11-MR2-chopin\dat/avrora/jintgen/unr_oper_10.tst
Missing data file: C:\Users\pelan\Desktop\446_Project\dacapo-23.11-MR2-chopin\dat/avrora/jintgen/unr_oper_11.tst
Missing data file: C:\Users\pelan\Desktop\446_Project\dacapo-23.11-MR2-chopin\dat/avrora/jintgen/unr_oper_12.tst
Missing data file: C:\Users\pelan\Desktop\446_Project\dacapo-23.11-MR2-chopin\dat/avrora/jintgen/unr_oper_13.tst
Missing data file: C:\Users\pelan\Desktop\446_Project\dacapo-23.11-MR2-chopin\dat/avrora/jintgen/unr_oper_14.tst
Missing data file: C:\Users\pelan\Desktop\446_Project\dacapo-23.11-MR2-chopin\dat/avrora/jintgen/unr_oper_15.tst
Missing data file: C:\Users\pelan\Desktop\446_Project\dacapo-23.11-MR2-chopin\dat/avrora/jintgen/unr_oper_16.tst
Missing data file: C:\Users\pelan\Desktop\446_Project\dacapo-23.11-MR2-chopin\dat/avrora/jintgen/unr_oper_17.tst
Missing data file: C:\Users\pelan\Desktop\446_Project\dacapo-23.11-MR2-chopin\dat/avrora/jintgen/unr_oper_18.tst
Missing data file: C:\Users\pelan\Desktop\446_Project\dacapo-23.11-MR2-chopin\dat/avrora/jintgen/unr_oper_19.tst
Missing data file: C:\Users\pelan\Desktop\446_Project\dacapo-23.11-MR2-chopin\dat/avrora/jintgen/unr_oper_20.tst
Missing data file: C:\Users\pelan\Desktop\446_Project\dacapo-23.11-MR2-chopin\dat/avrora/jintgen/unr_oper_21.tst
Missing data file: C:\Users\pelan\Desktop\446_Project\dacapo-23.11-MR2-chopin\dat/avrora/jintgen/unr_oper_22.tst
Missing data file: C:\Users\pelan\Desktop\446_Project\dacapo-23.11-MR2-chopin\dat/avrora/jintgen/unr_oper_23.tst
Missing data file: C:\Users\pelan\Desktop\446_Project\dacapo-23.11-MR2-chopin\dat/avrora/jintgen/unr_ot_01.tst
Missing data file: C:\Users\pelan\Desktop\446_Project\dacapo-23.11-MR2-chopin\dat/avrora/jintgen/unr_ot_02.tst
Missing data file: C:\Users\pelan\Desktop\446_Project\dacapo-23.11-MR2-chopin\dat/avrora/jintgen/unr_ot_03.tst
Missing data file: C:\Users\pelan\Desktop\446_Project\dacapo-23.11-MR2-chopin\dat/avrora/jintgen/unr_ot_04.tst
Missing data file: C:\Users\pelan\Desktop\446_Project\dacapo-23.11-MR2-chopin\dat/avrora/jintgen/unr_ot_05.tst
Missing data file: C:\Users\pelan\Desktop\446_Project\dacapo-23.11-MR2-chopin\dat/avrora/jintgen/unr_ot_06.tst
Missing data file: C:\Users\pelan\Desktop\446_Project\dacapo-23.11-MR2-chopin\dat/avrora/jintgen/unr_sub_01.tst
Missing data file: C:\Users\pelan\Desktop\446_Project\dacapo-23.11-MR2-chopin\dat/avrora/jintgen/unr_sub_02.tst
Missing data file: C:\Users\pelan\Desktop\446_Project\dacapo-23.11-MR2-chopin\dat/avrora/jintgen/unr_sub_03.tst
Missing data file: C:\Users\pelan\Desktop\446_Project\dacapo-23.11-MR2-chopin\dat/avrora/jintgen/unr_sub_04.tst
Missing data file: C:\Users\pelan\Desktop\446_Project\dacapo-23.11-MR2-chopin\dat/avrora/jintgen/unr_type_01.tst
Missing data file: C:\Users\pelan\Desktop\446_Project\dacapo-23.11-MR2-chopin\dat/avrora/jintgen/unr_type_02.tst
Missing data file: C:\Users\pelan\Desktop\446_Project\dacapo-23.11-MR2-chopin\dat/avrora/jintgen/unr_type_03.tst
Missing data file: C:\Users\pelan\Desktop\446_Project\dacapo-23.11-MR2-chopin\dat/avrora/jintgen/unr_type_04.tst
Missing data file: C:\Users\pelan\Desktop\446_Project\dacapo-23.11-MR2-chopin\dat/avrora/jintgen/unr_type_05.tst
Missing data file: C:\Users\pelan\Desktop\446_Project\dacapo-23.11-MR2-chopin\dat/avrora/jintgen/unr_type_06.tst
Missing data file: C:\Users\pelan\Desktop\446_Project\dacapo-23.11-MR2-chopin\dat/avrora/jintgen/unr_type_07.tst
Missing data file: C:\Users\pelan\Desktop\446_Project\dacapo-23.11-MR2-chopin\dat/avrora/jintgen/unr_type_08.tst
Missing data file: C:\Users\pelan\Desktop\446_Project\dacapo-23.11-MR2-chopin\dat/avrora/jintgen/unr_type_09.tst
Missing data file: C:\Users\pelan\Desktop\446_Project\dacapo-23.11-MR2-chopin\dat/avrora/jintgen/unr_type_10.tst
Missing data file: C:\Users\pelan\Desktop\446_Project\dacapo-23.11-MR2-chopin\dat/avrora/jintgen/unr_type_11.tst
Missing data file: C:\Users\pelan\Desktop\446_Project\dacapo-23.11-MR2-chopin\dat/avrora/jintgen/unr_var_01.tst
Missing data file: C:\Users\pelan\Desktop\446_Project\dacapo-23.11-MR2-chopin\dat/avrora/jintgen/unr_var_02.tst
Missing data file: C:\Users\pelan\Desktop\446_Project\dacapo-23.11-MR2-chopin\dat/avrora/jintgen/unr_var_03.tst
Missing data file: C:\Users\pelan\Desktop\446_Project\dacapo-23.11-MR2-chopin\dat/avrora/jintgen/unr_var_04.tst
Missing data file: C:\Users\pelan\Desktop\446_Project\dacapo-23.11-MR2-chopin\dat/avrora/jintgen/unr_var_05.tst
Missing data file: C:\Users\pelan\Desktop\446_Project\dacapo-23.11-MR2-chopin\dat/avrora/jintgen/unr_var_06.tst
Missing data file: C:\Users\pelan\Desktop\446_Project\dacapo-23.11-MR2-chopin\dat/avrora/jintgen/unr_var_07.tst
Missing data file: C:\Users\pelan\Desktop\446_Project\dacapo-23.11-MR2-chopin\dat/avrora/jintgen/unr_var_08.tst
Missing data file: C:\Users\pelan\Desktop\446_Project\dacapo-23.11-MR2-chopin\dat/avrora/jintgen/unr_var_09.tst
Missing data file: C:\Users\pelan\Desktop\446_Project\dacapo-23.11-MR2-chopin\dat/avrora/jintgen/unr_var_10.tst
Missing data file: C:\Users\pelan\Desktop\446_Project\dacapo-23.11-MR2-chopin\dat/avrora/jintgen/value_expect_04.tst
Missing data file: C:\Users\pelan\Desktop\446_Project\dacapo-23.11-MR2-chopin\dat/avrora/probes/array.asm
Missing data file: C:\Users\pelan\Desktop\446_Project\dacapo-23.11-MR2-chopin\dat/avrora/probes/probe1.tst
Missing data file: C:\Users\pelan\Desktop\446_Project\dacapo-23.11-MR2-chopin\dat/avrora/probes/probe2.tst
Missing data file: C:\Users\pelan\Desktop\446_Project\dacapo-23.11-MR2-chopin\dat/avrora/probes/probe3.tst
Missing data file: C:\Users\pelan\Desktop\446_Project\dacapo-23.11-MR2-chopin\dat/avrora/probes/probe4.tst
Missing data file: C:\Users\pelan\Desktop\446_Project\dacapo-23.11-MR2-chopin\dat/avrora/probes/simple.asm
Missing data file: C:\Users\pelan\Desktop\446_Project\dacapo-23.11-MR2-chopin\dat/avrora/probes/watch1.tst
Missing data file: C:\Users\pelan\Desktop\446_Project\dacapo-23.11-MR2-chopin\dat/avrora/probes/watch2.tst
Missing data file: C:\Users\pelan\Desktop\446_Project\dacapo-23.11-MR2-chopin\dat/avrora/probes/watch3.tst
Missing data file: C:\Users\pelan\Desktop\446_Project\dacapo-23.11-MR2-chopin\dat/avrora/probes/watch4.tst
Missing data file: C:\Users\pelan\Desktop\446_Project\dacapo-23.11-MR2-chopin\dat/avrora/probes/watch5.tst
Missing data file: C:\Users\pelan\Desktop\446_Project\dacapo-23.11-MR2-chopin\dat/avrora/probes/watch6.tst
Missing data file: C:\Users\pelan\Desktop\446_Project\dacapo-23.11-MR2-chopin\dat/avrora/probes/watch7.tst
Missing data file: C:\Users\pelan\Desktop\446_Project\dacapo-23.11-MR2-chopin\dat/avrora/probes/watch8.tst
Missing data file: C:\Users\pelan\Desktop\446_Project\dacapo-23.11-MR2-chopin\dat/avrora/stack/call01.asm
Missing data file: C:\Users\pelan\Desktop\446_Project\dacapo-23.11-MR2-chopin\dat/avrora/stack/infinite01.asm
Missing data file: C:\Users\pelan\Desktop\446_Project\dacapo-23.11-MR2-chopin\dat/avrora/stack/int01.asm
Missing data file: C:\Users\pelan\Desktop\446_Project\dacapo-23.11-MR2-chopin\dat/avrora/stack/loop01.asm
Missing data file: C:\Users\pelan\Desktop\446_Project\dacapo-23.11-MR2-chopin\dat/avrora/stack/nsquared.c
Missing data file: C:\Users\pelan\Desktop\446_Project\dacapo-23.11-MR2-chopin\dat/avrora/timers/test_timer0_01.tst
Missing data file: C:\Users\pelan\Desktop\446_Project\dacapo-23.11-MR2-chopin\dat/avrora/timers/test_timer1_01.tst
Missing data file: C:\Users\pelan\Desktop\446_Project\dacapo-23.11-MR2-chopin\dat/avrora/timers/test_timer2_01.tst
Missing data file: C:\Users\pelan\Desktop\446_Project\dacapo-23.11-MR2-chopin\dat/avrora/timers/test_timer3_01.tst
Missing data file: C:\Users\pelan\Desktop\446_Project\dacapo-23.11-MR2-chopin\dat/avrora/tinyos/Blink.elf
Missing data file: C:\Users\pelan\Desktop\446_Project\dacapo-23.11-MR2-chopin\dat/avrora/tinyos/BlinkTask.elf
Missing data file: C:\Users\pelan\Desktop\446_Project\dacapo-23.11-MR2-chopin\dat/avrora/tinyos/Blink_mica2.elf
Missing data file: C:\Users\pelan\Desktop\446_Project\dacapo-23.11-MR2-chopin\dat/avrora/tinyos/Blink_micaz.elf
Missing data file: C:\Users\pelan\Desktop\446_Project\dacapo-23.11-MR2-chopin\dat/avrora/tinyos/CntToLeds.elf
Missing data file: C:\Users\pelan\Desktop\446_Project\dacapo-23.11-MR2-chopin\dat/avrora/tinyos/CntToLedsAndRfm.elf
Missing data file: C:\Users\pelan\Desktop\446_Project\dacapo-23.11-MR2-chopin\dat/avrora/tinyos/CntToRfm.elf
Missing data file: C:\Users\pelan\Desktop\446_Project\dacapo-23.11-MR2-chopin\dat/avrora/tinyos/GenericBase.elf
Missing data file: C:\Users\pelan\Desktop\446_Project\dacapo-23.11-MR2-chopin\dat/avrora/tinyos/HighFrequencySampling.elf
Missing data file: C:\Users\pelan\Desktop\446_Project\dacapo-23.11-MR2-chopin\dat/avrora/tinyos/Ident.elf
Missing data file: C:\Users\pelan\Desktop\446_Project\dacapo-23.11-MR2-chopin\dat/avrora/tinyos/MicaHWVerify.elf
Missing data file: C:\Users\pelan\Desktop\446_Project\dacapo-23.11-MR2-chopin\dat/avrora/tinyos/Oscilloscope.elf
Missing data file: C:\Users\pelan\Desktop\446_Project\dacapo-23.11-MR2-chopin\dat/avrora/tinyos/OscilloscopeRF.elf
Missing data file: C:\Users\pelan\Desktop\446_Project\dacapo-23.11-MR2-chopin\dat/avrora/tinyos/RadioSenseToLeds_mica2.elf
Missing data file: C:\Users\pelan\Desktop\446_Project\dacapo-23.11-MR2-chopin\dat/avrora/tinyos/RadioSenseToLeds_micaz.elf
Missing data file: C:\Users\pelan\Desktop\446_Project\dacapo-23.11-MR2-chopin\dat/avrora/tinyos/RfmToLeds.elf
Missing data file: C:\Users\pelan\Desktop\446_Project\dacapo-23.11-MR2-chopin\dat/avrora/tinyos/SecureTOSBase.elf
Missing data file: C:\Users\pelan\Desktop\446_Project\dacapo-23.11-MR2-chopin\dat/avrora/tinyos/Sense.elf
Missing data file: C:\Users\pelan\Desktop\446_Project\dacapo-23.11-MR2-chopin\dat/avrora/tinyos/SenseLightToLog.elf
Missing data file: C:\Users\pelan\Desktop\446_Project\dacapo-23.11-MR2-chopin\dat/avrora/tinyos/SenseTask.elf
Missing data file: C:\Users\pelan\Desktop\446_Project\dacapo-23.11-MR2-chopin\dat/avrora/tinyos/SenseToLeds.elf
Missing data file: C:\Users\pelan\Desktop\446_Project\dacapo-23.11-MR2-chopin\dat/avrora/tinyos/SenseToRfm.elf
Missing data file: C:\Users\pelan\Desktop\446_Project\dacapo-23.11-MR2-chopin\dat/avrora/tinyos/SimpleCmd.elf
Missing data file: C:\Users\pelan\Desktop\446_Project\dacapo-23.11-MR2-chopin\dat/avrora/tinyos/Surge.elf
Missing data file: C:\Users\pelan\Desktop\446_Project\dacapo-23.11-MR2-chopin\dat/avrora/tinyos/TOSBase.elf
Missing data file: C:\Users\pelan\Desktop\446_Project\dacapo-23.11-MR2-chopin\dat/avrora/tinyos/TestSnooze.elf
Missing data file: C:\Users\pelan\Desktop\446_Project\dacapo-23.11-MR2-chopin\dat/avrora/tinyos/TestTinyAlloc.elf
Missing data file: C:\Users\pelan\Desktop\446_Project\dacapo-23.11-MR2-chopin\dat/avrora/tinyos/TestTinySec.elf
Missing data file: C:\Users\pelan\Desktop\446_Project\dacapo-23.11-MR2-chopin\dat/avrora/tinyos/TestTinyViz.elf
Missing data file: C:\Users\pelan\Desktop\446_Project\dacapo-23.11-MR2-chopin\dat/avrora/tinyos/TestUart.elf
Missing data file: C:\Users\pelan\Desktop\446_Project\dacapo-23.11-MR2-chopin\dat/avrora/tinyos/TransparentBase.elf
Missing data file: C:\Users\pelan\Desktop\446_Project\dacapo-23.11-MR2-chopin\dat/avrora/tinyos/XnpCount.elf
Missing data file: C:\Users\pelan\Desktop\446_Project\dacapo-23.11-MR2-chopin\dat/avrora/tinyos/XnpOscopeRF.elf
Missing data file: C:\Users\pelan\Desktop\446_Project\dacapo-23.11-MR2-chopin\dat/avrora/tinyos/XnpRfmToLeds.elf
Missing data file: C:\Users\pelan\Desktop\446_Project\dacapo-23.11-MR2-chopin\dat/avrora/topology/grid3x3.top
Missing data file: C:\Users\pelan\Desktop\446_Project\dacapo-23.11-MR2-chopin\dat/avrora/topology/grid4x4.top
Missing data file: C:\Users\pelan\Desktop\446_Project\dacapo-23.11-MR2-chopin\dat/avrora/topology/line.top
Missing data file: C:\Users\pelan\Desktop\446_Project\dacapo-23.11-MR2-chopin\dat/avrora/topology/line12.top
Missing data file: C:\Users\pelan\Desktop\446_Project\dacapo-23.11-MR2-chopin\dat/avrora/topology/line8.top
Missing data file: C:\Users\pelan\Desktop\446_Project\dacapo-23.11-MR2-chopin\dat/avrora/topology/sample.top
Missing data file: C:\Users\pelan\Desktop\446_Project\dacapo-23.11-MR2-chopin\jar/avrora/avrora-cvs-20131011.jar
