[2025-05-20T18:28:53.767+0300][12608][6780][info][gc,init] CardTable entry size: 512
[2025-05-20T18:28:53.767+0300][12608][6780][info][gc     ] Using G1
[2025-05-20T18:28:53.796+0300][12608][6780][info][gc,init] Version: 21.0.7+6-LTS (release)
[2025-05-20T18:28:53.796+0300][12608][6780][info][gc,init] CPUs: 8 total, 8 available
[2025-05-20T18:28:53.796+0300][12608][6780][info][gc,init] Memory: 16222M
[2025-05-20T18:28:53.796+0300][12608][6780][info][gc,init] Large Page Support: Disabled
[2025-05-20T18:28:53.796+0300][12608][6780][info][gc,init] NUMA Support: Disabled
[2025-05-20T18:28:53.796+0300][12608][6780][info][gc,init] Compressed Oops: Enabled (Zero based)
[2025-05-20T18:28:53.796+0300][12608][6780][info][gc,init] Heap Region Size: 2M
[2025-05-20T18:28:53.797+0300][12608][6780][info][gc,init] Heap Min Capacity: 4G
[2025-05-20T18:28:53.797+0300][12608][6780][info][gc,init] Heap Initial Capacity: 4G
[2025-05-20T18:28:53.797+0300][12608][6780][info][gc,init] Heap Max Capacity: 4G
[2025-05-20T18:28:53.797+0300][12608][6780][info][gc,init] Pre-touch: Disabled
[2025-05-20T18:28:53.797+0300][12608][6780][info][gc,init] Parallel Workers: 8
[2025-05-20T18:28:53.797+0300][12608][6780][info][gc,init] Concurrent Workers: 2
[2025-05-20T18:28:53.797+0300][12608][6780][info][gc,init] Concurrent Refinement Workers: 8
[2025-05-20T18:28:53.797+0300][12608][6780][info][gc,init] Periodic GC: Disabled
[2025-05-20T18:28:53.807+0300][12608][6780][info][gc,metaspace] CDS archive(s) mapped at: [0x000001ac80000000-0x000001ac80c80000-0x000001ac80c80000), size 13107200, SharedBaseAddress: 0x000001ac80000000, ArchiveRelocationMode: 1.
[2025-05-20T18:28:53.808+0300][12608][6780][info][gc,metaspace] Compressed class space mapped at: 0x000001ac81000000-0x000001acc1000000, reserved size: 1073741824
[2025-05-20T18:28:53.808+0300][12608][6780][info][gc,metaspace] Narrow klass base: 0x000001ac80000000, Narrow klass shift: 0, Narrow klass range: 0x100000000
[2025-05-20T18:29:20.084+0300][12608][19304][info][gc,start    ] GC(0) Pause Full (System.gc())
[2025-05-20T18:29:20.085+0300][12608][19304][info][gc,task     ] GC(0) Using 8 workers of 8 for full compaction
[2025-05-20T18:29:20.086+0300][12608][19304][info][gc,phases,start] GC(0) Phase 1: Mark live objects
[2025-05-20T18:29:20.091+0300][12608][19304][info][gc,phases      ] GC(0) Phase 1: Mark live objects 5.138ms
[2025-05-20T18:29:20.091+0300][12608][19304][info][gc,phases,start] GC(0) Phase 2: Prepare compaction
[2025-05-20T18:29:20.092+0300][12608][19304][info][gc,phases      ] GC(0) Phase 2: Prepare compaction 0.992ms
[2025-05-20T18:29:20.092+0300][12608][19304][info][gc,phases,start] GC(0) Phase 3: Adjust pointers
[2025-05-20T18:29:20.093+0300][12608][19304][info][gc,phases      ] GC(0) Phase 3: Adjust pointers 1.240ms
[2025-05-20T18:29:20.093+0300][12608][19304][info][gc,phases,start] GC(0) Phase 4: Compact heap
[2025-05-20T18:29:20.096+0300][12608][19304][info][gc,phases      ] GC(0) Phase 4: Compact heap 2.709ms
[2025-05-20T18:29:20.096+0300][12608][19304][info][gc,phases,start] GC(0) Phase 5: Reset Metadata
[2025-05-20T18:29:20.097+0300][12608][19304][info][gc,phases      ] GC(0) Phase 5: Reset Metadata 1.289ms
[2025-05-20T18:29:20.141+0300][12608][19304][info][gc,heap        ] GC(0) Eden regions: 78->0(102)
[2025-05-20T18:29:20.141+0300][12608][19304][info][gc,heap        ] GC(0) Survivor regions: 0->0(0)
[2025-05-20T18:29:20.141+0300][12608][19304][info][gc,heap        ] GC(0) Old regions: 0->8
[2025-05-20T18:29:20.141+0300][12608][19304][info][gc,heap        ] GC(0) Humongous regions: 0->0
[2025-05-20T18:29:20.141+0300][12608][19304][info][gc,metaspace   ] GC(0) Metaspace: 2966K(3200K)->2966K(3200K) NonClass: 2694K(2816K)->2694K(2816K) Class: 271K(384K)->271K(384K)
[2025-05-20T18:29:20.141+0300][12608][19304][info][gc             ] GC(0) Pause Full (System.gc()) 155M->3M(4096M) 57.446ms
[2025-05-20T18:29:20.141+0300][12608][19304][info][gc,cpu         ] GC(0) User=0.16s Sys=0.09s Real=0.06s
[2025-05-20T18:29:22.023+0300][12608][19304][info][gc,start       ] GC(1) Pause Young (Normal) (G1 Evacuation Pause)
[2025-05-20T18:29:22.023+0300][12608][19304][info][gc,task        ] GC(1) Using 8 workers of 8 for evacuation
[2025-05-20T18:29:22.031+0300][12608][19304][info][gc,phases      ] GC(1)   Pre Evacuate Collection Set: 0.7ms
[2025-05-20T18:29:22.031+0300][12608][19304][info][gc,phases      ] GC(1)   Merge Heap Roots: 0.9ms
[2025-05-20T18:29:22.031+0300][12608][19304][info][gc,phases      ] GC(1)   Evacuate Collection Set: 5.7ms
[2025-05-20T18:29:22.031+0300][12608][19304][info][gc,phases      ] GC(1)   Post Evacuate Collection Set: 0.7ms
[2025-05-20T18:29:22.031+0300][12608][19304][info][gc,phases      ] GC(1)   Other: 0.6ms
[2025-05-20T18:29:22.031+0300][12608][19304][info][gc,heap        ] GC(1) Eden regions: 102->0(153)
[2025-05-20T18:29:22.032+0300][12608][19304][info][gc,heap        ] GC(1) Survivor regions: 0->1(13)
[2025-05-20T18:29:22.032+0300][12608][19304][info][gc,heap        ] GC(1) Old regions: 8->8
[2025-05-20T18:29:22.032+0300][12608][19304][info][gc,heap        ] GC(1) Humongous regions: 6->6
[2025-05-20T18:29:22.032+0300][12608][19304][info][gc,metaspace   ] GC(1) Metaspace: 8957K(9536K)->8957K(9536K) NonClass: 7965K(8256K)->7965K(8256K) Class: 992K(1280K)->992K(1280K)
[2025-05-20T18:29:22.032+0300][12608][19304][info][gc             ] GC(1) Pause Young (Normal) (G1 Evacuation Pause) 219M->17M(4096M) 9.851ms
[2025-05-20T18:29:22.032+0300][12608][19304][info][gc,cpu         ] GC(1) User=0.03s Sys=0.00s Real=0.01s
[2025-05-20T18:29:22.858+0300][12608][19304][info][gc,start       ] GC(2) Pause Young (Normal) (G1 Evacuation Pause)
[2025-05-20T18:29:22.859+0300][12608][19304][info][gc,task        ] GC(2) Using 8 workers of 8 for evacuation
[2025-05-20T18:29:22.866+0300][12608][19304][info][gc,phases      ] GC(2)   Pre Evacuate Collection Set: 0.5ms
[2025-05-20T18:29:22.866+0300][12608][19304][info][gc,phases      ] GC(2)   Merge Heap Roots: 0.1ms
[2025-05-20T18:29:22.866+0300][12608][19304][info][gc,phases      ] GC(2)   Evacuate Collection Set: 5.3ms
[2025-05-20T18:29:22.866+0300][12608][19304][info][gc,phases      ] GC(2)   Post Evacuate Collection Set: 0.7ms
[2025-05-20T18:29:22.866+0300][12608][19304][info][gc,phases      ] GC(2)   Other: 0.3ms
[2025-05-20T18:29:22.866+0300][12608][19304][info][gc,heap        ] GC(2) Eden regions: 153->0(1226)
[2025-05-20T18:29:22.866+0300][12608][19304][info][gc,heap        ] GC(2) Survivor regions: 1->2(20)
[2025-05-20T18:29:22.866+0300][12608][19304][info][gc,heap        ] GC(2) Old regions: 8->8
[2025-05-20T18:29:22.867+0300][12608][19304][info][gc,heap        ] GC(2) Humongous regions: 6->6
[2025-05-20T18:29:22.867+0300][12608][19304][info][gc,metaspace   ] GC(2) Metaspace: 8985K(9600K)->8985K(9600K) NonClass: 7993K(8320K)->7993K(8320K) Class: 992K(1280K)->992K(1280K)
[2025-05-20T18:29:22.867+0300][12608][19304][info][gc             ] GC(2) Pause Young (Normal) (G1 Evacuation Pause) 323M->17M(4096M) 7.747ms
[2025-05-20T18:29:22.867+0300][12608][19304][info][gc,cpu         ] GC(2) User=0.05s Sys=0.03s Real=0.01s
[2025-05-20T18:29:26.437+0300][12608][19304][info][gc,start       ] GC(3) Pause Young (Normal) (G1 Evacuation Pause)
[2025-05-20T18:29:26.437+0300][12608][19304][info][gc,task        ] GC(3) Using 8 workers of 8 for evacuation
[2025-05-20T18:29:26.443+0300][12608][19304][info][gc,phases      ] GC(3)   Pre Evacuate Collection Set: 0.3ms
[2025-05-20T18:29:26.443+0300][12608][19304][info][gc,phases      ] GC(3)   Merge Heap Roots: 0.2ms
[2025-05-20T18:29:26.443+0300][12608][19304][info][gc,phases      ] GC(3)   Evacuate Collection Set: 2.4ms
[2025-05-20T18:29:26.443+0300][12608][19304][info][gc,phases      ] GC(3)   Post Evacuate Collection Set: 1.4ms
[2025-05-20T18:29:26.443+0300][12608][19304][info][gc,phases      ] GC(3)   Other: 0.7ms
[2025-05-20T18:29:26.443+0300][12608][19304][info][gc,heap        ] GC(3) Eden regions: 1226->0(1226)
[2025-05-20T18:29:26.443+0300][12608][19304][info][gc,heap        ] GC(3) Survivor regions: 2->2(154)
[2025-05-20T18:29:26.443+0300][12608][19304][info][gc,heap        ] GC(3) Old regions: 8->8
[2025-05-20T18:29:26.444+0300][12608][19304][info][gc,heap        ] GC(3) Humongous regions: 6->6
[2025-05-20T18:29:26.444+0300][12608][19304][info][gc,metaspace   ] GC(3) Metaspace: 9097K(9728K)->9097K(9728K) NonClass: 8103K(8448K)->8103K(8448K) Class: 994K(1280K)->994K(1280K)
[2025-05-20T18:29:26.444+0300][12608][19304][info][gc             ] GC(3) Pause Young (Normal) (G1 Evacuation Pause) 2469M->17M(4096M) 5.925ms
[2025-05-20T18:29:26.444+0300][12608][19304][info][gc,cpu         ] GC(3) User=0.03s Sys=0.00s Real=0.01s
[2025-05-20T18:29:27.736+0300][12608][19304][info][gc,start       ] GC(4) Pause Young (Normal) (G1 Evacuation Pause)
[2025-05-20T18:29:27.736+0300][12608][19304][info][gc,task        ] GC(4) Using 8 workers of 8 for evacuation
[2025-05-20T18:29:27.739+0300][12608][19304][info][gc,phases      ] GC(4)   Pre Evacuate Collection Set: 0.3ms
[2025-05-20T18:29:27.739+0300][12608][19304][info][gc,phases      ] GC(4)   Merge Heap Roots: 0.2ms
[2025-05-20T18:29:27.741+0300][12608][19304][info][gc,phases      ] GC(4)   Evacuate Collection Set: 1.3ms
[2025-05-20T18:29:27.741+0300][12608][19304][info][gc,phases      ] GC(4)   Post Evacuate Collection Set: 1.5ms
[2025-05-20T18:29:27.741+0300][12608][19304][info][gc,phases      ] GC(4)   Other: 0.3ms
[2025-05-20T18:29:27.741+0300][12608][19304][info][gc,heap        ] GC(4) Eden regions: 1226->0(1227)
[2025-05-20T18:29:27.741+0300][12608][19304][info][gc,heap        ] GC(4) Survivor regions: 2->1(154)
[2025-05-20T18:29:27.741+0300][12608][19304][info][gc,heap        ] GC(4) Old regions: 8->8
[2025-05-20T18:29:27.741+0300][12608][19304][info][gc,heap        ] GC(4) Humongous regions: 6->6
[2025-05-20T18:29:27.741+0300][12608][19304][info][gc,metaspace   ] GC(4) Metaspace: 9118K(9728K)->9118K(9728K) NonClass: 8123K(8448K)->8123K(8448K) Class: 994K(1280K)->994K(1280K)
[2025-05-20T18:29:27.741+0300][12608][19304][info][gc             ] GC(4) Pause Young (Normal) (G1 Evacuation Pause) 2469M->16M(4096M) 4.337ms
[2025-05-20T18:29:27.741+0300][12608][19304][info][gc,cpu         ] GC(4) User=0.02s Sys=0.00s Real=0.00s
[2025-05-20T18:29:29.070+0300][12608][19304][info][gc,start       ] GC(5) Pause Young (Normal) (G1 Evacuation Pause)
[2025-05-20T18:29:29.070+0300][12608][19304][info][gc,task        ] GC(5) Using 8 workers of 8 for evacuation
[2025-05-20T18:29:29.073+0300][12608][19304][info][gc,phases      ] GC(5)   Pre Evacuate Collection Set: 0.3ms
[2025-05-20T18:29:29.073+0300][12608][19304][info][gc,phases      ] GC(5)   Merge Heap Roots: 0.2ms
[2025-05-20T18:29:29.073+0300][12608][19304][info][gc,phases      ] GC(5)   Evacuate Collection Set: 1.2ms
[2025-05-20T18:29:29.073+0300][12608][19304][info][gc,phases      ] GC(5)   Post Evacuate Collection Set: 1.2ms
[2025-05-20T18:29:29.074+0300][12608][19304][info][gc,phases      ] GC(5)   Other: 0.3ms
[2025-05-20T18:29:29.074+0300][12608][19304][info][gc,heap        ] GC(5) Eden regions: 1227->0(1227)
[2025-05-20T18:29:29.074+0300][12608][19304][info][gc,heap        ] GC(5) Survivor regions: 1->1(154)
[2025-05-20T18:29:29.074+0300][12608][19304][info][gc,heap        ] GC(5) Old regions: 8->8
[2025-05-20T18:29:29.074+0300][12608][19304][info][gc,heap        ] GC(5) Humongous regions: 6->6
[2025-05-20T18:29:29.074+0300][12608][19304][info][gc,metaspace   ] GC(5) Metaspace: 9127K(9728K)->9127K(9728K) NonClass: 8133K(8448K)->8133K(8448K) Class: 994K(1280K)->994K(1280K)
[2025-05-20T18:29:29.074+0300][12608][19304][info][gc             ] GC(5) Pause Young (Normal) (G1 Evacuation Pause) 2470M->16M(4096M) 3.958ms
[2025-05-20T18:29:29.074+0300][12608][19304][info][gc,cpu         ] GC(5) User=0.03s Sys=0.00s Real=0.00s
[2025-05-20T18:29:30.595+0300][12608][19304][info][gc,start       ] GC(6) Pause Young (Normal) (G1 Evacuation Pause)
[2025-05-20T18:29:30.595+0300][12608][19304][info][gc,task        ] GC(6) Using 8 workers of 8 for evacuation
[2025-05-20T18:29:30.598+0300][12608][19304][info][gc,phases      ] GC(6)   Pre Evacuate Collection Set: 0.3ms
[2025-05-20T18:29:30.598+0300][12608][19304][info][gc,phases      ] GC(6)   Merge Heap Roots: 0.2ms
[2025-05-20T18:29:30.598+0300][12608][19304][info][gc,phases      ] GC(6)   Evacuate Collection Set: 1.5ms
[2025-05-20T18:29:30.598+0300][12608][19304][info][gc,phases      ] GC(6)   Post Evacuate Collection Set: 1.4ms
[2025-05-20T18:29:30.598+0300][12608][19304][info][gc,phases      ] GC(6)   Other: 0.3ms
[2025-05-20T18:29:30.598+0300][12608][19304][info][gc,heap        ] GC(6) Eden regions: 1227->0(1227)
[2025-05-20T18:29:30.598+0300][12608][19304][info][gc,heap        ] GC(6) Survivor regions: 1->1(154)
[2025-05-20T18:29:30.598+0300][12608][19304][info][gc,heap        ] GC(6) Old regions: 8->8
[2025-05-20T18:29:30.599+0300][12608][19304][info][gc,heap        ] GC(6) Humongous regions: 6->6
[2025-05-20T18:29:30.599+0300][12608][19304][info][gc,metaspace   ] GC(6) Metaspace: 9129K(9728K)->9129K(9728K) NonClass: 8134K(8448K)->8134K(8448K) Class: 994K(1280K)->994K(1280K)
[2025-05-20T18:29:30.599+0300][12608][19304][info][gc             ] GC(6) Pause Young (Normal) (G1 Evacuation Pause) 2470M->17M(4096M) 4.537ms
[2025-05-20T18:29:30.599+0300][12608][19304][info][gc,cpu         ] GC(6) User=0.02s Sys=0.00s Real=0.00s
[2025-05-20T18:29:32.185+0300][12608][19304][info][gc,start       ] GC(7) Pause Young (Normal) (G1 Evacuation Pause)
[2025-05-20T18:29:32.185+0300][12608][19304][info][gc,task        ] GC(7) Using 8 workers of 8 for evacuation
[2025-05-20T18:29:32.188+0300][12608][19304][info][gc,phases      ] GC(7)   Pre Evacuate Collection Set: 0.3ms
[2025-05-20T18:29:32.188+0300][12608][19304][info][gc,phases      ] GC(7)   Merge Heap Roots: 0.2ms
[2025-05-20T18:29:32.188+0300][12608][19304][info][gc,phases      ] GC(7)   Evacuate Collection Set: 1.2ms
[2025-05-20T18:29:32.188+0300][12608][19304][info][gc,phases      ] GC(7)   Post Evacuate Collection Set: 1.3ms
[2025-05-20T18:29:32.188+0300][12608][19304][info][gc,phases      ] GC(7)   Other: 0.2ms
[2025-05-20T18:29:32.189+0300][12608][19304][info][gc,heap        ] GC(7) Eden regions: 1227->0(1227)
[2025-05-20T18:29:32.189+0300][12608][19304][info][gc,heap        ] GC(7) Survivor regions: 1->1(154)
[2025-05-20T18:29:32.189+0300][12608][19304][info][gc,heap        ] GC(7) Old regions: 8->8
[2025-05-20T18:29:32.189+0300][12608][19304][info][gc,heap        ] GC(7) Humongous regions: 6->6
[2025-05-20T18:29:32.189+0300][12608][19304][info][gc,metaspace   ] GC(7) Metaspace: 9129K(9728K)->9129K(9728K) NonClass: 8134K(8448K)->8134K(8448K) Class: 994K(1280K)->994K(1280K)
[2025-05-20T18:29:32.189+0300][12608][19304][info][gc             ] GC(7) Pause Young (Normal) (G1 Evacuation Pause) 2471M->17M(4096M) 4.169ms
[2025-05-20T18:29:32.189+0300][12608][19304][info][gc,cpu         ] GC(7) User=0.02s Sys=0.00s Real=0.00s
[2025-05-20T18:29:33.520+0300][12608][19304][info][gc,start       ] GC(8) Pause Young (Normal) (G1 Evacuation Pause)
[2025-05-20T18:29:33.520+0300][12608][19304][info][gc,task        ] GC(8) Using 8 workers of 8 for evacuation
[2025-05-20T18:29:33.523+0300][12608][19304][info][gc,phases      ] GC(8)   Pre Evacuate Collection Set: 0.3ms
[2025-05-20T18:29:33.523+0300][12608][19304][info][gc,phases      ] GC(8)   Merge Heap Roots: 0.2ms
[2025-05-20T18:29:33.524+0300][12608][19304][info][gc,phases      ] GC(8)   Evacuate Collection Set: 1.2ms
[2025-05-20T18:29:33.524+0300][12608][19304][info][gc,phases      ] GC(8)   Post Evacuate Collection Set: 1.4ms
[2025-05-20T18:29:33.524+0300][12608][19304][info][gc,phases      ] GC(8)   Other: 0.2ms
[2025-05-20T18:29:33.524+0300][12608][19304][info][gc,heap        ] GC(8) Eden regions: 1227->0(1227)
[2025-05-20T18:29:33.524+0300][12608][19304][info][gc,heap        ] GC(8) Survivor regions: 1->1(154)
[2025-05-20T18:29:33.524+0300][12608][19304][info][gc,heap        ] GC(8) Old regions: 8->8
[2025-05-20T18:29:33.524+0300][12608][19304][info][gc,heap        ] GC(8) Humongous regions: 6->6
[2025-05-20T18:29:33.524+0300][12608][19304][info][gc,metaspace   ] GC(8) Metaspace: 9133K(9728K)->9133K(9728K) NonClass: 8139K(8448K)->8139K(8448K) Class: 994K(1280K)->994K(1280K)
[2025-05-20T18:29:33.524+0300][12608][19304][info][gc             ] GC(8) Pause Young (Normal) (G1 Evacuation Pause) 2471M->16M(4096M) 4.181ms
[2025-05-20T18:29:33.524+0300][12608][19304][info][gc,cpu         ] GC(8) User=0.02s Sys=0.00s Real=0.00s
[2025-05-20T18:29:34.942+0300][12608][19304][info][gc,start       ] GC(9) Pause Young (Normal) (G1 Evacuation Pause)
[2025-05-20T18:29:34.942+0300][12608][19304][info][gc,task        ] GC(9) Using 8 workers of 8 for evacuation
[2025-05-20T18:29:34.946+0300][12608][19304][info][gc,phases      ] GC(9)   Pre Evacuate Collection Set: 0.4ms
[2025-05-20T18:29:34.946+0300][12608][19304][info][gc,phases      ] GC(9)   Merge Heap Roots: 0.2ms
[2025-05-20T18:29:34.946+0300][12608][19304][info][gc,phases      ] GC(9)   Evacuate Collection Set: 1.3ms
[2025-05-20T18:29:34.946+0300][12608][19304][info][gc,phases      ] GC(9)   Post Evacuate Collection Set: 1.4ms
[2025-05-20T18:29:34.946+0300][12608][19304][info][gc,phases      ] GC(9)   Other: 0.3ms
[2025-05-20T18:29:34.946+0300][12608][19304][info][gc,heap        ] GC(9) Eden regions: 1227->0(1227)
[2025-05-20T18:29:34.946+0300][12608][19304][info][gc,heap        ] GC(9) Survivor regions: 1->1(154)
[2025-05-20T18:29:34.946+0300][12608][19304][info][gc,heap        ] GC(9) Old regions: 8->8
[2025-05-20T18:29:34.946+0300][12608][19304][info][gc,heap        ] GC(9) Humongous regions: 6->6
[2025-05-20T18:29:34.946+0300][12608][19304][info][gc,metaspace   ] GC(9) Metaspace: 9133K(9728K)->9133K(9728K) NonClass: 8139K(8448K)->8139K(8448K) Class: 994K(1280K)->994K(1280K)
[2025-05-20T18:29:34.946+0300][12608][19304][info][gc             ] GC(9) Pause Young (Normal) (G1 Evacuation Pause) 2470M->16M(4096M) 4.401ms
[2025-05-20T18:29:34.946+0300][12608][19304][info][gc,cpu         ] GC(9) User=0.02s Sys=0.00s Real=0.00s
[2025-05-20T18:29:36.347+0300][12608][19304][info][gc,start       ] GC(10) Pause Young (Normal) (G1 Evacuation Pause)
[2025-05-20T18:29:36.347+0300][12608][19304][info][gc,task        ] GC(10) Using 8 workers of 8 for evacuation
[2025-05-20T18:29:36.352+0300][12608][19304][info][gc,phases      ] GC(10)   Pre Evacuate Collection Set: 0.4ms
[2025-05-20T18:29:36.352+0300][12608][19304][info][gc,phases      ] GC(10)   Merge Heap Roots: 0.3ms
[2025-05-20T18:29:36.352+0300][12608][19304][info][gc,phases      ] GC(10)   Evacuate Collection Set: 1.5ms
[2025-05-20T18:29:36.352+0300][12608][19304][info][gc,phases      ] GC(10)   Post Evacuate Collection Set: 1.4ms
[2025-05-20T18:29:36.353+0300][12608][19304][info][gc,phases      ] GC(10)   Other: 0.3ms
[2025-05-20T18:29:36.353+0300][12608][19304][info][gc,heap        ] GC(10) Eden regions: 1227->0(1227)
[2025-05-20T18:29:36.353+0300][12608][19304][info][gc,heap        ] GC(10) Survivor regions: 1->1(154)
[2025-05-20T18:29:36.353+0300][12608][19304][info][gc,heap        ] GC(10) Old regions: 8->8
[2025-05-20T18:29:36.353+0300][12608][19304][info][gc,heap        ] GC(10) Humongous regions: 6->6
[2025-05-20T18:29:36.353+0300][12608][19304][info][gc,metaspace   ] GC(10) Metaspace: 9135K(9728K)->9135K(9728K) NonClass: 8140K(8448K)->8140K(8448K) Class: 994K(1280K)->994K(1280K)
[2025-05-20T18:29:36.353+0300][12608][19304][info][gc             ] GC(10) Pause Young (Normal) (G1 Evacuation Pause) 2470M->16M(4096M) 4.556ms
[2025-05-20T18:29:36.353+0300][12608][19304][info][gc,cpu         ] GC(10) User=0.02s Sys=0.00s Real=0.01s
[2025-05-20T18:29:38.372+0300][12608][19304][info][gc,start       ] GC(11) Pause Young (Normal) (G1 Evacuation Pause)
[2025-05-20T18:29:38.373+0300][12608][19304][info][gc,task        ] GC(11) Using 8 workers of 8 for evacuation
[2025-05-20T18:29:38.376+0300][12608][19304][info][gc,phases      ] GC(11)   Pre Evacuate Collection Set: 0.3ms
[2025-05-20T18:29:38.376+0300][12608][19304][info][gc,phases      ] GC(11)   Merge Heap Roots: 0.2ms
[2025-05-20T18:29:38.376+0300][12608][19304][info][gc,phases      ] GC(11)   Evacuate Collection Set: 1.3ms
[2025-05-20T18:29:38.376+0300][12608][19304][info][gc,phases      ] GC(11)   Post Evacuate Collection Set: 1.2ms
[2025-05-20T18:29:38.376+0300][12608][19304][info][gc,phases      ] GC(11)   Other: 0.2ms
[2025-05-20T18:29:38.376+0300][12608][19304][info][gc,heap        ] GC(11) Eden regions: 1227->0(1227)
[2025-05-20T18:29:38.376+0300][12608][19304][info][gc,heap        ] GC(11) Survivor regions: 1->1(154)
[2025-05-20T18:29:38.376+0300][12608][19304][info][gc,heap        ] GC(11) Old regions: 8->8
[2025-05-20T18:29:38.376+0300][12608][19304][info][gc,heap        ] GC(11) Humongous regions: 6->6
[2025-05-20T18:29:38.376+0300][12608][19304][info][gc,metaspace   ] GC(11) Metaspace: 9135K(9728K)->9135K(9728K) NonClass: 8141K(8448K)->8141K(8448K) Class: 994K(1280K)->994K(1280K)
[2025-05-20T18:29:38.376+0300][12608][19304][info][gc             ] GC(11) Pause Young (Normal) (G1 Evacuation Pause) 2470M->16M(4096M) 3.746ms
[2025-05-20T18:29:38.376+0300][12608][19304][info][gc,cpu         ] GC(11) User=0.00s Sys=0.00s Real=0.00s
[2025-05-20T18:29:40.120+0300][12608][19304][info][gc,start       ] GC(12) Pause Full (System.gc())
[2025-05-20T18:29:40.120+0300][12608][19304][info][gc,task        ] GC(12) Using 8 workers of 8 for full compaction
[2025-05-20T18:29:40.121+0300][12608][19304][info][gc,phases,start] GC(12) Phase 1: Mark live objects
[2025-05-20T18:29:40.129+0300][12608][19304][info][gc,phases      ] GC(12) Phase 1: Mark live objects 7.251ms
[2025-05-20T18:29:40.129+0300][12608][19304][info][gc,phases,start] GC(12) Phase 2: Prepare compaction
[2025-05-20T18:29:40.130+0300][12608][19304][info][gc,phases      ] GC(12) Phase 2: Prepare compaction 1.482ms
[2025-05-20T18:29:40.130+0300][12608][19304][info][gc,phases,start] GC(12) Phase 3: Adjust pointers
[2025-05-20T18:29:40.134+0300][12608][19304][info][gc,phases      ] GC(12) Phase 3: Adjust pointers 3.735ms
[2025-05-20T18:29:40.134+0300][12608][19304][info][gc,phases,start] GC(12) Phase 4: Compact heap
[2025-05-20T18:29:40.137+0300][12608][19304][info][gc,phases      ] GC(12) Phase 4: Compact heap 2.460ms
[2025-05-20T18:29:40.137+0300][12608][19304][info][gc,phases,start] GC(12) Phase 5: Reset Metadata
[2025-05-20T18:29:40.138+0300][12608][19304][info][gc,phases      ] GC(12) Phase 5: Reset Metadata 1.219ms
[2025-05-20T18:29:40.147+0300][12608][19304][info][gc,heap        ] GC(12) Eden regions: 503->0(1228)
[2025-05-20T18:29:40.147+0300][12608][19304][info][gc,heap        ] GC(12) Survivor regions: 1->0(154)
[2025-05-20T18:29:40.147+0300][12608][19304][info][gc,heap        ] GC(12) Old regions: 8->8
[2025-05-20T18:29:40.147+0300][12608][19304][info][gc,heap        ] GC(12) Humongous regions: 12->6
[2025-05-20T18:29:40.147+0300][12608][19304][info][gc,metaspace   ] GC(12) Metaspace: 9313K(9920K)->8863K(9920K) NonClass: 8300K(8640K)->7974K(8640K) Class: 1013K(1280K)->889K(1280K)
[2025-05-20T18:29:40.147+0300][12608][19304][info][gc             ] GC(12) Pause Full (System.gc()) 1034M->16M(4096M) 26.422ms
[2025-05-20T18:29:40.147+0300][12608][19304][info][gc,cpu         ] GC(12) User=0.02s Sys=0.00s Real=0.03s
[2025-05-20T18:29:41.580+0300][12608][19304][info][gc,start       ] GC(13) Pause Young (Normal) (G1 Evacuation Pause)
[2025-05-20T18:29:41.580+0300][12608][19304][info][gc,task        ] GC(13) Using 8 workers of 8 for evacuation
[2025-05-20T18:29:41.583+0300][12608][19304][info][gc,phases      ] GC(13)   Pre Evacuate Collection Set: 0.4ms
[2025-05-20T18:29:41.583+0300][12608][19304][info][gc,phases      ] GC(13)   Merge Heap Roots: 0.2ms
[2025-05-20T18:29:41.583+0300][12608][19304][info][gc,phases      ] GC(13)   Evacuate Collection Set: 0.5ms
[2025-05-20T18:29:41.583+0300][12608][19304][info][gc,phases      ] GC(13)   Post Evacuate Collection Set: 1.2ms
[2025-05-20T18:29:41.583+0300][12608][19304][info][gc,phases      ] GC(13)   Other: 0.3ms
[2025-05-20T18:29:41.583+0300][12608][19304][info][gc,heap        ] GC(13) Eden regions: 1228->0(1227)
[2025-05-20T18:29:41.583+0300][12608][19304][info][gc,heap        ] GC(13) Survivor regions: 0->1(154)
[2025-05-20T18:29:41.583+0300][12608][19304][info][gc,heap        ] GC(13) Old regions: 8->8
[2025-05-20T18:29:41.583+0300][12608][19304][info][gc,heap        ] GC(13) Humongous regions: 12->12
[2025-05-20T18:29:41.583+0300][12608][19304][info][gc,metaspace   ] GC(13) Metaspace: 8863K(9920K)->8863K(9920K) NonClass: 7974K(8640K)->7974K(8640K) Class: 889K(1280K)->889K(1280K)
[2025-05-20T18:29:41.583+0300][12608][19304][info][gc             ] GC(13) Pause Young (Normal) (G1 Evacuation Pause) 2484M->28M(4096M) 3.301ms
[2025-05-20T18:29:41.583+0300][12608][19304][info][gc,cpu         ] GC(13) User=0.00s Sys=0.00s Real=0.00s
[2025-05-20T18:29:42.912+0300][12608][19304][info][gc,start       ] GC(14) Pause Young (Normal) (G1 Evacuation Pause)
[2025-05-20T18:29:42.912+0300][12608][19304][info][gc,task        ] GC(14) Using 8 workers of 8 for evacuation
[2025-05-20T18:29:42.915+0300][12608][19304][info][gc,phases      ] GC(14)   Pre Evacuate Collection Set: 0.3ms
[2025-05-20T18:29:42.915+0300][12608][19304][info][gc,phases      ] GC(14)   Merge Heap Roots: 0.3ms
[2025-05-20T18:29:42.915+0300][12608][19304][info][gc,phases      ] GC(14)   Evacuate Collection Set: 0.8ms
[2025-05-20T18:29:42.915+0300][12608][19304][info][gc,phases      ] GC(14)   Post Evacuate Collection Set: 1.4ms
[2025-05-20T18:29:42.915+0300][12608][19304][info][gc,phases      ] GC(14)   Other: 0.3ms
[2025-05-20T18:29:42.915+0300][12608][19304][info][gc,heap        ] GC(14) Eden regions: 1227->0(1227)
[2025-05-20T18:29:42.915+0300][12608][19304][info][gc,heap        ] GC(14) Survivor regions: 1->1(154)
[2025-05-20T18:29:42.915+0300][12608][19304][info][gc,heap        ] GC(14) Old regions: 8->8
[2025-05-20T18:29:42.915+0300][12608][19304][info][gc,heap        ] GC(14) Humongous regions: 12->12
[2025-05-20T18:29:42.915+0300][12608][19304][info][gc,metaspace   ] GC(14) Metaspace: 8863K(9920K)->8863K(9920K) NonClass: 7974K(8640K)->7974K(8640K) Class: 889K(1280K)->889K(1280K)
[2025-05-20T18:29:42.916+0300][12608][19304][info][gc             ] GC(14) Pause Young (Normal) (G1 Evacuation Pause) 2482M->28M(4096M) 3.854ms
[2025-05-20T18:29:42.916+0300][12608][19304][info][gc,cpu         ] GC(14) User=0.03s Sys=0.02s Real=0.00s
[2025-05-20T18:29:44.052+0300][12608][19304][info][gc,start       ] GC(15) Pause Young (Normal) (G1 Evacuation Pause)
[2025-05-20T18:29:44.052+0300][12608][19304][info][gc,task        ] GC(15) Using 8 workers of 8 for evacuation
[2025-05-20T18:29:44.056+0300][12608][19304][info][gc,phases      ] GC(15)   Pre Evacuate Collection Set: 0.3ms
[2025-05-20T18:29:44.056+0300][12608][19304][info][gc,phases      ] GC(15)   Merge Heap Roots: 0.2ms
[2025-05-20T18:29:44.056+0300][12608][19304][info][gc,phases      ] GC(15)   Evacuate Collection Set: 0.4ms
[2025-05-20T18:29:44.056+0300][12608][19304][info][gc,phases      ] GC(15)   Post Evacuate Collection Set: 1.2ms
[2025-05-20T18:29:44.056+0300][12608][19304][info][gc,phases      ] GC(15)   Other: 0.3ms
[2025-05-20T18:29:44.056+0300][12608][19304][info][gc,heap        ] GC(15) Eden regions: 1227->0(1227)
[2025-05-20T18:29:44.056+0300][12608][19304][info][gc,heap        ] GC(15) Survivor regions: 1->1(154)
[2025-05-20T18:29:44.056+0300][12608][19304][info][gc,heap        ] GC(15) Old regions: 8->8
[2025-05-20T18:29:44.056+0300][12608][19304][info][gc,heap        ] GC(15) Humongous regions: 12->12
[2025-05-20T18:29:44.056+0300][12608][19304][info][gc,metaspace   ] GC(15) Metaspace: 8863K(9920K)->8863K(9920K) NonClass: 7974K(8640K)->7974K(8640K) Class: 889K(1280K)->889K(1280K)
[2025-05-20T18:29:44.056+0300][12608][19304][info][gc             ] GC(15) Pause Young (Normal) (G1 Evacuation Pause) 2482M->28M(4096M) 3.187ms
[2025-05-20T18:29:44.057+0300][12608][19304][info][gc,cpu         ] GC(15) User=0.00s Sys=0.00s Real=0.00s
[2025-05-20T18:29:45.785+0300][12608][19304][info][gc,start       ] GC(16) Pause Young (Normal) (G1 Evacuation Pause)
[2025-05-20T18:29:45.785+0300][12608][19304][info][gc,task        ] GC(16) Using 8 workers of 8 for evacuation
[2025-05-20T18:29:45.790+0300][12608][19304][info][gc,phases      ] GC(16)   Pre Evacuate Collection Set: 0.6ms
[2025-05-20T18:29:45.791+0300][12608][19304][info][gc,phases      ] GC(16)   Merge Heap Roots: 0.4ms
[2025-05-20T18:29:45.791+0300][12608][19304][info][gc,phases      ] GC(16)   Evacuate Collection Set: 0.8ms
[2025-05-20T18:29:45.791+0300][12608][19304][info][gc,phases      ] GC(16)   Post Evacuate Collection Set: 2.4ms
[2025-05-20T18:29:45.791+0300][12608][19304][info][gc,phases      ] GC(16)   Other: 0.3ms
[2025-05-20T18:29:45.791+0300][12608][19304][info][gc,heap        ] GC(16) Eden regions: 1227->0(1227)
[2025-05-20T18:29:45.791+0300][12608][19304][info][gc,heap        ] GC(16) Survivor regions: 1->1(154)
[2025-05-20T18:29:45.791+0300][12608][19304][info][gc,heap        ] GC(16) Old regions: 8->8
[2025-05-20T18:29:45.791+0300][12608][19304][info][gc,heap        ] GC(16) Humongous regions: 12->12
[2025-05-20T18:29:45.792+0300][12608][19304][info][gc,metaspace   ] GC(16) Metaspace: 8863K(9920K)->8863K(9920K) NonClass: 7974K(8640K)->7974K(8640K) Class: 889K(1280K)->889K(1280K)
[2025-05-20T18:29:45.792+0300][12608][19304][info][gc             ] GC(16) Pause Young (Normal) (G1 Evacuation Pause) 2482M->28M(4096M) 5.946ms
[2025-05-20T18:29:45.792+0300][12608][19304][info][gc,cpu         ] GC(16) User=0.00s Sys=0.00s Real=0.01s
[2025-05-20T18:29:46.942+0300][12608][19304][info][gc,start       ] GC(17) Pause Young (Normal) (G1 Evacuation Pause)
[2025-05-20T18:29:46.942+0300][12608][19304][info][gc,task        ] GC(17) Using 8 workers of 8 for evacuation
[2025-05-20T18:29:46.944+0300][12608][19304][info][gc,phases      ] GC(17)   Pre Evacuate Collection Set: 0.4ms
[2025-05-20T18:29:46.944+0300][12608][19304][info][gc,phases      ] GC(17)   Merge Heap Roots: 0.2ms
[2025-05-20T18:29:46.945+0300][12608][19304][info][gc,phases      ] GC(17)   Evacuate Collection Set: 0.6ms
[2025-05-20T18:29:46.945+0300][12608][19304][info][gc,phases      ] GC(17)   Post Evacuate Collection Set: 1.2ms
[2025-05-20T18:29:46.945+0300][12608][19304][info][gc,phases      ] GC(17)   Other: 0.2ms
[2025-05-20T18:29:46.945+0300][12608][19304][info][gc,heap        ] GC(17) Eden regions: 1227->0(1227)
[2025-05-20T18:29:46.945+0300][12608][19304][info][gc,heap        ] GC(17) Survivor regions: 1->1(154)
[2025-05-20T18:29:46.945+0300][12608][19304][info][gc,heap        ] GC(17) Old regions: 8->8
[2025-05-20T18:29:46.945+0300][12608][19304][info][gc,heap        ] GC(17) Humongous regions: 12->12
[2025-05-20T18:29:46.945+0300][12608][19304][info][gc,metaspace   ] GC(17) Metaspace: 8863K(9920K)->8863K(9920K) NonClass: 7974K(8640K)->7974K(8640K) Class: 889K(1280K)->889K(1280K)
[2025-05-20T18:29:46.945+0300][12608][19304][info][gc             ] GC(17) Pause Young (Normal) (G1 Evacuation Pause) 2482M->28M(4096M) 3.485ms
[2025-05-20T18:29:46.945+0300][12608][19304][info][gc,cpu         ] GC(17) User=0.00s Sys=0.00s Real=0.00s
[2025-05-20T18:29:48.081+0300][12608][19304][info][gc,start       ] GC(18) Pause Young (Normal) (G1 Evacuation Pause)
[2025-05-20T18:29:48.081+0300][12608][19304][info][gc,task        ] GC(18) Using 8 workers of 8 for evacuation
[2025-05-20T18:29:48.083+0300][12608][19304][info][gc,phases      ] GC(18)   Pre Evacuate Collection Set: 0.3ms
[2025-05-20T18:29:48.083+0300][12608][19304][info][gc,phases      ] GC(18)   Merge Heap Roots: 0.2ms
[2025-05-20T18:29:48.083+0300][12608][19304][info][gc,phases      ] GC(18)   Evacuate Collection Set: 0.4ms
[2025-05-20T18:29:48.083+0300][12608][19304][info][gc,phases      ] GC(18)   Post Evacuate Collection Set: 1.4ms
[2025-05-20T18:29:48.083+0300][12608][19304][info][gc,phases      ] GC(18)   Other: 0.2ms
[2025-05-20T18:29:48.084+0300][12608][19304][info][gc,heap        ] GC(18) Eden regions: 1227->0(1227)
[2025-05-20T18:29:48.084+0300][12608][19304][info][gc,heap        ] GC(18) Survivor regions: 1->1(154)
[2025-05-20T18:29:48.084+0300][12608][19304][info][gc,heap        ] GC(18) Old regions: 8->8
[2025-05-20T18:29:48.084+0300][12608][19304][info][gc,heap        ] GC(18) Humongous regions: 12->12
[2025-05-20T18:29:48.084+0300][12608][19304][info][gc,metaspace   ] GC(18) Metaspace: 8863K(9920K)->8863K(9920K) NonClass: 7974K(8640K)->7974K(8640K) Class: 889K(1280K)->889K(1280K)
[2025-05-20T18:29:48.084+0300][12608][19304][info][gc             ] GC(18) Pause Young (Normal) (G1 Evacuation Pause) 2482M->28M(4096M) 3.308ms
[2025-05-20T18:29:48.084+0300][12608][19304][info][gc,cpu         ] GC(18) User=0.09s Sys=0.00s Real=0.00s
[2025-05-20T18:29:49.177+0300][12608][19304][info][gc,start       ] GC(19) Pause Young (Normal) (G1 Evacuation Pause)
[2025-05-20T18:29:49.177+0300][12608][19304][info][gc,task        ] GC(19) Using 8 workers of 8 for evacuation
[2025-05-20T18:29:49.180+0300][12608][19304][info][gc,phases      ] GC(19)   Pre Evacuate Collection Set: 0.3ms
[2025-05-20T18:29:49.180+0300][12608][19304][info][gc,phases      ] GC(19)   Merge Heap Roots: 0.2ms
[2025-05-20T18:29:49.180+0300][12608][19304][info][gc,phases      ] GC(19)   Evacuate Collection Set: 0.4ms
[2025-05-20T18:29:49.180+0300][12608][19304][info][gc,phases      ] GC(19)   Post Evacuate Collection Set: 1.4ms
[2025-05-20T18:29:49.180+0300][12608][19304][info][gc,phases      ] GC(19)   Other: 0.2ms
[2025-05-20T18:29:49.180+0300][12608][19304][info][gc,heap        ] GC(19) Eden regions: 1227->0(1227)
[2025-05-20T18:29:49.181+0300][12608][19304][info][gc,heap        ] GC(19) Survivor regions: 1->1(154)
[2025-05-20T18:29:49.181+0300][12608][19304][info][gc,heap        ] GC(19) Old regions: 8->8
[2025-05-20T18:29:49.181+0300][12608][19304][info][gc,heap        ] GC(19) Humongous regions: 12->12
[2025-05-20T18:29:49.181+0300][12608][19304][info][gc,metaspace   ] GC(19) Metaspace: 8863K(9920K)->8863K(9920K) NonClass: 7974K(8640K)->7974K(8640K) Class: 889K(1280K)->889K(1280K)
[2025-05-20T18:29:49.181+0300][12608][19304][info][gc             ] GC(19) Pause Young (Normal) (G1 Evacuation Pause) 2482M->28M(4096M) 3.323ms
[2025-05-20T18:29:49.181+0300][12608][19304][info][gc,cpu         ] GC(19) User=0.00s Sys=0.00s Real=0.00s
[2025-05-20T18:29:50.333+0300][12608][19304][info][gc,start       ] GC(20) Pause Young (Normal) (G1 Evacuation Pause)
[2025-05-20T18:29:50.333+0300][12608][19304][info][gc,task        ] GC(20) Using 8 workers of 8 for evacuation
[2025-05-20T18:29:50.335+0300][12608][19304][info][gc,phases      ] GC(20)   Pre Evacuate Collection Set: 0.3ms
[2025-05-20T18:29:50.335+0300][12608][19304][info][gc,phases      ] GC(20)   Merge Heap Roots: 0.2ms
[2025-05-20T18:29:50.335+0300][12608][19304][info][gc,phases      ] GC(20)   Evacuate Collection Set: 0.5ms
[2025-05-20T18:29:50.335+0300][12608][19304][info][gc,phases      ] GC(20)   Post Evacuate Collection Set: 1.2ms
[2025-05-20T18:29:50.335+0300][12608][19304][info][gc,phases      ] GC(20)   Other: 0.3ms
[2025-05-20T18:29:50.335+0300][12608][19304][info][gc,heap        ] GC(20) Eden regions: 1227->0(1227)
[2025-05-20T18:29:50.335+0300][12608][19304][info][gc,heap        ] GC(20) Survivor regions: 1->1(154)
[2025-05-20T18:29:50.335+0300][12608][19304][info][gc,heap        ] GC(20) Old regions: 8->8
[2025-05-20T18:29:50.336+0300][12608][19304][info][gc,heap        ] GC(20) Humongous regions: 12->12
[2025-05-20T18:29:50.336+0300][12608][19304][info][gc,metaspace   ] GC(20) Metaspace: 8863K(9920K)->8863K(9920K) NonClass: 7974K(8640K)->7974K(8640K) Class: 889K(1280K)->889K(1280K)
[2025-05-20T18:29:50.336+0300][12608][19304][info][gc             ] GC(20) Pause Young (Normal) (G1 Evacuation Pause) 2482M->28M(4096M) 3.163ms
[2025-05-20T18:29:50.336+0300][12608][19304][info][gc,cpu         ] GC(20) User=0.00s Sys=0.00s Real=0.00s
[2025-05-20T18:29:51.562+0300][12608][19304][info][gc,start       ] GC(21) Pause Young (Normal) (G1 Evacuation Pause)
[2025-05-20T18:29:51.562+0300][12608][19304][info][gc,task        ] GC(21) Using 8 workers of 8 for evacuation
[2025-05-20T18:29:51.565+0300][12608][19304][info][gc,phases      ] GC(21)   Pre Evacuate Collection Set: 0.4ms
[2025-05-20T18:29:51.565+0300][12608][19304][info][gc,phases      ] GC(21)   Merge Heap Roots: 0.2ms
[2025-05-20T18:29:51.565+0300][12608][19304][info][gc,phases      ] GC(21)   Evacuate Collection Set: 0.6ms
[2025-05-20T18:29:51.565+0300][12608][19304][info][gc,phases      ] GC(21)   Post Evacuate Collection Set: 1.3ms
[2025-05-20T18:29:51.565+0300][12608][19304][info][gc,phases      ] GC(21)   Other: 0.3ms
[2025-05-20T18:29:51.565+0300][12608][19304][info][gc,heap        ] GC(21) Eden regions: 1227->0(1227)
[2025-05-20T18:29:51.565+0300][12608][19304][info][gc,heap        ] GC(21) Survivor regions: 1->1(154)
[2025-05-20T18:29:51.565+0300][12608][19304][info][gc,heap        ] GC(21) Old regions: 8->8
[2025-05-20T18:29:51.565+0300][12608][19304][info][gc,heap        ] GC(21) Humongous regions: 12->12
[2025-05-20T18:29:51.565+0300][12608][19304][info][gc,metaspace   ] GC(21) Metaspace: 8863K(9920K)->8863K(9920K) NonClass: 7974K(8640K)->7974K(8640K) Class: 889K(1280K)->889K(1280K)
[2025-05-20T18:29:51.565+0300][12608][19304][info][gc             ] GC(21) Pause Young (Normal) (G1 Evacuation Pause) 2482M->28M(4096M) 3.550ms
[2025-05-20T18:29:51.565+0300][12608][19304][info][gc,cpu         ] GC(21) User=0.00s Sys=0.00s Real=0.00s
[2025-05-20T18:29:52.848+0300][12608][19304][info][gc,start       ] GC(22) Pause Full (System.gc())
[2025-05-20T18:29:52.848+0300][12608][19304][info][gc,task        ] GC(22) Using 8 workers of 8 for full compaction
[2025-05-20T18:29:52.849+0300][12608][19304][info][gc,phases,start] GC(22) Phase 1: Mark live objects
[2025-05-20T18:29:52.852+0300][12608][19304][info][gc,phases      ] GC(22) Phase 1: Mark live objects 4.590ms
[2025-05-20T18:29:52.854+0300][12608][19304][info][gc,phases,start] GC(22) Phase 2: Prepare compaction
[2025-05-20T18:29:52.855+0300][12608][19304][info][gc,phases      ] GC(22) Phase 2: Prepare compaction 1.839ms
[2025-05-20T18:29:52.856+0300][12608][19304][info][gc,phases,start] GC(22) Phase 3: Adjust pointers
[2025-05-20T18:29:52.859+0300][12608][19304][info][gc,phases      ] GC(22) Phase 3: Adjust pointers 3.152ms
[2025-05-20T18:29:52.859+0300][12608][19304][info][gc,phases,start] GC(22) Phase 4: Compact heap
[2025-05-20T18:29:52.861+0300][12608][19304][info][gc,phases      ] GC(22) Phase 4: Compact heap 2.129ms
[2025-05-20T18:29:52.861+0300][12608][19304][info][gc,phases,start] GC(22) Phase 5: Reset Metadata
[2025-05-20T18:29:52.862+0300][12608][19304][info][gc,phases      ] GC(22) Phase 5: Reset Metadata 1.174ms
[2025-05-20T18:29:52.870+0300][12608][19304][info][gc,heap        ] GC(22) Eden regions: 738->0(1228)
[2025-05-20T18:29:52.870+0300][12608][19304][info][gc,heap        ] GC(22) Survivor regions: 1->0(154)
[2025-05-20T18:29:52.870+0300][12608][19304][info][gc,heap        ] GC(22) Old regions: 8->8
[2025-05-20T18:29:52.870+0300][12608][19304][info][gc,heap        ] GC(22) Humongous regions: 18->6
[2025-05-20T18:29:52.870+0300][12608][19304][info][gc,metaspace   ] GC(22) Metaspace: 8864K(9920K)->8864K(9920K) NonClass: 7975K(8640K)->7975K(8640K) Class: 889K(1280K)->889K(1280K)
[2025-05-20T18:29:52.871+0300][12608][19304][info][gc             ] GC(22) Pause Full (System.gc()) 1516M->16M(4096M) 22.406ms
[2025-05-20T18:29:52.871+0300][12608][19304][info][gc,cpu         ] GC(22) User=0.02s Sys=0.00s Real=0.02s
[2025-05-20T18:29:53.911+0300][12608][19304][info][gc,start       ] GC(23) Pause Young (Normal) (G1 Evacuation Pause)
[2025-05-20T18:29:53.911+0300][12608][19304][info][gc,task        ] GC(23) Using 8 workers of 8 for evacuation
[2025-05-20T18:29:53.914+0300][12608][19304][info][gc,phases      ] GC(23)   Pre Evacuate Collection Set: 0.4ms
[2025-05-20T18:29:53.914+0300][12608][19304][info][gc,phases      ] GC(23)   Merge Heap Roots: 0.3ms
[2025-05-20T18:29:53.914+0300][12608][19304][info][gc,phases      ] GC(23)   Evacuate Collection Set: 0.4ms
[2025-05-20T18:29:53.914+0300][12608][19304][info][gc,phases      ] GC(23)   Post Evacuate Collection Set: 1.4ms
[2025-05-20T18:29:53.914+0300][12608][19304][info][gc,phases      ] GC(23)   Other: 0.3ms
[2025-05-20T18:29:53.914+0300][12608][19304][info][gc,heap        ] GC(23) Eden regions: 1228->0(1227)
[2025-05-20T18:29:53.914+0300][12608][19304][info][gc,heap        ] GC(23) Survivor regions: 0->1(154)
[2025-05-20T18:29:53.914+0300][12608][19304][info][gc,heap        ] GC(23) Old regions: 8->8
[2025-05-20T18:29:53.914+0300][12608][19304][info][gc,heap        ] GC(23) Humongous regions: 12->12
[2025-05-20T18:29:53.914+0300][12608][19304][info][gc,metaspace   ] GC(23) Metaspace: 8864K(9920K)->8864K(9920K) NonClass: 7975K(8640K)->7975K(8640K) Class: 889K(1280K)->889K(1280K)
[2025-05-20T18:29:53.914+0300][12608][19304][info][gc             ] GC(23) Pause Young (Normal) (G1 Evacuation Pause) 2484M->28M(4096M) 3.410ms
[2025-05-20T18:29:53.914+0300][12608][19304][info][gc,cpu         ] GC(23) User=0.05s Sys=0.00s Real=0.00s
[2025-05-20T18:29:55.037+0300][12608][19304][info][gc,start       ] GC(24) Pause Young (Normal) (G1 Evacuation Pause)
[2025-05-20T18:29:55.037+0300][12608][19304][info][gc,task        ] GC(24) Using 8 workers of 8 for evacuation
[2025-05-20T18:29:55.040+0300][12608][19304][info][gc,phases      ] GC(24)   Pre Evacuate Collection Set: 0.3ms
[2025-05-20T18:29:55.040+0300][12608][19304][info][gc,phases      ] GC(24)   Merge Heap Roots: 0.2ms
[2025-05-20T18:29:55.040+0300][12608][19304][info][gc,phases      ] GC(24)   Evacuate Collection Set: 0.5ms
[2025-05-20T18:29:55.040+0300][12608][19304][info][gc,phases      ] GC(24)   Post Evacuate Collection Set: 1.3ms
[2025-05-20T18:29:55.040+0300][12608][19304][info][gc,phases      ] GC(24)   Other: 0.2ms
[2025-05-20T18:29:55.040+0300][12608][19304][info][gc,heap        ] GC(24) Eden regions: 1227->0(1227)
[2025-05-20T18:29:55.040+0300][12608][19304][info][gc,heap        ] GC(24) Survivor regions: 1->1(154)
[2025-05-20T18:29:55.040+0300][12608][19304][info][gc,heap        ] GC(24) Old regions: 8->8
[2025-05-20T18:29:55.040+0300][12608][19304][info][gc,heap        ] GC(24) Humongous regions: 12->12
[2025-05-20T18:29:55.040+0300][12608][19304][info][gc,metaspace   ] GC(24) Metaspace: 8864K(9920K)->8864K(9920K) NonClass: 7975K(8640K)->7975K(8640K) Class: 889K(1280K)->889K(1280K)
[2025-05-20T18:29:55.040+0300][12608][19304][info][gc             ] GC(24) Pause Young (Normal) (G1 Evacuation Pause) 2482M->28M(4096M) 3.279ms
[2025-05-20T18:29:55.041+0300][12608][19304][info][gc,cpu         ] GC(24) User=0.00s Sys=0.00s Real=0.00s
[2025-05-20T18:29:56.090+0300][12608][19304][info][gc,start       ] GC(25) Pause Young (Normal) (G1 Evacuation Pause)
[2025-05-20T18:29:56.090+0300][12608][19304][info][gc,task        ] GC(25) Using 8 workers of 8 for evacuation
[2025-05-20T18:29:56.093+0300][12608][19304][info][gc,phases      ] GC(25)   Pre Evacuate Collection Set: 0.4ms
[2025-05-20T18:29:56.093+0300][12608][19304][info][gc,phases      ] GC(25)   Merge Heap Roots: 0.2ms
[2025-05-20T18:29:56.093+0300][12608][19304][info][gc,phases      ] GC(25)   Evacuate Collection Set: 0.4ms
[2025-05-20T18:29:56.093+0300][12608][19304][info][gc,phases      ] GC(25)   Post Evacuate Collection Set: 1.1ms
[2025-05-20T18:29:56.093+0300][12608][19304][info][gc,phases      ] GC(25)   Other: 0.2ms
[2025-05-20T18:29:56.093+0300][12608][19304][info][gc,heap        ] GC(25) Eden regions: 1227->0(1227)
[2025-05-20T18:29:56.093+0300][12608][19304][info][gc,heap        ] GC(25) Survivor regions: 1->1(154)
[2025-05-20T18:29:56.093+0300][12608][19304][info][gc,heap        ] GC(25) Old regions: 8->8
[2025-05-20T18:29:56.093+0300][12608][19304][info][gc,heap        ] GC(25) Humongous regions: 12->12
[2025-05-20T18:29:56.093+0300][12608][19304][info][gc,metaspace   ] GC(25) Metaspace: 8864K(9920K)->8864K(9920K) NonClass: 7975K(8640K)->7975K(8640K) Class: 889K(1280K)->889K(1280K)
[2025-05-20T18:29:56.093+0300][12608][19304][info][gc             ] GC(25) Pause Young (Normal) (G1 Evacuation Pause) 2482M->28M(4096M) 3.012ms
[2025-05-20T18:29:56.093+0300][12608][19304][info][gc,cpu         ] GC(25) User=0.02s Sys=0.02s Real=0.00s
[2025-05-20T18:29:57.135+0300][12608][19304][info][gc,start       ] GC(26) Pause Young (Normal) (G1 Evacuation Pause)
[2025-05-20T18:29:57.135+0300][12608][19304][info][gc,task        ] GC(26) Using 8 workers of 8 for evacuation
[2025-05-20T18:29:57.138+0300][12608][19304][info][gc,phases      ] GC(26)   Pre Evacuate Collection Set: 0.3ms
[2025-05-20T18:29:57.138+0300][12608][19304][info][gc,phases      ] GC(26)   Merge Heap Roots: 0.2ms
[2025-05-20T18:29:57.138+0300][12608][19304][info][gc,phases      ] GC(26)   Evacuate Collection Set: 0.4ms
[2025-05-20T18:29:57.138+0300][12608][19304][info][gc,phases      ] GC(26)   Post Evacuate Collection Set: 1.3ms
[2025-05-20T18:29:57.138+0300][12608][19304][info][gc,phases      ] GC(26)   Other: 0.2ms
[2025-05-20T18:29:57.138+0300][12608][19304][info][gc,heap        ] GC(26) Eden regions: 1227->0(1227)
[2025-05-20T18:29:57.138+0300][12608][19304][info][gc,heap        ] GC(26) Survivor regions: 1->1(154)
[2025-05-20T18:29:57.138+0300][12608][19304][info][gc,heap        ] GC(26) Old regions: 8->8
[2025-05-20T18:29:57.138+0300][12608][19304][info][gc,heap        ] GC(26) Humongous regions: 12->12
[2025-05-20T18:29:57.138+0300][12608][19304][info][gc,metaspace   ] GC(26) Metaspace: 8864K(9920K)->8864K(9920K) NonClass: 7975K(8640K)->7975K(8640K) Class: 889K(1280K)->889K(1280K)
[2025-05-20T18:29:57.138+0300][12608][19304][info][gc             ] GC(26) Pause Young (Normal) (G1 Evacuation Pause) 2482M->28M(4096M) 3.007ms
[2025-05-20T18:29:57.138+0300][12608][19304][info][gc,cpu         ] GC(26) User=0.00s Sys=0.02s Real=0.00s
[2025-05-20T18:29:58.285+0300][12608][19304][info][gc,start       ] GC(27) Pause Young (Normal) (G1 Evacuation Pause)
[2025-05-20T18:29:58.285+0300][12608][19304][info][gc,task        ] GC(27) Using 8 workers of 8 for evacuation
[2025-05-20T18:29:58.287+0300][12608][19304][info][gc,phases      ] GC(27)   Pre Evacuate Collection Set: 0.4ms
[2025-05-20T18:29:58.289+0300][12608][19304][info][gc,phases      ] GC(27)   Merge Heap Roots: 0.2ms
[2025-05-20T18:29:58.289+0300][12608][19304][info][gc,phases      ] GC(27)   Evacuate Collection Set: 0.4ms
[2025-05-20T18:29:58.289+0300][12608][19304][info][gc,phases      ] GC(27)   Post Evacuate Collection Set: 1.2ms
[2025-05-20T18:29:58.289+0300][12608][19304][info][gc,phases      ] GC(27)   Other: 0.3ms
[2025-05-20T18:29:58.289+0300][12608][19304][info][gc,heap        ] GC(27) Eden regions: 1227->0(1227)
[2025-05-20T18:29:58.289+0300][12608][19304][info][gc,heap        ] GC(27) Survivor regions: 1->1(154)
[2025-05-20T18:29:58.289+0300][12608][19304][info][gc,heap        ] GC(27) Old regions: 8->8
[2025-05-20T18:29:58.289+0300][12608][19304][info][gc,heap        ] GC(27) Humongous regions: 12->12
[2025-05-20T18:29:58.289+0300][12608][19304][info][gc,metaspace   ] GC(27) Metaspace: 8864K(9920K)->8864K(9920K) NonClass: 7975K(8640K)->7975K(8640K) Class: 889K(1280K)->889K(1280K)
[2025-05-20T18:29:58.289+0300][12608][19304][info][gc             ] GC(27) Pause Young (Normal) (G1 Evacuation Pause) 2482M->28M(4096M) 3.265ms
[2025-05-20T18:29:58.289+0300][12608][19304][info][gc,cpu         ] GC(27) User=0.03s Sys=0.00s Real=0.00s
[2025-05-20T18:29:59.371+0300][12608][19304][info][gc,start       ] GC(28) Pause Young (Normal) (G1 Evacuation Pause)
[2025-05-20T18:29:59.371+0300][12608][19304][info][gc,task        ] GC(28) Using 8 workers of 8 for evacuation
[2025-05-20T18:29:59.373+0300][12608][19304][info][gc,phases      ] GC(28)   Pre Evacuate Collection Set: 0.3ms
[2025-05-20T18:29:59.373+0300][12608][19304][info][gc,phases      ] GC(28)   Merge Heap Roots: 0.2ms
[2025-05-20T18:29:59.373+0300][12608][19304][info][gc,phases      ] GC(28)   Evacuate Collection Set: 0.3ms
[2025-05-20T18:29:59.373+0300][12608][19304][info][gc,phases      ] GC(28)   Post Evacuate Collection Set: 1.2ms
[2025-05-20T18:29:59.373+0300][12608][19304][info][gc,phases      ] GC(28)   Other: 0.2ms
[2025-05-20T18:29:59.373+0300][12608][19304][info][gc,heap        ] GC(28) Eden regions: 1227->0(1227)
[2025-05-20T18:29:59.373+0300][12608][19304][info][gc,heap        ] GC(28) Survivor regions: 1->1(154)
[2025-05-20T18:29:59.373+0300][12608][19304][info][gc,heap        ] GC(28) Old regions: 8->8
[2025-05-20T18:29:59.373+0300][12608][19304][info][gc,heap        ] GC(28) Humongous regions: 12->12
[2025-05-20T18:29:59.373+0300][12608][19304][info][gc,metaspace   ] GC(28) Metaspace: 8864K(9920K)->8864K(9920K) NonClass: 7975K(8640K)->7975K(8640K) Class: 889K(1280K)->889K(1280K)
[2025-05-20T18:29:59.374+0300][12608][19304][info][gc             ] GC(28) Pause Young (Normal) (G1 Evacuation Pause) 2482M->28M(4096M) 3.036ms
[2025-05-20T18:29:59.374+0300][12608][19304][info][gc,cpu         ] GC(28) User=0.00s Sys=0.00s Real=0.00s
[2025-05-20T18:30:00.597+0300][12608][19304][info][gc,start       ] GC(29) Pause Young (Normal) (G1 Evacuation Pause)
[2025-05-20T18:30:00.597+0300][12608][19304][info][gc,task        ] GC(29) Using 8 workers of 8 for evacuation
[2025-05-20T18:30:00.599+0300][12608][19304][info][gc,phases      ] GC(29)   Pre Evacuate Collection Set: 0.3ms
[2025-05-20T18:30:00.599+0300][12608][19304][info][gc,phases      ] GC(29)   Merge Heap Roots: 0.2ms
[2025-05-20T18:30:00.599+0300][12608][19304][info][gc,phases      ] GC(29)   Evacuate Collection Set: 0.4ms
[2025-05-20T18:30:00.599+0300][12608][19304][info][gc,phases      ] GC(29)   Post Evacuate Collection Set: 1.5ms
[2025-05-20T18:30:00.599+0300][12608][19304][info][gc,phases      ] GC(29)   Other: 0.3ms
[2025-05-20T18:30:00.599+0300][12608][19304][info][gc,heap        ] GC(29) Eden regions: 1227->0(1227)
[2025-05-20T18:30:00.600+0300][12608][19304][info][gc,heap        ] GC(29) Survivor regions: 1->1(154)
[2025-05-20T18:30:00.600+0300][12608][19304][info][gc,heap        ] GC(29) Old regions: 8->8
[2025-05-20T18:30:00.600+0300][12608][19304][info][gc,heap        ] GC(29) Humongous regions: 12->12
[2025-05-20T18:30:00.600+0300][12608][19304][info][gc,metaspace   ] GC(29) Metaspace: 8864K(9920K)->8864K(9920K) NonClass: 7975K(8640K)->7975K(8640K) Class: 889K(1280K)->889K(1280K)
[2025-05-20T18:30:00.600+0300][12608][19304][info][gc             ] GC(29) Pause Young (Normal) (G1 Evacuation Pause) 2482M->28M(4096M) 3.337ms
[2025-05-20T18:30:00.600+0300][12608][19304][info][gc,cpu         ] GC(29) User=0.02s Sys=0.00s Real=0.00s
[2025-05-20T18:30:01.853+0300][12608][19304][info][gc,start       ] GC(30) Pause Young (Normal) (G1 Evacuation Pause)
[2025-05-20T18:30:01.853+0300][12608][19304][info][gc,task        ] GC(30) Using 8 workers of 8 for evacuation
[2025-05-20T18:30:01.856+0300][12608][19304][info][gc,phases      ] GC(30)   Pre Evacuate Collection Set: 0.3ms
[2025-05-20T18:30:01.856+0300][12608][19304][info][gc,phases      ] GC(30)   Merge Heap Roots: 0.2ms
[2025-05-20T18:30:01.856+0300][12608][19304][info][gc,phases      ] GC(30)   Evacuate Collection Set: 0.4ms
[2025-05-20T18:30:01.856+0300][12608][19304][info][gc,phases      ] GC(30)   Post Evacuate Collection Set: 1.2ms
[2025-05-20T18:30:01.856+0300][12608][19304][info][gc,phases      ] GC(30)   Other: 0.3ms
[2025-05-20T18:30:01.856+0300][12608][19304][info][gc,heap        ] GC(30) Eden regions: 1227->0(1227)
[2025-05-20T18:30:01.856+0300][12608][19304][info][gc,heap        ] GC(30) Survivor regions: 1->1(154)
[2025-05-20T18:30:01.856+0300][12608][19304][info][gc,heap        ] GC(30) Old regions: 8->8
[2025-05-20T18:30:01.856+0300][12608][19304][info][gc,heap        ] GC(30) Humongous regions: 12->12
[2025-05-20T18:30:01.856+0300][12608][19304][info][gc,metaspace   ] GC(30) Metaspace: 8864K(9920K)->8864K(9920K) NonClass: 7975K(8640K)->7975K(8640K) Class: 889K(1280K)->889K(1280K)
[2025-05-20T18:30:01.856+0300][12608][19304][info][gc             ] GC(30) Pause Young (Normal) (G1 Evacuation Pause) 2482M->28M(4096M) 3.075ms
[2025-05-20T18:30:01.856+0300][12608][19304][info][gc,cpu         ] GC(30) User=0.00s Sys=0.00s Real=0.00s
[2025-05-20T18:30:03.235+0300][12608][19304][info][gc,start       ] GC(31) Pause Young (Normal) (G1 Evacuation Pause)
[2025-05-20T18:30:03.235+0300][12608][19304][info][gc,task        ] GC(31) Using 8 workers of 8 for evacuation
[2025-05-20T18:30:03.238+0300][12608][19304][info][gc,phases      ] GC(31)   Pre Evacuate Collection Set: 0.3ms
[2025-05-20T18:30:03.238+0300][12608][19304][info][gc,phases      ] GC(31)   Merge Heap Roots: 0.2ms
[2025-05-20T18:30:03.238+0300][12608][19304][info][gc,phases      ] GC(31)   Evacuate Collection Set: 0.6ms
[2025-05-20T18:30:03.238+0300][12608][19304][info][gc,phases      ] GC(31)   Post Evacuate Collection Set: 1.2ms
[2025-05-20T18:30:03.238+0300][12608][19304][info][gc,phases      ] GC(31)   Other: 0.2ms
[2025-05-20T18:30:03.238+0300][12608][19304][info][gc,heap        ] GC(31) Eden regions: 1227->0(1227)
[2025-05-20T18:30:03.238+0300][12608][19304][info][gc,heap        ] GC(31) Survivor regions: 1->1(154)
[2025-05-20T18:30:03.238+0300][12608][19304][info][gc,heap        ] GC(31) Old regions: 8->8
[2025-05-20T18:30:03.238+0300][12608][19304][info][gc,heap        ] GC(31) Humongous regions: 12->12
[2025-05-20T18:30:03.238+0300][12608][19304][info][gc,metaspace   ] GC(31) Metaspace: 8864K(9920K)->8864K(9920K) NonClass: 7975K(8640K)->7975K(8640K) Class: 889K(1280K)->889K(1280K)
[2025-05-20T18:30:03.238+0300][12608][19304][info][gc             ] GC(31) Pause Young (Normal) (G1 Evacuation Pause) 2482M->28M(4096M) 3.081ms
[2025-05-20T18:30:03.238+0300][12608][19304][info][gc,cpu         ] GC(31) User=0.02s Sys=0.00s Real=0.00s
[2025-05-20T18:30:04.561+0300][12608][6780 ][info][gc,heap,exit   ] Heap
[2025-05-20T18:30:04.561+0300][12608][6780 ][info][gc,heap,exit   ]  garbage-first heap   total 4194304K, used 1547761K [0x0000000700000000, 0x0000000800000000)
[2025-05-20T18:30:04.561+0300][12608][6780 ][info][gc,heap,exit   ]   region size 2048K, 737 young (1509376K), 1 survivors (2048K)
[2025-05-20T18:30:04.562+0300][12608][6780 ][info][gc,heap,exit   ]  Metaspace       used 8889K, committed 9920K, reserved 1114112K
[2025-05-20T18:30:04.562+0300][12608][6780 ][info][gc,heap,exit   ]   class space    used 894K, committed 1280K, reserved 1048576K
