[2025-05-18T20:19:11.490+0300][18128][17924][info][gc,init] CardTable entry size: 512
[2025-05-18T20:19:11.490+0300][18128][17924][info][gc     ] Using G1
[2025-05-18T20:19:11.532+0300][18128][17924][info][gc,init] Version: 21.0.6+8-LTS-188 (release)
[2025-05-18T20:19:11.532+0300][18128][17924][info][gc,init] CPUs: 8 total, 8 available
[2025-05-18T20:19:11.532+0300][18128][17924][info][gc,init] Memory: 16183M
[2025-05-18T20:19:11.532+0300][18128][17924][info][gc,init] Large Page Support: Disabled
[2025-05-18T20:19:11.532+0300][18128][17924][info][gc,init] NUMA Support: Disabled
[2025-05-18T20:19:11.533+0300][18128][17924][info][gc,init] Compressed Oops: Enabled (Zero based)
[2025-05-18T20:19:11.533+0300][18128][17924][info][gc,init] Heap Region Size: 8M
[2025-05-18T20:19:11.533+0300][18128][17924][info][gc,init] Heap Min Capacity: 12G
[2025-05-18T20:19:11.533+0300][18128][17924][info][gc,init] Heap Initial Capacity: 12G
[2025-05-18T20:19:11.533+0300][18128][17924][info][gc,init] Heap Max Capacity: 12G
[2025-05-18T20:19:11.533+0300][18128][17924][info][gc,init] Pre-touch: Disabled
[2025-05-18T20:19:11.533+0300][18128][17924][info][gc,init] Parallel Workers: 8
[2025-05-18T20:19:11.533+0300][18128][17924][info][gc,init] Concurrent Workers: 2
[2025-05-18T20:19:11.533+0300][18128][17924][info][gc,init] Concurrent Refinement Workers: 8
[2025-05-18T20:19:11.533+0300][18128][17924][info][gc,init] Periodic GC: Disabled
[2025-05-18T20:19:11.543+0300][18128][17924][info][gc,metaspace] CDS archive(s) mapped at: [0x000002034f000000-0x000002034fc90000-0x000002034fc90000), size 13172736, SharedBaseAddress: 0x000002034f000000, ArchiveRelocationMode: 1.
[2025-05-18T20:19:11.544+0300][18128][17924][info][gc,metaspace] Compressed class space mapped at: 0x0000020350000000-0x0000020390000000, reserved size: 1073741824
[2025-05-18T20:19:11.544+0300][18128][17924][info][gc,metaspace] Narrow klass base: 0x000002034f000000, Narrow klass shift: 0, Narrow klass range: 0x100000000
[2025-05-18T20:19:18.320+0300][18128][24640][info][gc,start    ] GC(0) Pause Full (System.gc())
[2025-05-18T20:19:18.321+0300][18128][24640][info][gc,task     ] GC(0) Using 8 workers of 8 for full compaction
[2025-05-18T20:19:18.321+0300][18128][24640][info][gc,phases,start] GC(0) Phase 1: Mark live objects
[2025-05-18T20:19:18.341+0300][18128][24640][info][gc,phases      ] GC(0) Phase 1: Mark live objects 19.585ms
[2025-05-18T20:19:18.341+0300][18128][24640][info][gc,phases,start] GC(0) Phase 2: Prepare compaction
[2025-05-18T20:19:18.344+0300][18128][24640][info][gc,phases      ] GC(0) Phase 2: Prepare compaction 3.270ms
[2025-05-18T20:19:18.344+0300][18128][24640][info][gc,phases,start] GC(0) Phase 3: Adjust pointers
[2025-05-18T20:19:18.350+0300][18128][24640][info][gc,phases      ] GC(0) Phase 3: Adjust pointers 6.289ms
[2025-05-18T20:19:18.350+0300][18128][24640][info][gc,phases,start] GC(0) Phase 4: Compact heap
[2025-05-18T20:19:18.356+0300][18128][24640][info][gc,phases      ] GC(0) Phase 4: Compact heap 5.174ms
[2025-05-18T20:19:18.356+0300][18128][24640][info][gc,phases,start] GC(0) Phase 5: Reset Metadata
[2025-05-18T20:19:18.358+0300][18128][24640][info][gc,phases      ] GC(0) Phase 5: Reset Metadata 2.560ms
[2025-05-18T20:19:18.385+0300][18128][24640][info][gc,heap        ] GC(0) Eden regions: 27->0(76)
[2025-05-18T20:19:18.385+0300][18128][24640][info][gc,heap        ] GC(0) Survivor regions: 0->0(0)
[2025-05-18T20:19:18.386+0300][18128][24640][info][gc,heap        ] GC(0) Old regions: 0->8
[2025-05-18T20:19:18.386+0300][18128][24640][info][gc,heap        ] GC(0) Humongous regions: 0->0
[2025-05-18T20:19:18.386+0300][18128][24640][info][gc,metaspace   ] GC(0) Metaspace: 15394K(15808K)->15394K(15808K) NonClass: 13881K(14080K)->13881K(14080K) Class: 1512K(1728K)->1512K(1728K)
[2025-05-18T20:19:18.386+0300][18128][24640][info][gc             ] GC(0) Pause Full (System.gc()) 216M->9M(12288M) 64.696ms
[2025-05-18T20:19:18.386+0300][18128][24640][info][gc,cpu         ] GC(0) User=0.20s Sys=0.08s Real=0.07s
[2025-05-18T20:19:20.063+0300][18128][24640][info][gc,start       ] GC(1) Pause Young (Concurrent Start) (Metadata GC Threshold)
[2025-05-18T20:19:20.064+0300][18128][24640][info][gc,task        ] GC(1) Using 8 workers of 8 for evacuation
[2025-05-18T20:19:20.072+0300][18128][24640][info][gc,phases      ] GC(1)   Pre Evacuate Collection Set: 0.8ms
[2025-05-18T20:19:20.072+0300][18128][24640][info][gc,phases      ] GC(1)   Merge Heap Roots: 0.1ms
[2025-05-18T20:19:20.072+0300][18128][24640][info][gc,phases      ] GC(1)   Evacuate Collection Set: 7.2ms
[2025-05-18T20:19:20.072+0300][18128][24640][info][gc,phases      ] GC(1)   Post Evacuate Collection Set: 0.4ms
[2025-05-18T20:19:20.072+0300][18128][24640][info][gc,phases      ] GC(1)   Other: -0.1ms
[2025-05-18T20:19:20.072+0300][18128][24640][info][gc,heap        ] GC(1) Eden regions: 22->0(75)
[2025-05-18T20:19:20.072+0300][18128][24640][info][gc,heap        ] GC(1) Survivor regions: 0->1(10)
[2025-05-18T20:19:20.072+0300][18128][24640][info][gc,heap        ] GC(1) Old regions: 8->8
[2025-05-18T20:19:20.072+0300][18128][24640][info][gc,heap        ] GC(1) Humongous regions: 0->0
[2025-05-18T20:19:20.072+0300][18128][24640][info][gc,metaspace   ] GC(1) Metaspace: 25987K(26368K)->25987K(26368K) NonClass: 23520K(23744K)->23520K(23744K) Class: 2466K(2624K)->2466K(2624K)
[2025-05-18T20:19:20.072+0300][18128][24640][info][gc             ] GC(1) Pause Young (Concurrent Start) (Metadata GC Threshold) 181M->13M(12288M) 9.310ms
[2025-05-18T20:19:20.072+0300][18128][24640][info][gc,cpu         ] GC(1) User=0.00s Sys=0.00s Real=0.01s
[2025-05-18T20:19:20.072+0300][18128][5524 ][info][gc             ] GC(2) Concurrent Mark Cycle
[2025-05-18T20:19:20.072+0300][18128][5524 ][info][gc,marking     ] GC(2) Concurrent Scan Root Regions
[2025-05-18T20:19:20.075+0300][18128][5524 ][info][gc,marking     ] GC(2) Concurrent Scan Root Regions 2.318ms
[2025-05-18T20:19:20.075+0300][18128][5524 ][info][gc,marking     ] GC(2) Concurrent Mark
[2025-05-18T20:19:20.075+0300][18128][5524 ][info][gc,marking     ] GC(2) Concurrent Mark From Roots
[2025-05-18T20:19:20.075+0300][18128][5524 ][info][gc,task        ] GC(2) Using 2 workers of 2 for marking
[2025-05-18T20:19:20.087+0300][18128][5524 ][info][gc,marking     ] GC(2) Concurrent Mark From Roots 12.286ms
[2025-05-18T20:19:20.087+0300][18128][5524 ][info][gc,marking     ] GC(2) Concurrent Preclean
[2025-05-18T20:19:20.087+0300][18128][5524 ][info][gc,marking     ] GC(2) Concurrent Preclean 0.041ms
[2025-05-18T20:19:20.087+0300][18128][24640][info][gc,start       ] GC(2) Pause Remark
[2025-05-18T20:19:20.091+0300][18128][24640][info][gc             ] GC(2) Pause Remark 21M->21M(12288M) 3.256ms
[2025-05-18T20:19:20.091+0300][18128][24640][info][gc,cpu         ] GC(2) User=0.00s Sys=0.00s Real=0.00s
[2025-05-18T20:19:20.091+0300][18128][5524 ][info][gc,marking     ] GC(2) Concurrent Mark 15.947ms
[2025-05-18T20:19:20.091+0300][18128][5524 ][info][gc,marking     ] GC(2) Concurrent Rebuild Remembered Sets and Scrub Regions
[2025-05-18T20:19:20.097+0300][18128][5524 ][info][gc,marking     ] GC(2) Concurrent Rebuild Remembered Sets and Scrub Regions 6.284ms
[2025-05-18T20:19:20.097+0300][18128][24640][info][gc,start       ] GC(2) Pause Cleanup
[2025-05-18T20:19:20.097+0300][18128][24640][info][gc             ] GC(2) Pause Cleanup 21M->21M(12288M) 0.280ms
[2025-05-18T20:19:20.097+0300][18128][24640][info][gc,cpu         ] GC(2) User=0.00s Sys=0.00s Real=0.00s
[2025-05-18T20:19:20.098+0300][18128][5524 ][info][gc,marking     ] GC(2) Concurrent Clear Claimed Marks
[2025-05-18T20:19:20.098+0300][18128][5524 ][info][gc,marking     ] GC(2) Concurrent Clear Claimed Marks 0.063ms
[2025-05-18T20:19:20.098+0300][18128][5524 ][info][gc,marking     ] GC(2) Concurrent Cleanup for Next Mark
[2025-05-18T20:19:20.121+0300][18128][5524 ][info][gc,marking     ] GC(2) Concurrent Cleanup for Next Mark 23.188ms
[2025-05-18T20:19:20.121+0300][18128][5524 ][info][gc             ] GC(2) Concurrent Mark Cycle 48.634ms
[2025-05-18T20:19:36.787+0300][18128][24640][info][gc,start       ] GC(3) Pause Young (Prepare Mixed) (G1 Evacuation Pause)
[2025-05-18T20:19:36.788+0300][18128][24640][info][gc,task        ] GC(3) Using 8 workers of 8 for evacuation
[2025-05-18T20:19:36.794+0300][18128][24640][info][gc,phases      ] GC(3)   Pre Evacuate Collection Set: 0.2ms
[2025-05-18T20:19:36.795+0300][18128][24640][info][gc,phases      ] GC(3)   Merge Heap Roots: 0.1ms
[2025-05-18T20:19:36.795+0300][18128][24640][info][gc,phases      ] GC(3)   Evacuate Collection Set: 5.0ms
[2025-05-18T20:19:36.795+0300][18128][24640][info][gc,phases      ] GC(3)   Post Evacuate Collection Set: 1.4ms
[2025-05-18T20:19:36.795+0300][18128][24640][info][gc,phases      ] GC(3)   Other: 0.2ms
[2025-05-18T20:19:36.795+0300][18128][24640][info][gc,heap        ] GC(3) Eden regions: 75->0(180)
[2025-05-18T20:19:36.795+0300][18128][24640][info][gc,heap        ] GC(3) Survivor regions: 1->1(10)
[2025-05-18T20:19:36.795+0300][18128][24640][info][gc,heap        ] GC(3) Old regions: 8->8
[2025-05-18T20:19:36.795+0300][18128][24640][info][gc,heap        ] GC(3) Humongous regions: 0->0
[2025-05-18T20:19:36.795+0300][18128][24640][info][gc,metaspace   ] GC(3) Metaspace: 33719K(34624K)->33719K(34624K) NonClass: 30789K(31296K)->30789K(31296K) Class: 2930K(3328K)->2930K(3328K)
[2025-05-18T20:19:36.795+0300][18128][24640][info][gc             ] GC(3) Pause Young (Prepare Mixed) (G1 Evacuation Pause) 613M->15M(12288M) 7.441ms
[2025-05-18T20:19:36.795+0300][18128][24640][info][gc,cpu         ] GC(3) User=0.03s Sys=0.00s Real=0.01s
[2025-05-18T20:20:22.198+0300][18128][24640][info][gc,start       ] GC(4) Pause Young (Mixed) (G1 Evacuation Pause)
[2025-05-18T20:20:22.198+0300][18128][24640][info][gc,task        ] GC(4) Using 8 workers of 8 for evacuation
[2025-05-18T20:20:22.205+0300][18128][24640][info][gc,phases      ] GC(4)   Pre Evacuate Collection Set: 0.3ms
[2025-05-18T20:20:22.205+0300][18128][24640][info][gc,phases      ] GC(4)   Merge Heap Roots: 0.2ms
[2025-05-18T20:20:22.205+0300][18128][24640][info][gc,phases      ] GC(4)   Evacuate Collection Set: 3.7ms
[2025-05-18T20:20:22.205+0300][18128][24640][info][gc,phases      ] GC(4)   Post Evacuate Collection Set: 1.3ms
[2025-05-18T20:20:22.205+0300][18128][24640][info][gc,phases      ] GC(4)   Other: 0.1ms
[2025-05-18T20:20:22.205+0300][18128][24640][info][gc,heap        ] GC(4) Eden regions: 180->0(920)
[2025-05-18T20:20:22.205+0300][18128][24640][info][gc,heap        ] GC(4) Survivor regions: 1->1(23)
[2025-05-18T20:20:22.205+0300][18128][24640][info][gc,heap        ] GC(4) Old regions: 8->8
[2025-05-18T20:20:22.205+0300][18128][24640][info][gc,heap        ] GC(4) Humongous regions: 0->0
[2025-05-18T20:20:22.205+0300][18128][24640][info][gc,metaspace   ] GC(4) Metaspace: 34416K(35328K)->34416K(35328K) NonClass: 31482K(32000K)->31482K(32000K) Class: 2933K(3328K)->2933K(3328K)
[2025-05-18T20:20:22.205+0300][18128][24640][info][gc             ] GC(4) Pause Young (Mixed) (G1 Evacuation Pause) 1455M->16M(12288M) 5.911ms
[2025-05-18T20:20:22.205+0300][18128][24640][info][gc,cpu         ] GC(4) User=0.08s Sys=0.05s Real=0.01s
[2025-05-18T20:22:17.511+0300][18128][24640][info][gc,start       ] GC(5) Pause Full (System.gc())
[2025-05-18T20:22:17.511+0300][18128][24640][info][gc,task        ] GC(5) Using 8 workers of 8 for full compaction
[2025-05-18T20:22:17.512+0300][18128][24640][info][gc,phases,start] GC(5) Phase 1: Mark live objects
[2025-05-18T20:22:17.531+0300][18128][24640][info][gc,phases      ] GC(5) Phase 1: Mark live objects 19.368ms
[2025-05-18T20:22:17.531+0300][18128][24640][info][gc,phases,start] GC(5) Phase 2: Prepare compaction
[2025-05-18T20:22:17.533+0300][18128][24640][info][gc,phases      ] GC(5) Phase 2: Prepare compaction 3.136ms
[2025-05-18T20:22:17.533+0300][18128][24640][info][gc,phases,start] GC(5) Phase 3: Adjust pointers
[2025-05-18T20:22:17.544+0300][18128][24640][info][gc,phases      ] GC(5) Phase 3: Adjust pointers 9.644ms
[2025-05-18T20:22:17.544+0300][18128][24640][info][gc,phases,start] GC(5) Phase 4: Compact heap
[2025-05-18T20:22:17.549+0300][18128][24640][info][gc,phases      ] GC(5) Phase 4: Compact heap 5.101ms
[2025-05-18T20:22:17.549+0300][18128][24640][info][gc,phases,start] GC(5) Phase 5: Reset Metadata
[2025-05-18T20:22:17.551+0300][18128][24640][info][gc,phases      ] GC(5) Phase 5: Reset Metadata 2.636ms
[2025-05-18T20:22:17.572+0300][18128][24640][info][gc,heap        ] GC(5) Eden regions: 448->0(921)
[2025-05-18T20:22:17.572+0300][18128][24640][info][gc,heap        ] GC(5) Survivor regions: 1->0(23)
[2025-05-18T20:22:17.572+0300][18128][24640][info][gc,heap        ] GC(5) Old regions: 8->8
[2025-05-18T20:22:17.572+0300][18128][24640][info][gc,heap        ] GC(5) Humongous regions: 0->0
[2025-05-18T20:22:17.572+0300][18128][24640][info][gc,metaspace   ] GC(5) Metaspace: 34631K(35520K)->33191K(35392K) NonClass: 31688K(32192K)->30410K(32064K) Class: 2943K(3328K)->2780K(3328K)
[2025-05-18T20:22:17.572+0300][18128][24640][info][gc             ] GC(5) Pause Full (System.gc()) 3600M->13M(12288M) 60.704ms
[2025-05-18T20:22:17.572+0300][18128][24640][info][gc,cpu         ] GC(5) User=0.27s Sys=0.17s Real=0.06s
[2025-05-18T20:25:10.971+0300][18128][24640][info][gc,start       ] GC(6) Pause Full (System.gc())
[2025-05-18T20:25:10.971+0300][18128][24640][info][gc,task        ] GC(6) Using 8 workers of 8 for full compaction
[2025-05-18T20:25:10.971+0300][18128][24640][info][gc,phases,start] GC(6) Phase 1: Mark live objects
[2025-05-18T20:25:10.993+0300][18128][24640][info][gc,phases      ] GC(6) Phase 1: Mark live objects 21.297ms
[2025-05-18T20:25:10.993+0300][18128][24640][info][gc,phases,start] GC(6) Phase 2: Prepare compaction
[2025-05-18T20:25:10.997+0300][18128][24640][info][gc,phases      ] GC(6) Phase 2: Prepare compaction 4.247ms
[2025-05-18T20:25:10.997+0300][18128][24640][info][gc,phases,start] GC(6) Phase 3: Adjust pointers
[2025-05-18T20:25:11.005+0300][18128][24640][info][gc,phases      ] GC(6) Phase 3: Adjust pointers 8.232ms
[2025-05-18T20:25:11.005+0300][18128][24640][info][gc,phases,start] GC(6) Phase 4: Compact heap
[2025-05-18T20:25:11.009+0300][18128][24640][info][gc,phases      ] GC(6) Phase 4: Compact heap 4.072ms
[2025-05-18T20:25:11.009+0300][18128][24640][info][gc,phases,start] GC(6) Phase 5: Reset Metadata
[2025-05-18T20:25:11.012+0300][18128][24640][info][gc,phases      ] GC(6) Phase 5: Reset Metadata 2.459ms
[2025-05-18T20:25:11.032+0300][18128][24640][info][gc,heap        ] GC(6) Eden regions: 674->0(921)
[2025-05-18T20:25:11.032+0300][18128][24640][info][gc,heap        ] GC(6) Survivor regions: 0->0(23)
[2025-05-18T20:25:11.032+0300][18128][24640][info][gc,heap        ] GC(6) Old regions: 8->8
[2025-05-18T20:25:11.032+0300][18128][24640][info][gc,heap        ] GC(6) Humongous regions: 0->0
[2025-05-18T20:25:11.032+0300][18128][24640][info][gc,metaspace   ] GC(6) Metaspace: 34355K(35520K)->33316K(35520K) NonClass: 31494K(32192K)->30531K(32192K) Class: 2861K(3328K)->2784K(3328K)
[2025-05-18T20:25:11.032+0300][18128][24640][info][gc             ] GC(6) Pause Full (System.gc()) 5405M->13M(12288M) 61.136ms
[2025-05-18T20:25:11.032+0300][18128][24640][info][gc,cpu         ] GC(6) User=0.16s Sys=0.00s Real=0.06s
[2025-05-18T20:28:03.898+0300][18128][17924][info][gc,heap,exit   ] Heap
[2025-05-18T20:28:03.899+0300][18128][17924][info][gc,heap,exit   ]  garbage-first heap   total 12582912K, used 5531378K [0x0000000500000000, 0x0000000800000000)
[2025-05-18T20:28:03.899+0300][18128][17924][info][gc,heap,exit   ]   region size 8192K, 674 young (5521408K), 0 survivors (0K)
[2025-05-18T20:28:03.899+0300][18128][17924][info][gc,heap,exit   ]  Metaspace       used 34429K, committed 35584K, reserved 1114112K
[2025-05-18T20:28:03.899+0300][18128][17924][info][gc,heap,exit   ]   class space    used 2864K, committed 3328K, reserved 1048576K
