[2025-05-20T18:30:05.039+0300][3900][22096][info][gc,init] CardTable entry size: 512
[2025-05-20T18:30:05.039+0300][3900][22096][info][gc     ] Using G1
[2025-05-20T18:30:05.071+0300][3900][22096][info][gc,init] Version: 21.0.7+6-LTS (release)
[2025-05-20T18:30:05.072+0300][3900][22096][info][gc,init] CPUs: 8 total, 8 available
[2025-05-20T18:30:05.072+0300][3900][22096][info][gc,init] Memory: 16222M
[2025-05-20T18:30:05.072+0300][3900][22096][info][gc,init] Large Page Support: Disabled
[2025-05-20T18:30:05.072+0300][3900][22096][info][gc,init] NUMA Support: Disabled
[2025-05-20T18:30:05.072+0300][3900][22096][info][gc,init] Compressed Oops: Enabled (Zero based)
[2025-05-20T18:30:05.072+0300][3900][22096][info][gc,init] Heap Region Size: 2M
[2025-05-20T18:30:05.072+0300][3900][22096][info][gc,init] Heap Min Capacity: 4G
[2025-05-20T18:30:05.072+0300][3900][22096][info][gc,init] Heap Initial Capacity: 4G
[2025-05-20T18:30:05.072+0300][3900][22096][info][gc,init] Heap Max Capacity: 4G
[2025-05-20T18:30:05.072+0300][3900][22096][info][gc,init] Pre-touch: Disabled
[2025-05-20T18:30:05.072+0300][3900][22096][info][gc,init] Parallel Workers: 8
[2025-05-20T18:30:05.073+0300][3900][22096][info][gc,init] Concurrent Workers: 2
[2025-05-20T18:30:05.073+0300][3900][22096][info][gc,init] Concurrent Refinement Workers: 8
[2025-05-20T18:30:05.073+0300][3900][22096][info][gc,init] Periodic GC: Disabled
[2025-05-20T18:30:05.102+0300][3900][22096][info][gc,metaspace] CDS archive(s) mapped at: [0x0000017081000000-0x0000017081c80000-0x0000017081c80000), size 13107200, SharedBaseAddress: 0x0000017081000000, ArchiveRelocationMode: 1.
[2025-05-20T18:30:05.103+0300][3900][22096][info][gc,metaspace] Compressed class space mapped at: 0x0000017082000000-0x00000170c2000000, reserved size: 1073741824
[2025-05-20T18:30:05.103+0300][3900][22096][info][gc,metaspace] Narrow klass base: 0x0000017081000000, Narrow klass shift: 0, Narrow klass range: 0x100000000
[2025-05-20T18:30:23.230+0300][3900][23368][info][gc,start    ] GC(0) Pause Full (System.gc())
[2025-05-20T18:30:23.231+0300][3900][23368][info][gc,task     ] GC(0) Using 8 workers of 8 for full compaction
[2025-05-20T18:30:23.232+0300][3900][23368][info][gc,phases,start] GC(0) Phase 1: Mark live objects
[2025-05-20T18:30:23.246+0300][3900][23368][info][gc,phases      ] GC(0) Phase 1: Mark live objects 14.160ms
[2025-05-20T18:30:23.246+0300][3900][23368][info][gc,phases,start] GC(0) Phase 2: Prepare compaction
[2025-05-20T18:30:23.248+0300][3900][23368][info][gc,phases      ] GC(0) Phase 2: Prepare compaction 1.754ms
[2025-05-20T18:30:23.248+0300][3900][23368][info][gc,phases,start] GC(0) Phase 3: Adjust pointers
[2025-05-20T18:30:23.252+0300][3900][23368][info][gc,phases      ] GC(0) Phase 3: Adjust pointers 4.677ms
[2025-05-20T18:30:23.252+0300][3900][23368][info][gc,phases,start] GC(0) Phase 4: Compact heap
[2025-05-20T18:30:23.257+0300][3900][23368][info][gc,phases      ] GC(0) Phase 4: Compact heap 5.136ms
[2025-05-20T18:30:23.257+0300][3900][23368][info][gc,phases,start] GC(0) Phase 5: Reset Metadata
[2025-05-20T18:30:23.260+0300][3900][23368][info][gc,phases      ] GC(0) Phase 5: Reset Metadata 1.596ms
[2025-05-20T18:30:23.279+0300][3900][23368][info][gc,heap        ] GC(0) Eden regions: 95->0(102)
[2025-05-20T18:30:23.279+0300][3900][23368][info][gc,heap        ] GC(0) Survivor regions: 0->0(0)
[2025-05-20T18:30:23.279+0300][3900][23368][info][gc,heap        ] GC(0) Old regions: 0->9
[2025-05-20T18:30:23.279+0300][3900][23368][info][gc,heap        ] GC(0) Humongous regions: 0->0
[2025-05-20T18:30:23.279+0300][3900][23368][info][gc,metaspace   ] GC(0) Metaspace: 15527K(15936K)->15527K(15936K) NonClass: 14005K(14208K)->14005K(14208K) Class: 1521K(1728K)->1521K(1728K)
[2025-05-20T18:30:23.279+0300][3900][23368][info][gc             ] GC(0) Pause Full (System.gc()) 190M->9M(4096M) 49.409ms
[2025-05-20T18:30:23.279+0300][3900][23368][info][gc,cpu         ] GC(0) User=0.06s Sys=0.09s Real=0.05s
[2025-05-20T18:30:25.094+0300][3900][23368][info][gc,start       ] GC(1) Pause Young (Concurrent Start) (Metadata GC Threshold)
[2025-05-20T18:30:25.095+0300][3900][23368][info][gc,task        ] GC(1) Using 8 workers of 8 for evacuation
[2025-05-20T18:30:25.109+0300][3900][23368][info][gc,phases      ] GC(1)   Pre Evacuate Collection Set: 1.1ms
[2025-05-20T18:30:25.109+0300][3900][23368][info][gc,phases      ] GC(1)   Merge Heap Roots: 0.2ms
[2025-05-20T18:30:25.109+0300][3900][23368][info][gc,phases      ] GC(1)   Evacuate Collection Set: 11.8ms
[2025-05-20T18:30:25.109+0300][3900][23368][info][gc,phases      ] GC(1)   Post Evacuate Collection Set: 0.7ms
[2025-05-20T18:30:25.109+0300][3900][23368][info][gc,phases      ] GC(1)   Other: -0.2ms
[2025-05-20T18:30:25.109+0300][3900][23368][info][gc,heap        ] GC(1) Eden regions: 62->0(99)
[2025-05-20T18:30:25.109+0300][3900][23368][info][gc,heap        ] GC(1) Survivor regions: 0->3(13)
[2025-05-20T18:30:25.109+0300][3900][23368][info][gc,heap        ] GC(1) Old regions: 9->9
[2025-05-20T18:30:25.109+0300][3900][23368][info][gc,heap        ] GC(1) Humongous regions: 0->0
[2025-05-20T18:30:25.109+0300][3900][23368][info][gc,metaspace   ] GC(1) Metaspace: 26100K(26560K)->26100K(26560K) NonClass: 23623K(23872K)->23623K(23872K) Class: 2477K(2688K)->2477K(2688K)
[2025-05-20T18:30:25.109+0300][3900][23368][info][gc             ] GC(1) Pause Young (Concurrent Start) (Metadata GC Threshold) 133M->14M(4096M) 14.342ms
[2025-05-20T18:30:25.109+0300][3900][17896][info][gc             ] GC(2) Concurrent Mark Cycle
[2025-05-20T18:30:25.109+0300][3900][23368][info][gc,cpu         ] GC(1) User=0.00s Sys=0.00s Real=0.01s
[2025-05-20T18:30:25.109+0300][3900][17896][info][gc,marking     ] GC(2) Concurrent Scan Root Regions
[2025-05-20T18:30:25.112+0300][3900][17896][info][gc,marking     ] GC(2) Concurrent Scan Root Regions 2.596ms
[2025-05-20T18:30:25.112+0300][3900][17896][info][gc,marking     ] GC(2) Concurrent Mark
[2025-05-20T18:30:25.112+0300][3900][17896][info][gc,marking     ] GC(2) Concurrent Mark From Roots
[2025-05-20T18:30:25.112+0300][3900][17896][info][gc,task        ] GC(2) Using 2 workers of 2 for marking
[2025-05-20T18:30:25.128+0300][3900][17896][info][gc,marking     ] GC(2) Concurrent Mark From Roots 16.660ms
[2025-05-20T18:30:25.129+0300][3900][17896][info][gc,marking     ] GC(2) Concurrent Preclean
[2025-05-20T18:30:25.129+0300][3900][17896][info][gc,marking     ] GC(2) Concurrent Preclean 0.070ms
[2025-05-20T18:30:25.129+0300][3900][23368][info][gc,start       ] GC(2) Pause Remark
[2025-05-20T18:30:25.136+0300][3900][23368][info][gc             ] GC(2) Pause Remark 16M->16M(4096M) 7.552ms
[2025-05-20T18:30:25.136+0300][3900][23368][info][gc,cpu         ] GC(2) User=0.00s Sys=0.00s Real=0.01s
[2025-05-20T18:30:25.137+0300][3900][17896][info][gc,marking     ] GC(2) Concurrent Mark 24.888ms
[2025-05-20T18:30:25.137+0300][3900][17896][info][gc,marking     ] GC(2) Concurrent Rebuild Remembered Sets and Scrub Regions
[2025-05-20T18:30:25.143+0300][3900][17896][info][gc,marking     ] GC(2) Concurrent Rebuild Remembered Sets and Scrub Regions 5.700ms
[2025-05-20T18:30:25.143+0300][3900][23368][info][gc,start       ] GC(2) Pause Cleanup
[2025-05-20T18:30:25.143+0300][3900][23368][info][gc             ] GC(2) Pause Cleanup 16M->16M(4096M) 0.299ms
[2025-05-20T18:30:25.144+0300][3900][23368][info][gc,cpu         ] GC(2) User=0.00s Sys=0.00s Real=0.00s
[2025-05-20T18:30:25.144+0300][3900][17896][info][gc,marking     ] GC(2) Concurrent Clear Claimed Marks
[2025-05-20T18:30:25.144+0300][3900][17896][info][gc,marking     ] GC(2) Concurrent Clear Claimed Marks 0.119ms
[2025-05-20T18:30:25.144+0300][3900][17896][info][gc,marking     ] GC(2) Concurrent Cleanup for Next Mark
[2025-05-20T18:30:25.150+0300][3900][17896][info][gc,marking     ] GC(2) Concurrent Cleanup for Next Mark 6.539ms
[2025-05-20T18:30:25.150+0300][3900][17896][info][gc             ] GC(2) Concurrent Mark Cycle 41.010ms
[2025-05-20T18:30:34.067+0300][3900][23368][info][gc,start       ] GC(3) Pause Young (Prepare Mixed) (G1 Evacuation Pause)
[2025-05-20T18:30:34.067+0300][3900][23368][info][gc,task        ] GC(3) Using 8 workers of 8 for evacuation
[2025-05-20T18:30:34.074+0300][3900][23368][info][gc,phases      ] GC(3)   Pre Evacuate Collection Set: 0.4ms
[2025-05-20T18:30:34.074+0300][3900][23368][info][gc,phases      ] GC(3)   Merge Heap Roots: 0.1ms
[2025-05-20T18:30:34.074+0300][3900][23368][info][gc,phases      ] GC(3)   Evacuate Collection Set: 5.1ms
[2025-05-20T18:30:34.074+0300][3900][23368][info][gc,phases      ] GC(3)   Post Evacuate Collection Set: 1.1ms
[2025-05-20T18:30:34.074+0300][3900][23368][info][gc,phases      ] GC(3)   Other: 0.2ms
[2025-05-20T18:30:34.074+0300][3900][23368][info][gc,heap        ] GC(3) Eden regions: 99->0(374)
[2025-05-20T18:30:34.074+0300][3900][23368][info][gc,heap        ] GC(3) Survivor regions: 3->4(13)
[2025-05-20T18:30:34.074+0300][3900][23368][info][gc,heap        ] GC(3) Old regions: 9->9
[2025-05-20T18:30:34.074+0300][3900][23368][info][gc,heap        ] GC(3) Humongous regions: 0->0
[2025-05-20T18:30:34.074+0300][3900][23368][info][gc,metaspace   ] GC(3) Metaspace: 31924K(32768K)->31924K(32768K) NonClass: 29007K(29504K)->29007K(29504K) Class: 2917K(3264K)->2917K(3264K)
[2025-05-20T18:30:34.074+0300][3900][23368][info][gc             ] GC(3) Pause Young (Prepare Mixed) (G1 Evacuation Pause) 212M->16M(4096M) 7.398ms
[2025-05-20T18:30:34.074+0300][3900][23368][info][gc,cpu         ] GC(3) User=0.00s Sys=0.00s Real=0.01s
[2025-05-20T18:30:58.360+0300][3900][23368][info][gc,start       ] GC(4) Pause Young (Mixed) (G1 Evacuation Pause)
[2025-05-20T18:30:58.360+0300][3900][23368][info][gc,task        ] GC(4) Using 8 workers of 8 for evacuation
[2025-05-20T18:30:58.367+0300][3900][23368][info][gc,phases      ] GC(4)   Pre Evacuate Collection Set: 0.5ms
[2025-05-20T18:30:58.368+0300][3900][23368][info][gc,phases      ] GC(4)   Merge Heap Roots: 0.1ms
[2025-05-20T18:30:58.368+0300][3900][23368][info][gc,phases      ] GC(4)   Evacuate Collection Set: 5.3ms
[2025-05-20T18:30:58.368+0300][3900][23368][info][gc,phases      ] GC(4)   Post Evacuate Collection Set: 1.3ms
[2025-05-20T18:30:58.368+0300][3900][23368][info][gc,phases      ] GC(4)   Other: 0.3ms
[2025-05-20T18:30:58.368+0300][3900][23368][info][gc,heap        ] GC(4) Eden regions: 374->0(792)
[2025-05-20T18:30:58.368+0300][3900][23368][info][gc,heap        ] GC(4) Survivor regions: 4->4(48)
[2025-05-20T18:30:58.368+0300][3900][23368][info][gc,heap        ] GC(4) Old regions: 9->9
[2025-05-20T18:30:58.368+0300][3900][23368][info][gc,heap        ] GC(4) Humongous regions: 0->0
[2025-05-20T18:30:58.368+0300][3900][23368][info][gc,metaspace   ] GC(4) Metaspace: 34236K(35072K)->34236K(35072K) NonClass: 31289K(31744K)->31289K(31744K) Class: 2947K(3328K)->2947K(3328K)
[2025-05-20T18:30:58.368+0300][3900][23368][info][gc             ] GC(4) Pause Young (Mixed) (G1 Evacuation Pause) 764M->16M(4096M) 8.094ms
[2025-05-20T18:30:58.368+0300][3900][23368][info][gc,cpu         ] GC(4) User=0.02s Sys=0.00s Real=0.01s
[2025-05-20T18:31:49.166+0300][3900][23368][info][gc,start       ] GC(5) Pause Young (Normal) (G1 Evacuation Pause)
[2025-05-20T18:31:49.167+0300][3900][23368][info][gc,task        ] GC(5) Using 8 workers of 8 for evacuation
[2025-05-20T18:31:49.175+0300][3900][23368][info][gc,phases      ] GC(5)   Pre Evacuate Collection Set: 0.5ms
[2025-05-20T18:31:49.175+0300][3900][23368][info][gc,phases      ] GC(5)   Merge Heap Roots: 0.2ms
[2025-05-20T18:31:49.175+0300][3900][23368][info][gc,phases      ] GC(5)   Evacuate Collection Set: 6.2ms
[2025-05-20T18:31:49.175+0300][3900][23368][info][gc,phases      ] GC(5)   Post Evacuate Collection Set: 1.4ms
[2025-05-20T18:31:49.175+0300][3900][23368][info][gc,phases      ] GC(5)   Other: 0.3ms
[2025-05-20T18:31:49.175+0300][3900][23368][info][gc,heap        ] GC(5) Eden regions: 792->0(1224)
[2025-05-20T18:31:49.175+0300][3900][23368][info][gc,heap        ] GC(5) Survivor regions: 4->4(100)
[2025-05-20T18:31:49.175+0300][3900][23368][info][gc,heap        ] GC(5) Old regions: 9->9
[2025-05-20T18:31:49.175+0300][3900][23368][info][gc,heap        ] GC(5) Humongous regions: 0->0
[2025-05-20T18:31:49.175+0300][3900][23368][info][gc,metaspace   ] GC(5) Metaspace: 34550K(35392K)->34550K(35392K) NonClass: 31601K(32064K)->31601K(32064K) Class: 2948K(3328K)->2948K(3328K)
[2025-05-20T18:31:49.175+0300][3900][23368][info][gc             ] GC(5) Pause Young (Normal) (G1 Evacuation Pause) 1600M->16M(4096M) 9.220ms
[2025-05-20T18:31:49.175+0300][3900][23368][info][gc,cpu         ] GC(5) User=0.00s Sys=0.02s Real=0.01s
[2025-05-20T18:33:07.863+0300][3900][23368][info][gc,start       ] GC(6) Pause Young (Normal) (G1 Evacuation Pause)
[2025-05-20T18:33:07.864+0300][3900][23368][info][gc,task        ] GC(6) Using 8 workers of 8 for evacuation
[2025-05-20T18:33:07.872+0300][3900][23368][info][gc,phases      ] GC(6)   Pre Evacuate Collection Set: 0.6ms
[2025-05-20T18:33:07.872+0300][3900][23368][info][gc,phases      ] GC(6)   Merge Heap Roots: 0.2ms
[2025-05-20T18:33:07.873+0300][3900][23368][info][gc,phases      ] GC(6)   Evacuate Collection Set: 6.2ms
[2025-05-20T18:33:07.873+0300][3900][23368][info][gc,phases      ] GC(6)   Post Evacuate Collection Set: 1.9ms
[2025-05-20T18:33:07.873+0300][3900][23368][info][gc,phases      ] GC(6)   Other: 0.2ms
[2025-05-20T18:33:07.873+0300][3900][23368][info][gc,heap        ] GC(6) Eden regions: 1224->0(1224)
[2025-05-20T18:33:07.873+0300][3900][23368][info][gc,heap        ] GC(6) Survivor regions: 4->4(154)
[2025-05-20T18:33:07.873+0300][3900][23368][info][gc,heap        ] GC(6) Old regions: 9->9
[2025-05-20T18:33:07.873+0300][3900][23368][info][gc,heap        ] GC(6) Humongous regions: 0->0
[2025-05-20T18:33:07.873+0300][3900][23368][info][gc,metaspace   ] GC(6) Metaspace: 34645K(35520K)->34645K(35520K) NonClass: 31694K(32192K)->31694K(32192K) Class: 2950K(3328K)->2950K(3328K)
[2025-05-20T18:33:07.873+0300][3900][23368][info][gc             ] GC(6) Pause Young (Normal) (G1 Evacuation Pause) 2464M->16M(4096M) 9.796ms
[2025-05-20T18:33:07.873+0300][3900][23368][info][gc,cpu         ] GC(6) User=0.00s Sys=0.00s Real=0.01s
[2025-05-20T18:33:31.138+0300][3900][23368][info][gc,start       ] GC(7) Pause Full (System.gc())
[2025-05-20T18:33:31.138+0300][3900][23368][info][gc,task        ] GC(7) Using 8 workers of 8 for full compaction
[2025-05-20T18:33:31.139+0300][3900][23368][info][gc,phases,start] GC(7) Phase 1: Mark live objects
[2025-05-20T18:33:31.181+0300][3900][23368][info][gc,phases      ] GC(7) Phase 1: Mark live objects 42.458ms
[2025-05-20T18:33:31.181+0300][3900][23368][info][gc,phases,start] GC(7) Phase 2: Prepare compaction
[2025-05-20T18:33:31.183+0300][3900][23368][info][gc,phases      ] GC(7) Phase 2: Prepare compaction 1.979ms
[2025-05-20T18:33:31.183+0300][3900][23368][info][gc,phases,start] GC(7) Phase 3: Adjust pointers
[2025-05-20T18:33:31.196+0300][3900][23368][info][gc,phases      ] GC(7) Phase 3: Adjust pointers 12.549ms
[2025-05-20T18:33:31.196+0300][3900][23368][info][gc,phases,start] GC(7) Phase 4: Compact heap
[2025-05-20T18:33:31.201+0300][3900][23368][info][gc,phases      ] GC(7) Phase 4: Compact heap 5.104ms
[2025-05-20T18:33:31.201+0300][3900][23368][info][gc,phases,start] GC(7) Phase 5: Reset Metadata
[2025-05-20T18:33:31.203+0300][3900][23368][info][gc,phases      ] GC(7) Phase 5: Reset Metadata 1.778ms
[2025-05-20T18:33:31.217+0300][3900][23368][info][gc,heap        ] GC(7) Eden regions: 363->0(1228)
[2025-05-20T18:33:31.217+0300][3900][23368][info][gc,heap        ] GC(7) Survivor regions: 4->0(154)
[2025-05-20T18:33:31.217+0300][3900][23368][info][gc,heap        ] GC(7) Old regions: 9->11
[2025-05-20T18:33:31.217+0300][3900][23368][info][gc,heap        ] GC(7) Humongous regions: 0->0
[2025-05-20T18:33:31.217+0300][3900][23368][info][gc,metaspace   ] GC(7) Metaspace: 34756K(35648K)->33282K(35520K) NonClass: 31797K(32320K)->30491K(32192K) Class: 2959K(3328K)->2790K(3328K)
[2025-05-20T18:33:31.217+0300][3900][23368][info][gc             ] GC(7) Pause Full (System.gc()) 740M->14M(4096M) 79.632ms
[2025-05-20T18:33:31.217+0300][3900][23368][info][gc,cpu         ] GC(7) User=0.02s Sys=0.00s Real=0.08s
[2025-05-20T18:34:48.313+0300][3900][23368][info][gc,start       ] GC(8) Pause Young (Normal) (G1 Evacuation Pause)
[2025-05-20T18:34:48.313+0300][3900][23368][info][gc,task        ] GC(8) Using 8 workers of 8 for evacuation
[2025-05-20T18:34:48.317+0300][3900][23368][info][gc,phases      ] GC(8)   Pre Evacuate Collection Set: 0.5ms
[2025-05-20T18:34:48.317+0300][3900][23368][info][gc,phases      ] GC(8)   Merge Heap Roots: 0.3ms
[2025-05-20T18:34:48.317+0300][3900][23368][info][gc,phases      ] GC(8)   Evacuate Collection Set: 1.7ms
[2025-05-20T18:34:48.317+0300][3900][23368][info][gc,phases      ] GC(8)   Post Evacuate Collection Set: 1.7ms
[2025-05-20T18:34:48.317+0300][3900][23368][info][gc,phases      ] GC(8)   Other: 0.3ms
[2025-05-20T18:34:48.317+0300][3900][23368][info][gc,heap        ] GC(8) Eden regions: 1228->0(1226)
[2025-05-20T18:34:48.317+0300][3900][23368][info][gc,heap        ] GC(8) Survivor regions: 0->2(154)
[2025-05-20T18:34:48.317+0300][3900][23368][info][gc,heap        ] GC(8) Old regions: 11->11
[2025-05-20T18:34:48.317+0300][3900][23368][info][gc,heap        ] GC(8) Humongous regions: 0->0
[2025-05-20T18:34:48.317+0300][3900][23368][info][gc,metaspace   ] GC(8) Metaspace: 34453K(35584K)->34453K(35584K) NonClass: 31582K(32256K)->31582K(32256K) Class: 2870K(3328K)->2870K(3328K)
[2025-05-20T18:34:48.317+0300][3900][23368][info][gc             ] GC(8) Pause Young (Normal) (G1 Evacuation Pause) 2470M->16M(4096M) 4.922ms
[2025-05-20T18:34:48.317+0300][3900][23368][info][gc,cpu         ] GC(8) User=0.00s Sys=0.00s Real=0.00s
[2025-05-20T18:36:07.216+0300][3900][23368][info][gc,start       ] GC(9) Pause Young (Normal) (G1 Evacuation Pause)
[2025-05-20T18:36:07.216+0300][3900][23368][info][gc,task        ] GC(9) Using 8 workers of 8 for evacuation
[2025-05-20T18:36:07.220+0300][3900][23368][info][gc,phases      ] GC(9)   Pre Evacuate Collection Set: 0.5ms
[2025-05-20T18:36:07.221+0300][3900][23368][info][gc,phases      ] GC(9)   Merge Heap Roots: 0.2ms
[2025-05-20T18:36:07.221+0300][3900][23368][info][gc,phases      ] GC(9)   Evacuate Collection Set: 1.8ms
[2025-05-20T18:36:07.221+0300][3900][23368][info][gc,phases      ] GC(9)   Post Evacuate Collection Set: 1.7ms
[2025-05-20T18:36:07.221+0300][3900][23368][info][gc,phases      ] GC(9)   Other: 0.2ms
[2025-05-20T18:36:07.221+0300][3900][23368][info][gc,heap        ] GC(9) Eden regions: 1226->0(1226)
[2025-05-20T18:36:07.221+0300][3900][23368][info][gc,heap        ] GC(9) Survivor regions: 2->2(154)
[2025-05-20T18:36:07.221+0300][3900][23368][info][gc,heap        ] GC(9) Old regions: 11->11
[2025-05-20T18:36:07.221+0300][3900][23368][info][gc,heap        ] GC(9) Humongous regions: 0->0
[2025-05-20T18:36:07.221+0300][3900][23368][info][gc,metaspace   ] GC(9) Metaspace: 34468K(35648K)->34468K(35648K) NonClass: 31597K(32320K)->31597K(32320K) Class: 2871K(3328K)->2871K(3328K)
[2025-05-20T18:36:07.221+0300][3900][23368][info][gc             ] GC(9) Pause Young (Normal) (G1 Evacuation Pause) 2468M->16M(4096M) 4.893ms
[2025-05-20T18:36:07.221+0300][3900][23368][info][gc,cpu         ] GC(9) User=0.00s Sys=0.00s Real=0.00s
[2025-05-20T18:36:24.988+0300][3900][23368][info][gc,start       ] GC(10) Pause Full (System.gc())
[2025-05-20T18:36:24.989+0300][3900][23368][info][gc,task        ] GC(10) Using 8 workers of 8 for full compaction
[2025-05-20T18:36:24.990+0300][3900][23368][info][gc,phases,start] GC(10) Phase 1: Mark live objects
[2025-05-20T18:36:25.040+0300][3900][23368][info][gc,phases      ] GC(10) Phase 1: Mark live objects 50.830ms
[2025-05-20T18:36:25.040+0300][3900][23368][info][gc,phases,start] GC(10) Phase 2: Prepare compaction
[2025-05-20T18:36:25.041+0300][3900][23368][info][gc,phases      ] GC(10) Phase 2: Prepare compaction 1.626ms
[2025-05-20T18:36:25.042+0300][3900][23368][info][gc,phases,start] GC(10) Phase 3: Adjust pointers
[2025-05-20T18:36:25.052+0300][3900][23368][info][gc,phases      ] GC(10) Phase 3: Adjust pointers 10.400ms
[2025-05-20T18:36:25.052+0300][3900][23368][info][gc,phases,start] GC(10) Phase 4: Compact heap
[2025-05-20T18:36:25.055+0300][3900][23368][info][gc,phases      ] GC(10) Phase 4: Compact heap 2.757ms
[2025-05-20T18:36:25.055+0300][3900][23368][info][gc,phases,start] GC(10) Phase 5: Reset Metadata
[2025-05-20T18:36:25.057+0300][3900][23368][info][gc,phases      ] GC(10) Phase 5: Reset Metadata 1.875ms
[2025-05-20T18:36:25.070+0300][3900][23368][info][gc,heap        ] GC(10) Eden regions: 289->0(1228)
[2025-05-20T18:36:25.070+0300][3900][23368][info][gc,heap        ] GC(10) Survivor regions: 2->0(154)
[2025-05-20T18:36:25.070+0300][3900][23368][info][gc,heap        ] GC(10) Old regions: 11->12
[2025-05-20T18:36:25.070+0300][3900][23368][info][gc,heap        ] GC(10) Humongous regions: 0->0
[2025-05-20T18:36:25.070+0300][3900][23368][info][gc,metaspace   ] GC(10) Metaspace: 34483K(35648K)->33433K(35648K) NonClass: 31610K(32320K)->30639K(32320K) Class: 2872K(3328K)->2794K(3328K)
[2025-05-20T18:36:25.070+0300][3900][23368][info][gc             ] GC(10) Pause Full (System.gc()) 592M->13M(4096M) 81.961ms
[2025-05-20T18:36:25.070+0300][3900][23368][info][gc,cpu         ] GC(10) User=0.02s Sys=0.00s Real=0.08s
[2025-05-20T18:37:43.535+0300][3900][23368][info][gc,start       ] GC(11) Pause Young (Normal) (G1 Evacuation Pause)
[2025-05-20T18:37:43.535+0300][3900][23368][info][gc,task        ] GC(11) Using 8 workers of 8 for evacuation
[2025-05-20T18:37:43.540+0300][3900][23368][info][gc,phases      ] GC(11)   Pre Evacuate Collection Set: 0.6ms
[2025-05-20T18:37:43.540+0300][3900][23368][info][gc,phases      ] GC(11)   Merge Heap Roots: 1.4ms
[2025-05-20T18:37:43.540+0300][3900][23368][info][gc,phases      ] GC(11)   Evacuate Collection Set: 1.5ms
[2025-05-20T18:37:43.540+0300][3900][23368][info][gc,phases      ] GC(11)   Post Evacuate Collection Set: 1.7ms
[2025-05-20T18:37:43.540+0300][3900][23368][info][gc,phases      ] GC(11)   Other: 0.2ms
[2025-05-20T18:37:43.540+0300][3900][23368][info][gc,heap        ] GC(11) Eden regions: 1228->0(1226)
[2025-05-20T18:37:43.540+0300][3900][23368][info][gc,heap        ] GC(11) Survivor regions: 0->2(154)
[2025-05-20T18:37:43.540+0300][3900][23368][info][gc,heap        ] GC(11) Old regions: 12->12
[2025-05-20T18:37:43.540+0300][3900][23368][info][gc,heap        ] GC(11) Humongous regions: 0->0
[2025-05-20T18:37:43.540+0300][3900][23368][info][gc,metaspace   ] GC(11) Metaspace: 34519K(35648K)->34519K(35648K) NonClass: 31647K(32320K)->31647K(32320K) Class: 2871K(3328K)->2871K(3328K)
[2025-05-20T18:37:43.540+0300][3900][23368][info][gc             ] GC(11) Pause Young (Normal) (G1 Evacuation Pause) 2469M->16M(4096M) 6.040ms
[2025-05-20T18:37:43.540+0300][3900][23368][info][gc,cpu         ] GC(11) User=0.00s Sys=0.00s Real=0.00s
[2025-05-20T18:39:02.421+0300][3900][23368][info][gc,start       ] GC(12) Pause Young (Normal) (G1 Evacuation Pause)
[2025-05-20T18:39:02.421+0300][3900][23368][info][gc,task        ] GC(12) Using 8 workers of 8 for evacuation
[2025-05-20T18:39:02.425+0300][3900][23368][info][gc,phases      ] GC(12)   Pre Evacuate Collection Set: 0.4ms
[2025-05-20T18:39:02.425+0300][3900][23368][info][gc,phases      ] GC(12)   Merge Heap Roots: 0.3ms
[2025-05-20T18:39:02.425+0300][3900][23368][info][gc,phases      ] GC(12)   Evacuate Collection Set: 1.7ms
[2025-05-20T18:39:02.425+0300][3900][23368][info][gc,phases      ] GC(12)   Post Evacuate Collection Set: 1.5ms
[2025-05-20T18:39:02.425+0300][3900][23368][info][gc,phases      ] GC(12)   Other: 0.2ms
[2025-05-20T18:39:02.425+0300][3900][23368][info][gc,heap        ] GC(12) Eden regions: 1226->0(1226)
[2025-05-20T18:39:02.425+0300][3900][23368][info][gc,heap        ] GC(12) Survivor regions: 2->2(154)
[2025-05-20T18:39:02.425+0300][3900][23368][info][gc,heap        ] GC(12) Old regions: 12->12
[2025-05-20T18:39:02.425+0300][3900][23368][info][gc,heap        ] GC(12) Humongous regions: 0->0
[2025-05-20T18:39:02.425+0300][3900][23368][info][gc,metaspace   ] GC(12) Metaspace: 34524K(35648K)->34524K(35648K) NonClass: 31652K(32320K)->31652K(32320K) Class: 2872K(3328K)->2872K(3328K)
[2025-05-20T18:39:02.425+0300][3900][23368][info][gc             ] GC(12) Pause Young (Normal) (G1 Evacuation Pause) 2468M->16M(4096M) 4.642ms
[2025-05-20T18:39:02.425+0300][3900][23368][info][gc,cpu         ] GC(12) User=0.00s Sys=0.00s Real=0.00s
[2025-05-20T18:39:21.088+0300][3900][22096][info][gc,heap,exit   ] Heap
[2025-05-20T18:39:21.088+0300][3900][22096][info][gc,heap,exit   ]  garbage-first heap   total 4194304K, used 601527K [0x0000000700000000, 0x0000000800000000)
[2025-05-20T18:39:21.088+0300][3900][22096][info][gc,heap,exit   ]   region size 2048K, 288 young (589824K), 2 survivors (4096K)
[2025-05-20T18:39:21.088+0300][3900][22096][info][gc,heap,exit   ]  Metaspace       used 34569K, committed 35712K, reserved 1114112K
[2025-05-20T18:39:21.088+0300][3900][22096][info][gc,heap,exit   ]   class space    used 2875K, committed 3328K, reserved 1048576K
