[2025-05-20T18:39:21.529+0300][23280][20000][info][gc,init] CardTable entry size: 512
[2025-05-20T18:39:21.530+0300][23280][20000][info][gc     ] Using G1
[2025-05-20T18:39:21.997+0300][23280][20000][info][gc,init] Version: 21.0.7+6-LTS (release)
[2025-05-20T18:39:21.998+0300][23280][20000][info][gc,init] CPUs: 8 total, 8 available
[2025-05-20T18:39:21.998+0300][23280][20000][info][gc,init] Memory: 16222M
[2025-05-20T18:39:21.998+0300][23280][20000][info][gc,init] Large Page Support: Disabled
[2025-05-20T18:39:21.998+0300][23280][20000][info][gc,init] NUMA Support: Disabled
[2025-05-20T18:39:21.998+0300][23280][20000][info][gc,init] Compressed Oops: Enabled (Zero based)
[2025-05-20T18:39:21.998+0300][23280][20000][info][gc,init] Heap Region Size: 8M
[2025-05-20T18:39:22.002+0300][23280][20000][info][gc,init] Heap Min Capacity: 12G
[2025-05-20T18:39:22.002+0300][23280][20000][info][gc,init] Heap Initial Capacity: 12G
[2025-05-20T18:39:22.002+0300][23280][20000][info][gc,init] Heap Max Capacity: 12G
[2025-05-20T18:39:22.002+0300][23280][20000][info][gc,init] Pre-touch: Disabled
[2025-05-20T18:39:22.002+0300][23280][20000][info][gc,init] Parallel Workers: 8
[2025-05-20T18:39:22.002+0300][23280][20000][info][gc,init] Concurrent Workers: 2
[2025-05-20T18:39:22.003+0300][23280][20000][info][gc,init] Concurrent Refinement Workers: 8
[2025-05-20T18:39:22.003+0300][23280][20000][info][gc,init] Periodic GC: Disabled
[2025-05-20T18:39:22.036+0300][23280][20000][info][gc,metaspace] CDS archive(s) mapped at: [0x0000012d00000000-0x0000012d00c80000-0x0000012d00c80000), size 13107200, SharedBaseAddress: 0x0000012d00000000, ArchiveRelocationMode: 1.
[2025-05-20T18:39:22.036+0300][23280][20000][info][gc,metaspace] Compressed class space mapped at: 0x0000012d01000000-0x0000012d41000000, reserved size: 1073741824
[2025-05-20T18:39:22.036+0300][23280][20000][info][gc,metaspace] Narrow klass base: 0x0000012d00000000, Narrow klass shift: 0, Narrow klass range: 0x100000000
[2025-05-20T18:39:22.940+0300][23280][17924][info][gc,start    ] GC(0) Pause Full (System.gc())
[2025-05-20T18:39:22.942+0300][23280][17924][info][gc,task     ] GC(0) Using 8 workers of 8 for full compaction
[2025-05-20T18:39:22.943+0300][23280][17924][info][gc,phases,start] GC(0) Phase 1: Mark live objects
[2025-05-20T18:39:22.947+0300][23280][17924][info][gc,phases      ] GC(0) Phase 1: Mark live objects 4.076ms
[2025-05-20T18:39:22.947+0300][23280][17924][info][gc,phases,start] GC(0) Phase 2: Prepare compaction
[2025-05-20T18:39:22.948+0300][23280][17924][info][gc,phases      ] GC(0) Phase 2: Prepare compaction 1.190ms
[2025-05-20T18:39:22.948+0300][23280][17924][info][gc,phases,start] GC(0) Phase 3: Adjust pointers
[2025-05-20T18:39:22.951+0300][23280][17924][info][gc,phases      ] GC(0) Phase 3: Adjust pointers 2.053ms
[2025-05-20T18:39:22.951+0300][23280][17924][info][gc,phases,start] GC(0) Phase 4: Compact heap
[2025-05-20T18:39:22.955+0300][23280][17924][info][gc,phases      ] GC(0) Phase 4: Compact heap 4.220ms
[2025-05-20T18:39:22.955+0300][23280][17924][info][gc,phases,start] GC(0) Phase 5: Reset Metadata
[2025-05-20T18:39:22.958+0300][23280][17924][info][gc,phases      ] GC(0) Phase 5: Reset Metadata 2.726ms
[2025-05-20T18:39:23.012+0300][23280][17924][info][gc,heap        ] GC(0) Eden regions: 9->0(76)
[2025-05-20T18:39:23.012+0300][23280][17924][info][gc,heap        ] GC(0) Survivor regions: 0->0(0)
[2025-05-20T18:39:23.012+0300][23280][17924][info][gc,heap        ] GC(0) Old regions: 0->8
[2025-05-20T18:39:23.012+0300][23280][17924][info][gc,heap        ] GC(0) Humongous regions: 0->0
[2025-05-20T18:39:23.012+0300][23280][17924][info][gc,metaspace   ] GC(0) Metaspace: 2977K(3200K)->2977K(3200K) NonClass: 2705K(2816K)->2705K(2816K) Class: 272K(384K)->272K(384K)
[2025-05-20T18:39:23.012+0300][23280][17924][info][gc             ] GC(0) Pause Full (System.gc()) 68M->2M(12288M) 72.539ms
[2025-05-20T18:39:23.012+0300][23280][17924][info][gc,cpu         ] GC(0) User=0.17s Sys=0.23s Real=0.07s
[2025-05-20T18:39:52.215+0300][23280][17924][info][gc,start       ] GC(1) Pause Full (System.gc())
[2025-05-20T18:39:52.215+0300][23280][17924][info][gc,task        ] GC(1) Using 8 workers of 8 for full compaction
[2025-05-20T18:39:52.215+0300][23280][17924][info][gc,phases,start] GC(1) Phase 1: Mark live objects
[2025-05-20T18:39:52.219+0300][23280][17924][info][gc,phases      ] GC(1) Phase 1: Mark live objects 4.153ms
[2025-05-20T18:39:52.220+0300][23280][17924][info][gc,phases,start] GC(1) Phase 2: Prepare compaction
[2025-05-20T18:39:52.221+0300][23280][17924][info][gc,phases      ] GC(1) Phase 2: Prepare compaction 1.009ms
[2025-05-20T18:39:52.221+0300][23280][17924][info][gc,phases,start] GC(1) Phase 3: Adjust pointers
[2025-05-20T18:39:52.222+0300][23280][17924][info][gc,phases      ] GC(1) Phase 3: Adjust pointers 1.826ms
[2025-05-20T18:39:52.222+0300][23280][17924][info][gc,phases,start] GC(1) Phase 4: Compact heap
[2025-05-20T18:39:52.224+0300][23280][17924][info][gc,phases      ] GC(1) Phase 4: Compact heap 1.519ms
[2025-05-20T18:39:52.224+0300][23280][17924][info][gc,phases,start] GC(1) Phase 5: Reset Metadata
[2025-05-20T18:39:52.227+0300][23280][17924][info][gc,phases      ] GC(1) Phase 5: Reset Metadata 2.636ms
[2025-05-20T18:39:52.247+0300][23280][17924][info][gc,heap        ] GC(1) Eden regions: 16->0(76)
[2025-05-20T18:39:52.247+0300][23280][17924][info][gc,heap        ] GC(1) Survivor regions: 0->0(0)
[2025-05-20T18:39:52.247+0300][23280][17924][info][gc,heap        ] GC(1) Old regions: 8->8
[2025-05-20T18:39:52.247+0300][23280][17924][info][gc,heap        ] GC(1) Humongous regions: 0->0
[2025-05-20T18:39:52.247+0300][23280][17924][info][gc,metaspace   ] GC(1) Metaspace: 5485K(5696K)->5485K(5696K) NonClass: 4889K(4992K)->4889K(4992K) Class: 596K(704K)->596K(704K)
[2025-05-20T18:39:52.247+0300][23280][17924][info][gc             ] GC(1) Pause Full (System.gc()) 130M->2M(12288M) 32.490ms
[2025-05-20T18:39:52.247+0300][23280][17924][info][gc,cpu         ] GC(1) User=0.11s Sys=0.00s Real=0.03s
[2025-05-20T18:40:20.740+0300][23280][17924][info][gc,start       ] GC(2) Pause Full (System.gc())
[2025-05-20T18:40:20.740+0300][23280][17924][info][gc,task        ] GC(2) Using 8 workers of 8 for full compaction
[2025-05-20T18:40:20.741+0300][23280][17924][info][gc,phases,start] GC(2) Phase 1: Mark live objects
[2025-05-20T18:40:20.744+0300][23280][17924][info][gc,phases      ] GC(2) Phase 1: Mark live objects 3.090ms
[2025-05-20T18:40:20.744+0300][23280][17924][info][gc,phases,start] GC(2) Phase 2: Prepare compaction
[2025-05-20T18:40:20.745+0300][23280][17924][info][gc,phases      ] GC(2) Phase 2: Prepare compaction 0.923ms
[2025-05-20T18:40:20.745+0300][23280][17924][info][gc,phases,start] GC(2) Phase 3: Adjust pointers
[2025-05-20T18:40:20.747+0300][23280][17924][info][gc,phases      ] GC(2) Phase 3: Adjust pointers 2.324ms
[2025-05-20T18:40:20.747+0300][23280][17924][info][gc,phases,start] GC(2) Phase 4: Compact heap
[2025-05-20T18:40:20.748+0300][23280][17924][info][gc,phases      ] GC(2) Phase 4: Compact heap 0.953ms
[2025-05-20T18:40:20.748+0300][23280][17924][info][gc,phases,start] GC(2) Phase 5: Reset Metadata
[2025-05-20T18:40:20.752+0300][23280][17924][info][gc,phases      ] GC(2) Phase 5: Reset Metadata 2.733ms
[2025-05-20T18:40:20.772+0300][23280][17924][info][gc,heap        ] GC(2) Eden regions: 15->0(76)
[2025-05-20T18:40:20.772+0300][23280][17924][info][gc,heap        ] GC(2) Survivor regions: 0->0(0)
[2025-05-20T18:40:20.772+0300][23280][17924][info][gc,heap        ] GC(2) Old regions: 8->8
[2025-05-20T18:40:20.772+0300][23280][17924][info][gc,heap        ] GC(2) Humongous regions: 0->0
[2025-05-20T18:40:20.772+0300][23280][17924][info][gc,metaspace   ] GC(2) Metaspace: 5514K(5696K)->5514K(5696K) NonClass: 4917K(4992K)->4917K(4992K) Class: 596K(704K)->596K(704K)
[2025-05-20T18:40:20.772+0300][23280][17924][info][gc             ] GC(2) Pause Full (System.gc()) 122M->2M(12288M) 31.709ms
[2025-05-20T18:40:20.772+0300][23280][17924][info][gc,cpu         ] GC(2) User=0.14s Sys=0.00s Real=0.03s
[2025-05-20T18:40:49.344+0300][23280][20000][info][gc,heap,exit   ] Heap
[2025-05-20T18:40:49.344+0300][23280][20000][info][gc,heap,exit   ]  garbage-first heap   total 12582912K, used 129939K [0x0000000500000000, 0x0000000800000000)
[2025-05-20T18:40:49.344+0300][23280][20000][info][gc,heap,exit   ]   region size 8192K, 16 young (131072K), 0 survivors (0K)
[2025-05-20T18:40:49.344+0300][23280][20000][info][gc,heap,exit   ]  Metaspace       used 5617K, committed 5824K, reserved 1114112K
[2025-05-20T18:40:49.344+0300][23280][20000][info][gc,heap,exit   ]   class space    used 604K, committed 704K, reserved 1048576K
