[2025-05-18T22:11:09.328+0300][4596][17012][info][gc,init] CardTable entry size: 512
[2025-05-18T22:11:09.328+0300][4596][17012][info][gc     ] Using G1
[2025-05-18T22:11:09.350+0300][4596][17012][info][gc,init] Version: 21.0.7+6-LTS (release)
[2025-05-18T22:11:09.350+0300][4596][17012][info][gc,init] CPUs: 8 total, 8 available
[2025-05-18T22:11:09.350+0300][4596][17012][info][gc,init] Memory: 16183M
[2025-05-18T22:11:09.350+0300][4596][17012][info][gc,init] Large Page Support: Disabled
[2025-05-18T22:11:09.350+0300][4596][17012][info][gc,init] NUMA Support: Disabled
[2025-05-18T22:11:09.350+0300][4596][17012][info][gc,init] Compressed Oops: Enabled (Zero based)
[2025-05-18T22:11:09.350+0300][4596][17012][info][gc,init] Heap Region Size: 8M
[2025-05-18T22:11:09.350+0300][4596][17012][info][gc,init] Heap Min Capacity: 12G
[2025-05-18T22:11:09.350+0300][4596][17012][info][gc,init] Heap Initial Capacity: 12G
[2025-05-18T22:11:09.350+0300][4596][17012][info][gc,init] Heap Max Capacity: 12G
[2025-05-18T22:11:09.350+0300][4596][17012][info][gc,init] Pre-touch: Disabled
[2025-05-18T22:11:09.350+0300][4596][17012][info][gc,init] Parallel Workers: 8
[2025-05-18T22:11:09.350+0300][4596][17012][info][gc,init] Concurrent Workers: 2
[2025-05-18T22:11:09.350+0300][4596][17012][info][gc,init] Concurrent Refinement Workers: 8
[2025-05-18T22:11:09.350+0300][4596][17012][info][gc,init] Periodic GC: Disabled
[2025-05-18T22:11:09.361+0300][4596][17012][info][gc,metaspace] CDS archive(s) mapped at: [0x000002a26d000000-0x000002a26dc80000-0x000002a26dc80000), size 13107200, SharedBaseAddress: 0x000002a26d000000, ArchiveRelocationMode: 1.
[2025-05-18T22:11:09.361+0300][4596][17012][info][gc,metaspace] Compressed class space mapped at: 0x000002a26e000000-0x000002a2ae000000, reserved size: 1073741824
[2025-05-18T22:11:09.361+0300][4596][17012][info][gc,metaspace] Narrow klass base: 0x000002a26d000000, Narrow klass shift: 0, Narrow klass range: 0x100000000
[2025-05-18T22:11:11.164+0300][4596][7524 ][info][gc,start    ] GC(0) Pause Full (System.gc())
[2025-05-18T22:11:11.164+0300][4596][7524 ][info][gc,task     ] GC(0) Using 8 workers of 8 for full compaction
[2025-05-18T22:11:11.164+0300][4596][7524 ][info][gc,phases,start] GC(0) Phase 1: Mark live objects
[2025-05-18T22:11:11.166+0300][4596][7524 ][info][gc,phases      ] GC(0) Phase 1: Mark live objects 1.856ms
[2025-05-18T22:11:11.166+0300][4596][7524 ][info][gc,phases,start] GC(0) Phase 2: Prepare compaction
[2025-05-18T22:11:11.167+0300][4596][7524 ][info][gc,phases      ] GC(0) Phase 2: Prepare compaction 0.832ms
[2025-05-18T22:11:11.167+0300][4596][7524 ][info][gc,phases,start] GC(0) Phase 3: Adjust pointers
[2025-05-18T22:11:11.168+0300][4596][7524 ][info][gc,phases      ] GC(0) Phase 3: Adjust pointers 1.294ms
[2025-05-18T22:11:11.168+0300][4596][7524 ][info][gc,phases,start] GC(0) Phase 4: Compact heap
[2025-05-18T22:11:11.170+0300][4596][7524 ][info][gc,phases      ] GC(0) Phase 4: Compact heap 1.304ms
[2025-05-18T22:11:11.170+0300][4596][7524 ][info][gc,phases,start] GC(0) Phase 5: Reset Metadata
[2025-05-18T22:11:11.172+0300][4596][7524 ][info][gc,phases      ] GC(0) Phase 5: Reset Metadata 2.201ms
[2025-05-18T22:11:11.189+0300][4596][7524 ][info][gc,heap        ] GC(0) Eden regions: 20->0(76)
[2025-05-18T22:11:11.189+0300][4596][7524 ][info][gc,heap        ] GC(0) Survivor regions: 0->0(0)
[2025-05-18T22:11:11.189+0300][4596][7524 ][info][gc,heap        ] GC(0) Old regions: 0->8
[2025-05-18T22:11:11.189+0300][4596][7524 ][info][gc,heap        ] GC(0) Humongous regions: 0->0
[2025-05-18T22:11:11.189+0300][4596][7524 ][info][gc,metaspace   ] GC(0) Metaspace: 2840K(3072K)->2840K(3072K) NonClass: 2584K(2688K)->2584K(2688K) Class: 256K(384K)->256K(384K)
[2025-05-18T22:11:11.189+0300][4596][7524 ][info][gc             ] GC(0) Pause Full (System.gc()) 160M->2M(12288M) 25.100ms
[2025-05-18T22:11:11.189+0300][4596][7524 ][info][gc,cpu         ] GC(0) User=0.12s Sys=0.12s Real=0.02s
[2025-05-18T22:11:12.313+0300][4596][7524 ][info][gc,start       ] GC(1) Pause Young (Normal) (G1 Evacuation Pause)
[2025-05-18T22:11:12.313+0300][4596][7524 ][info][gc,task        ] GC(1) Using 8 workers of 8 for evacuation
[2025-05-18T22:11:12.316+0300][4596][7524 ][info][gc,phases      ] GC(1)   Pre Evacuate Collection Set: 0.2ms
[2025-05-18T22:11:12.316+0300][4596][7524 ][info][gc,phases      ] GC(1)   Merge Heap Roots: 0.1ms
[2025-05-18T22:11:12.316+0300][4596][7524 ][info][gc,phases      ] GC(1)   Evacuate Collection Set: 1.7ms
[2025-05-18T22:11:12.316+0300][4596][7524 ][info][gc,phases      ] GC(1)   Post Evacuate Collection Set: 0.5ms
[2025-05-18T22:11:12.316+0300][4596][7524 ][info][gc,phases      ] GC(1)   Other: 0.1ms
[2025-05-18T22:11:12.316+0300][4596][7524 ][info][gc,heap        ] GC(1) Eden regions: 76->0(75)
[2025-05-18T22:11:12.316+0300][4596][7524 ][info][gc,heap        ] GC(1) Survivor regions: 0->1(10)
[2025-05-18T22:11:12.316+0300][4596][7524 ][info][gc,heap        ] GC(1) Old regions: 8->8
[2025-05-18T22:11:12.316+0300][4596][7524 ][info][gc,heap        ] GC(1) Humongous regions: 0->0
[2025-05-18T22:11:12.316+0300][4596][7524 ][info][gc,metaspace   ] GC(1) Metaspace: 8846K(9408K)->8846K(9408K) NonClass: 7868K(8192K)->7868K(8192K) Class: 977K(1216K)->977K(1216K)
[2025-05-18T22:11:12.316+0300][4596][7524 ][info][gc             ] GC(1) Pause Young (Normal) (G1 Evacuation Pause) 610M->10M(12288M) 3.134ms
[2025-05-18T22:11:12.316+0300][4596][7524 ][info][gc,cpu         ] GC(1) User=0.00s Sys=0.00s Real=0.00s
[2025-05-18T22:11:12.582+0300][4596][7524 ][info][gc,start       ] GC(2) Pause Young (Normal) (G1 Evacuation Pause)
[2025-05-18T22:11:12.583+0300][4596][7524 ][info][gc,task        ] GC(2) Using 8 workers of 8 for evacuation
[2025-05-18T22:11:12.585+0300][4596][7524 ][info][gc,phases      ] GC(2)   Pre Evacuate Collection Set: 0.2ms
[2025-05-18T22:11:12.585+0300][4596][7524 ][info][gc,phases      ] GC(2)   Merge Heap Roots: 0.0ms
[2025-05-18T22:11:12.585+0300][4596][7524 ][info][gc,phases      ] GC(2)   Evacuate Collection Set: 1.3ms
[2025-05-18T22:11:12.585+0300][4596][7524 ][info][gc,phases      ] GC(2)   Post Evacuate Collection Set: 0.4ms
[2025-05-18T22:11:12.585+0300][4596][7524 ][info][gc,phases      ] GC(2)   Other: 0.1ms
[2025-05-18T22:11:12.585+0300][4596][7524 ][info][gc,heap        ] GC(2) Eden regions: 75->0(77)
[2025-05-18T22:11:12.585+0300][4596][7524 ][info][gc,heap        ] GC(2) Survivor regions: 1->1(10)
[2025-05-18T22:11:12.585+0300][4596][7524 ][info][gc,heap        ] GC(2) Old regions: 8->8
[2025-05-18T22:11:12.585+0300][4596][7524 ][info][gc,heap        ] GC(2) Humongous regions: 0->0
[2025-05-18T22:11:12.585+0300][4596][7524 ][info][gc,metaspace   ] GC(2) Metaspace: 8882K(9472K)->8882K(9472K) NonClass: 7903K(8256K)->7903K(8256K) Class: 978K(1216K)->978K(1216K)
[2025-05-18T22:11:12.585+0300][4596][7524 ][info][gc             ] GC(2) Pause Young (Normal) (G1 Evacuation Pause) 610M->10M(12288M) 2.246ms
[2025-05-18T22:11:12.585+0300][4596][7524 ][info][gc,cpu         ] GC(2) User=0.00s Sys=0.00s Real=0.00s
[2025-05-18T22:11:12.849+0300][4596][7524 ][info][gc,start       ] GC(3) Pause Young (Normal) (G1 Evacuation Pause)
[2025-05-18T22:11:12.849+0300][4596][7524 ][info][gc,task        ] GC(3) Using 8 workers of 8 for evacuation
[2025-05-18T22:11:12.852+0300][4596][7524 ][info][gc,phases      ] GC(3)   Pre Evacuate Collection Set: 0.2ms
[2025-05-18T22:11:12.852+0300][4596][7524 ][info][gc,phases      ] GC(3)   Merge Heap Roots: 0.0ms
[2025-05-18T22:11:12.852+0300][4596][7524 ][info][gc,phases      ] GC(3)   Evacuate Collection Set: 1.9ms
[2025-05-18T22:11:12.852+0300][4596][7524 ][info][gc,phases      ] GC(3)   Post Evacuate Collection Set: 0.6ms
[2025-05-18T22:11:12.852+0300][4596][7524 ][info][gc,phases      ] GC(3)   Other: 0.1ms
[2025-05-18T22:11:12.852+0300][4596][7524 ][info][gc,heap        ] GC(3) Eden regions: 77->0(920)
[2025-05-18T22:11:12.852+0300][4596][7524 ][info][gc,heap        ] GC(3) Survivor regions: 1->1(10)
[2025-05-18T22:11:12.852+0300][4596][7524 ][info][gc,heap        ] GC(3) Old regions: 8->8
[2025-05-18T22:11:12.852+0300][4596][7524 ][info][gc,heap        ] GC(3) Humongous regions: 0->0
[2025-05-18T22:11:12.852+0300][4596][7524 ][info][gc,metaspace   ] GC(3) Metaspace: 8917K(9472K)->8917K(9472K) NonClass: 7936K(8256K)->7936K(8256K) Class: 980K(1216K)->980K(1216K)
[2025-05-18T22:11:12.852+0300][4596][7524 ][info][gc             ] GC(3) Pause Young (Normal) (G1 Evacuation Pause) 626M->10M(12288M) 3.158ms
[2025-05-18T22:11:12.852+0300][4596][7524 ][info][gc,cpu         ] GC(3) User=0.00s Sys=0.00s Real=0.00s
[2025-05-18T22:11:15.001+0300][4596][7524 ][info][gc,start       ] GC(4) Pause Young (Normal) (G1 Evacuation Pause)
[2025-05-18T22:11:15.001+0300][4596][7524 ][info][gc,task        ] GC(4) Using 8 workers of 8 for evacuation
[2025-05-18T22:11:15.006+0300][4596][7524 ][info][gc,phases      ] GC(4)   Pre Evacuate Collection Set: 0.2ms
[2025-05-18T22:11:15.006+0300][4596][7524 ][info][gc,phases      ] GC(4)   Merge Heap Roots: 0.1ms
[2025-05-18T22:11:15.006+0300][4596][7524 ][info][gc,phases      ] GC(4)   Evacuate Collection Set: 2.2ms
[2025-05-18T22:11:15.006+0300][4596][7524 ][info][gc,phases      ] GC(4)   Post Evacuate Collection Set: 1.8ms
[2025-05-18T22:11:15.006+0300][4596][7524 ][info][gc,phases      ] GC(4)   Other: 0.4ms
[2025-05-18T22:11:15.006+0300][4596][7524 ][info][gc,heap        ] GC(4) Eden regions: 920->0(920)
[2025-05-18T22:11:15.006+0300][4596][7524 ][info][gc,heap        ] GC(4) Survivor regions: 1->1(116)
[2025-05-18T22:11:15.006+0300][4596][7524 ][info][gc,heap        ] GC(4) Old regions: 8->8
[2025-05-18T22:11:15.006+0300][4596][7524 ][info][gc,heap        ] GC(4) Humongous regions: 0->0
[2025-05-18T22:11:15.006+0300][4596][7524 ][info][gc,metaspace   ] GC(4) Metaspace: 8987K(9536K)->8987K(9536K) NonClass: 8006K(8320K)->8006K(8320K) Class: 980K(1216K)->980K(1216K)
[2025-05-18T22:11:15.006+0300][4596][7524 ][info][gc             ] GC(4) Pause Young (Normal) (G1 Evacuation Pause) 7370M->10M(12288M) 4.926ms
[2025-05-18T22:11:15.006+0300][4596][7524 ][info][gc,cpu         ] GC(4) User=0.00s Sys=0.00s Real=0.01s
[2025-05-18T22:11:16.825+0300][4596][7524 ][info][gc,start       ] GC(5) Pause Young (Normal) (G1 Evacuation Pause)
[2025-05-18T22:11:16.825+0300][4596][7524 ][info][gc,task        ] GC(5) Using 8 workers of 8 for evacuation
[2025-05-18T22:11:16.831+0300][4596][7524 ][info][gc,phases      ] GC(5)   Pre Evacuate Collection Set: 0.3ms
[2025-05-18T22:11:16.831+0300][4596][7524 ][info][gc,phases      ] GC(5)   Merge Heap Roots: 0.2ms
[2025-05-18T22:11:16.831+0300][4596][7524 ][info][gc,phases      ] GC(5)   Evacuate Collection Set: 2.9ms
[2025-05-18T22:11:16.831+0300][4596][7524 ][info][gc,phases      ] GC(5)   Post Evacuate Collection Set: 2.3ms
[2025-05-18T22:11:16.831+0300][4596][7524 ][info][gc,phases      ] GC(5)   Other: 0.2ms
[2025-05-18T22:11:16.831+0300][4596][7524 ][info][gc,heap        ] GC(5) Eden regions: 920->0(920)
[2025-05-18T22:11:16.831+0300][4596][7524 ][info][gc,heap        ] GC(5) Survivor regions: 1->1(116)
[2025-05-18T22:11:16.832+0300][4596][7524 ][info][gc,heap        ] GC(5) Old regions: 8->8
[2025-05-18T22:11:16.832+0300][4596][7524 ][info][gc,heap        ] GC(5) Humongous regions: 0->0
[2025-05-18T22:11:16.832+0300][4596][7524 ][info][gc,metaspace   ] GC(5) Metaspace: 8992K(9536K)->8992K(9536K) NonClass: 8012K(8320K)->8012K(8320K) Class: 980K(1216K)->980K(1216K)
[2025-05-18T22:11:16.832+0300][4596][7524 ][info][gc             ] GC(5) Pause Young (Normal) (G1 Evacuation Pause) 7370M->10M(12288M) 6.411ms
[2025-05-18T22:11:16.832+0300][4596][7524 ][info][gc,cpu         ] GC(5) User=0.08s Sys=0.02s Real=0.01s
[2025-05-18T22:11:20.077+0300][4596][7524 ][info][gc,start       ] GC(6) Pause Full (System.gc())
[2025-05-18T22:11:20.078+0300][4596][7524 ][info][gc,task        ] GC(6) Using 8 workers of 8 for full compaction
[2025-05-18T22:11:20.078+0300][4596][7524 ][info][gc,phases,start] GC(6) Phase 1: Mark live objects
[2025-05-18T22:11:20.082+0300][4596][7524 ][info][gc,phases      ] GC(6) Phase 1: Mark live objects 4.449ms
[2025-05-18T22:11:20.082+0300][4596][7524 ][info][gc,phases,start] GC(6) Phase 2: Prepare compaction
[2025-05-18T22:11:20.087+0300][4596][7524 ][info][gc,phases      ] GC(6) Phase 2: Prepare compaction 4.683ms
[2025-05-18T22:11:20.087+0300][4596][7524 ][info][gc,phases,start] GC(6) Phase 3: Adjust pointers
[2025-05-18T22:11:20.091+0300][4596][7524 ][info][gc,phases      ] GC(6) Phase 3: Adjust pointers 3.870ms
[2025-05-18T22:11:20.091+0300][4596][7524 ][info][gc,phases,start] GC(6) Phase 4: Compact heap
[2025-05-18T22:11:20.097+0300][4596][7524 ][info][gc,phases      ] GC(6) Phase 4: Compact heap 5.137ms
[2025-05-18T22:11:20.097+0300][4596][7524 ][info][gc,phases,start] GC(6) Phase 5: Reset Metadata
[2025-05-18T22:11:20.098+0300][4596][7524 ][info][gc,phases      ] GC(6) Phase 5: Reset Metadata 2.127ms
[2025-05-18T22:11:20.114+0300][4596][7524 ][info][gc,heap        ] GC(6) Eden regions: 825->0(921)
[2025-05-18T22:11:20.114+0300][4596][7524 ][info][gc,heap        ] GC(6) Survivor regions: 1->0(116)
[2025-05-18T22:11:20.114+0300][4596][7524 ][info][gc,heap        ] GC(6) Old regions: 8->9
[2025-05-18T22:11:20.115+0300][4596][7524 ][info][gc,heap        ] GC(6) Humongous regions: 0->0
[2025-05-18T22:11:20.115+0300][4596][7524 ][info][gc,metaspace   ] GC(6) Metaspace: 9183K(9792K)->8731K(9792K) NonClass: 8185K(8512K)->7857K(8512K) Class: 998K(1280K)->874K(1280K)
[2025-05-18T22:11:20.115+0300][4596][7524 ][info][gc             ] GC(6) Pause Full (System.gc()) 6604M->9M(12288M) 37.116ms
[2025-05-18T22:11:20.115+0300][4596][7524 ][info][gc,cpu         ] GC(6) User=0.19s Sys=0.06s Real=0.04s
[2025-05-18T22:11:22.645+0300][4596][7524 ][info][gc,start       ] GC(7) Pause Young (Normal) (G1 Evacuation Pause)
[2025-05-18T22:11:22.645+0300][4596][7524 ][info][gc,task        ] GC(7) Using 8 workers of 8 for evacuation
[2025-05-18T22:11:22.649+0300][4596][7524 ][info][gc,phases      ] GC(7)   Pre Evacuate Collection Set: 0.3ms
[2025-05-18T22:11:22.649+0300][4596][7524 ][info][gc,phases      ] GC(7)   Merge Heap Roots: 0.2ms
[2025-05-18T22:11:22.649+0300][4596][7524 ][info][gc,phases      ] GC(7)   Evacuate Collection Set: 1.3ms
[2025-05-18T22:11:22.649+0300][4596][7524 ][info][gc,phases      ] GC(7)   Post Evacuate Collection Set: 1.7ms
[2025-05-18T22:11:22.649+0300][4596][7524 ][info][gc,phases      ] GC(7)   Other: 0.2ms
[2025-05-18T22:11:22.649+0300][4596][7524 ][info][gc,heap        ] GC(7) Eden regions: 921->0(920)
[2025-05-18T22:11:22.649+0300][4596][7524 ][info][gc,heap        ] GC(7) Survivor regions: 0->1(116)
[2025-05-18T22:11:22.649+0300][4596][7524 ][info][gc,heap        ] GC(7) Old regions: 9->9
[2025-05-18T22:11:22.649+0300][4596][7524 ][info][gc,heap        ] GC(7) Humongous regions: 0->0
[2025-05-18T22:11:22.649+0300][4596][7524 ][info][gc,metaspace   ] GC(7) Metaspace: 8731K(9792K)->8731K(9792K) NonClass: 7857K(8512K)->7857K(8512K) Class: 874K(1280K)->874K(1280K)
[2025-05-18T22:11:22.649+0300][4596][7524 ][info][gc             ] GC(7) Pause Young (Normal) (G1 Evacuation Pause) 7377M->16M(12288M) 3.956ms
[2025-05-18T22:11:22.649+0300][4596][7524 ][info][gc,cpu         ] GC(7) User=0.00s Sys=0.00s Real=0.00s
[2025-05-18T22:11:25.113+0300][4596][7524 ][info][gc,start       ] GC(8) Pause Young (Normal) (G1 Evacuation Pause)
[2025-05-18T22:11:25.113+0300][4596][7524 ][info][gc,task        ] GC(8) Using 8 workers of 8 for evacuation
[2025-05-18T22:11:25.116+0300][4596][7524 ][info][gc,phases      ] GC(8)   Pre Evacuate Collection Set: 0.4ms
[2025-05-18T22:11:25.116+0300][4596][7524 ][info][gc,phases      ] GC(8)   Merge Heap Roots: 0.2ms
[2025-05-18T22:11:25.116+0300][4596][7524 ][info][gc,phases      ] GC(8)   Evacuate Collection Set: 0.9ms
[2025-05-18T22:11:25.116+0300][4596][7524 ][info][gc,phases      ] GC(8)   Post Evacuate Collection Set: 1.8ms
[2025-05-18T22:11:25.116+0300][4596][7524 ][info][gc,phases      ] GC(8)   Other: 0.2ms
[2025-05-18T22:11:25.116+0300][4596][7524 ][info][gc,heap        ] GC(8) Eden regions: 920->0(920)
[2025-05-18T22:11:25.116+0300][4596][7524 ][info][gc,heap        ] GC(8) Survivor regions: 1->1(116)
[2025-05-18T22:11:25.117+0300][4596][7524 ][info][gc,heap        ] GC(8) Old regions: 9->9
[2025-05-18T22:11:25.117+0300][4596][7524 ][info][gc,heap        ] GC(8) Humongous regions: 0->0
[2025-05-18T22:11:25.117+0300][4596][7524 ][info][gc,metaspace   ] GC(8) Metaspace: 8731K(9792K)->8731K(9792K) NonClass: 7857K(8512K)->7857K(8512K) Class: 874K(1280K)->874K(1280K)
[2025-05-18T22:11:25.117+0300][4596][7524 ][info][gc             ] GC(8) Pause Young (Normal) (G1 Evacuation Pause) 7376M->16M(12288M) 4.006ms
[2025-05-18T22:11:25.117+0300][4596][7524 ][info][gc,cpu         ] GC(8) User=0.00s Sys=0.00s Real=0.00s
[2025-05-18T22:11:27.509+0300][4596][7524 ][info][gc,start       ] GC(9) Pause Young (Normal) (G1 Evacuation Pause)
[2025-05-18T22:11:27.510+0300][4596][7524 ][info][gc,task        ] GC(9) Using 8 workers of 8 for evacuation
[2025-05-18T22:11:27.513+0300][4596][7524 ][info][gc,phases      ] GC(9)   Pre Evacuate Collection Set: 0.3ms
[2025-05-18T22:11:27.513+0300][4596][7524 ][info][gc,phases      ] GC(9)   Merge Heap Roots: 0.2ms
[2025-05-18T22:11:27.513+0300][4596][7524 ][info][gc,phases      ] GC(9)   Evacuate Collection Set: 0.9ms
[2025-05-18T22:11:27.513+0300][4596][7524 ][info][gc,phases      ] GC(9)   Post Evacuate Collection Set: 1.9ms
[2025-05-18T22:11:27.513+0300][4596][7524 ][info][gc,phases      ] GC(9)   Other: 0.2ms
[2025-05-18T22:11:27.513+0300][4596][7524 ][info][gc,heap        ] GC(9) Eden regions: 920->0(920)
[2025-05-18T22:11:27.513+0300][4596][7524 ][info][gc,heap        ] GC(9) Survivor regions: 1->1(116)
[2025-05-18T22:11:27.513+0300][4596][7524 ][info][gc,heap        ] GC(9) Old regions: 9->9
[2025-05-18T22:11:27.513+0300][4596][7524 ][info][gc,heap        ] GC(9) Humongous regions: 0->0
[2025-05-18T22:11:27.513+0300][4596][7524 ][info][gc,metaspace   ] GC(9) Metaspace: 8731K(9792K)->8731K(9792K) NonClass: 7857K(8512K)->7857K(8512K) Class: 874K(1280K)->874K(1280K)
[2025-05-18T22:11:27.513+0300][4596][7524 ][info][gc             ] GC(9) Pause Young (Normal) (G1 Evacuation Pause) 7376M->16M(12288M) 3.910ms
[2025-05-18T22:11:27.513+0300][4596][7524 ][info][gc,cpu         ] GC(9) User=0.00s Sys=0.00s Real=0.00s
[2025-05-18T22:11:28.171+0300][4596][7524 ][info][gc,start       ] GC(10) Pause Full (System.gc())
[2025-05-18T22:11:28.171+0300][4596][7524 ][info][gc,task        ] GC(10) Using 8 workers of 8 for full compaction
[2025-05-18T22:11:28.171+0300][4596][7524 ][info][gc,phases,start] GC(10) Phase 1: Mark live objects
[2025-05-18T22:11:28.175+0300][4596][7524 ][info][gc,phases      ] GC(10) Phase 1: Mark live objects 3.642ms
[2025-05-18T22:11:28.175+0300][4596][7524 ][info][gc,phases,start] GC(10) Phase 2: Prepare compaction
[2025-05-18T22:11:28.177+0300][4596][7524 ][info][gc,phases      ] GC(10) Phase 2: Prepare compaction 1.341ms
[2025-05-18T22:11:28.177+0300][4596][7524 ][info][gc,phases,start] GC(10) Phase 3: Adjust pointers
[2025-05-18T22:11:28.180+0300][4596][7524 ][info][gc,phases      ] GC(10) Phase 3: Adjust pointers 2.905ms
[2025-05-18T22:11:28.180+0300][4596][7524 ][info][gc,phases,start] GC(10) Phase 4: Compact heap
[2025-05-18T22:11:28.183+0300][4596][7524 ][info][gc,phases      ] GC(10) Phase 4: Compact heap 3.031ms
[2025-05-18T22:11:28.183+0300][4596][7524 ][info][gc,phases,start] GC(10) Phase 5: Reset Metadata
[2025-05-18T22:11:28.185+0300][4596][7524 ][info][gc,phases      ] GC(10) Phase 5: Reset Metadata 2.133ms
[2025-05-18T22:11:28.203+0300][4596][7524 ][info][gc,heap        ] GC(10) Eden regions: 126->0(921)
[2025-05-18T22:11:28.203+0300][4596][7524 ][info][gc,heap        ] GC(10) Survivor regions: 1->0(116)
[2025-05-18T22:11:28.203+0300][4596][7524 ][info][gc,heap        ] GC(10) Old regions: 9->8
[2025-05-18T22:11:28.203+0300][4596][7524 ][info][gc,heap        ] GC(10) Humongous regions: 0->0
[2025-05-18T22:11:28.203+0300][4596][7524 ][info][gc,metaspace   ] GC(10) Metaspace: 8731K(9792K)->8731K(9792K) NonClass: 7857K(8512K)->7857K(8512K) Class: 874K(1280K)->874K(1280K)
[2025-05-18T22:11:28.203+0300][4596][7524 ][info][gc             ] GC(10) Pause Full (System.gc()) 1020M->9M(12288M) 31.652ms
[2025-05-18T22:11:28.203+0300][4596][7524 ][info][gc,cpu         ] GC(10) User=0.14s Sys=0.02s Real=0.03s
[2025-05-18T22:11:30.634+0300][4596][7524 ][info][gc,start       ] GC(11) Pause Young (Normal) (G1 Evacuation Pause)
[2025-05-18T22:11:30.634+0300][4596][7524 ][info][gc,task        ] GC(11) Using 8 workers of 8 for evacuation
[2025-05-18T22:11:30.638+0300][4596][7524 ][info][gc,phases      ] GC(11)   Pre Evacuate Collection Set: 0.3ms
[2025-05-18T22:11:30.638+0300][4596][7524 ][info][gc,phases      ] GC(11)   Merge Heap Roots: 0.2ms
[2025-05-18T22:11:30.638+0300][4596][7524 ][info][gc,phases      ] GC(11)   Evacuate Collection Set: 0.9ms
[2025-05-18T22:11:30.638+0300][4596][7524 ][info][gc,phases      ] GC(11)   Post Evacuate Collection Set: 1.8ms
[2025-05-18T22:11:30.638+0300][4596][7524 ][info][gc,phases      ] GC(11)   Other: 0.2ms
[2025-05-18T22:11:30.638+0300][4596][7524 ][info][gc,heap        ] GC(11) Eden regions: 921->0(920)
[2025-05-18T22:11:30.638+0300][4596][7524 ][info][gc,heap        ] GC(11) Survivor regions: 0->1(116)
[2025-05-18T22:11:30.638+0300][4596][7524 ][info][gc,heap        ] GC(11) Old regions: 8->8
[2025-05-18T22:11:30.638+0300][4596][7524 ][info][gc,heap        ] GC(11) Humongous regions: 0->0
[2025-05-18T22:11:30.638+0300][4596][7524 ][info][gc,metaspace   ] GC(11) Metaspace: 8731K(9792K)->8731K(9792K) NonClass: 7857K(8512K)->7857K(8512K) Class: 874K(1280K)->874K(1280K)
[2025-05-18T22:11:30.638+0300][4596][7524 ][info][gc             ] GC(11) Pause Young (Normal) (G1 Evacuation Pause) 7377M->16M(12288M) 3.827ms
[2025-05-18T22:11:30.638+0300][4596][7524 ][info][gc,cpu         ] GC(11) User=0.00s Sys=0.00s Real=0.00s
[2025-05-18T22:11:33.110+0300][4596][7524 ][info][gc,start       ] GC(12) Pause Young (Normal) (G1 Evacuation Pause)
[2025-05-18T22:11:33.110+0300][4596][7524 ][info][gc,task        ] GC(12) Using 8 workers of 8 for evacuation
[2025-05-18T22:11:33.113+0300][4596][7524 ][info][gc,phases      ] GC(12)   Pre Evacuate Collection Set: 0.3ms
[2025-05-18T22:11:33.113+0300][4596][7524 ][info][gc,phases      ] GC(12)   Merge Heap Roots: 0.2ms
[2025-05-18T22:11:33.113+0300][4596][7524 ][info][gc,phases      ] GC(12)   Evacuate Collection Set: 0.9ms
[2025-05-18T22:11:33.113+0300][4596][7524 ][info][gc,phases      ] GC(12)   Post Evacuate Collection Set: 1.8ms
[2025-05-18T22:11:33.113+0300][4596][7524 ][info][gc,phases      ] GC(12)   Other: 0.1ms
[2025-05-18T22:11:33.113+0300][4596][7524 ][info][gc,heap        ] GC(12) Eden regions: 920->0(920)
[2025-05-18T22:11:33.113+0300][4596][7524 ][info][gc,heap        ] GC(12) Survivor regions: 1->1(116)
[2025-05-18T22:11:33.113+0300][4596][7524 ][info][gc,heap        ] GC(12) Old regions: 8->8
[2025-05-18T22:11:33.113+0300][4596][7524 ][info][gc,heap        ] GC(12) Humongous regions: 0->0
[2025-05-18T22:11:33.113+0300][4596][7524 ][info][gc,metaspace   ] GC(12) Metaspace: 8731K(9792K)->8731K(9792K) NonClass: 7857K(8512K)->7857K(8512K) Class: 874K(1280K)->874K(1280K)
[2025-05-18T22:11:33.113+0300][4596][7524 ][info][gc             ] GC(12) Pause Young (Normal) (G1 Evacuation Pause) 7376M->16M(12288M) 3.600ms
[2025-05-18T22:11:33.113+0300][4596][7524 ][info][gc,cpu         ] GC(12) User=0.00s Sys=0.00s Real=0.00s
[2025-05-18T22:11:35.495+0300][4596][7524 ][info][gc,start       ] GC(13) Pause Young (Normal) (G1 Evacuation Pause)
[2025-05-18T22:11:35.495+0300][4596][7524 ][info][gc,task        ] GC(13) Using 8 workers of 8 for evacuation
[2025-05-18T22:11:35.498+0300][4596][7524 ][info][gc,phases      ] GC(13)   Pre Evacuate Collection Set: 0.2ms
[2025-05-18T22:11:35.498+0300][4596][7524 ][info][gc,phases      ] GC(13)   Merge Heap Roots: 0.1ms
[2025-05-18T22:11:35.498+0300][4596][7524 ][info][gc,phases      ] GC(13)   Evacuate Collection Set: 0.9ms
[2025-05-18T22:11:35.498+0300][4596][7524 ][info][gc,phases      ] GC(13)   Post Evacuate Collection Set: 1.7ms
[2025-05-18T22:11:35.498+0300][4596][7524 ][info][gc,phases      ] GC(13)   Other: 0.1ms
[2025-05-18T22:11:35.498+0300][4596][7524 ][info][gc,heap        ] GC(13) Eden regions: 920->0(920)
[2025-05-18T22:11:35.498+0300][4596][7524 ][info][gc,heap        ] GC(13) Survivor regions: 1->1(116)
[2025-05-18T22:11:35.498+0300][4596][7524 ][info][gc,heap        ] GC(13) Old regions: 8->8
[2025-05-18T22:11:35.498+0300][4596][7524 ][info][gc,heap        ] GC(13) Humongous regions: 0->0
[2025-05-18T22:11:35.499+0300][4596][7524 ][info][gc,metaspace   ] GC(13) Metaspace: 8731K(9792K)->8731K(9792K) NonClass: 7857K(8512K)->7857K(8512K) Class: 874K(1280K)->874K(1280K)
[2025-05-18T22:11:35.499+0300][4596][7524 ][info][gc             ] GC(13) Pause Young (Normal) (G1 Evacuation Pause) 7376M->16M(12288M) 3.449ms
[2025-05-18T22:11:35.499+0300][4596][7524 ][info][gc,cpu         ] GC(13) User=0.00s Sys=0.00s Real=0.00s
[2025-05-18T22:11:36.035+0300][4596][17012][info][gc,heap,exit   ] Heap
[2025-05-18T22:11:36.035+0300][4596][17012][info][gc,heap,exit   ]  garbage-first heap   total 12582912K, used 1032628K [0x0000000500000000, 0x0000000800000000)
[2025-05-18T22:11:36.035+0300][4596][17012][info][gc,heap,exit   ]   region size 8192K, 125 young (1024000K), 1 survivors (8192K)
[2025-05-18T22:11:36.035+0300][4596][17012][info][gc,heap,exit   ]  Metaspace       used 8756K, committed 9792K, reserved 1114112K
[2025-05-18T22:11:36.035+0300][4596][17012][info][gc,heap,exit   ]   class space    used 879K, committed 1280K, reserved 1048576K
