[2025-05-18T22:29:38.914+0300][3944][8088][info][gc,init] CardTable entry size: 512
[2025-05-18T22:29:38.914+0300][3944][8088][info][gc     ] Using Parallel
[2025-05-18T22:29:38.934+0300][3944][8088][info][gc,init] Version: 21.0.7+6-LTS (release)
[2025-05-18T22:29:38.934+0300][3944][8088][info][gc,init] CPUs: 8 total, 8 available
[2025-05-18T22:29:38.934+0300][3944][8088][info][gc,init] Memory: 16183M
[2025-05-18T22:29:38.934+0300][3944][8088][info][gc,init] Large Page Support: Disabled
[2025-05-18T22:29:38.934+0300][3944][8088][info][gc,init] NUMA Support: Disabled
[2025-05-18T22:29:38.934+0300][3944][8088][info][gc,init] Compressed Oops: Enabled (Zero based)
[2025-05-18T22:29:38.934+0300][3944][8088][info][gc,init] Alignments: Space 512K, Generation 512K, Heap 2M
[2025-05-18T22:29:38.934+0300][3944][8088][info][gc,init] Heap Min Capacity: 12G
[2025-05-18T22:29:38.934+0300][3944][8088][info][gc,init] Heap Initial Capacity: 12G
[2025-05-18T22:29:38.934+0300][3944][8088][info][gc,init] Heap Max Capacity: 12G
[2025-05-18T22:29:38.934+0300][3944][8088][info][gc,init] Pre-touch: Disabled
[2025-05-18T22:29:38.934+0300][3944][8088][info][gc,init] Parallel Workers: 8
[2025-05-18T22:29:38.941+0300][3944][8088][info][gc,metaspace] CDS archive(s) mapped at: [0x0000023fef000000-0x0000023fefc80000-0x0000023fefc80000), size 13107200, SharedBaseAddress: 0x0000023fef000000, ArchiveRelocationMode: 1.
[2025-05-18T22:29:38.941+0300][3944][8088][info][gc,metaspace] Compressed class space mapped at: 0x0000023ff0000000-0x0000024030000000, reserved size: 1073741824
[2025-05-18T22:29:38.941+0300][3944][8088][info][gc,metaspace] Narrow klass base: 0x0000023fef000000, Narrow klass shift: 0, Narrow klass range: 0x100000000
[2025-05-18T22:29:39.256+0300][3944][8532][info][gc,start    ] GC(0) Pause Young (System.gc())
[2025-05-18T22:29:39.258+0300][3944][8532][info][gc,heap     ] GC(0) PSYoungGen: 314573K(3670016K)->2539K(3670016K) Eden: 314573K(3145728K)->0K(3145728K) From: 0K(524288K)->2539K(524288K)
[2025-05-18T22:29:39.258+0300][3944][8532][info][gc,heap     ] GC(0) ParOldGen: 0K(8388608K)->8K(8388608K)
[2025-05-18T22:29:39.258+0300][3944][8532][info][gc,metaspace] GC(0) Metaspace: 2841K(3072K)->2841K(3072K) NonClass: 2584K(2688K)->2584K(2688K) Class: 257K(384K)->257K(384K)
[2025-05-18T22:29:39.258+0300][3944][8532][info][gc          ] GC(0) Pause Young (System.gc()) 307M->2M(11776M) 2.361ms
[2025-05-18T22:29:39.258+0300][3944][8532][info][gc,cpu      ] GC(0) User=0.00s Sys=0.00s Real=0.00s
[2025-05-18T22:29:39.258+0300][3944][8532][info][gc,start    ] GC(1) Pause Full (System.gc())
[2025-05-18T22:29:39.258+0300][3944][8532][info][gc,phases,start] GC(1) Marking Phase
[2025-05-18T22:29:39.260+0300][3944][8532][info][gc,phases      ] GC(1) Marking Phase 2.092ms
[2025-05-18T22:29:39.260+0300][3944][8532][info][gc,phases,start] GC(1) Summary Phase
[2025-05-18T22:29:39.260+0300][3944][8532][info][gc,phases      ] GC(1) Summary Phase 0.010ms
[2025-05-18T22:29:39.260+0300][3944][8532][info][gc,phases,start] GC(1) Adjust Roots
[2025-05-18T22:29:39.261+0300][3944][8532][info][gc,phases      ] GC(1) Adjust Roots 0.834ms
[2025-05-18T22:29:39.261+0300][3944][8532][info][gc,phases,start] GC(1) Compaction Phase
[2025-05-18T22:29:39.264+0300][3944][8532][info][gc,phases      ] GC(1) Compaction Phase 3.125ms
[2025-05-18T22:29:39.264+0300][3944][8532][info][gc,phases,start] GC(1) Post Compact
[2025-05-18T22:29:39.265+0300][3944][8532][info][gc,phases      ] GC(1) Post Compact 0.529ms
[2025-05-18T22:29:39.265+0300][3944][8532][info][gc,heap        ] GC(1) PSYoungGen: 2539K(3670016K)->0K(3670016K) Eden: 0K(3145728K)->0K(3145728K) From: 2539K(524288K)->0K(524288K)
[2025-05-18T22:29:39.265+0300][3944][8532][info][gc,heap        ] GC(1) ParOldGen: 8K(8388608K)->2422K(8388608K)
[2025-05-18T22:29:39.265+0300][3944][8532][info][gc,metaspace   ] GC(1) Metaspace: 2841K(3072K)->2841K(3072K) NonClass: 2584K(2688K)->2584K(2688K) Class: 257K(384K)->257K(384K)
[2025-05-18T22:29:39.265+0300][3944][8532][info][gc             ] GC(1) Pause Full (System.gc()) 2M->2M(11776M) 6.766ms
[2025-05-18T22:29:39.265+0300][3944][8532][info][gc,cpu         ] GC(1) User=0.00s Sys=0.02s Real=0.01s
[2025-05-18T22:29:45.717+0300][3944][8532][info][gc,start       ] GC(2) Pause Young (System.gc())
[2025-05-18T22:29:45.718+0300][3944][8532][info][gc,heap        ] GC(2) PSYoungGen: 440402K(3670016K)->480K(3670016K) Eden: 440402K(3145728K)->0K(3145728K) From: 0K(524288K)->480K(524288K)
[2025-05-18T22:29:45.718+0300][3944][8532][info][gc,heap        ] GC(2) ParOldGen: 2422K(8388608K)->2430K(8388608K)
[2025-05-18T22:29:45.718+0300][3944][8532][info][gc,metaspace   ] GC(2) Metaspace: 5371K(5632K)->5371K(5632K) NonClass: 4788K(4928K)->4788K(4928K) Class: 582K(704K)->582K(704K)
[2025-05-18T22:29:45.718+0300][3944][8532][info][gc             ] GC(2) Pause Young (System.gc()) 432M->2M(11776M) 0.560ms
[2025-05-18T22:29:45.718+0300][3944][8532][info][gc,cpu         ] GC(2) User=0.03s Sys=0.09s Real=0.00s
[2025-05-18T22:29:45.718+0300][3944][8532][info][gc,start       ] GC(3) Pause Full (System.gc())
[2025-05-18T22:29:45.718+0300][3944][8532][info][gc,phases,start] GC(3) Marking Phase
[2025-05-18T22:29:45.721+0300][3944][8532][info][gc,phases      ] GC(3) Marking Phase 2.929ms
[2025-05-18T22:29:45.721+0300][3944][8532][info][gc,phases,start] GC(3) Summary Phase
[2025-05-18T22:29:45.721+0300][3944][8532][info][gc,phases      ] GC(3) Summary Phase 0.021ms
[2025-05-18T22:29:45.721+0300][3944][8532][info][gc,phases,start] GC(3) Adjust Roots
[2025-05-18T22:29:45.722+0300][3944][8532][info][gc,phases      ] GC(3) Adjust Roots 1.460ms
[2025-05-18T22:29:45.722+0300][3944][8532][info][gc,phases,start] GC(3) Compaction Phase
[2025-05-18T22:29:45.725+0300][3944][8532][info][gc,phases      ] GC(3) Compaction Phase 2.750ms
[2025-05-18T22:29:45.725+0300][3944][8532][info][gc,phases,start] GC(3) Post Compact
[2025-05-18T22:29:45.726+0300][3944][8532][info][gc,phases      ] GC(3) Post Compact 0.544ms
[2025-05-18T22:29:45.726+0300][3944][8532][info][gc,heap        ] GC(3) PSYoungGen: 480K(3670016K)->0K(3670016K) Eden: 0K(3145728K)->0K(3145728K) From: 480K(524288K)->0K(524288K)
[2025-05-18T22:29:45.726+0300][3944][8532][info][gc,heap        ] GC(3) ParOldGen: 2430K(8388608K)->2758K(8388608K)
[2025-05-18T22:29:45.726+0300][3944][8532][info][gc,metaspace   ] GC(3) Metaspace: 5371K(5632K)->5371K(5632K) NonClass: 4788K(4928K)->4788K(4928K) Class: 582K(704K)->582K(704K)
[2025-05-18T22:29:45.726+0300][3944][8532][info][gc             ] GC(3) Pause Full (System.gc()) 2M->2M(11776M) 7.889ms
[2025-05-18T22:29:45.726+0300][3944][8532][info][gc,cpu         ] GC(3) User=0.00s Sys=0.00s Real=0.01s
[2025-05-18T22:29:51.879+0300][3944][8532][info][gc,start       ] GC(4) Pause Young (System.gc())
[2025-05-18T22:29:51.879+0300][3944][8532][info][gc,heap        ] GC(4) PSYoungGen: 398459K(3670016K)->128K(3670016K) Eden: 398459K(3145728K)->0K(3145728K) From: 0K(524288K)->128K(524288K)
[2025-05-18T22:29:51.879+0300][3944][8532][info][gc,heap        ] GC(4) ParOldGen: 2758K(8388608K)->2766K(8388608K)
[2025-05-18T22:29:51.879+0300][3944][8532][info][gc,metaspace   ] GC(4) Metaspace: 5409K(5632K)->5409K(5632K) NonClass: 4826K(4928K)->4826K(4928K) Class: 582K(704K)->582K(704K)
[2025-05-18T22:29:51.879+0300][3944][8532][info][gc             ] GC(4) Pause Young (System.gc()) 391M->2M(11776M) 0.323ms
[2025-05-18T22:29:51.879+0300][3944][8532][info][gc,cpu         ] GC(4) User=0.00s Sys=0.00s Real=0.00s
[2025-05-18T22:29:51.879+0300][3944][8532][info][gc,start       ] GC(5) Pause Full (System.gc())
[2025-05-18T22:29:51.879+0300][3944][8532][info][gc,phases,start] GC(5) Marking Phase
[2025-05-18T22:29:51.883+0300][3944][8532][info][gc,phases      ] GC(5) Marking Phase 3.508ms
[2025-05-18T22:29:51.883+0300][3944][8532][info][gc,phases,start] GC(5) Summary Phase
[2025-05-18T22:29:51.883+0300][3944][8532][info][gc,phases      ] GC(5) Summary Phase 0.010ms
[2025-05-18T22:29:51.883+0300][3944][8532][info][gc,phases,start] GC(5) Adjust Roots
[2025-05-18T22:29:51.884+0300][3944][8532][info][gc,phases      ] GC(5) Adjust Roots 1.293ms
[2025-05-18T22:29:51.884+0300][3944][8532][info][gc,phases,start] GC(5) Compaction Phase
[2025-05-18T22:29:51.887+0300][3944][8532][info][gc,phases      ] GC(5) Compaction Phase 2.892ms
[2025-05-18T22:29:51.887+0300][3944][8532][info][gc,phases,start] GC(5) Post Compact
[2025-05-18T22:29:51.888+0300][3944][8532][info][gc,phases      ] GC(5) Post Compact 0.696ms
[2025-05-18T22:29:51.888+0300][3944][8532][info][gc,heap        ] GC(5) PSYoungGen: 128K(3670016K)->0K(3670016K) Eden: 0K(3145728K)->0K(3145728K) From: 128K(524288K)->0K(524288K)
[2025-05-18T22:29:51.888+0300][3944][8532][info][gc,heap        ] GC(5) ParOldGen: 2766K(8388608K)->2758K(8388608K)
[2025-05-18T22:29:51.888+0300][3944][8532][info][gc,metaspace   ] GC(5) Metaspace: 5409K(5632K)->5409K(5632K) NonClass: 4826K(4928K)->4826K(4928K) Class: 582K(704K)->582K(704K)
[2025-05-18T22:29:51.888+0300][3944][8532][info][gc             ] GC(5) Pause Full (System.gc()) 2M->2M(11776M) 8.648ms
[2025-05-18T22:29:51.888+0300][3944][8532][info][gc,cpu         ] GC(5) User=0.00s Sys=0.00s Real=0.01s
[2025-05-18T22:29:58.096+0300][3944][8088][info][gc,heap,exit   ] Heap
[2025-05-18T22:29:58.096+0300][3944][8088][info][gc,heap,exit   ]  PSYoungGen      total 3670016K, used 335544K [0x0000000700000000, 0x0000000800000000, 0x0000000800000000)
[2025-05-18T22:29:58.096+0300][3944][8088][info][gc,heap,exit   ]   eden space 3145728K, 10% used [0x0000000700000000,0x00000007147ae2a0,0x00000007c0000000)
[2025-05-18T22:29:58.096+0300][3944][8088][info][gc,heap,exit   ]   from space 524288K, 0% used [0x00000007c0000000,0x00000007c0000000,0x00000007e0000000)
[2025-05-18T22:29:58.096+0300][3944][8088][info][gc,heap,exit   ]   to   space 524288K, 0% used [0x00000007e0000000,0x00000007e0000000,0x0000000800000000)
[2025-05-18T22:29:58.096+0300][3944][8088][info][gc,heap,exit   ]  ParOldGen       total 8388608K, used 2758K [0x0000000500000000, 0x0000000700000000, 0x0000000700000000)
[2025-05-18T22:29:58.096+0300][3944][8088][info][gc,heap,exit   ]   object space 8388608K, 0% used [0x0000000500000000,0x00000005002b19e0,0x0000000700000000)
[2025-05-18T22:29:58.096+0300][3944][8088][info][gc,heap,exit   ]  Metaspace       used 5492K, committed 5760K, reserved 1114112K
[2025-05-18T22:29:58.096+0300][3944][8088][info][gc,heap,exit   ]   class space    used 591K, committed 704K, reserved 1048576K
