[2025-05-18T20:38:31.484+0300][15968][2200][info][gc,init] CardTable entry size: 512
[2025-05-18T20:38:31.484+0300][15968][2200][info][gc     ] Using Parallel
[2025-05-18T20:38:31.507+0300][15968][2200][info][gc,init] Version: 21.0.6+8-LTS-188 (release)
[2025-05-18T20:38:31.507+0300][15968][2200][info][gc,init] CPUs: 8 total, 8 available
[2025-05-18T20:38:31.507+0300][15968][2200][info][gc,init] Memory: 16183M
[2025-05-18T20:38:31.507+0300][15968][2200][info][gc,init] Large Page Support: Disabled
[2025-05-18T20:38:31.507+0300][15968][2200][info][gc,init] NUMA Support: Disabled
[2025-05-18T20:38:31.508+0300][15968][2200][info][gc,init] Compressed Oops: Enabled (Zero based)
[2025-05-18T20:38:31.508+0300][15968][2200][info][gc,init] Alignments: Space 512K, Generation 512K, Heap 2M
[2025-05-18T20:38:31.508+0300][15968][2200][info][gc,init] Heap Min Capacity: 12G
[2025-05-18T20:38:31.508+0300][15968][2200][info][gc,init] Heap Initial Capacity: 12G
[2025-05-18T20:38:31.508+0300][15968][2200][info][gc,init] Heap Max Capacity: 12G
[2025-05-18T20:38:31.508+0300][15968][2200][info][gc,init] Pre-touch: Disabled
[2025-05-18T20:38:31.508+0300][15968][2200][info][gc,init] Parallel Workers: 8
[2025-05-18T20:38:31.517+0300][15968][2200][info][gc,metaspace] CDS archive(s) mapped at: [0x000001aa18000000-0x000001aa18c90000-0x000001aa18c90000), size 13172736, SharedBaseAddress: 0x000001aa18000000, ArchiveRelocationMode: 1.
[2025-05-18T20:38:31.517+0300][15968][2200][info][gc,metaspace] Compressed class space mapped at: 0x000001aa19000000-0x000001aa59000000, reserved size: 1073741824
[2025-05-18T20:38:31.517+0300][15968][2200][info][gc,metaspace] Narrow klass base: 0x000001aa18000000, Narrow klass shift: 0, Narrow klass range: 0x100000000
[2025-05-18T20:38:34.865+0300][15968][20492][info][gc,start    ] GC(0) Pause Young (System.gc())
[2025-05-18T20:38:34.873+0300][15968][20492][info][gc,heap     ] GC(0) PSYoungGen: 1384153K(3670016K)->9589K(3670016K) Eden: 1384153K(3145728K)->0K(3145728K) From: 0K(524288K)->9589K(524288K)
[2025-05-18T20:38:34.873+0300][15968][20492][info][gc,heap     ] GC(0) ParOldGen: 0K(8388608K)->96K(8388608K)
[2025-05-18T20:38:34.873+0300][15968][20492][info][gc,metaspace] GC(0) Metaspace: 15350K(15744K)->15350K(15744K) NonClass: 13835K(14016K)->13835K(14016K) Class: 1515K(1728K)->1515K(1728K)
[2025-05-18T20:38:34.873+0300][15968][20492][info][gc          ] GC(0) Pause Young (System.gc()) 1351M->9M(11776M) 8.408ms
[2025-05-18T20:38:34.873+0300][15968][20492][info][gc,cpu      ] GC(0) User=0.05s Sys=0.00s Real=0.01s
[2025-05-18T20:38:34.873+0300][15968][20492][info][gc,start    ] GC(1) Pause Full (System.gc())
[2025-05-18T20:38:34.873+0300][15968][20492][info][gc,phases,start] GC(1) Marking Phase
[2025-05-18T20:38:34.882+0300][15968][20492][info][gc,phases      ] GC(1) Marking Phase 9.458ms
[2025-05-18T20:38:34.882+0300][15968][20492][info][gc,phases,start] GC(1) Summary Phase
[2025-05-18T20:38:34.882+0300][15968][20492][info][gc,phases      ] GC(1) Summary Phase 0.013ms
[2025-05-18T20:38:34.882+0300][15968][20492][info][gc,phases,start] GC(1) Adjust Roots
[2025-05-18T20:38:34.887+0300][15968][20492][info][gc,phases      ] GC(1) Adjust Roots 4.405ms
[2025-05-18T20:38:34.887+0300][15968][20492][info][gc,phases,start] GC(1) Compaction Phase
[2025-05-18T20:38:34.896+0300][15968][20492][info][gc,phases      ] GC(1) Compaction Phase 8.628ms
[2025-05-18T20:38:34.896+0300][15968][20492][info][gc,phases,start] GC(1) Post Compact
[2025-05-18T20:38:34.897+0300][15968][20492][info][gc,phases      ] GC(1) Post Compact 1.746ms
[2025-05-18T20:38:34.898+0300][15968][20492][info][gc,heap        ] GC(1) PSYoungGen: 9589K(3670016K)->0K(3670016K) Eden: 0K(3145728K)->0K(3145728K) From: 9589K(524288K)->0K(524288K)
[2025-05-18T20:38:34.898+0300][15968][20492][info][gc,heap        ] GC(1) ParOldGen: 96K(8388608K)->9490K(8388608K)
[2025-05-18T20:38:34.898+0300][15968][20492][info][gc,metaspace   ] GC(1) Metaspace: 15350K(15744K)->15350K(15744K) NonClass: 13835K(14016K)->13835K(14016K) Class: 1515K(1728K)->1515K(1728K)
[2025-05-18T20:38:34.898+0300][15968][20492][info][gc             ] GC(1) Pause Full (System.gc()) 9M->9M(11776M) 24.667ms
[2025-05-18T20:38:34.898+0300][15968][20492][info][gc,cpu         ] GC(1) User=0.03s Sys=0.09s Real=0.03s
[2025-05-18T20:38:35.809+0300][15968][20492][info][gc,start       ] GC(2) Pause Young (Metadata GC Threshold)
[2025-05-18T20:38:35.816+0300][15968][20492][info][gc,heap        ] GC(2) PSYoungGen: 1121026K(3670016K)->4744K(3670016K) Eden: 1121026K(3145728K)->0K(3145728K) From: 0K(524288K)->4744K(524288K)
[2025-05-18T20:38:35.816+0300][15968][20492][info][gc,heap        ] GC(2) ParOldGen: 9490K(8388608K)->9498K(8388608K)
[2025-05-18T20:38:35.816+0300][15968][20492][info][gc,metaspace   ] GC(2) Metaspace: 25879K(26240K)->25879K(26240K) NonClass: 23418K(23616K)->23418K(23616K) Class: 2460K(2624K)->2460K(2624K)
[2025-05-18T20:38:35.816+0300][15968][20492][info][gc             ] GC(2) Pause Young (Metadata GC Threshold) 1104M->13M(11776M) 6.734ms
[2025-05-18T20:38:35.816+0300][15968][20492][info][gc,cpu         ] GC(2) User=0.00s Sys=0.02s Real=0.01s
[2025-05-18T20:38:35.816+0300][15968][20492][info][gc,start       ] GC(3) Pause Full (Metadata GC Threshold)
[2025-05-18T20:38:35.816+0300][15968][20492][info][gc,phases,start] GC(3) Marking Phase
[2025-05-18T20:38:35.826+0300][15968][20492][info][gc,phases      ] GC(3) Marking Phase 10.151ms
[2025-05-18T20:38:35.826+0300][15968][20492][info][gc,phases,start] GC(3) Summary Phase
[2025-05-18T20:38:35.826+0300][15968][20492][info][gc,phases      ] GC(3) Summary Phase 0.015ms
[2025-05-18T20:38:35.826+0300][15968][20492][info][gc,phases,start] GC(3) Adjust Roots
[2025-05-18T20:38:35.831+0300][15968][20492][info][gc,phases      ] GC(3) Adjust Roots 4.633ms
[2025-05-18T20:38:35.831+0300][15968][20492][info][gc,phases,start] GC(3) Compaction Phase
[2025-05-18T20:38:35.840+0300][15968][20492][info][gc,phases      ] GC(3) Compaction Phase 8.725ms
[2025-05-18T20:38:35.840+0300][15968][20492][info][gc,phases,start] GC(3) Post Compact
[2025-05-18T20:38:35.841+0300][15968][20492][info][gc,phases      ] GC(3) Post Compact 1.015ms
[2025-05-18T20:38:35.841+0300][15968][20492][info][gc,heap        ] GC(3) PSYoungGen: 4744K(3670016K)->0K(3670016K) Eden: 0K(3145728K)->0K(3145728K) From: 4744K(524288K)->0K(524288K)
[2025-05-18T20:38:35.841+0300][15968][20492][info][gc,heap        ] GC(3) ParOldGen: 9498K(8388608K)->13829K(8388608K)
[2025-05-18T20:38:35.841+0300][15968][20492][info][gc,metaspace   ] GC(3) Metaspace: 25879K(26240K)->25879K(26240K) NonClass: 23418K(23616K)->23418K(23616K) Class: 2460K(2624K)->2460K(2624K)
[2025-05-18T20:38:35.841+0300][15968][20492][info][gc             ] GC(3) Pause Full (Metadata GC Threshold) 13M->13M(11776M) 24.825ms
[2025-05-18T20:38:35.841+0300][15968][20492][info][gc,cpu         ] GC(3) User=0.03s Sys=0.00s Real=0.03s
[2025-05-18T20:39:45.202+0300][15968][20492][info][gc,start       ] GC(4) Pause Young (Allocation Failure)
[2025-05-18T20:39:45.209+0300][15968][20492][info][gc,heap        ] GC(4) PSYoungGen: 3145728K(3670016K)->2848K(3670016K) Eden: 3145728K(3145728K)->0K(3145728K) From: 0K(524288K)->2848K(524288K)
[2025-05-18T20:39:45.210+0300][15968][20492][info][gc,heap        ] GC(4) ParOldGen: 13829K(8388608K)->13837K(8388608K)
[2025-05-18T20:39:45.210+0300][15968][20492][info][gc,metaspace   ] GC(4) Metaspace: 34426K(35328K)->34426K(35328K) NonClass: 31489K(32000K)->31489K(32000K) Class: 2937K(3328K)->2937K(3328K)
[2025-05-18T20:39:45.210+0300][15968][20492][info][gc             ] GC(4) Pause Young (Allocation Failure) 3085M->16M(11776M) 7.563ms
[2025-05-18T20:39:45.210+0300][15968][20492][info][gc,cpu         ] GC(4) User=0.00s Sys=0.00s Real=0.01s
[2025-05-18T20:41:11.144+0300][15968][20492][info][gc,start       ] GC(5) Pause Young (Allocation Failure)
[2025-05-18T20:41:11.150+0300][15968][20492][info][gc,heap        ] GC(5) PSYoungGen: 3148576K(3670016K)->2800K(3670016K) Eden: 3145728K(3145728K)->0K(3145728K) From: 2848K(524288K)->2800K(524288K)
[2025-05-18T20:41:11.150+0300][15968][20492][info][gc,heap        ] GC(5) ParOldGen: 13837K(8388608K)->13855K(8388608K)
[2025-05-18T20:41:11.150+0300][15968][20492][info][gc,metaspace   ] GC(5) Metaspace: 34517K(35456K)->34517K(35456K) NonClass: 31578K(32128K)->31578K(32128K) Class: 2939K(3328K)->2939K(3328K)
[2025-05-18T20:41:11.150+0300][15968][20492][info][gc             ] GC(5) Pause Young (Allocation Failure) 3088M->16M(11776M) 5.774ms
[2025-05-18T20:41:11.150+0300][15968][20492][info][gc,cpu         ] GC(5) User=0.00s Sys=0.00s Real=0.01s
[2025-05-18T20:41:34.888+0300][15968][20492][info][gc,start       ] GC(6) Pause Young (System.gc())
[2025-05-18T20:41:34.893+0300][15968][20492][info][gc,heap        ] GC(6) PSYoungGen: 990752K(3670016K)->2448K(3670016K) Eden: 987951K(3145728K)->0K(3145728K) From: 2800K(524288K)->2448K(524288K)
[2025-05-18T20:41:34.893+0300][15968][20492][info][gc,heap        ] GC(6) ParOldGen: 13855K(8388608K)->13863K(8388608K)
[2025-05-18T20:41:34.893+0300][15968][20492][info][gc,metaspace   ] GC(6) Metaspace: 34628K(35520K)->34628K(35520K) NonClass: 31680K(32192K)->31680K(32192K) Class: 2947K(3328K)->2947K(3328K)
[2025-05-18T20:41:34.893+0300][15968][20492][info][gc             ] GC(6) Pause Young (System.gc()) 981M->15M(11776M) 5.368ms
[2025-05-18T20:41:34.893+0300][15968][20492][info][gc,cpu         ] GC(6) User=0.12s Sys=0.00s Real=0.00s
[2025-05-18T20:41:34.893+0300][15968][20492][info][gc,start       ] GC(7) Pause Full (System.gc())
[2025-05-18T20:41:34.893+0300][15968][20492][info][gc,phases,start] GC(7) Marking Phase
[2025-05-18T20:41:34.916+0300][15968][20492][info][gc,phases      ] GC(7) Marking Phase 23.055ms
[2025-05-18T20:41:34.916+0300][15968][20492][info][gc,phases,start] GC(7) Summary Phase
[2025-05-18T20:41:34.916+0300][15968][20492][info][gc,phases      ] GC(7) Summary Phase 0.011ms
[2025-05-18T20:41:34.916+0300][15968][20492][info][gc,phases,start] GC(7) Adjust Roots
[2025-05-18T20:41:34.925+0300][15968][20492][info][gc,phases      ] GC(7) Adjust Roots 9.261ms
[2025-05-18T20:41:34.925+0300][15968][20492][info][gc,phases,start] GC(7) Compaction Phase
[2025-05-18T20:41:34.935+0300][15968][20492][info][gc,phases      ] GC(7) Compaction Phase 8.720ms
[2025-05-18T20:41:34.935+0300][15968][20492][info][gc,phases,start] GC(7) Post Compact
[2025-05-18T20:41:34.936+0300][15968][20492][info][gc,phases      ] GC(7) Post Compact 1.826ms
[2025-05-18T20:41:34.937+0300][15968][20492][info][gc,heap        ] GC(7) PSYoungGen: 2448K(3670016K)->0K(3670016K) Eden: 0K(3145728K)->0K(3145728K) From: 2448K(524288K)->0K(524288K)
[2025-05-18T20:41:34.937+0300][15968][20492][info][gc,heap        ] GC(7) ParOldGen: 13863K(8388608K)->14140K(8388608K)
[2025-05-18T20:41:34.937+0300][15968][20492][info][gc,metaspace   ] GC(7) Metaspace: 34628K(35520K)->33186K(35520K) NonClass: 31680K(32192K)->30404K(32192K) Class: 2947K(3328K)->2782K(3328K)
[2025-05-18T20:41:34.937+0300][15968][20492][info][gc             ] GC(7) Pause Full (System.gc()) 15M->13M(11776M) 43.114ms
[2025-05-18T20:41:34.937+0300][15968][20492][info][gc,cpu         ] GC(7) User=0.03s Sys=0.02s Real=0.04s
[2025-05-18T20:43:02.668+0300][15968][20492][info][gc,start       ] GC(8) Pause Young (Allocation Failure)
[2025-05-18T20:43:02.670+0300][15968][20492][info][gc,heap        ] GC(8) PSYoungGen: 3145728K(3670016K)->2393K(3670016K) Eden: 3145728K(3145728K)->0K(3145728K) From: 0K(524288K)->2393K(524288K)
[2025-05-18T20:43:02.671+0300][15968][20492][info][gc,heap        ] GC(8) ParOldGen: 14140K(8388608K)->14148K(8388608K)
[2025-05-18T20:43:02.671+0300][15968][20492][info][gc,metaspace   ] GC(8) Metaspace: 34318K(35584K)->34318K(35584K) NonClass: 31457K(32256K)->31457K(32256K) Class: 2860K(3328K)->2860K(3328K)
[2025-05-18T20:43:02.671+0300][15968][20492][info][gc             ] GC(8) Pause Young (Allocation Failure) 3085M->16M(11776M) 2.667ms
[2025-05-18T20:43:02.671+0300][15968][20492][info][gc,cpu         ] GC(8) User=0.03s Sys=0.00s Real=0.00s
[2025-05-18T20:44:25.196+0300][15968][20492][info][gc,start       ] GC(9) Pause Young (System.gc())
[2025-05-18T20:44:25.198+0300][15968][20492][info][gc,heap        ] GC(9) PSYoungGen: 2788622K(3670016K)->1769K(3670016K) Eden: 2786229K(3145728K)->0K(3145728K) From: 2393K(524288K)->1769K(524288K)
[2025-05-18T20:44:25.198+0300][15968][20492][info][gc,heap        ] GC(9) ParOldGen: 14148K(8388608K)->14156K(8388608K)
[2025-05-18T20:44:25.198+0300][15968][20492][info][gc,metaspace   ] GC(9) Metaspace: 34344K(35584K)->34344K(35584K) NonClass: 31482K(32256K)->31482K(32256K) Class: 2862K(3328K)->2862K(3328K)
[2025-05-18T20:44:25.199+0300][15968][20492][info][gc             ] GC(9) Pause Young (System.gc()) 2737M->15M(11776M) 2.090ms
[2025-05-18T20:44:25.199+0300][15968][20492][info][gc,cpu         ] GC(9) User=0.00s Sys=0.00s Real=0.00s
[2025-05-18T20:44:25.199+0300][15968][20492][info][gc,start       ] GC(10) Pause Full (System.gc())
[2025-05-18T20:44:25.199+0300][15968][20492][info][gc,phases,start] GC(10) Marking Phase
[2025-05-18T20:44:25.245+0300][15968][20492][info][gc,phases      ] GC(10) Marking Phase 46.331ms
[2025-05-18T20:44:25.245+0300][15968][20492][info][gc,phases,start] GC(10) Summary Phase
[2025-05-18T20:44:25.245+0300][15968][20492][info][gc,phases      ] GC(10) Summary Phase 0.017ms
[2025-05-18T20:44:25.245+0300][15968][20492][info][gc,phases,start] GC(10) Adjust Roots
[2025-05-18T20:44:25.257+0300][15968][20492][info][gc,phases      ] GC(10) Adjust Roots 12.333ms
[2025-05-18T20:44:25.257+0300][15968][20492][info][gc,phases,start] GC(10) Compaction Phase
[2025-05-18T20:44:25.267+0300][15968][20492][info][gc,phases      ] GC(10) Compaction Phase 9.463ms
[2025-05-18T20:44:25.267+0300][15968][20492][info][gc,phases,start] GC(10) Post Compact
[2025-05-18T20:44:25.269+0300][15968][20492][info][gc,phases      ] GC(10) Post Compact 3.022ms
[2025-05-18T20:44:25.270+0300][15968][20492][info][gc,heap        ] GC(10) PSYoungGen: 1769K(3670016K)->0K(3670016K) Eden: 0K(3145728K)->0K(3145728K) From: 1769K(524288K)->0K(524288K)
[2025-05-18T20:44:25.270+0300][15968][20492][info][gc,heap        ] GC(10) ParOldGen: 14156K(8388608K)->14043K(8388608K)
[2025-05-18T20:44:25.270+0300][15968][20492][info][gc,metaspace   ] GC(10) Metaspace: 34344K(35584K)->33312K(35584K) NonClass: 31482K(32256K)->30526K(32256K) Class: 2862K(3328K)->2785K(3328K)
[2025-05-18T20:44:25.270+0300][15968][20492][info][gc             ] GC(10) Pause Full (System.gc()) 15M->13M(11776M) 71.580ms
[2025-05-18T20:44:25.270+0300][15968][20492][info][gc,cpu         ] GC(10) User=0.19s Sys=0.05s Real=0.07s
[2025-05-18T20:46:02.469+0300][15968][20492][info][gc,start       ] GC(11) Pause Young (Allocation Failure)
[2025-05-18T20:46:02.473+0300][15968][20492][info][gc,heap        ] GC(11) PSYoungGen: 3145728K(3670016K)->2441K(4185088K) Eden: 3145728K(3145728K)->0K(3660800K) From: 0K(524288K)->2441K(524288K)
[2025-05-18T20:46:02.473+0300][15968][20492][info][gc,heap        ] GC(11) ParOldGen: 14043K(8388608K)->14051K(8388608K)
[2025-05-18T20:46:02.473+0300][15968][20492][info][gc,metaspace   ] GC(11) Metaspace: 34415K(35648K)->34415K(35648K) NonClass: 31553K(32320K)->31553K(32320K) Class: 2861K(3328K)->2861K(3328K)
[2025-05-18T20:46:02.473+0300][15968][20492][info][gc             ] GC(11) Pause Young (Allocation Failure) 3085M->16M(12279M) 3.915ms
[2025-05-18T20:46:02.473+0300][15968][20492][info][gc,cpu         ] GC(11) User=0.00s Sys=0.00s Real=0.00s
[2025-05-18T20:47:20.729+0300][15968][2200 ][info][gc,heap,exit   ] Heap
[2025-05-18T20:47:20.729+0300][15968][2200 ][info][gc,heap,exit   ]  PSYoungGen      total 4185088K, used 2545769K [0x0000000700000000, 0x0000000800000000, 0x0000000800000000)
[2025-05-18T20:47:20.729+0300][15968][2200 ][info][gc,heap,exit   ]   eden space 3660800K, 69% used [0x0000000700000000,0x000000079b3b7ee0,0x00000007df700000)
[2025-05-18T20:47:20.729+0300][15968][2200 ][info][gc,heap,exit   ]   from space 524288K, 0% used [0x00000007e0000000,0x00000007e02626f0,0x0000000800000000)
[2025-05-18T20:47:20.729+0300][15968][2200 ][info][gc,heap,exit   ]   to   space 9216K, 0% used [0x00000007df700000,0x00000007df700000,0x00000007e0000000)
[2025-05-18T20:47:20.729+0300][15968][2200 ][info][gc,heap,exit   ]  ParOldGen       total 8388608K, used 14051K [0x0000000500000000, 0x0000000700000000, 0x0000000700000000)
[2025-05-18T20:47:20.729+0300][15968][2200 ][info][gc,heap,exit   ]   object space 8388608K, 0% used [0x0000000500000000,0x0000000500db8da0,0x0000000700000000)
[2025-05-18T20:47:20.729+0300][15968][2200 ][info][gc,heap,exit   ]  Metaspace       used 34460K, committed 35648K, reserved 1114112K
[2025-05-18T20:47:20.729+0300][15968][2200 ][info][gc,heap,exit   ]   class space    used 2865K, committed 3328K, reserved 1048576K
