[2025-05-18T20:28:56.962+0300][22948][18888][info][gc,init] CardTable entry size: 512
[2025-05-18T20:28:56.963+0300][22948][18888][info][gc     ] Using Parallel
[2025-05-18T20:28:56.971+0300][22948][18888][info][gc,init] Version: 21.0.6+8-LTS-188 (release)
[2025-05-18T20:28:56.971+0300][22948][18888][info][gc,init] CPUs: 8 total, 8 available
[2025-05-18T20:28:56.971+0300][22948][18888][info][gc,init] Memory: 16183M
[2025-05-18T20:28:56.971+0300][22948][18888][info][gc,init] Large Page Support: Disabled
[2025-05-18T20:28:56.971+0300][22948][18888][info][gc,init] NUMA Support: Disabled
[2025-05-18T20:28:56.972+0300][22948][18888][info][gc,init] Compressed Oops: Enabled (Zero based)
[2025-05-18T20:28:56.972+0300][22948][18888][info][gc,init] Alignments: Space 512K, Generation 512K, Heap 2M
[2025-05-18T20:28:56.972+0300][22948][18888][info][gc,init] Heap Min Capacity: 4G
[2025-05-18T20:28:56.972+0300][22948][18888][info][gc,init] Heap Initial Capacity: 4G
[2025-05-18T20:28:56.972+0300][22948][18888][info][gc,init] Heap Max Capacity: 4G
[2025-05-18T20:28:56.972+0300][22948][18888][info][gc,init] Pre-touch: Disabled
[2025-05-18T20:28:56.972+0300][22948][18888][info][gc,init] Parallel Workers: 8
[2025-05-18T20:28:56.982+0300][22948][18888][info][gc,metaspace] CDS archive(s) mapped at: [0x000002744c000000-0x000002744cc90000-0x000002744cc90000), size 13172736, SharedBaseAddress: 0x000002744c000000, ArchiveRelocationMode: 1.
[2025-05-18T20:28:56.982+0300][22948][18888][info][gc,metaspace] Compressed class space mapped at: 0x000002744d000000-0x000002748d000000, reserved size: 1073741824
[2025-05-18T20:28:56.982+0300][22948][18888][info][gc,metaspace] Narrow klass base: 0x000002744c000000, Narrow klass shift: 0, Narrow klass range: 0x100000000
[2025-05-18T20:29:01.101+0300][22948][7572 ][info][gc,start    ] GC(0) Pause Young (System.gc())
[2025-05-18T20:29:01.112+0300][22948][7572 ][info][gc,heap     ] GC(0) PSYoungGen: 566368K(1223168K)->9622K(1223168K) Eden: 566368K(1048576K)->0K(1048576K) From: 0K(174592K)->9622K(174592K)
[2025-05-18T20:29:01.112+0300][22948][7572 ][info][gc,heap     ] GC(0) ParOldGen: 0K(2796544K)->88K(2796544K)
[2025-05-18T20:29:01.112+0300][22948][7572 ][info][gc,metaspace] GC(0) Metaspace: 15364K(15744K)->15364K(15744K) NonClass: 13848K(14016K)->13848K(14016K) Class: 1515K(1728K)->1515K(1728K)
[2025-05-18T20:29:01.112+0300][22948][7572 ][info][gc          ] GC(0) Pause Young (System.gc()) 553M->9M(3925M) 9.822ms
[2025-05-18T20:29:01.112+0300][22948][7572 ][info][gc,cpu      ] GC(0) User=0.03s Sys=0.00s Real=0.01s
[2025-05-18T20:29:01.112+0300][22948][7572 ][info][gc,start    ] GC(1) Pause Full (System.gc())
[2025-05-18T20:29:01.112+0300][22948][7572 ][info][gc,phases,start] GC(1) Marking Phase
[2025-05-18T20:29:01.121+0300][22948][7572 ][info][gc,phases      ] GC(1) Marking Phase 8.731ms
[2025-05-18T20:29:01.121+0300][22948][7572 ][info][gc,phases,start] GC(1) Summary Phase
[2025-05-18T20:29:01.121+0300][22948][7572 ][info][gc,phases      ] GC(1) Summary Phase 0.016ms
[2025-05-18T20:29:01.121+0300][22948][7572 ][info][gc,phases,start] GC(1) Adjust Roots
[2025-05-18T20:29:01.124+0300][22948][7572 ][info][gc,phases      ] GC(1) Adjust Roots 5.021ms
[2025-05-18T20:29:01.126+0300][22948][7572 ][info][gc,phases,start] GC(1) Compaction Phase
[2025-05-18T20:29:01.133+0300][22948][7572 ][info][gc,phases      ] GC(1) Compaction Phase 7.668ms
[2025-05-18T20:29:01.133+0300][22948][7572 ][info][gc,phases,start] GC(1) Post Compact
[2025-05-18T20:29:01.134+0300][22948][7572 ][info][gc,phases      ] GC(1) Post Compact 0.889ms
[2025-05-18T20:29:01.134+0300][22948][7572 ][info][gc,heap        ] GC(1) PSYoungGen: 9622K(1223168K)->0K(1223168K) Eden: 0K(1048576K)->0K(1048576K) From: 9622K(174592K)->0K(174592K)
[2025-05-18T20:29:01.134+0300][22948][7572 ][info][gc,heap        ] GC(1) ParOldGen: 88K(2796544K)->9489K(2796544K)
[2025-05-18T20:29:01.134+0300][22948][7572 ][info][gc,metaspace   ] GC(1) Metaspace: 15364K(15744K)->15364K(15744K) NonClass: 13848K(14016K)->13848K(14016K) Class: 1515K(1728K)->1515K(1728K)
[2025-05-18T20:29:01.134+0300][22948][7572 ][info][gc             ] GC(1) Pause Full (System.gc()) 9M->9M(3925M) 22.718ms
[2025-05-18T20:29:01.134+0300][22948][7572 ][info][gc,cpu         ] GC(1) User=0.02s Sys=0.00s Real=0.02s
[2025-05-18T20:29:02.049+0300][22948][7572 ][info][gc,start       ] GC(2) Pause Young (Metadata GC Threshold)
[2025-05-18T20:29:02.053+0300][22948][7572 ][info][gc,heap        ] GC(2) PSYoungGen: 282049K(1223168K)->4722K(1223168K) Eden: 282049K(1048576K)->0K(1048576K) From: 0K(174592K)->4722K(174592K)
[2025-05-18T20:29:02.053+0300][22948][7572 ][info][gc,heap        ] GC(2) ParOldGen: 9489K(2796544K)->9497K(2796544K)
[2025-05-18T20:29:02.053+0300][22948][7572 ][info][gc,metaspace   ] GC(2) Metaspace: 25864K(26240K)->25864K(26240K) NonClass: 23403K(23616K)->23403K(23616K) Class: 2460K(2624K)->2460K(2624K)
[2025-05-18T20:29:02.053+0300][22948][7572 ][info][gc             ] GC(2) Pause Young (Metadata GC Threshold) 284M->13M(3925M) 4.237ms
[2025-05-18T20:29:02.053+0300][22948][7572 ][info][gc,cpu         ] GC(2) User=0.00s Sys=0.00s Real=0.00s
[2025-05-18T20:29:02.053+0300][22948][7572 ][info][gc,start       ] GC(3) Pause Full (Metadata GC Threshold)
[2025-05-18T20:29:02.053+0300][22948][7572 ][info][gc,phases,start] GC(3) Marking Phase
[2025-05-18T20:29:02.067+0300][22948][7572 ][info][gc,phases      ] GC(3) Marking Phase 14.555ms
[2025-05-18T20:29:02.067+0300][22948][7572 ][info][gc,phases,start] GC(3) Summary Phase
[2025-05-18T20:29:02.067+0300][22948][7572 ][info][gc,phases      ] GC(3) Summary Phase 0.016ms
[2025-05-18T20:29:02.067+0300][22948][7572 ][info][gc,phases,start] GC(3) Adjust Roots
[2025-05-18T20:29:02.073+0300][22948][7572 ][info][gc,phases      ] GC(3) Adjust Roots 5.032ms
[2025-05-18T20:29:02.073+0300][22948][7572 ][info][gc,phases,start] GC(3) Compaction Phase
[2025-05-18T20:29:02.083+0300][22948][7572 ][info][gc,phases      ] GC(3) Compaction Phase 10.391ms
[2025-05-18T20:29:02.083+0300][22948][7572 ][info][gc,phases,start] GC(3) Post Compact
[2025-05-18T20:29:02.084+0300][22948][7572 ][info][gc,phases      ] GC(3) Post Compact 0.566ms
[2025-05-18T20:29:02.084+0300][22948][7572 ][info][gc,heap        ] GC(3) PSYoungGen: 4722K(1223168K)->0K(1223168K) Eden: 0K(1048576K)->0K(1048576K) From: 4722K(174592K)->0K(174592K)
[2025-05-18T20:29:02.084+0300][22948][7572 ][info][gc,heap        ] GC(3) ParOldGen: 9497K(2796544K)->13823K(2796544K)
[2025-05-18T20:29:02.084+0300][22948][7572 ][info][gc,metaspace   ] GC(3) Metaspace: 25864K(26240K)->25864K(26240K) NonClass: 23403K(23616K)->23403K(23616K) Class: 2460K(2624K)->2460K(2624K)
[2025-05-18T20:29:02.084+0300][22948][7572 ][info][gc             ] GC(3) Pause Full (Metadata GC Threshold) 13M->13M(3925M) 30.888ms
[2025-05-18T20:29:02.084+0300][22948][7572 ][info][gc,cpu         ] GC(3) User=0.05s Sys=0.08s Real=0.03s
[2025-05-18T20:29:28.534+0300][22948][7572 ][info][gc,start       ] GC(4) Pause Young (Allocation Failure)
[2025-05-18T20:29:28.539+0300][22948][7572 ][info][gc,heap        ] GC(4) PSYoungGen: 1048576K(1223168K)->2944K(1223168K) Eden: 1048576K(1048576K)->0K(1048576K) From: 0K(174592K)->2944K(174592K)
[2025-05-18T20:29:28.539+0300][22948][7572 ][info][gc,heap        ] GC(4) ParOldGen: 13823K(2796544K)->13831K(2796544K)
[2025-05-18T20:29:28.539+0300][22948][7572 ][info][gc,metaspace   ] GC(4) Metaspace: 33922K(34752K)->33922K(34752K) NonClass: 30987K(31424K)->30987K(31424K) Class: 2935K(3328K)->2935K(3328K)
[2025-05-18T20:29:28.539+0300][22948][7572 ][info][gc             ] GC(4) Pause Young (Allocation Failure) 1037M->16M(3925M) 4.873ms
[2025-05-18T20:29:28.539+0300][22948][7572 ][info][gc,cpu         ] GC(4) User=0.00s Sys=0.00s Real=0.01s
[2025-05-18T20:29:58.977+0300][22948][7572 ][info][gc,start       ] GC(5) Pause Young (Allocation Failure)
[2025-05-18T20:29:58.982+0300][22948][7572 ][info][gc,heap        ] GC(5) PSYoungGen: 1051520K(1223168K)->2912K(1223168K) Eden: 1048576K(1048576K)->0K(1048576K) From: 2944K(174592K)->2912K(174592K)
[2025-05-18T20:29:58.982+0300][22948][7572 ][info][gc,heap        ] GC(5) ParOldGen: 13831K(2796544K)->13839K(2796544K)
[2025-05-18T20:29:58.982+0300][22948][7572 ][info][gc,metaspace   ] GC(5) Metaspace: 34386K(35264K)->34386K(35264K) NonClass: 31450K(31936K)->31450K(31936K) Class: 2936K(3328K)->2936K(3328K)
[2025-05-18T20:29:58.982+0300][22948][7572 ][info][gc             ] GC(5) Pause Young (Allocation Failure) 1040M->16M(3925M) 4.338ms
[2025-05-18T20:29:58.982+0300][22948][7572 ][info][gc,cpu         ] GC(5) User=0.00s Sys=0.00s Real=0.01s
[2025-05-18T20:30:30.429+0300][22948][7572 ][info][gc,start       ] GC(6) Pause Young (Allocation Failure)
[2025-05-18T20:30:30.434+0300][22948][7572 ][info][gc,heap        ] GC(6) PSYoungGen: 1051488K(1223168K)->3024K(1223168K) Eden: 1048576K(1048576K)->0K(1048576K) From: 2912K(174592K)->3024K(174592K)
[2025-05-18T20:30:30.434+0300][22948][7572 ][info][gc,heap        ] GC(6) ParOldGen: 13839K(2796544K)->13847K(2796544K)
[2025-05-18T20:30:30.434+0300][22948][7572 ][info][gc,metaspace   ] GC(6) Metaspace: 34436K(35328K)->34436K(35328K) NonClass: 31499K(32000K)->31499K(32000K) Class: 2936K(3328K)->2936K(3328K)
[2025-05-18T20:30:30.434+0300][22948][7572 ][info][gc             ] GC(6) Pause Young (Allocation Failure) 1040M->16M(3925M) 5.142ms
[2025-05-18T20:30:30.434+0300][22948][7572 ][info][gc,cpu         ] GC(6) User=0.00s Sys=0.00s Real=0.01s
[2025-05-18T20:31:01.866+0300][22948][7572 ][info][gc,start       ] GC(7) Pause Young (Allocation Failure)
[2025-05-18T20:31:01.870+0300][22948][7572 ][info][gc,heap        ] GC(7) PSYoungGen: 1051600K(1223168K)->2880K(1388032K) Eden: 1048576K(1048576K)->0K(1213440K) From: 3024K(174592K)->2880K(174592K)
[2025-05-18T20:31:01.870+0300][22948][7572 ][info][gc,heap        ] GC(7) ParOldGen: 13850K(2796544K)->13868K(2796544K)
[2025-05-18T20:31:01.870+0300][22948][7572 ][info][gc,metaspace   ] GC(7) Metaspace: 34475K(35392K)->34475K(35392K) NonClass: 31537K(32064K)->31537K(32064K) Class: 2937K(3328K)->2937K(3328K)
[2025-05-18T20:31:01.870+0300][22948][7572 ][info][gc             ] GC(7) Pause Young (Allocation Failure) 1040M->16M(4086M) 4.152ms
[2025-05-18T20:31:01.870+0300][22948][7572 ][info][gc,cpu         ] GC(7) User=0.00s Sys=0.00s Real=0.00s
[2025-05-18T20:31:38.843+0300][22948][7572 ][info][gc,start       ] GC(8) Pause Young (Allocation Failure)
[2025-05-18T20:31:38.849+0300][22948][7572 ][info][gc,heap        ] GC(8) PSYoungGen: 1216320K(1388032K)->2848K(1223168K) Eden: 1213440K(1213440K)->0K(1213440K) From: 2880K(174592K)->2848K(9728K)
[2025-05-18T20:31:38.849+0300][22948][7572 ][info][gc,heap        ] GC(8) ParOldGen: 13868K(2796544K)->13876K(2796544K)
[2025-05-18T20:31:38.849+0300][22948][7572 ][info][gc,metaspace   ] GC(8) Metaspace: 34494K(35392K)->34494K(35392K) NonClass: 31557K(32064K)->31557K(32064K) Class: 2937K(3328K)->2937K(3328K)
[2025-05-18T20:31:38.849+0300][22948][7572 ][info][gc             ] GC(8) Pause Young (Allocation Failure) 1201M->16M(3925M) 5.863ms
[2025-05-18T20:31:38.849+0300][22948][7572 ][info][gc,cpu         ] GC(8) User=0.00s Sys=0.00s Real=0.01s
[2025-05-18T20:31:55.940+0300][22948][7572 ][info][gc,start       ] GC(9) Pause Young (System.gc())
[2025-05-18T20:31:55.944+0300][22948][7572 ][info][gc,heap        ] GC(9) PSYoungGen: 575021K(1223168K)->256K(1388032K) Eden: 572173K(1213440K)->0K(1378304K) From: 2848K(9728K)->256K(9728K)
[2025-05-18T20:31:55.944+0300][22948][7572 ][info][gc,heap        ] GC(9) ParOldGen: 13876K(2796544K)->16197K(2796544K)
[2025-05-18T20:31:55.944+0300][22948][7572 ][info][gc,metaspace   ] GC(9) Metaspace: 34605K(35520K)->34605K(35520K) NonClass: 31659K(32192K)->31659K(32192K) Class: 2946K(3328K)->2946K(3328K)
[2025-05-18T20:31:55.944+0300][22948][7572 ][info][gc             ] GC(9) Pause Young (System.gc()) 575M->16M(4086M) 4.459ms
[2025-05-18T20:31:55.944+0300][22948][7572 ][info][gc,cpu         ] GC(9) User=0.00s Sys=0.00s Real=0.00s
[2025-05-18T20:31:55.945+0300][22948][7572 ][info][gc,start       ] GC(10) Pause Full (System.gc())
[2025-05-18T20:31:55.945+0300][22948][7572 ][info][gc,phases,start] GC(10) Marking Phase
[2025-05-18T20:31:55.968+0300][22948][7572 ][info][gc,phases      ] GC(10) Marking Phase 23.769ms
[2025-05-18T20:31:55.968+0300][22948][7572 ][info][gc,phases,start] GC(10) Summary Phase
[2025-05-18T20:31:55.968+0300][22948][7572 ][info][gc,phases      ] GC(10) Summary Phase 0.010ms
[2025-05-18T20:31:55.968+0300][22948][7572 ][info][gc,phases,start] GC(10) Adjust Roots
[2025-05-18T20:31:55.978+0300][22948][7572 ][info][gc,phases      ] GC(10) Adjust Roots 10.174ms
[2025-05-18T20:31:55.978+0300][22948][7572 ][info][gc,phases,start] GC(10) Compaction Phase
[2025-05-18T20:31:55.987+0300][22948][7572 ][info][gc,phases      ] GC(10) Compaction Phase 7.771ms
[2025-05-18T20:31:55.987+0300][22948][7572 ][info][gc,phases,start] GC(10) Post Compact
[2025-05-18T20:31:55.987+0300][22948][7572 ][info][gc,phases      ] GC(10) Post Compact 0.912ms
[2025-05-18T20:31:55.988+0300][22948][7572 ][info][gc,heap        ] GC(10) PSYoungGen: 256K(1388032K)->0K(1388032K) Eden: 0K(1378304K)->0K(1378304K) From: 256K(9728K)->0K(9728K)
[2025-05-18T20:31:55.988+0300][22948][7572 ][info][gc,heap        ] GC(10) ParOldGen: 16197K(2796544K)->14165K(2796544K)
[2025-05-18T20:31:55.988+0300][22948][7572 ][info][gc,metaspace   ] GC(10) Metaspace: 34605K(35520K)->33174K(35328K) NonClass: 31659K(32192K)->30391K(32000K) Class: 2946K(3328K)->2782K(3328K)
[2025-05-18T20:31:55.988+0300][22948][7572 ][info][gc             ] GC(10) Pause Full (System.gc()) 16M->13M(4086M) 42.886ms
[2025-05-18T20:31:55.988+0300][22948][7572 ][info][gc,cpu         ] GC(10) User=0.14s Sys=0.02s Real=0.04s
[2025-05-18T20:32:36.274+0300][22948][7572 ][info][gc,start       ] GC(11) Pause Young (Allocation Failure)
[2025-05-18T20:32:36.276+0300][22948][7572 ][info][gc,heap        ] GC(11) PSYoungGen: 1378304K(1388032K)->2361K(1388032K) Eden: 1378304K(1378304K)->0K(1378304K) From: 0K(9728K)->2361K(9728K)
[2025-05-18T20:32:36.276+0300][22948][7572 ][info][gc,heap        ] GC(11) ParOldGen: 14165K(2796544K)->14173K(2796544K)
[2025-05-18T20:32:36.276+0300][22948][7572 ][info][gc,metaspace   ] GC(11) Metaspace: 34314K(35392K)->34314K(35392K) NonClass: 31453K(32064K)->31453K(32064K) Class: 2861K(3328K)->2861K(3328K)
[2025-05-18T20:32:36.276+0300][22948][7572 ][info][gc             ] GC(11) Pause Young (Allocation Failure) 1359M->16M(4086M) 2.211ms
[2025-05-18T20:32:36.276+0300][22948][7572 ][info][gc,cpu         ] GC(11) User=0.00s Sys=0.00s Real=0.00s
[2025-05-18T20:33:19.062+0300][22948][7572 ][info][gc,start       ] GC(12) Pause Young (Allocation Failure)
[2025-05-18T20:33:19.065+0300][22948][7572 ][info][gc,heap        ] GC(12) PSYoungGen: 1380665K(1388032K)->2457K(1389056K) Eden: 1378304K(1378304K)->0K(1379840K) From: 2361K(9728K)->2457K(9216K)
[2025-05-18T20:33:19.065+0300][22948][7572 ][info][gc,heap        ] GC(12) ParOldGen: 14173K(2796544K)->14181K(2796544K)
[2025-05-18T20:33:19.065+0300][22948][7572 ][info][gc,metaspace   ] GC(12) Metaspace: 34316K(35392K)->34316K(35392K) NonClass: 31455K(32064K)->31455K(32064K) Class: 2861K(3328K)->2861K(3328K)
[2025-05-18T20:33:19.065+0300][22948][7572 ][info][gc             ] GC(12) Pause Young (Allocation Failure) 1362M->16M(4087M) 3.342ms
[2025-05-18T20:33:19.066+0300][22948][7572 ][info][gc,cpu         ] GC(12) User=0.00s Sys=0.00s Real=0.00s
[2025-05-18T20:34:01.846+0300][22948][7572 ][info][gc,start       ] GC(13) Pause Young (Allocation Failure)
[2025-05-18T20:34:01.849+0300][22948][7572 ][info][gc,heap        ] GC(13) PSYoungGen: 1382297K(1389056K)->304K(1388544K) Eden: 1379840K(1379840K)->0K(1379840K) From: 2457K(9216K)->304K(8704K)
[2025-05-18T20:34:01.849+0300][22948][7572 ][info][gc,heap        ] GC(13) ParOldGen: 14181K(2796544K)->16394K(2796544K)
[2025-05-18T20:34:01.849+0300][22948][7572 ][info][gc,metaspace   ] GC(13) Metaspace: 34319K(35392K)->34319K(35392K) NonClass: 31458K(32064K)->31458K(32064K) Class: 2861K(3328K)->2861K(3328K)
[2025-05-18T20:34:01.849+0300][22948][7572 ][info][gc             ] GC(13) Pause Young (Allocation Failure) 1363M->16M(4087M) 3.514ms
[2025-05-18T20:34:01.849+0300][22948][7572 ][info][gc,cpu         ] GC(13) User=0.00s Sys=0.00s Real=0.00s
[2025-05-18T20:34:44.450+0300][22948][7572 ][info][gc,start       ] GC(14) Pause Young (Allocation Failure)
[2025-05-18T20:34:44.451+0300][22948][7572 ][info][gc,heap        ] GC(14) PSYoungGen: 1380144K(1388544K)->272K(1389056K) Eden: 1379840K(1379840K)->0K(1380352K) From: 304K(8704K)->272K(8704K)
[2025-05-18T20:34:44.451+0300][22948][7572 ][info][gc,heap        ] GC(14) ParOldGen: 16394K(2796544K)->16434K(2796544K)
[2025-05-18T20:34:44.451+0300][22948][7572 ][info][gc,metaspace   ] GC(14) Metaspace: 34322K(35392K)->34322K(35392K) NonClass: 31461K(32064K)->31461K(32064K) Class: 2861K(3328K)->2861K(3328K)
[2025-05-18T20:34:44.451+0300][22948][7572 ][info][gc             ] GC(14) Pause Young (Allocation Failure) 1363M->16M(4087M) 0.842ms
[2025-05-18T20:34:44.451+0300][22948][7572 ][info][gc,cpu         ] GC(14) User=0.00s Sys=0.00s Real=0.00s
[2025-05-18T20:34:45.566+0300][22948][7572 ][info][gc,start       ] GC(15) Pause Young (System.gc())
[2025-05-18T20:34:45.567+0300][22948][7572 ][info][gc,heap        ] GC(15) PSYoungGen: 43468K(1389056K)->224K(1389056K) Eden: 43196K(1380352K)->0K(1380352K) From: 272K(8704K)->224K(8704K)
[2025-05-18T20:34:45.567+0300][22948][7572 ][info][gc,heap        ] GC(15) ParOldGen: 16434K(2796544K)->16482K(2796544K)
[2025-05-18T20:34:45.567+0300][22948][7572 ][info][gc,metaspace   ] GC(15) Metaspace: 34337K(35392K)->34337K(35392K) NonClass: 31474K(32064K)->31474K(32064K) Class: 2862K(3328K)->2862K(3328K)
[2025-05-18T20:34:45.567+0300][22948][7572 ][info][gc             ] GC(15) Pause Young (System.gc()) 58M->16M(4087M) 0.603ms
[2025-05-18T20:34:45.567+0300][22948][7572 ][info][gc,cpu         ] GC(15) User=0.00s Sys=0.00s Real=0.00s
[2025-05-18T20:34:45.567+0300][22948][7572 ][info][gc,start       ] GC(16) Pause Full (System.gc())
[2025-05-18T20:34:45.567+0300][22948][7572 ][info][gc,phases,start] GC(16) Marking Phase
[2025-05-18T20:34:45.597+0300][22948][7572 ][info][gc,phases      ] GC(16) Marking Phase 30.715ms
[2025-05-18T20:34:45.597+0300][22948][7572 ][info][gc,phases,start] GC(16) Summary Phase
[2025-05-18T20:34:45.597+0300][22948][7572 ][info][gc,phases      ] GC(16) Summary Phase 0.014ms
[2025-05-18T20:34:45.597+0300][22948][7572 ][info][gc,phases,start] GC(16) Adjust Roots
[2025-05-18T20:34:45.605+0300][22948][7572 ][info][gc,phases      ] GC(16) Adjust Roots 8.339ms
[2025-05-18T20:34:45.605+0300][22948][7572 ][info][gc,phases,start] GC(16) Compaction Phase
[2025-05-18T20:34:45.612+0300][22948][7572 ][info][gc,phases      ] GC(16) Compaction Phase 5.918ms
[2025-05-18T20:34:45.612+0300][22948][7572 ][info][gc,phases,start] GC(16) Post Compact
[2025-05-18T20:34:45.613+0300][22948][7572 ][info][gc,phases      ] GC(16) Post Compact 1.234ms
[2025-05-18T20:34:45.613+0300][22948][7572 ][info][gc,heap        ] GC(16) PSYoungGen: 224K(1389056K)->0K(1389056K) Eden: 0K(1380352K)->0K(1380352K) From: 224K(8704K)->0K(8704K)
[2025-05-18T20:34:45.613+0300][22948][7572 ][info][gc,heap        ] GC(16) ParOldGen: 16482K(2796544K)->14037K(2796544K)
[2025-05-18T20:34:45.613+0300][22948][7572 ][info][gc,metaspace   ] GC(16) Metaspace: 34337K(35392K)->33297K(35392K) NonClass: 31474K(32064K)->30512K(32064K) Class: 2862K(3328K)->2785K(3328K)
[2025-05-18T20:34:45.613+0300][22948][7572 ][info][gc             ] GC(16) Pause Full (System.gc()) 16M->13M(4087M) 46.502ms
[2025-05-18T20:34:45.613+0300][22948][7572 ][info][gc,cpu         ] GC(16) User=0.05s Sys=0.00s Real=0.05s
[2025-05-18T20:35:26.394+0300][22948][7572 ][info][gc,start       ] GC(17) Pause Young (Allocation Failure)
[2025-05-18T20:35:26.397+0300][22948][7572 ][info][gc,heap        ] GC(17) PSYoungGen: 1380352K(1389056K)->2377K(1389568K) Eden: 1380352K(1380352K)->0K(1380864K) From: 0K(8704K)->2377K(8704K)
[2025-05-18T20:35:26.397+0300][22948][7572 ][info][gc,heap        ] GC(17) ParOldGen: 14037K(2796544K)->14045K(2796544K)
[2025-05-18T20:35:26.397+0300][22948][7572 ][info][gc,metaspace   ] GC(17) Metaspace: 34386K(35456K)->34386K(35456K) NonClass: 31524K(32128K)->31524K(32128K) Class: 2862K(3328K)->2862K(3328K)
[2025-05-18T20:35:26.397+0300][22948][7572 ][info][gc             ] GC(17) Pause Young (Allocation Failure) 1361M->16M(4088M) 2.647ms
[2025-05-18T20:35:26.397+0300][22948][7572 ][info][gc,cpu         ] GC(17) User=0.00s Sys=0.00s Real=0.00s
[2025-05-18T20:36:09.361+0300][22948][7572 ][info][gc,start       ] GC(18) Pause Young (Allocation Failure)
[2025-05-18T20:36:09.363+0300][22948][7572 ][info][gc,heap        ] GC(18) PSYoungGen: 1383241K(1389568K)->224K(1389056K) Eden: 1380864K(1380864K)->0K(1380864K) From: 2377K(8704K)->224K(8192K)
[2025-05-18T20:36:09.363+0300][22948][7572 ][info][gc,heap        ] GC(18) ParOldGen: 14045K(2796544K)->16238K(2796544K)
[2025-05-18T20:36:09.363+0300][22948][7572 ][info][gc,metaspace   ] GC(18) Metaspace: 34386K(35456K)->34386K(35456K) NonClass: 31524K(32128K)->31524K(32128K) Class: 2862K(3328K)->2862K(3328K)
[2025-05-18T20:36:09.363+0300][22948][7572 ][info][gc             ] GC(18) Pause Young (Allocation Failure) 1364M->16M(4087M) 2.522ms
[2025-05-18T20:36:09.363+0300][22948][7572 ][info][gc,cpu         ] GC(18) User=0.00s Sys=0.00s Real=0.00s
[2025-05-18T20:36:52.196+0300][22948][7572 ][info][gc,start       ] GC(19) Pause Young (Allocation Failure)
[2025-05-18T20:36:52.197+0300][22948][7572 ][info][gc,heap        ] GC(19) PSYoungGen: 1381088K(1389056K)->336K(1390080K) Eden: 1380864K(1380864K)->0K(1381888K) From: 224K(8192K)->336K(8192K)
[2025-05-18T20:36:52.197+0300][22948][7572 ][info][gc,heap        ] GC(19) ParOldGen: 16238K(2796544K)->16270K(2796544K)
[2025-05-18T20:36:52.197+0300][22948][7572 ][info][gc,metaspace   ] GC(19) Metaspace: 34387K(35456K)->34387K(35456K) NonClass: 31524K(32128K)->31524K(32128K) Class: 2863K(3328K)->2863K(3328K)
[2025-05-18T20:36:52.197+0300][22948][7572 ][info][gc             ] GC(19) Pause Young (Allocation Failure) 1364M->16M(4088M) 0.668ms
[2025-05-18T20:36:52.197+0300][22948][7572 ][info][gc,cpu         ] GC(19) User=0.00s Sys=0.00s Real=0.00s
[2025-05-18T20:37:35.616+0300][22948][7572 ][info][gc,start       ] GC(20) Pause Young (Allocation Failure)
[2025-05-18T20:37:35.617+0300][22948][7572 ][info][gc,heap        ] GC(20) PSYoungGen: 1382224K(1390080K)->256K(1389568K) Eden: 1381888K(1381888K)->0K(1381888K) From: 336K(8192K)->256K(7680K)
[2025-05-18T20:37:35.617+0300][22948][7572 ][info][gc,heap        ] GC(20) ParOldGen: 16270K(2796544K)->16318K(2796544K)
[2025-05-18T20:37:35.617+0300][22948][7572 ][info][gc,metaspace   ] GC(20) Metaspace: 34434K(35456K)->34434K(35456K) NonClass: 31568K(32128K)->31568K(32128K) Class: 2866K(3328K)->2866K(3328K)
[2025-05-18T20:37:35.617+0300][22948][7572 ][info][gc             ] GC(20) Pause Young (Allocation Failure) 1365M->16M(4088M) 0.503ms
[2025-05-18T20:37:35.617+0300][22948][7572 ][info][gc,cpu         ] GC(20) User=0.00s Sys=0.00s Real=0.00s
[2025-05-18T20:37:35.617+0300][22948][18888][info][gc,heap,exit   ] Heap
[2025-05-18T20:37:35.617+0300][22948][18888][info][gc,heap,exit   ]  PSYoungGen      total 1389568K, used 1650K [0x00000007aab00000, 0x0000000800000000, 0x0000000800000000)
[2025-05-18T20:37:35.617+0300][22948][18888][info][gc,heap,exit   ]   eden space 1381888K, 0% used [0x00000007aab00000,0x00000007aac5cb50,0x00000007ff080000)
[2025-05-18T20:37:35.617+0300][22948][18888][info][gc,heap,exit   ]   from space 7680K, 3% used [0x00000007ff080000,0x00000007ff0c0000,0x00000007ff800000)
[2025-05-18T20:37:35.617+0300][22948][18888][info][gc,heap,exit   ]   to   space 7680K, 0% used [0x00000007ff880000,0x00000007ff880000,0x0000000800000000)
[2025-05-18T20:37:35.617+0300][22948][18888][info][gc,heap,exit   ]  ParOldGen       total 2796544K, used 16318K [0x0000000700000000, 0x00000007aab00000, 0x00000007aab00000)
[2025-05-18T20:37:35.617+0300][22948][18888][info][gc,heap,exit   ]   object space 2796544K, 0% used [0x0000000700000000,0x0000000700fefb80,0x00000007aab00000)
[2025-05-18T20:37:35.617+0300][22948][18888][info][gc,heap,exit   ]  Metaspace       used 34436K, committed 35456K, reserved 1114112K
[2025-05-18T20:37:35.617+0300][22948][18888][info][gc,heap,exit   ]   class space    used 2866K, committed 3328K, reserved 1048576K
