[2025-05-18T22:29:58.300+0300][16888][8096][info][gc,init] CardTable entry size: 512
[2025-05-18T22:29:58.300+0300][16888][8096][info][gc     ] Using Parallel
[2025-05-18T22:29:58.321+0300][16888][8096][info][gc,init] Version: 21.0.7+6-LTS (release)
[2025-05-18T22:29:58.321+0300][16888][8096][info][gc,init] CPUs: 8 total, 8 available
[2025-05-18T22:29:58.321+0300][16888][8096][info][gc,init] Memory: 16183M
[2025-05-18T22:29:58.321+0300][16888][8096][info][gc,init] Large Page Support: Disabled
[2025-05-18T22:29:58.321+0300][16888][8096][info][gc,init] NUMA Support: Disabled
[2025-05-18T22:29:58.321+0300][16888][8096][info][gc,init] Compressed Oops: Enabled (Zero based)
[2025-05-18T22:29:58.321+0300][16888][8096][info][gc,init] Alignments: Space 512K, Generation 512K, Heap 2M
[2025-05-18T22:29:58.321+0300][16888][8096][info][gc,init] Heap Min Capacity: 12G
[2025-05-18T22:29:58.321+0300][16888][8096][info][gc,init] Heap Initial Capacity: 12G
[2025-05-18T22:29:58.321+0300][16888][8096][info][gc,init] Heap Max Capacity: 12G
[2025-05-18T22:29:58.321+0300][16888][8096][info][gc,init] Pre-touch: Disabled
[2025-05-18T22:29:58.321+0300][16888][8096][info][gc,init] Parallel Workers: 8
[2025-05-18T22:29:58.328+0300][16888][8096][info][gc,metaspace] CDS archive(s) mapped at: [0x000001ce02000000-0x000001ce02c80000-0x000001ce02c80000), size 13107200, SharedBaseAddress: 0x000001ce02000000, ArchiveRelocationMode: 1.
[2025-05-18T22:29:58.328+0300][16888][8096][info][gc,metaspace] Compressed class space mapped at: 0x000001ce03000000-0x000001ce43000000, reserved size: 1073741824
[2025-05-18T22:29:58.328+0300][16888][8096][info][gc,metaspace] Narrow klass base: 0x000001ce02000000, Narrow klass shift: 0, Narrow klass range: 0x100000000
[2025-05-18T22:30:00.128+0300][16888][11896][info][gc,start    ] GC(0) Pause Young (System.gc())
[2025-05-18T22:30:00.131+0300][16888][11896][info][gc,heap     ] GC(0) PSYoungGen: 440530K(3670016K)->3076K(3670016K) Eden: 440530K(3145728K)->0K(3145728K) From: 0K(524288K)->3076K(524288K)
[2025-05-18T22:30:00.131+0300][16888][11896][info][gc,heap     ] GC(0) ParOldGen: 0K(8388608K)->16K(8388608K)
[2025-05-18T22:30:00.131+0300][16888][11896][info][gc,metaspace] GC(0) Metaspace: 2842K(3072K)->2842K(3072K) NonClass: 2585K(2688K)->2585K(2688K) Class: 256K(384K)->256K(384K)
[2025-05-18T22:30:00.131+0300][16888][11896][info][gc          ] GC(0) Pause Young (System.gc()) 430M->3M(11776M) 2.520ms
[2025-05-18T22:30:00.131+0300][16888][11896][info][gc,cpu      ] GC(0) User=0.00s Sys=0.00s Real=0.00s
[2025-05-18T22:30:00.131+0300][16888][11896][info][gc,start    ] GC(1) Pause Full (System.gc())
[2025-05-18T22:30:00.131+0300][16888][11896][info][gc,phases,start] GC(1) Marking Phase
[2025-05-18T22:30:00.133+0300][16888][11896][info][gc,phases      ] GC(1) Marking Phase 2.360ms
[2025-05-18T22:30:00.133+0300][16888][11896][info][gc,phases,start] GC(1) Summary Phase
[2025-05-18T22:30:00.133+0300][16888][11896][info][gc,phases      ] GC(1) Summary Phase 0.010ms
[2025-05-18T22:30:00.133+0300][16888][11896][info][gc,phases,start] GC(1) Adjust Roots
[2025-05-18T22:30:00.135+0300][16888][11896][info][gc,phases      ] GC(1) Adjust Roots 1.051ms
[2025-05-18T22:30:00.135+0300][16888][11896][info][gc,phases,start] GC(1) Compaction Phase
[2025-05-18T22:30:00.138+0300][16888][11896][info][gc,phases      ] GC(1) Compaction Phase 3.072ms
[2025-05-18T22:30:00.138+0300][16888][11896][info][gc,phases,start] GC(1) Post Compact
[2025-05-18T22:30:00.138+0300][16888][11896][info][gc,phases      ] GC(1) Post Compact 0.623ms
[2025-05-18T22:30:00.138+0300][16888][11896][info][gc,heap        ] GC(1) PSYoungGen: 3076K(3670016K)->0K(3670016K) Eden: 0K(3145728K)->0K(3145728K) From: 3076K(524288K)->0K(524288K)
[2025-05-18T22:30:00.138+0300][16888][11896][info][gc,heap        ] GC(1) ParOldGen: 16K(8388608K)->2947K(8388608K)
[2025-05-18T22:30:00.138+0300][16888][11896][info][gc,metaspace   ] GC(1) Metaspace: 2842K(3072K)->2842K(3072K) NonClass: 2585K(2688K)->2585K(2688K) Class: 256K(384K)->256K(384K)
[2025-05-18T22:30:00.138+0300][16888][11896][info][gc             ] GC(1) Pause Full (System.gc()) 3M->2M(11776M) 7.307ms
[2025-05-18T22:30:00.138+0300][16888][11896][info][gc,cpu         ] GC(1) User=0.00s Sys=0.00s Real=0.01s
[2025-05-18T22:30:02.020+0300][16888][11896][info][gc,start       ] GC(2) Pause Young (Allocation Failure)
[2025-05-18T22:30:02.022+0300][16888][11896][info][gc,heap        ] GC(2) PSYoungGen: 3145728K(3670016K)->7633K(3670016K) Eden: 3145728K(3145728K)->0K(3145728K) From: 0K(524288K)->7633K(524288K)
[2025-05-18T22:30:02.022+0300][16888][11896][info][gc,heap        ] GC(2) ParOldGen: 2947K(8388608K)->3107K(8388608K)
[2025-05-18T22:30:02.022+0300][16888][11896][info][gc,metaspace   ] GC(2) Metaspace: 8929K(9536K)->8929K(9536K) NonClass: 7950K(8320K)->7950K(8320K) Class: 978K(1216K)->978K(1216K)
[2025-05-18T22:30:02.022+0300][16888][11896][info][gc             ] GC(2) Pause Young (Allocation Failure) 3074M->10M(11776M) 1.910ms
[2025-05-18T22:30:02.022+0300][16888][11896][info][gc,cpu         ] GC(2) User=0.00s Sys=0.00s Real=0.00s
[2025-05-18T22:30:02.711+0300][16888][11896][info][gc,start       ] GC(3) Pause Young (Allocation Failure)
[2025-05-18T22:30:02.713+0300][16888][11896][info][gc,heap        ] GC(3) PSYoungGen: 3153361K(3670016K)->7776K(3670016K) Eden: 3145728K(3145728K)->0K(3145728K) From: 7633K(524288K)->7776K(524288K)
[2025-05-18T22:30:02.713+0300][16888][11896][info][gc,heap        ] GC(3) ParOldGen: 3107K(8388608K)->3132K(8388608K)
[2025-05-18T22:30:02.713+0300][16888][11896][info][gc,metaspace   ] GC(3) Metaspace: 8984K(9536K)->8984K(9536K) NonClass: 8005K(8320K)->8005K(8320K) Class: 978K(1216K)->978K(1216K)
[2025-05-18T22:30:02.713+0300][16888][11896][info][gc             ] GC(3) Pause Young (Allocation Failure) 3082M->10M(11776M) 1.600ms
[2025-05-18T22:30:02.713+0300][16888][11896][info][gc,cpu         ] GC(3) User=0.00s Sys=0.00s Real=0.00s
[2025-05-18T22:30:03.350+0300][16888][11896][info][gc,start       ] GC(4) Pause Young (Allocation Failure)
[2025-05-18T22:30:03.351+0300][16888][11896][info][gc,heap        ] GC(4) PSYoungGen: 3153504K(3670016K)->7696K(3670016K) Eden: 3145728K(3145728K)->0K(3145728K) From: 7776K(524288K)->7696K(524288K)
[2025-05-18T22:30:03.351+0300][16888][11896][info][gc,heap        ] GC(4) ParOldGen: 3132K(8388608K)->3140K(8388608K)
[2025-05-18T22:30:03.352+0300][16888][11896][info][gc,metaspace   ] GC(4) Metaspace: 8989K(9536K)->8989K(9536K) NonClass: 8010K(8320K)->8010K(8320K) Class: 978K(1216K)->978K(1216K)
[2025-05-18T22:30:03.352+0300][16888][11896][info][gc             ] GC(4) Pause Young (Allocation Failure) 3082M->10M(11776M) 1.384ms
[2025-05-18T22:30:03.352+0300][16888][11896][info][gc,cpu         ] GC(4) User=0.00s Sys=0.00s Real=0.00s
[2025-05-18T22:30:03.977+0300][16888][11896][info][gc,start       ] GC(5) Pause Young (Allocation Failure)
[2025-05-18T22:30:03.978+0300][16888][11896][info][gc,heap        ] GC(5) PSYoungGen: 3153424K(3670016K)->7776K(3670016K) Eden: 3145728K(3145728K)->0K(3145728K) From: 7696K(524288K)->7776K(524288K)
[2025-05-18T22:30:03.978+0300][16888][11896][info][gc,heap        ] GC(5) ParOldGen: 3140K(8388608K)->3148K(8388608K)
[2025-05-18T22:30:03.978+0300][16888][11896][info][gc,metaspace   ] GC(5) Metaspace: 8990K(9536K)->8990K(9536K) NonClass: 8012K(8320K)->8012K(8320K) Class: 978K(1216K)->978K(1216K)
[2025-05-18T22:30:03.978+0300][16888][11896][info][gc             ] GC(5) Pause Young (Allocation Failure) 3082M->10M(11776M) 1.427ms
[2025-05-18T22:30:03.978+0300][16888][11896][info][gc,cpu         ] GC(5) User=0.00s Sys=0.00s Real=0.00s
[2025-05-18T22:30:04.863+0300][16888][11896][info][gc,start       ] GC(6) Pause Young (Allocation Failure)
[2025-05-18T22:30:04.864+0300][16888][11896][info][gc,heap        ] GC(6) PSYoungGen: 3153504K(3670016K)->7760K(4183552K) Eden: 3145728K(3145728K)->0K(3659264K) From: 7776K(524288K)->7760K(524288K)
[2025-05-18T22:30:04.864+0300][16888][11896][info][gc,heap        ] GC(6) ParOldGen: 3148K(8388608K)->3148K(8388608K)
[2025-05-18T22:30:04.864+0300][16888][11896][info][gc,metaspace   ] GC(6) Metaspace: 8995K(9536K)->8995K(9536K) NonClass: 8016K(8320K)->8016K(8320K) Class: 978K(1216K)->978K(1216K)
[2025-05-18T22:30:04.865+0300][16888][11896][info][gc             ] GC(6) Pause Young (Allocation Failure) 3082M->10M(12277M) 2.038ms
[2025-05-18T22:30:04.865+0300][16888][11896][info][gc,cpu         ] GC(6) User=0.00s Sys=0.00s Real=0.00s
[2025-05-18T22:30:06.118+0300][16888][11896][info][gc,start       ] GC(7) Pause Young (Allocation Failure)
[2025-05-18T22:30:06.121+0300][16888][11896][info][gc,heap        ] GC(7) PSYoungGen: 3667024K(4183552K)->7776K(3670016K) Eden: 3659264K(3659264K)->0K(3659264K) From: 7760K(524288K)->7776K(10752K)
[2025-05-18T22:30:06.121+0300][16888][11896][info][gc,heap        ] GC(7) ParOldGen: 3148K(8388608K)->3156K(8388608K)
[2025-05-18T22:30:06.121+0300][16888][11896][info][gc,metaspace   ] GC(7) Metaspace: 8995K(9536K)->8995K(9536K) NonClass: 8016K(8320K)->8016K(8320K) Class: 978K(1216K)->978K(1216K)
[2025-05-18T22:30:06.121+0300][16888][11896][info][gc             ] GC(7) Pause Young (Allocation Failure) 3584M->10M(11776M) 2.537ms
[2025-05-18T22:30:06.121+0300][16888][11896][info][gc,cpu         ] GC(7) User=0.00s Sys=0.00s Real=0.00s
[2025-05-18T22:30:07.250+0300][16888][11896][info][gc,start       ] GC(8) Pause Young (Allocation Failure)
[2025-05-18T22:30:07.252+0300][16888][11896][info][gc,heap        ] GC(8) PSYoungGen: 3667040K(3670016K)->576K(4182528K) Eden: 3659264K(3659264K)->0K(4171776K) From: 7776K(10752K)->576K(10752K)
[2025-05-18T22:30:07.252+0300][16888][11896][info][gc,heap        ] GC(8) ParOldGen: 3156K(8388608K)->10262K(8388608K)
[2025-05-18T22:30:07.252+0300][16888][11896][info][gc,metaspace   ] GC(8) Metaspace: 8996K(9536K)->8996K(9536K) NonClass: 8018K(8320K)->8018K(8320K) Class: 978K(1216K)->978K(1216K)
[2025-05-18T22:30:07.252+0300][16888][11896][info][gc             ] GC(8) Pause Young (Allocation Failure) 3584M->10M(12276M) 1.995ms
[2025-05-18T22:30:07.252+0300][16888][11896][info][gc,cpu         ] GC(8) User=0.00s Sys=0.00s Real=0.00s
[2025-05-18T22:30:07.938+0300][16888][11896][info][gc,start       ] GC(9) Pause Young (System.gc())
[2025-05-18T22:30:07.938+0300][16888][11896][info][gc,heap        ] GC(9) PSYoungGen: 1087937K(4182528K)->256K(4172288K) Eden: 1087361K(4171776K)->0K(4171776K) From: 576K(10752K)->256K(512K)
[2025-05-18T22:30:07.938+0300][16888][11896][info][gc,heap        ] GC(9) ParOldGen: 10262K(8388608K)->10302K(8388608K)
[2025-05-18T22:30:07.938+0300][16888][11896][info][gc,metaspace   ] GC(9) Metaspace: 9187K(9792K)->9187K(9792K) NonClass: 8190K(8512K)->8190K(8512K) Class: 996K(1280K)->996K(1280K)
[2025-05-18T22:30:07.938+0300][16888][11896][info][gc             ] GC(9) Pause Young (System.gc()) 1072M->10M(12266M) 0.477ms
[2025-05-18T22:30:07.938+0300][16888][11896][info][gc,cpu         ] GC(9) User=0.00s Sys=0.00s Real=0.00s
[2025-05-18T22:30:07.938+0300][16888][11896][info][gc,start       ] GC(10) Pause Full (System.gc())
[2025-05-18T22:30:07.938+0300][16888][11896][info][gc,phases,start] GC(10) Marking Phase
[2025-05-18T22:30:07.946+0300][16888][11896][info][gc,phases      ] GC(10) Marking Phase 7.979ms
[2025-05-18T22:30:07.947+0300][16888][11896][info][gc,phases,start] GC(10) Summary Phase
[2025-05-18T22:30:07.947+0300][16888][11896][info][gc,phases      ] GC(10) Summary Phase 0.015ms
[2025-05-18T22:30:07.947+0300][16888][11896][info][gc,phases,start] GC(10) Adjust Roots
[2025-05-18T22:30:07.950+0300][16888][11896][info][gc,phases      ] GC(10) Adjust Roots 3.264ms
[2025-05-18T22:30:07.950+0300][16888][11896][info][gc,phases,start] GC(10) Compaction Phase
[2025-05-18T22:30:07.954+0300][16888][11896][info][gc,phases      ] GC(10) Compaction Phase 3.776ms
[2025-05-18T22:30:07.954+0300][16888][11896][info][gc,phases,start] GC(10) Post Compact
[2025-05-18T22:30:07.955+0300][16888][11896][info][gc,phases      ] GC(10) Post Compact 1.104ms
[2025-05-18T22:30:07.955+0300][16888][11896][info][gc,heap        ] GC(10) PSYoungGen: 256K(4172288K)->0K(4172288K) Eden: 0K(4171776K)->0K(4171776K) From: 256K(512K)->0K(512K)
[2025-05-18T22:30:07.955+0300][16888][11896][info][gc,heap        ] GC(10) ParOldGen: 10302K(8388608K)->9912K(8388608K)
[2025-05-18T22:30:07.955+0300][16888][11896][info][gc,metaspace   ] GC(10) Metaspace: 9187K(9792K)->8745K(9792K) NonClass: 8190K(8512K)->7870K(8512K) Class: 996K(1280K)->875K(1280K)
[2025-05-18T22:30:07.955+0300][16888][11896][info][gc             ] GC(10) Pause Full (System.gc()) 10M->9M(12266M) 16.430ms
[2025-05-18T22:30:07.955+0300][16888][11896][info][gc,cpu         ] GC(10) User=0.06s Sys=0.05s Real=0.02s
[2025-05-18T22:30:09.369+0300][16888][11896][info][gc,start       ] GC(11) Pause Young (Allocation Failure)
[2025-05-18T22:30:09.370+0300][16888][11896][info][gc,heap        ] GC(11) PSYoungGen: 4171776K(4172288K)->6960K(4182528K) Eden: 4171776K(4171776K)->0K(4170752K) From: 0K(512K)->6960K(11776K)
[2025-05-18T22:30:09.370+0300][16888][11896][info][gc,heap        ] GC(11) ParOldGen: 9912K(8388608K)->9912K(8388608K)
[2025-05-18T22:30:09.370+0300][16888][11896][info][gc,metaspace   ] GC(11) Metaspace: 8746K(9792K)->8746K(9792K) NonClass: 7870K(8512K)->7870K(8512K) Class: 875K(1280K)->875K(1280K)
[2025-05-18T22:30:09.370+0300][16888][11896][info][gc             ] GC(11) Pause Young (Allocation Failure) 4083M->16M(12276M) 1.842ms
[2025-05-18T22:30:09.370+0300][16888][11896][info][gc,cpu         ] GC(11) User=0.00s Sys=0.00s Real=0.00s
[2025-05-18T22:30:10.607+0300][16888][11896][info][gc,start       ] GC(12) Pause Young (Allocation Failure)
[2025-05-18T22:30:10.609+0300][16888][11896][info][gc,heap        ] GC(12) PSYoungGen: 4177712K(4182528K)->7056K(4182528K) Eden: 4170752K(4170752K)->0K(4170752K) From: 6960K(11776K)->7056K(11776K)
[2025-05-18T22:30:10.609+0300][16888][11896][info][gc,heap        ] GC(12) ParOldGen: 9912K(8388608K)->9912K(8388608K)
[2025-05-18T22:30:10.609+0300][16888][11896][info][gc,metaspace   ] GC(12) Metaspace: 8746K(9792K)->8746K(9792K) NonClass: 7870K(8512K)->7870K(8512K) Class: 875K(1280K)->875K(1280K)
[2025-05-18T22:30:10.609+0300][16888][11896][info][gc             ] GC(12) Pause Young (Allocation Failure) 4089M->16M(12276M) 1.840ms
[2025-05-18T22:30:10.609+0300][16888][11896][info][gc,cpu         ] GC(12) User=0.03s Sys=0.03s Real=0.00s
[2025-05-18T22:30:11.876+0300][16888][11896][info][gc,start       ] GC(13) Pause Young (Allocation Failure)
[2025-05-18T22:30:11.878+0300][16888][11896][info][gc,heap        ] GC(13) PSYoungGen: 4177808K(4182528K)->528K(4181504K) Eden: 4170752K(4170752K)->0K(4169728K) From: 7056K(11776K)->528K(11776K)
[2025-05-18T22:30:11.878+0300][16888][11896][info][gc,heap        ] GC(13) ParOldGen: 9912K(8388608K)->16364K(8388608K)
[2025-05-18T22:30:11.878+0300][16888][11896][info][gc,metaspace   ] GC(13) Metaspace: 8746K(9792K)->8746K(9792K) NonClass: 7870K(8512K)->7870K(8512K) Class: 875K(1280K)->875K(1280K)
[2025-05-18T22:30:11.878+0300][16888][11896][info][gc             ] GC(13) Pause Young (Allocation Failure) 4089M->16M(12275M) 1.782ms
[2025-05-18T22:30:11.878+0300][16888][11896][info][gc,cpu         ] GC(13) User=0.00s Sys=0.00s Real=0.00s
[2025-05-18T22:30:13.208+0300][16888][11896][info][gc,start       ] GC(14) Pause Young (Allocation Failure)
[2025-05-18T22:30:13.209+0300][16888][11896][info][gc,heap        ] GC(14) PSYoungGen: 4170256K(4181504K)->608K(4182016K) Eden: 4169728K(4169728K)->0K(4169728K) From: 528K(11776K)->608K(12288K)
[2025-05-18T22:30:13.209+0300][16888][11896][info][gc,heap        ] GC(14) ParOldGen: 16364K(8388608K)->16412K(8388608K)
[2025-05-18T22:30:13.209+0300][16888][11896][info][gc,metaspace   ] GC(14) Metaspace: 8746K(9792K)->8746K(9792K) NonClass: 7870K(8512K)->7870K(8512K) Class: 875K(1280K)->875K(1280K)
[2025-05-18T22:30:13.209+0300][16888][11896][info][gc             ] GC(14) Pause Young (Allocation Failure) 4088M->16M(12276M) 0.781ms
[2025-05-18T22:30:13.209+0300][16888][11896][info][gc,cpu         ] GC(14) User=0.00s Sys=0.00s Real=0.00s
[2025-05-18T22:30:14.524+0300][16888][11896][info][gc,start       ] GC(15) Pause Young (Allocation Failure)
[2025-05-18T22:30:14.525+0300][16888][11896][info][gc,heap        ] GC(15) PSYoungGen: 4170336K(4182016K)->624K(4182016K) Eden: 4169728K(4169728K)->0K(4169728K) From: 608K(12288K)->624K(12288K)
[2025-05-18T22:30:14.525+0300][16888][11896][info][gc,heap        ] GC(15) ParOldGen: 16412K(8388608K)->16460K(8388608K)
[2025-05-18T22:30:14.525+0300][16888][11896][info][gc,metaspace   ] GC(15) Metaspace: 8746K(9792K)->8746K(9792K) NonClass: 7870K(8512K)->7870K(8512K) Class: 875K(1280K)->875K(1280K)
[2025-05-18T22:30:14.525+0300][16888][11896][info][gc             ] GC(15) Pause Young (Allocation Failure) 4088M->16M(12276M) 0.749ms
[2025-05-18T22:30:14.525+0300][16888][11896][info][gc,cpu         ] GC(15) User=0.00s Sys=0.00s Real=0.00s
[2025-05-18T22:30:15.645+0300][16888][11896][info][gc,start       ] GC(16) Pause Young (System.gc())
[2025-05-18T22:30:15.645+0300][16888][11896][info][gc,heap        ] GC(16) PSYoungGen: 2873936K(4182016K)->224K(4182016K) Eden: 2873312K(4169728K)->0K(4169728K) From: 624K(12288K)->224K(12288K)
[2025-05-18T22:30:15.646+0300][16888][11896][info][gc,heap        ] GC(16) ParOldGen: 16460K(8388608K)->16516K(8388608K)
[2025-05-18T22:30:15.646+0300][16888][11896][info][gc,metaspace   ] GC(16) Metaspace: 8746K(9792K)->8746K(9792K) NonClass: 7871K(8512K)->7871K(8512K) Class: 875K(1280K)->875K(1280K)
[2025-05-18T22:30:15.646+0300][16888][11896][info][gc             ] GC(16) Pause Young (System.gc()) 2822M->16M(12276M) 0.642ms
[2025-05-18T22:30:15.646+0300][16888][11896][info][gc,cpu         ] GC(16) User=0.00s Sys=0.00s Real=0.00s
[2025-05-18T22:30:15.646+0300][16888][11896][info][gc,start       ] GC(17) Pause Full (System.gc())
[2025-05-18T22:30:15.646+0300][16888][11896][info][gc,phases,start] GC(17) Marking Phase
[2025-05-18T22:30:15.652+0300][16888][11896][info][gc,phases      ] GC(17) Marking Phase 6.649ms
[2025-05-18T22:30:15.652+0300][16888][11896][info][gc,phases,start] GC(17) Summary Phase
[2025-05-18T22:30:15.652+0300][16888][11896][info][gc,phases      ] GC(17) Summary Phase 0.013ms
[2025-05-18T22:30:15.652+0300][16888][11896][info][gc,phases,start] GC(17) Adjust Roots
[2025-05-18T22:30:15.654+0300][16888][11896][info][gc,phases      ] GC(17) Adjust Roots 2.180ms
[2025-05-18T22:30:15.654+0300][16888][11896][info][gc,phases,start] GC(17) Compaction Phase
[2025-05-18T22:30:15.658+0300][16888][11896][info][gc,phases      ] GC(17) Compaction Phase 3.849ms
[2025-05-18T22:30:15.658+0300][16888][11896][info][gc,phases,start] GC(17) Post Compact
[2025-05-18T22:30:15.658+0300][16888][11896][info][gc,phases      ] GC(17) Post Compact 0.728ms
[2025-05-18T22:30:15.658+0300][16888][11896][info][gc,heap        ] GC(17) PSYoungGen: 224K(4182016K)->0K(4182016K) Eden: 0K(4169728K)->0K(4169728K) From: 224K(12288K)->0K(12288K)
[2025-05-18T22:30:15.658+0300][16888][11896][info][gc,heap        ] GC(17) ParOldGen: 16516K(8388608K)->9921K(8388608K)
[2025-05-18T22:30:15.659+0300][16888][11896][info][gc,metaspace   ] GC(17) Metaspace: 8746K(9792K)->8746K(9792K) NonClass: 7871K(8512K)->7871K(8512K) Class: 875K(1280K)->875K(1280K)
[2025-05-18T22:30:15.659+0300][16888][11896][info][gc             ] GC(17) Pause Full (System.gc()) 16M->9M(12276M) 13.686ms
[2025-05-18T22:30:15.659+0300][16888][11896][info][gc,cpu         ] GC(17) User=0.06s Sys=0.03s Real=0.01s
[2025-05-18T22:30:16.875+0300][16888][11896][info][gc,start       ] GC(18) Pause Young (Allocation Failure)
[2025-05-18T22:30:16.876+0300][16888][11896][info][gc,heap        ] GC(18) PSYoungGen: 4169728K(4182016K)->6992K(4180992K) Eden: 4169728K(4169728K)->0K(4168704K) From: 0K(12288K)->6992K(12288K)
[2025-05-18T22:30:16.877+0300][16888][11896][info][gc,heap        ] GC(18) ParOldGen: 9921K(8388608K)->9921K(8388608K)
[2025-05-18T22:30:16.877+0300][16888][11896][info][gc,metaspace   ] GC(18) Metaspace: 8746K(9792K)->8746K(9792K) NonClass: 7871K(8512K)->7871K(8512K) Class: 875K(1280K)->875K(1280K)
[2025-05-18T22:30:16.877+0300][16888][11896][info][gc             ] GC(18) Pause Young (Allocation Failure) 4081M->16M(12275M) 1.270ms
[2025-05-18T22:30:16.877+0300][16888][11896][info][gc,cpu         ] GC(18) User=0.00s Sys=0.00s Real=0.00s
[2025-05-18T22:30:18.101+0300][16888][11896][info][gc,start       ] GC(19) Pause Young (Allocation Failure)
[2025-05-18T22:30:18.103+0300][16888][11896][info][gc,heap        ] GC(19) PSYoungGen: 4175696K(4180992K)->544K(4181504K) Eden: 4168704K(4168704K)->0K(4168704K) From: 6992K(12288K)->544K(12800K)
[2025-05-18T22:30:18.103+0300][16888][11896][info][gc,heap        ] GC(19) ParOldGen: 9921K(8388608K)->16349K(8388608K)
[2025-05-18T22:30:18.103+0300][16888][11896][info][gc,metaspace   ] GC(19) Metaspace: 8746K(9792K)->8746K(9792K) NonClass: 7871K(8512K)->7871K(8512K) Class: 875K(1280K)->875K(1280K)
[2025-05-18T22:30:18.103+0300][16888][11896][info][gc             ] GC(19) Pause Young (Allocation Failure) 4087M->16M(12275M) 1.373ms
[2025-05-18T22:30:18.103+0300][16888][11896][info][gc,cpu         ] GC(19) User=0.00s Sys=0.00s Real=0.00s
[2025-05-18T22:30:19.485+0300][16888][11896][info][gc,start       ] GC(20) Pause Young (Allocation Failure)
[2025-05-18T22:30:19.485+0300][16888][11896][info][gc,heap        ] GC(20) PSYoungGen: 4169248K(4181504K)->576K(4182016K) Eden: 4168704K(4168704K)->0K(4169728K) From: 544K(12800K)->576K(12288K)
[2025-05-18T22:30:19.485+0300][16888][11896][info][gc,heap        ] GC(20) ParOldGen: 16349K(8388608K)->16413K(8388608K)
[2025-05-18T22:30:19.485+0300][16888][11896][info][gc,metaspace   ] GC(20) Metaspace: 8746K(9792K)->8746K(9792K) NonClass: 7871K(8512K)->7871K(8512K) Class: 875K(1280K)->875K(1280K)
[2025-05-18T22:30:19.485+0300][16888][11896][info][gc             ] GC(20) Pause Young (Allocation Failure) 4087M->16M(12276M) 0.570ms
[2025-05-18T22:30:19.485+0300][16888][11896][info][gc,cpu         ] GC(20) User=0.00s Sys=0.00s Real=0.00s
[2025-05-18T22:30:20.736+0300][16888][11896][info][gc,start       ] GC(21) Pause Young (Allocation Failure)
[2025-05-18T22:30:20.736+0300][16888][11896][info][gc,heap        ] GC(21) PSYoungGen: 4170304K(4182016K)->656K(4182016K) Eden: 4169728K(4169728K)->0K(4169728K) From: 576K(12288K)->656K(12288K)
[2025-05-18T22:30:20.736+0300][16888][11896][info][gc,heap        ] GC(21) ParOldGen: 16413K(8388608K)->16469K(8388608K)
[2025-05-18T22:30:20.736+0300][16888][11896][info][gc,metaspace   ] GC(21) Metaspace: 8746K(9792K)->8746K(9792K) NonClass: 7871K(8512K)->7871K(8512K) Class: 875K(1280K)->875K(1280K)
[2025-05-18T22:30:20.736+0300][16888][11896][info][gc             ] GC(21) Pause Young (Allocation Failure) 4088M->16M(12276M) 0.624ms
[2025-05-18T22:30:20.736+0300][16888][11896][info][gc,cpu         ] GC(21) User=0.00s Sys=0.00s Real=0.00s
[2025-05-18T22:30:21.951+0300][16888][11896][info][gc,start       ] GC(22) Pause Young (Allocation Failure)
[2025-05-18T22:30:21.952+0300][16888][11896][info][gc,heap        ] GC(22) PSYoungGen: 4170384K(4182016K)->608K(4183040K) Eden: 4169728K(4169728K)->0K(4171264K) From: 656K(12288K)->608K(11776K)
[2025-05-18T22:30:21.952+0300][16888][11896][info][gc,heap        ] GC(22) ParOldGen: 16469K(8388608K)->16533K(8388608K)
[2025-05-18T22:30:21.952+0300][16888][11896][info][gc,metaspace   ] GC(22) Metaspace: 8746K(9792K)->8746K(9792K) NonClass: 7871K(8512K)->7871K(8512K) Class: 875K(1280K)->875K(1280K)
[2025-05-18T22:30:21.952+0300][16888][11896][info][gc             ] GC(22) Pause Young (Allocation Failure) 4088M->16M(12277M) 0.590ms
[2025-05-18T22:30:21.952+0300][16888][11896][info][gc,cpu         ] GC(22) User=0.00s Sys=0.00s Real=0.00s
[2025-05-18T22:30:23.013+0300][16888][8096 ][info][gc,heap,exit   ] Heap
[2025-05-18T22:30:23.013+0300][16888][8096 ][info][gc,heap,exit   ]  PSYoungGen      total 4183040K, used 2767600K [0x0000000700000000, 0x0000000800000000, 0x0000000800000000)
[2025-05-18T22:30:23.013+0300][16888][8096 ][info][gc,heap,exit   ]   eden space 4171264K, 66% used [0x0000000700000000,0x00000007a8e24188,0x00000007fe980000)
[2025-05-18T22:30:23.013+0300][16888][8096 ][info][gc,heap,exit   ]   from space 11776K, 5% used [0x00000007ff480000,0x00000007ff5180c0,0x0000000800000000)
[2025-05-18T22:30:23.013+0300][16888][8096 ][info][gc,heap,exit   ]   to   space 11264K, 0% used [0x00000007fe980000,0x00000007fe980000,0x00000007ff480000)
[2025-05-18T22:30:23.013+0300][16888][8096 ][info][gc,heap,exit   ]  ParOldGen       total 8388608K, used 16533K [0x0000000500000000, 0x0000000700000000, 0x0000000700000000)
[2025-05-18T22:30:23.013+0300][16888][8096 ][info][gc,heap,exit   ]   object space 8388608K, 0% used [0x0000000500000000,0x0000000501025518,0x0000000700000000)
[2025-05-18T22:30:23.013+0300][16888][8096 ][info][gc,heap,exit   ]  Metaspace       used 8771K, committed 9792K, reserved 1114112K
[2025-05-18T22:30:23.013+0300][16888][8096 ][info][gc,heap,exit   ]   class space    used 880K, committed 1280K, reserved 1048576K
