[2025-06-17T23:50:09.747+0300][22440][19276][info][gc] Min heap equals to max heap, disabling ShenandoahUncommit
[2025-06-17T23:50:09.763+0300][22440][19276][debug][gc,heap] Minimum heap 12884901888  Initial heap 12884901888  Maximum heap 12884901888
[2025-06-17T23:50:09.763+0300][22440][19276][info ][gc     ] Heuristics ergonomically sets -XX:+ExplicitGCInvokesConcurrent
[2025-06-17T23:50:09.763+0300][22440][19276][info ][gc     ] Heuristics ergonomically sets -XX:+ShenandoahImplicitGCInvokesConcurrent
[2025-06-17T23:50:09.763+0300][22440][19276][info ][gc     ] Using Shenandoah
[2025-06-17T23:50:10.950+0300][22440][10048][debug][safepoint] Safepoint synchronization initiated using striped semaphore wait barrier. (11 threads)
[2025-06-17T23:50:10.950+0300][22440][10048][info ][safepoint] Safepoint "Cleanup", Time since last: 1122922200 ns, Reaching safepoint: 68001 ns, Cleanup: 41800 ns, At safepoint: 4600 ns, Total: 114401 ns
[2025-06-17T23:50:12.011+0300][22440][10048][debug][safepoint] Safepoint synchronization initiated using striped semaphore wait barrier. (12 threads)
[2025-06-17T23:50:12.011+0300][22440][10048][info ][safepoint] Safepoint "Cleanup", Time since last: 1071106299 ns, Reaching safepoint: 856200 ns, Cleanup: 62301 ns, At safepoint: 7400 ns, Total: 925901 ns
[2025-06-17T23:50:12.479+0300][22440][10048][debug][safepoint] Safepoint synchronization initiated using striped semaphore wait barrier. (13 threads)
[2025-06-17T23:50:12.479+0300][22440][10048][info ][safepoint] Safepoint "ICBufferFull", Time since last: 465202400 ns, Reaching safepoint: 65199 ns, Cleanup: 102200 ns, At safepoint: 6001 ns, Total: 173400 ns
[2025-06-17T23:50:13.298+0300][22440][10048][debug][safepoint] Safepoint synchronization initiated using striped semaphore wait barrier. (13 threads)
[2025-06-17T23:50:13.298+0300][22440][10048][info ][safepoint] Safepoint "ICBufferFull", Time since last: 813694100 ns, Reaching safepoint: 52600 ns, Cleanup: 108499 ns, At safepoint: 1500 ns, Total: 162599 ns
[2025-06-17T23:50:13.761+0300][22440][10048][debug][safepoint] Safepoint synchronization initiated using striped semaphore wait barrier. (13 threads)
[2025-06-17T23:50:13.761+0300][22440][10048][info ][safepoint] Safepoint "ICBufferFull", Time since last: 474866001 ns, Reaching safepoint: 75100 ns, Cleanup: 139200 ns, At safepoint: 8000 ns, Total: 222300 ns
[2025-06-17T23:50:14.144+0300][22440][2136 ][info ][gc       ] Trigger: Explicit GC request (System.gc())
[2025-06-17T23:50:14.144+0300][22440][2136 ][info ][gc       ] GC(0) Concurrent reset 0.209ms
[2025-06-17T23:50:14.144+0300][22440][10048][debug][safepoint] Safepoint synchronization initiated using striped semaphore wait barrier. (25 threads)
[2025-06-17T23:50:14.144+0300][22440][10048][info ][gc       ] GC(0) Pause Init Mark (unload classes) 0.307ms
[2025-06-17T23:50:14.144+0300][22440][10048][info ][safepoint] Safepoint "ShenandoahInitMark", Time since last: 367984400 ns, Reaching safepoint: 27200 ns, Cleanup: 66600 ns, At safepoint: 359399 ns, Total: 453199 ns
[2025-06-17T23:50:14.144+0300][22440][2136 ][info ][gc       ] GC(0) Concurrent marking roots 1.846ms
[2025-06-17T23:50:14.152+0300][22440][2136 ][info ][gc       ] GC(0) Concurrent marking (unload classes) 7.801ms
[2025-06-17T23:50:14.152+0300][22440][10048][debug][safepoint] Safepoint synchronization initiated using striped semaphore wait barrier. (25 threads)
[2025-06-17T23:50:14.152+0300][22440][10048][info ][gc       ] GC(0) Pause Final Mark (unload classes) 0.219ms
[2025-06-17T23:50:14.152+0300][22440][10048][info ][safepoint] Safepoint "ShenandoahFinalMarkStartEvac", Time since last: 9809100 ns, Reaching safepoint: 31901 ns, Cleanup: 3500 ns, At safepoint: 259500 ns, Total: 294901 ns
[2025-06-17T23:50:14.152+0300][22440][2136 ][info ][gc       ] GC(0) Concurrent thread roots 0.120ms
[2025-06-17T23:50:14.152+0300][22440][2136 ][info ][gc       ] GC(0) Concurrent weak references 0.531ms
[2025-06-17T23:50:14.157+0300][22440][2136 ][info ][gc       ] GC(0) Concurrent weak roots 2.073ms
[2025-06-17T23:50:14.157+0300][22440][2136 ][info ][gc       ] GC(0) Concurrent cleanup 245M->245M(12288M) 0.031ms
[2025-06-17T23:50:14.157+0300][22440][2136 ][debug][gc,phases] GC(0) ClassLoaderData 0.205ms
[2025-06-17T23:50:14.157+0300][22440][2136 ][debug][gc,phases] GC(0) Trigger cleanups 0.010ms
[2025-06-17T23:50:14.159+0300][22440][2136 ][info ][gc       ] GC(0) Concurrent class unloading 7.346ms
[2025-06-17T23:50:14.159+0300][22440][10048][debug][safepoint] Safepoint synchronization initiated using striped semaphore wait barrier. (25 threads)
[2025-06-17T23:50:14.159+0300][22440][10048][info ][safepoint] Safepoint "CleanClassLoaderDataMetaspaces", Time since last: 10413900 ns, Reaching safepoint: 50700 ns, Cleanup: 49400 ns, At safepoint: 201200 ns, Total: 301300 ns
[2025-06-17T23:50:14.159+0300][22440][2136 ][info ][gc       ] GC(0) Concurrent strong roots 0.708ms
[2025-06-17T23:50:14.170+0300][22440][2136 ][info ][gc       ] GC(0) Concurrent evacuation 4.745ms
[2025-06-17T23:50:14.170+0300][22440][10048][debug][safepoint] Safepoint synchronization initiated using striped semaphore wait barrier. (25 threads)
[2025-06-17T23:50:14.170+0300][22440][10048][info ][gc       ] GC(0) Pause Init Update Refs 0.006ms
[2025-06-17T23:50:14.170+0300][22440][10048][info ][safepoint] Safepoint "ShenandoahInitUpdateRefs", Time since last: 5254500 ns, Reaching safepoint: 26300 ns, Cleanup: 3399 ns, At safepoint: 22201 ns, Total: 51900 ns
[2025-06-17T23:50:14.170+0300][22440][2136 ][info ][gc       ] GC(0) Concurrent update references 4.077ms
[2025-06-17T23:50:14.170+0300][22440][2136 ][info ][gc       ] GC(0) Concurrent update thread roots 0.151ms
[2025-06-17T23:50:14.170+0300][22440][10048][debug][safepoint] Safepoint synchronization initiated using striped semaphore wait barrier. (25 threads)
[2025-06-17T23:50:14.175+0300][22440][10048][info ][gc       ] GC(0) Pause Final Update Refs 0.321ms
[2025-06-17T23:50:14.175+0300][22440][10048][info ][safepoint] Safepoint "ShenandoahFinalUpdateRefs", Time since last: 4346000 ns, Reaching safepoint: 23200 ns, Cleanup: 2300 ns, At safepoint: 349599 ns, Total: 375099 ns
[2025-06-17T23:50:14.175+0300][22440][2136 ][info ][gc       ] GC(0) Concurrent cleanup 260M->20M(12288M) 0.013ms
[2025-06-17T23:50:14.921+0300][22440][10048][debug][safepoint] Safepoint synchronization initiated using striped semaphore wait barrier. (34 threads)
[2025-06-17T23:50:14.921+0300][22440][10048][info ][safepoint] Safepoint "ICBufferFull", Time since last: 751369201 ns, Reaching safepoint: 70500 ns, Cleanup: 113300 ns, At safepoint: 2100 ns, Total: 185900 ns
[2025-06-17T23:50:15.302+0300][22440][2136 ][info ][gc       ] Trigger: Metadata GC Threshold
[2025-06-17T23:50:15.302+0300][22440][2136 ][info ][gc       ] GC(1) Concurrent reset 0.601ms
[2025-06-17T23:50:15.302+0300][22440][10048][debug][safepoint] Safepoint synchronization initiated using striped semaphore wait barrier. (34 threads)
[2025-06-17T23:50:15.302+0300][22440][10048][info ][gc       ] GC(1) Pause Init Mark (unload classes) 0.017ms
[2025-06-17T23:50:15.302+0300][22440][10048][info ][safepoint] Safepoint "ShenandoahInitMark", Time since last: 376095000 ns, Reaching safepoint: 31900 ns, Cleanup: 38100 ns, At safepoint: 43000 ns, Total: 113000 ns
[2025-06-17T23:50:15.302+0300][22440][2136 ][info ][gc       ] GC(1) Concurrent marking roots 2.057ms
[2025-06-17T23:50:15.317+0300][22440][2136 ][info ][gc       ] GC(1) Concurrent marking (unload classes) 12.355ms
[2025-06-17T23:50:15.317+0300][22440][10048][debug][safepoint] Safepoint synchronization initiated using striped semaphore wait barrier. (34 threads)
[2025-06-17T23:50:15.317+0300][22440][10048][info ][gc       ] GC(1) Pause Final Mark (unload classes) 0.183ms
[2025-06-17T23:50:15.317+0300][22440][10048][info ][safepoint] Safepoint "ShenandoahFinalMarkStartEvac", Time since last: 14600099 ns, Reaching safepoint: 30500 ns, Cleanup: 19100 ns, At safepoint: 235100 ns, Total: 284700 ns
[2025-06-17T23:50:15.318+0300][22440][2136 ][info ][gc       ] GC(1) Concurrent thread roots 1.086ms
[2025-06-17T23:50:15.318+0300][22440][2136 ][info ][gc       ] GC(1) Concurrent weak references 0.140ms
[2025-06-17T23:50:15.318+0300][22440][2136 ][info ][gc       ] GC(1) Concurrent weak roots 1.497ms
[2025-06-17T23:50:15.318+0300][22440][2136 ][info ][gc       ] GC(1) Concurrent cleanup 211M->211M(12288M) 0.025ms
[2025-06-17T23:50:15.318+0300][22440][2136 ][debug][gc,phases] GC(1) ClassLoaderData 0.019ms
[2025-06-17T23:50:15.318+0300][22440][2136 ][debug][gc,phases] GC(1) Trigger cleanups 0.000ms
[2025-06-17T23:50:15.318+0300][22440][2136 ][info ][gc       ] GC(1) Concurrent class unloading 4.869ms
[2025-06-17T23:50:15.318+0300][22440][10048][debug][safepoint] Safepoint synchronization initiated using striped semaphore wait barrier. (34 threads)
[2025-06-17T23:50:15.318+0300][22440][2136 ][info ][gc       ] GC(1) Concurrent strong roots 0.442ms
[2025-06-17T23:50:15.334+0300][22440][10048][info ][safepoint] Safepoint "CleanClassLoaderDataMetaspaces", Time since last: 7916601 ns, Reaching safepoint: 8166700 ns, Cleanup: 75100 ns, At safepoint: 97000 ns, Total: 8338800 ns
[2025-06-17T23:50:15.334+0300][22440][2136 ][info ][gc       ] GC(1) Concurrent evacuation 11.037ms
[2025-06-17T23:50:15.334+0300][22440][10048][debug][safepoint] Safepoint synchronization initiated using striped semaphore wait barrier. (34 threads)
[2025-06-17T23:50:15.334+0300][22440][10048][info ][gc       ] GC(1) Pause Init Update Refs 0.010ms
[2025-06-17T23:50:15.334+0300][22440][10048][info ][safepoint] Safepoint "ShenandoahInitUpdateRefs", Time since last: 3262999 ns, Reaching safepoint: 42901 ns, Cleanup: 8699 ns, At safepoint: 45400 ns, Total: 97000 ns
[2025-06-17T23:50:15.334+0300][22440][2136 ][info ][gc       ] GC(1) Concurrent update references 4.310ms
[2025-06-17T23:50:15.350+0300][22440][2136 ][info ][gc       ] GC(1) Concurrent update thread roots 8.004ms
[2025-06-17T23:50:15.350+0300][22440][10048][debug][safepoint] Safepoint synchronization initiated using striped semaphore wait barrier. (34 threads)
[2025-06-17T23:50:15.350+0300][22440][10048][info ][gc       ] GC(1) Pause Final Update Refs 0.051ms
[2025-06-17T23:50:15.350+0300][22440][10048][info ][safepoint] Safepoint "ShenandoahFinalUpdateRefs", Time since last: 12515501 ns, Reaching safepoint: 78600 ns, Cleanup: 2600 ns, At safepoint: 73300 ns, Total: 154500 ns
[2025-06-17T23:50:15.350+0300][22440][2136 ][info ][gc       ] GC(1) Concurrent cleanup 219M->31M(12288M) 0.022ms
[2025-06-17T23:50:15.813+0300][22440][10048][debug][safepoint] Safepoint synchronization initiated using striped semaphore wait barrier. (34 threads)
[2025-06-17T23:50:15.813+0300][22440][10048][info ][safepoint] Safepoint "ICBufferFull", Time since last: 463031100 ns, Reaching safepoint: 75300 ns, Cleanup: 149900 ns, At safepoint: 2199 ns, Total: 227399 ns
[2025-06-17T23:50:16.156+0300][22440][10048][debug][safepoint] Safepoint synchronization initiated using striped semaphore wait barrier. (34 threads)
[2025-06-17T23:50:16.156+0300][22440][10048][info ][safepoint] Safepoint "ICBufferFull", Time since last: 343623800 ns, Reaching safepoint: 74201 ns, Cleanup: 136200 ns, At safepoint: 6800 ns, Total: 217201 ns
[2025-06-17T23:50:16.530+0300][22440][10048][debug][safepoint] Safepoint synchronization initiated using striped semaphore wait barrier. (34 threads)
[2025-06-17T23:50:16.530+0300][22440][10048][info ][safepoint] Safepoint "ICBufferFull", Time since last: 373199600 ns, Reaching safepoint: 82600 ns, Cleanup: 114700 ns, At safepoint: 9899 ns, Total: 207199 ns
[2025-06-17T23:50:17.421+0300][22440][10048][debug][safepoint] Safepoint synchronization initiated using striped semaphore wait barrier. (34 threads)
[2025-06-17T23:50:17.422+0300][22440][10048][info ][safepoint] Safepoint "ICBufferFull", Time since last: 891324201 ns, Reaching safepoint: 74600 ns, Cleanup: 170200 ns, At safepoint: 2100 ns, Total: 246900 ns
[2025-06-17T23:50:18.007+0300][22440][10048][debug][safepoint] Safepoint synchronization initiated using striped semaphore wait barrier. (34 threads)
[2025-06-17T23:50:18.007+0300][22440][10048][info ][safepoint] Safepoint "ICBufferFull", Time since last: 584971799 ns, Reaching safepoint: 103401 ns, Cleanup: 135400 ns, At safepoint: 17400 ns, Total: 256201 ns
[2025-06-17T23:50:18.007+0300][22440][10048][debug][safepoint] Safepoint synchronization initiated using striped semaphore wait barrier. (34 threads)
[2025-06-17T23:50:18.007+0300][22440][10048][info ][safepoint] Safepoint "ICBufferFull", Time since last: 75300 ns, Reaching safepoint: 70000 ns, Cleanup: 5500 ns, At safepoint: 15899 ns, Total: 91399 ns
[2025-06-17T23:50:18.007+0300][22440][10048][debug][safepoint] Safepoint synchronization initiated using striped semaphore wait barrier. (34 threads)
[2025-06-17T23:50:18.007+0300][22440][10048][info ][safepoint] Safepoint "ICBufferFull", Time since last: 93901 ns, Reaching safepoint: 46099 ns, Cleanup: 3501 ns, At safepoint: 16600 ns, Total: 66200 ns
[2025-06-17T23:50:18.009+0300][22440][10048][debug][safepoint] Safepoint synchronization initiated using striped semaphore wait barrier. (34 threads)
[2025-06-17T23:50:18.009+0300][22440][10048][info ][safepoint] Safepoint "ICBufferFull", Time since last: 732900 ns, Reaching safepoint: 57500 ns, Cleanup: 8200 ns, At safepoint: 16700 ns, Total: 82400 ns
[2025-06-17T23:50:18.009+0300][22440][10048][debug][safepoint] Safepoint synchronization initiated using striped semaphore wait barrier. (34 threads)
[2025-06-17T23:50:18.009+0300][22440][10048][info ][safepoint] Safepoint "ICBufferFull", Time since last: 96600 ns, Reaching safepoint: 40600 ns, Cleanup: 4600 ns, At safepoint: 14000 ns, Total: 59200 ns
[2025-06-17T23:50:18.745+0300][22440][10048][debug][safepoint] Safepoint synchronization initiated using striped semaphore wait barrier. (34 threads)
[2025-06-17T23:50:18.745+0300][22440][10048][info ][safepoint] Safepoint "ICBufferFull", Time since last: 736799100 ns, Reaching safepoint: 66600 ns, Cleanup: 155100 ns, At safepoint: 6300 ns, Total: 228000 ns
[2025-06-17T23:50:19.746+0300][22440][10048][debug][safepoint] Safepoint synchronization initiated using striped semaphore wait barrier. (34 threads)
[2025-06-17T23:50:19.747+0300][22440][10048][info ][safepoint] Safepoint "ICBufferFull", Time since last: 1001016900 ns, Reaching safepoint: 71400 ns, Cleanup: 146000 ns, At safepoint: 11100 ns, Total: 228500 ns
[2025-06-17T23:50:19.747+0300][22440][10048][debug][safepoint] Safepoint synchronization initiated using striped semaphore wait barrier. (34 threads)
[2025-06-17T23:50:19.747+0300][22440][10048][info ][safepoint] Safepoint "ICBufferFull", Time since last: 41100 ns, Reaching safepoint: 29300 ns, Cleanup: 2100 ns, At safepoint: 11600 ns, Total: 43000 ns
[2025-06-17T23:50:19.747+0300][22440][10048][debug][safepoint] Safepoint synchronization initiated using striped semaphore wait barrier. (34 threads)
[2025-06-17T23:50:19.747+0300][22440][10048][info ][safepoint] Safepoint "ICBufferFull", Time since last: 83600 ns, Reaching safepoint: 59700 ns, Cleanup: 1600 ns, At safepoint: 11200 ns, Total: 72500 ns
[2025-06-17T23:50:20.394+0300][22440][10048][debug][safepoint] Safepoint synchronization initiated using striped semaphore wait barrier. (34 threads)
[2025-06-17T23:50:20.394+0300][22440][10048][info ][safepoint] Safepoint "ICBufferFull", Time since last: 647408700 ns, Reaching safepoint: 70600 ns, Cleanup: 96500 ns, At safepoint: 8100 ns, Total: 175200 ns
[2025-06-17T23:50:20.394+0300][22440][10048][debug][safepoint] Safepoint synchronization initiated using striped semaphore wait barrier. (34 threads)
[2025-06-17T23:50:20.394+0300][22440][10048][info ][safepoint] Safepoint "ICBufferFull", Time since last: 40900 ns, Reaching safepoint: 29200 ns, Cleanup: 2900 ns, At safepoint: 11400 ns, Total: 43500 ns
[2025-06-17T23:50:20.395+0300][22440][10048][debug][safepoint] Safepoint synchronization initiated using striped semaphore wait barrier. (34 threads)
[2025-06-17T23:50:20.395+0300][22440][10048][info ][safepoint] Safepoint "ICBufferFull", Time since last: 150600 ns, Reaching safepoint: 59999 ns, Cleanup: 1900 ns, At safepoint: 17200 ns, Total: 79099 ns
[2025-06-17T23:50:20.395+0300][22440][10048][debug][safepoint] Safepoint synchronization initiated using striped semaphore wait barrier. (34 threads)
[2025-06-17T23:50:20.395+0300][22440][10048][info ][safepoint] Safepoint "ICBufferFull", Time since last: 163400 ns, Reaching safepoint: 41001 ns, Cleanup: 2700 ns, At safepoint: 18300 ns, Total: 62001 ns
[2025-06-17T23:50:21.129+0300][22440][10048][debug][safepoint] Safepoint synchronization initiated using striped semaphore wait barrier. (34 threads)
[2025-06-17T23:50:21.129+0300][22440][15108][debug][safepoint] ... found polling page loop exception at pc = 0x0000027cea7b3c67, stub =0x0000027cf0eb6300
[2025-06-17T23:50:21.129+0300][22440][20700][debug][safepoint] ... found polling page loop exception at pc = 0x0000027cea7b3c67, stub =0x0000027cf0eb6300
[2025-06-17T23:50:21.129+0300][22440][7020 ][debug][safepoint] ... found polling page loop exception at pc = 0x0000027cea7b3c67, stub =0x0000027cf0eb6300
[2025-06-17T23:50:21.129+0300][22440][4000 ][debug][safepoint] ... found polling page loop exception at pc = 0x0000027cea7b3c67, stub =0x0000027cf0eb6300
[2025-06-17T23:50:21.129+0300][22440][17120][debug][safepoint] ... found polling page loop exception at pc = 0x0000027cea7b3c67, stub =0x0000027cf0eb6300
[2025-06-17T23:50:21.129+0300][22440][10048][info ][safepoint] Safepoint "ICBufferFull", Time since last: 734688099 ns, Reaching safepoint: 390001 ns, Cleanup: 87799 ns, At safepoint: 17501 ns, Total: 495301 ns
[2025-06-17T23:50:22.433+0300][22440][10048][debug][safepoint] Safepoint synchronization initiated using striped semaphore wait barrier. (33 threads)
[2025-06-17T23:50:22.433+0300][22440][10048][info ][safepoint] Safepoint "ICBufferFull", Time since last: 1302769500 ns, Reaching safepoint: 94999 ns, Cleanup: 111700 ns, At safepoint: 13101 ns, Total: 219800 ns
[2025-06-17T23:50:22.433+0300][22440][10048][debug][safepoint] Safepoint synchronization initiated using striped semaphore wait barrier. (33 threads)
[2025-06-17T23:50:22.433+0300][22440][20700][debug][safepoint] ... found polling page loop exception at pc = 0x0000027cf196e5ea, stub =0x0000027cf0eb6300
[2025-06-17T23:50:22.433+0300][22440][10048][info ][safepoint] Safepoint "ICBufferFull", Time since last: 57500 ns, Reaching safepoint: 86400 ns, Cleanup: 1400 ns, At safepoint: 13300 ns, Total: 101100 ns
[2025-06-17T23:50:22.433+0300][22440][10048][debug][safepoint] Safepoint synchronization initiated using striped semaphore wait barrier. (33 threads)
[2025-06-17T23:50:22.433+0300][22440][20700][debug][safepoint] ... found polling page loop exception at pc = 0x0000027cf196e5ea, stub =0x0000027cf0eb6300
[2025-06-17T23:50:22.433+0300][22440][10048][info ][safepoint] Safepoint "ICBufferFull", Time since last: 23400 ns, Reaching safepoint: 83999 ns, Cleanup: 1400 ns, At safepoint: 12900 ns, Total: 98299 ns
[2025-06-17T23:50:22.433+0300][22440][10048][debug][safepoint] Safepoint synchronization initiated using striped semaphore wait barrier. (33 threads)
[2025-06-17T23:50:22.433+0300][22440][10048][info ][safepoint] Safepoint "ICBufferFull", Time since last: 68800 ns, Reaching safepoint: 35400 ns, Cleanup: 601 ns, At safepoint: 12500 ns, Total: 48501 ns
[2025-06-17T23:50:22.433+0300][22440][10048][debug][safepoint] Safepoint synchronization initiated using striped semaphore wait barrier. (33 threads)
[2025-06-17T23:50:22.433+0300][22440][20700][debug][safepoint] ... found polling page loop exception at pc = 0x0000027cead19f01, stub =0x0000027cf0eb6300
[2025-06-17T23:50:22.433+0300][22440][10048][info ][safepoint] Safepoint "ICBufferFull", Time since last: 530300 ns, Reaching safepoint: 174599 ns, Cleanup: 15001 ns, At safepoint: 19899 ns, Total: 209499 ns
[2025-06-17T23:50:23.447+0300][22440][10048][debug][safepoint] Safepoint synchronization initiated using striped semaphore wait barrier. (32 threads)
[2025-06-17T23:50:23.447+0300][22440][10048][info ][safepoint] Safepoint "Cleanup", Time since last: 1012160200 ns, Reaching safepoint: 97201 ns, Cleanup: 80000 ns, At safepoint: 7500 ns, Total: 184701 ns
[2025-06-17T23:50:24.448+0300][22440][10048][debug][safepoint] Safepoint synchronization initiated using striped semaphore wait barrier. (32 threads)
[2025-06-17T23:50:24.448+0300][22440][10048][info ][safepoint] Safepoint "Cleanup", Time since last: 1000636599 ns, Reaching safepoint: 108500 ns, Cleanup: 84701 ns, At safepoint: 18600 ns, Total: 211801 ns
[2025-06-17T23:50:25.456+0300][22440][10048][debug][safepoint] Safepoint synchronization initiated using striped semaphore wait barrier. (32 threads)
[2025-06-17T23:50:25.456+0300][22440][10048][info ][safepoint] Safepoint "Cleanup", Time since last: 1007914300 ns, Reaching safepoint: 111199 ns, Cleanup: 68001 ns, At safepoint: 16900 ns, Total: 196100 ns
[2025-06-17T23:50:26.469+0300][22440][10048][debug][safepoint] Safepoint synchronization initiated using striped semaphore wait barrier. (32 threads)
[2025-06-17T23:50:26.469+0300][22440][10048][info ][safepoint] Safepoint "Cleanup", Time since last: 1012808900 ns, Reaching safepoint: 94500 ns, Cleanup: 50300 ns, At safepoint: 23000 ns, Total: 167800 ns
[2025-06-17T23:50:27.483+0300][22440][10048][debug][safepoint] Safepoint synchronization initiated using striped semaphore wait barrier. (33 threads)
[2025-06-17T23:50:27.483+0300][22440][10048][info ][safepoint] Safepoint "Cleanup", Time since last: 1014055900 ns, Reaching safepoint: 107199 ns, Cleanup: 72301 ns, At safepoint: 10600 ns, Total: 190100 ns
[2025-06-17T23:50:28.488+0300][22440][10048][debug][safepoint] Safepoint synchronization initiated using striped semaphore wait barrier. (32 threads)
[2025-06-17T23:50:28.488+0300][22440][10048][info ][safepoint] Safepoint "Cleanup", Time since last: 1005411400 ns, Reaching safepoint: 110499 ns, Cleanup: 32601 ns, At safepoint: 11000 ns, Total: 154100 ns
[2025-06-17T23:50:29.502+0300][22440][10048][debug][safepoint] Safepoint synchronization initiated using striped semaphore wait barrier. (32 threads)
[2025-06-17T23:50:29.502+0300][22440][10048][info ][safepoint] Safepoint "Cleanup", Time since last: 1013414000 ns, Reaching safepoint: 83400 ns, Cleanup: 27800 ns, At safepoint: 5099 ns, Total: 116299 ns
[2025-06-17T23:50:30.510+0300][22440][10048][debug][safepoint] Safepoint synchronization initiated using striped semaphore wait barrier. (32 threads)
[2025-06-17T23:50:30.510+0300][22440][10048][info ][safepoint] Safepoint "Cleanup", Time since last: 1007832801 ns, Reaching safepoint: 107900 ns, Cleanup: 26500 ns, At safepoint: 11999 ns, Total: 146399 ns
[2025-06-17T23:50:31.512+0300][22440][10048][debug][safepoint] Safepoint synchronization initiated using striped semaphore wait barrier. (32 threads)
[2025-06-17T23:50:31.512+0300][22440][10048][info ][safepoint] Safepoint "Cleanup", Time since last: 1001465101 ns, Reaching safepoint: 100200 ns, Cleanup: 29999 ns, At safepoint: 16101 ns, Total: 146300 ns
[2025-06-17T23:50:32.521+0300][22440][10048][debug][safepoint] Safepoint synchronization initiated using striped semaphore wait barrier. (32 threads)
[2025-06-17T23:50:32.521+0300][22440][10048][info ][safepoint] Safepoint "Cleanup", Time since last: 1008573500 ns, Reaching safepoint: 97000 ns, Cleanup: 33300 ns, At safepoint: 7099 ns, Total: 137399 ns
[2025-06-17T23:50:33.534+0300][22440][10048][debug][safepoint] Safepoint synchronization initiated using striped semaphore wait barrier. (32 threads)
[2025-06-17T23:50:33.534+0300][22440][10048][info ][safepoint] Safepoint "Cleanup", Time since last: 1013886001 ns, Reaching safepoint: 104400 ns, Cleanup: 49100 ns, At safepoint: 5900 ns, Total: 159400 ns
[2025-06-17T23:50:34.542+0300][22440][10048][debug][safepoint] Safepoint synchronization initiated using striped semaphore wait barrier. (32 threads)
[2025-06-17T23:50:34.542+0300][22440][10048][info ][safepoint] Safepoint "Cleanup", Time since last: 1007710299 ns, Reaching safepoint: 116801 ns, Cleanup: 30500 ns, At safepoint: 6500 ns, Total: 153801 ns
[2025-06-17T23:50:35.553+0300][22440][10048][debug][safepoint] Safepoint synchronization initiated using striped semaphore wait barrier. (32 threads)
[2025-06-17T23:50:35.553+0300][22440][10048][info ][safepoint] Safepoint "Cleanup", Time since last: 1010773500 ns, Reaching safepoint: 114899 ns, Cleanup: 23601 ns, At safepoint: 4400 ns, Total: 142900 ns
[2025-06-17T23:50:36.564+0300][22440][10048][debug][safepoint] Safepoint synchronization initiated using striped semaphore wait barrier. (32 threads)
[2025-06-17T23:50:36.564+0300][22440][10048][info ][safepoint] Safepoint "Cleanup", Time since last: 1010386200 ns, Reaching safepoint: 131800 ns, Cleanup: 126999 ns, At safepoint: 55701 ns, Total: 314500 ns
[2025-06-17T23:50:37.577+0300][22440][10048][debug][safepoint] Safepoint synchronization initiated using striped semaphore wait barrier. (32 threads)
[2025-06-17T23:50:37.577+0300][22440][10048][info ][safepoint] Safepoint "Cleanup", Time since last: 1012973999 ns, Reaching safepoint: 168501 ns, Cleanup: 74199 ns, At safepoint: 16901 ns, Total: 259601 ns
[2025-06-17T23:50:38.584+0300][22440][10048][debug][safepoint] Safepoint synchronization initiated using striped semaphore wait barrier. (32 threads)
[2025-06-17T23:50:38.585+0300][22440][10048][info ][safepoint] Safepoint "Cleanup", Time since last: 1007179400 ns, Reaching safepoint: 96700 ns, Cleanup: 32500 ns, At safepoint: 26800 ns, Total: 156000 ns
[2025-06-17T23:50:39.588+0300][22440][10048][debug][safepoint] Safepoint synchronization initiated using striped semaphore wait barrier. (32 threads)
[2025-06-17T23:50:39.588+0300][22440][10048][info ][safepoint] Safepoint "Cleanup", Time since last: 1003684100 ns, Reaching safepoint: 126000 ns, Cleanup: 52900 ns, At safepoint: 19400 ns, Total: 198300 ns
[2025-06-17T23:50:40.596+0300][22440][10048][debug][safepoint] Safepoint synchronization initiated using striped semaphore wait barrier. (32 threads)
[2025-06-17T23:50:40.596+0300][22440][19388][debug][safepoint] ... found polling page loop exception at pc = 0x0000027cf1970ddd, stub =0x0000027cf0eb6300
[2025-06-17T23:50:40.596+0300][22440][10048][info ][safepoint] Safepoint "Cleanup", Time since last: 1007474000 ns, Reaching safepoint: 216500 ns, Cleanup: 37100 ns, At safepoint: 24799 ns, Total: 278399 ns
[2025-06-17T23:50:41.605+0300][22440][10048][debug][safepoint] Safepoint synchronization initiated using striped semaphore wait barrier. (32 threads)
[2025-06-17T23:50:41.605+0300][22440][10048][info ][safepoint] Safepoint "Cleanup", Time since last: 1008972601 ns, Reaching safepoint: 120400 ns, Cleanup: 63499 ns, At safepoint: 16901 ns, Total: 200800 ns
[2025-06-17T23:50:42.618+0300][22440][10048][debug][safepoint] Safepoint synchronization initiated using striped semaphore wait barrier. (32 threads)
[2025-06-17T23:50:42.618+0300][22440][10048][info ][safepoint] Safepoint "Cleanup", Time since last: 1012642800 ns, Reaching safepoint: 85400 ns, Cleanup: 22700 ns, At safepoint: 7900 ns, Total: 116000 ns
[2025-06-17T23:50:43.622+0300][22440][10048][debug][safepoint] Safepoint synchronization initiated using striped semaphore wait barrier. (32 threads)
[2025-06-17T23:50:43.622+0300][22440][10048][info ][safepoint] Safepoint "Cleanup", Time since last: 1003717500 ns, Reaching safepoint: 129799 ns, Cleanup: 46501 ns, At safepoint: 12200 ns, Total: 188500 ns
[2025-06-17T23:50:44.623+0300][22440][10048][debug][safepoint] Safepoint synchronization initiated using striped semaphore wait barrier. (32 threads)
[2025-06-17T23:50:44.623+0300][22440][19388][debug][safepoint] ... found polling page loop exception at pc = 0x0000027cf18b6467, stub =0x0000027cf0eb6300
[2025-06-17T23:50:44.623+0300][22440][10048][info ][safepoint] Safepoint "Cleanup", Time since last: 1000824400 ns, Reaching safepoint: 240800 ns, Cleanup: 82700 ns, At safepoint: 12400 ns, Total: 335900 ns
[2025-06-17T23:50:45.634+0300][22440][10048][debug][safepoint] Safepoint synchronization initiated using striped semaphore wait barrier. (32 threads)
[2025-06-17T23:50:45.634+0300][22440][10048][info ][safepoint] Safepoint "Cleanup", Time since last: 1010611400 ns, Reaching safepoint: 165999 ns, Cleanup: 54701 ns, At safepoint: 16300 ns, Total: 237000 ns
[2025-06-17T23:50:46.649+0300][22440][10048][debug][safepoint] Safepoint synchronization initiated using striped semaphore wait barrier. (32 threads)
[2025-06-17T23:50:46.649+0300][22440][10048][info ][safepoint] Safepoint "Cleanup", Time since last: 1014273800 ns, Reaching safepoint: 160100 ns, Cleanup: 45200 ns, At safepoint: 29300 ns, Total: 234600 ns
[2025-06-17T23:50:47.653+0300][22440][10048][debug][safepoint] Safepoint synchronization initiated using striped semaphore wait barrier. (32 threads)
[2025-06-17T23:50:47.653+0300][22440][10048][info ][safepoint] Safepoint "Cleanup", Time since last: 1004182200 ns, Reaching safepoint: 157900 ns, Cleanup: 42699 ns, At safepoint: 25201 ns, Total: 225800 ns
[2025-06-17T23:50:48.667+0300][22440][10048][debug][safepoint] Safepoint synchronization initiated using striped semaphore wait barrier. (32 threads)
[2025-06-17T23:50:48.667+0300][22440][10048][info ][safepoint] Safepoint "Cleanup", Time since last: 1013847100 ns, Reaching safepoint: 139900 ns, Cleanup: 56100 ns, At safepoint: 32000 ns, Total: 228000 ns
[2025-06-17T23:50:49.676+0300][22440][10048][debug][safepoint] Safepoint synchronization initiated using striped semaphore wait barrier. (32 threads)
[2025-06-17T23:50:49.676+0300][22440][20700][debug][safepoint] ... found polling page loop exception at pc = 0x0000027cf1970ddd, stub =0x0000027cf0eb6300
[2025-06-17T23:50:49.676+0300][22440][10048][info ][safepoint] Safepoint "Cleanup", Time since last: 1009440799 ns, Reaching safepoint: 148701 ns, Cleanup: 19200 ns, At safepoint: 7900 ns, Total: 175801 ns
[2025-06-17T23:50:52.698+0300][22440][10048][debug][safepoint] Safepoint synchronization initiated using striped semaphore wait barrier. (32 threads)
[2025-06-17T23:50:52.698+0300][22440][1668 ][debug][safepoint] ... found polling page loop exception at pc = 0x0000027cf19d5b67, stub =0x0000027cf0eb6300
[2025-06-17T23:50:52.698+0300][22440][10048][info ][safepoint] Safepoint "Cleanup", Time since last: 3022021499 ns, Reaching safepoint: 301501 ns, Cleanup: 45600 ns, At safepoint: 9799 ns, Total: 356900 ns
[2025-06-17T23:50:54.723+0300][22440][10048][debug][safepoint] Safepoint synchronization initiated using striped semaphore wait barrier. (32 threads)
[2025-06-17T23:50:54.724+0300][22440][9028 ][debug][safepoint] ... found polling page loop exception at pc = 0x0000027cf198cfdd, stub =0x0000027cf0eb6300
[2025-06-17T23:50:54.724+0300][22440][10048][info ][safepoint] Safepoint "Cleanup", Time since last: 2024202601 ns, Reaching safepoint: 256100 ns, Cleanup: 34800 ns, At safepoint: 44299 ns, Total: 335199 ns
[2025-06-17T23:50:55.728+0300][22440][10048][debug][safepoint] Safepoint synchronization initiated using striped semaphore wait barrier. (32 threads)
[2025-06-17T23:50:55.728+0300][22440][10048][info ][safepoint] Safepoint "Cleanup", Time since last: 1004650501 ns, Reaching safepoint: 196500 ns, Cleanup: 63499 ns, At safepoint: 65000 ns, Total: 324999 ns
[2025-06-17T23:50:56.741+0300][22440][10048][debug][safepoint] Safepoint synchronization initiated using striped semaphore wait barrier. (32 threads)
[2025-06-17T23:50:56.741+0300][22440][13484][debug][safepoint] ... found polling page loop exception at pc = 0x0000027cf1a1e762, stub =0x0000027cf0eb6300
[2025-06-17T23:50:56.741+0300][22440][4000 ][debug][safepoint] ... found polling page loop exception at pc = 0x0000027cf1b59e1b, stub =0x0000027cf0eb6300
[2025-06-17T23:50:56.741+0300][22440][10048][info ][safepoint] Safepoint "Cleanup", Time since last: 1012552900 ns, Reaching safepoint: 259201 ns, Cleanup: 44000 ns, At safepoint: 12200 ns, Total: 315401 ns
[2025-06-17T23:50:57.746+0300][22440][10048][debug][safepoint] Safepoint synchronization initiated using striped semaphore wait barrier. (32 threads)
[2025-06-17T23:50:57.746+0300][22440][10048][info ][safepoint] Safepoint "Cleanup", Time since last: 1004524100 ns, Reaching safepoint: 111700 ns, Cleanup: 31300 ns, At safepoint: 3100 ns, Total: 146100 ns
[2025-06-17T23:50:59.754+0300][22440][10048][debug][safepoint] Safepoint synchronization initiated using striped semaphore wait barrier. (32 threads)
[2025-06-17T23:50:59.754+0300][22440][1668 ][debug][safepoint] ... found polling page loop exception at pc = 0x0000027cf144aabe, stub =0x0000027cf0eb5a80
[2025-06-17T23:50:59.754+0300][22440][10048][info ][safepoint] Safepoint "Cleanup", Time since last: 2007992999 ns, Reaching safepoint: 350601 ns, Cleanup: 16200 ns, At safepoint: 35499 ns, Total: 402300 ns
[2025-06-17T23:51:02.776+0300][22440][10048][debug][safepoint] Safepoint synchronization initiated using striped semaphore wait barrier. (32 threads)
[2025-06-17T23:51:02.776+0300][22440][10048][info ][safepoint] Safepoint "Cleanup", Time since last: 3021030101 ns, Reaching safepoint: 132800 ns, Cleanup: 24600 ns, At safepoint: 25800 ns, Total: 183200 ns
[2025-06-17T23:51:03.792+0300][22440][10048][debug][safepoint] Safepoint synchronization initiated using striped semaphore wait barrier. (32 threads)
[2025-06-17T23:51:03.792+0300][22440][10048][info ][safepoint] Safepoint "Cleanup", Time since last: 1016549000 ns, Reaching safepoint: 160800 ns, Cleanup: 40400 ns, At safepoint: 4800 ns, Total: 206000 ns
[2025-06-17T23:51:04.807+0300][22440][10048][debug][safepoint] Safepoint synchronization initiated using striped semaphore wait barrier. (32 threads)
[2025-06-17T23:51:04.807+0300][22440][10048][info ][safepoint] Safepoint "Cleanup", Time since last: 1014260599 ns, Reaching safepoint: 141301 ns, Cleanup: 33999 ns, At safepoint: 26101 ns, Total: 201401 ns
[2025-06-17T23:51:05.816+0300][22440][10048][debug][safepoint] Safepoint synchronization initiated using striped semaphore wait barrier. (32 threads)
[2025-06-17T23:51:05.816+0300][22440][10048][info ][safepoint] Safepoint "Cleanup", Time since last: 1009236700 ns, Reaching safepoint: 166800 ns, Cleanup: 46200 ns, At safepoint: 18400 ns, Total: 231400 ns
[2025-06-17T23:51:07.833+0300][22440][10048][debug][safepoint] Safepoint synchronization initiated using striped semaphore wait barrier. (32 threads)
[2025-06-17T23:51:07.833+0300][22440][10048][info ][safepoint] Safepoint "Cleanup", Time since last: 2016072200 ns, Reaching safepoint: 150500 ns, Cleanup: 50400 ns, At safepoint: 47599 ns, Total: 248499 ns
[2025-06-17T23:51:08.841+0300][22440][10048][debug][safepoint] Safepoint synchronization initiated using striped semaphore wait barrier. (32 threads)
[2025-06-17T23:51:08.841+0300][22440][10048][info ][safepoint] Safepoint "Cleanup", Time since last: 1008546701 ns, Reaching safepoint: 130099 ns, Cleanup: 43000 ns, At safepoint: 19801 ns, Total: 192900 ns
[2025-06-17T23:51:10.953+0300][22440][10048][debug][safepoint] Safepoint synchronization initiated using striped semaphore wait barrier. (32 threads)
[2025-06-17T23:51:10.953+0300][22440][10048][info ][safepoint] Safepoint "Cleanup", Time since last: 2111544900 ns, Reaching safepoint: 162899 ns, Cleanup: 76501 ns, At safepoint: 22799 ns, Total: 262199 ns
[2025-06-17T23:51:11.956+0300][22440][10048][debug][safepoint] Safepoint synchronization initiated using striped semaphore wait barrier. (32 threads)
[2025-06-17T23:51:11.956+0300][22440][10048][info ][safepoint] Safepoint "Cleanup", Time since last: 1002527701 ns, Reaching safepoint: 161199 ns, Cleanup: 43601 ns, At safepoint: 18900 ns, Total: 223700 ns
[2025-06-17T23:51:14.987+0300][22440][10048][debug][safepoint] Safepoint synchronization initiated using striped semaphore wait barrier. (32 threads)
[2025-06-17T23:51:14.987+0300][22440][10048][info ][safepoint] Safepoint "Cleanup", Time since last: 3031033400 ns, Reaching safepoint: 167100 ns, Cleanup: 55200 ns, At safepoint: 33200 ns, Total: 255500 ns
[2025-06-17T23:51:15.988+0300][22440][10048][debug][safepoint] Safepoint synchronization initiated using striped semaphore wait barrier. (32 threads)
[2025-06-17T23:51:15.988+0300][22440][10048][info ][safepoint] Safepoint "Cleanup", Time since last: 1000738300 ns, Reaching safepoint: 142099 ns, Cleanup: 58501 ns, At safepoint: 40100 ns, Total: 240700 ns
[2025-06-17T23:51:19.024+0300][22440][10048][debug][safepoint] Safepoint synchronization initiated using striped semaphore wait barrier. (32 threads)
[2025-06-17T23:51:19.025+0300][22440][10048][info ][safepoint] Safepoint "Cleanup", Time since last: 3036142500 ns, Reaching safepoint: 186700 ns, Cleanup: 38200 ns, At safepoint: 21700 ns, Total: 246600 ns
[2025-06-17T23:51:22.056+0300][22440][10048][debug][safepoint] Safepoint synchronization initiated using striped semaphore wait barrier. (32 threads)
[2025-06-17T23:51:22.057+0300][22440][10048][info ][safepoint] Safepoint "Cleanup", Time since last: 3031559699 ns, Reaching safepoint: 211301 ns, Cleanup: 22399 ns, At safepoint: 16700 ns, Total: 250400 ns
[2025-06-17T23:51:23.059+0300][22440][10048][debug][safepoint] Safepoint synchronization initiated using striped semaphore wait barrier. (32 threads)
[2025-06-17T23:51:23.059+0300][22440][10048][info ][safepoint] Safepoint "Cleanup", Time since last: 1002383201 ns, Reaching safepoint: 152600 ns, Cleanup: 35900 ns, At safepoint: 20400 ns, Total: 208900 ns
[2025-06-17T23:51:24.073+0300][22440][10048][debug][safepoint] Safepoint synchronization initiated using striped semaphore wait barrier. (32 threads)
[2025-06-17T23:51:24.073+0300][22440][4000 ][debug][safepoint] ... found polling page loop exception at pc = 0x0000027cf1970ddd, stub =0x0000027cf0eb6300
[2025-06-17T23:51:24.073+0300][22440][10048][info ][safepoint] Safepoint "Cleanup", Time since last: 1013977800 ns, Reaching safepoint: 147400 ns, Cleanup: 24800 ns, At safepoint: 15400 ns, Total: 187600 ns
[2025-06-17T23:51:25.086+0300][22440][10048][debug][safepoint] Safepoint synchronization initiated using striped semaphore wait barrier. (32 threads)
[2025-06-17T23:51:25.086+0300][22440][10048][info ][safepoint] Safepoint "Cleanup", Time since last: 1012434800 ns, Reaching safepoint: 142000 ns, Cleanup: 40800 ns, At safepoint: 25800 ns, Total: 208600 ns
[2025-06-17T23:51:26.094+0300][22440][10048][debug][safepoint] Safepoint synchronization initiated using striped semaphore wait barrier. (32 threads)
[2025-06-17T23:51:26.095+0300][22440][10048][info ][safepoint] Safepoint "Cleanup", Time since last: 1008459700 ns, Reaching safepoint: 147399 ns, Cleanup: 41001 ns, At safepoint: 26700 ns, Total: 215100 ns
[2025-06-17T23:51:28.110+0300][22440][10048][debug][safepoint] Safepoint synchronization initiated using striped semaphore wait barrier. (32 threads)
[2025-06-17T23:51:28.110+0300][22440][10048][info ][safepoint] Safepoint "Cleanup", Time since last: 2015916400 ns, Reaching safepoint: 170299 ns, Cleanup: 43000 ns, At safepoint: 31401 ns, Total: 244700 ns
[2025-06-17T23:51:32.132+0300][22440][10048][debug][safepoint] Safepoint synchronization initiated using striped semaphore wait barrier. (32 threads)
[2025-06-17T23:51:32.132+0300][22440][10048][info ][safepoint] Safepoint "Cleanup", Time since last: 4021254699 ns, Reaching safepoint: 123501 ns, Cleanup: 46200 ns, At safepoint: 11399 ns, Total: 181100 ns
[2025-06-17T23:51:33.139+0300][22440][10048][debug][safepoint] Safepoint synchronization initiated using striped semaphore wait barrier. (32 threads)
[2025-06-17T23:51:33.139+0300][22440][10048][info ][safepoint] Safepoint "Cleanup", Time since last: 1007437701 ns, Reaching safepoint: 172900 ns, Cleanup: 33699 ns, At safepoint: 28401 ns, Total: 235000 ns
[2025-06-17T23:51:44.222+0300][22440][10048][debug][safepoint] Safepoint synchronization initiated using striped semaphore wait barrier. (32 threads)
[2025-06-17T23:51:44.222+0300][22440][20700][debug][safepoint] ... found polling page loop exception at pc = 0x0000027cf1970ddd, stub =0x0000027cf0eb6300
[2025-06-17T23:51:44.222+0300][22440][10048][info ][safepoint] Safepoint "Cleanup", Time since last: 11081867199 ns, Reaching safepoint: 163900 ns, Cleanup: 23501 ns, At safepoint: 20000 ns, Total: 207401 ns
[2025-06-17T23:51:45.223+0300][22440][10048][debug][safepoint] Safepoint synchronization initiated using striped semaphore wait barrier. (32 threads)
[2025-06-17T23:51:45.223+0300][22440][7020 ][debug][safepoint] ... found polling page loop exception at pc = 0x0000027cf18b6a6f, stub =0x0000027cf0eb6300
[2025-06-17T23:51:45.223+0300][22440][10048][info ][safepoint] Safepoint "Cleanup", Time since last: 1001166800 ns, Reaching safepoint: 306099 ns, Cleanup: 42301 ns, At safepoint: 12700 ns, Total: 361100 ns
[2025-06-17T23:51:46.237+0300][22440][10048][debug][safepoint] Safepoint synchronization initiated using striped semaphore wait barrier. (32 threads)
[2025-06-17T23:51:46.237+0300][22440][10048][info ][safepoint] Safepoint "Cleanup", Time since last: 1013626200 ns, Reaching safepoint: 141599 ns, Cleanup: 44000 ns, At safepoint: 12001 ns, Total: 197600 ns
[2025-06-17T23:51:50.250+0300][22440][10048][debug][safepoint] Safepoint synchronization initiated using striped semaphore wait barrier. (32 threads)
[2025-06-17T23:51:50.250+0300][22440][9028 ][debug][safepoint] ... found polling page loop exception at pc = 0x0000027cf1c76ce3, stub =0x0000027cf0eb5a80
[2025-06-17T23:51:50.250+0300][22440][11488][debug][safepoint] ... found polling page loop exception at pc = 0x0000027cf1aef731, stub =0x0000027cf0eb5a80
[2025-06-17T23:51:50.250+0300][22440][10048][info ][safepoint] Safepoint "Cleanup", Time since last: 4012876299 ns, Reaching safepoint: 387401 ns, Cleanup: 36000 ns, At safepoint: 20800 ns, Total: 444201 ns
[2025-06-17T23:51:53.279+0300][22440][10048][debug][safepoint] Safepoint synchronization initiated using striped semaphore wait barrier. (32 threads)
[2025-06-17T23:51:53.279+0300][22440][10048][info ][safepoint] Safepoint "Cleanup", Time since last: 3028187500 ns, Reaching safepoint: 176300 ns, Cleanup: 33400 ns, At safepoint: 46300 ns, Total: 256000 ns
[2025-06-17T23:51:54.288+0300][22440][10048][debug][safepoint] Safepoint synchronization initiated using striped semaphore wait barrier. (32 threads)
[2025-06-17T23:51:54.288+0300][22440][10048][info ][safepoint] Safepoint "Cleanup", Time since last: 1009479199 ns, Reaching safepoint: 170201 ns, Cleanup: 44400 ns, At safepoint: 26100 ns, Total: 240701 ns
[2025-06-17T23:51:57.271+0300][22440][2136 ][info ][gc       ] Trigger: Learning 3 of 5. Free (8600M) is below initial threshold (8601M)
[2025-06-17T23:51:57.272+0300][22440][2136 ][info ][gc       ] GC(2) Concurrent reset 0.861ms
[2025-06-17T23:51:57.272+0300][22440][10048][debug][safepoint] Safepoint synchronization initiated using striped semaphore wait barrier. (32 threads)
[2025-06-17T23:51:57.272+0300][22440][10048][info ][gc       ] GC(2) Pause Init Mark (unload classes) 0.068ms
[2025-06-17T23:51:57.272+0300][22440][10048][info ][safepoint] Safepoint "ShenandoahInitMark", Time since last: 2983917899 ns, Reaching safepoint: 115701 ns, Cleanup: 23400 ns, At safepoint: 162100 ns, Total: 301201 ns
[2025-06-17T23:51:57.272+0300][22440][2136 ][info ][gc       ] GC(2) Concurrent marking roots 0.603ms
[2025-06-17T23:51:57.272+0300][22440][2136 ][info ][gc       ] GC(2) Concurrent marking (unload classes) 10.611ms
[2025-06-17T23:51:57.272+0300][22440][10048][debug][safepoint] Safepoint synchronization initiated using striped semaphore wait barrier. (32 threads)
[2025-06-17T23:51:57.272+0300][22440][10048][info ][gc       ] GC(2) Pause Final Mark (unload classes) 0.220ms
[2025-06-17T23:51:57.272+0300][22440][10048][info ][safepoint] Safepoint "ShenandoahFinalMarkStartEvac", Time since last: 11461300 ns, Reaching safepoint: 19500 ns, Cleanup: 2800 ns, At safepoint: 247400 ns, Total: 269700 ns
[2025-06-17T23:51:57.272+0300][22440][2136 ][info ][gc       ] GC(2) Concurrent thread roots 0.150ms
[2025-06-17T23:51:57.272+0300][22440][2136 ][info ][gc       ] GC(2) Concurrent weak references 0.343ms
[2025-06-17T23:51:57.287+0300][22440][2136 ][info ][gc       ] GC(2) Concurrent weak roots 2.618ms
[2025-06-17T23:51:57.287+0300][22440][2136 ][info ][gc       ] GC(2) Concurrent cleanup 3096M->816M(12288M) 0.038ms
[2025-06-17T23:51:57.288+0300][22440][2136 ][debug][gc,phases] GC(2) ClassLoaderData 0.265ms
[2025-06-17T23:51:57.288+0300][22440][2136 ][debug][gc,phases] GC(2) Trigger cleanups 0.003ms
[2025-06-17T23:51:57.306+0300][22440][2136 ][info ][gc       ] GC(2) Concurrent class unloading 21.382ms
[2025-06-17T23:51:57.306+0300][22440][10048][debug][safepoint] Safepoint synchronization initiated using striped semaphore wait barrier. (32 threads)
[2025-06-17T23:51:57.306+0300][22440][10048][info ][safepoint] Safepoint "CleanClassLoaderDataMetaspaces", Time since last: 24757800 ns, Reaching safepoint: 38800 ns, Cleanup: 98600 ns, At safepoint: 39700 ns, Total: 177100 ns
[2025-06-17T23:51:57.306+0300][22440][2136 ][info ][gc       ] GC(2) Concurrent strong roots 0.316ms
[2025-06-17T23:51:57.306+0300][22440][2136 ][info ][gc       ] GC(2) Concurrent evacuation 5.566ms
[2025-06-17T23:51:57.306+0300][22440][10048][debug][safepoint] Safepoint synchronization initiated using striped semaphore wait barrier. (32 threads)
[2025-06-17T23:51:57.306+0300][22440][10048][info ][gc       ] GC(2) Pause Init Update Refs 0.007ms
[2025-06-17T23:51:57.306+0300][22440][10048][info ][safepoint] Safepoint "ShenandoahInitUpdateRefs", Time since last: 5743500 ns, Reaching safepoint: 20900 ns, Cleanup: 3500 ns, At safepoint: 24499 ns, Total: 48899 ns
[2025-06-17T23:51:57.306+0300][22440][2136 ][info ][gc       ] GC(2) Concurrent update references 4.335ms
[2025-06-17T23:51:57.306+0300][22440][2136 ][info ][gc       ] GC(2) Concurrent update thread roots 0.145ms
[2025-06-17T23:51:57.306+0300][22440][10048][debug][safepoint] Safepoint synchronization initiated using striped semaphore wait barrier. (32 threads)
[2025-06-17T23:51:57.306+0300][22440][10048][info ][gc       ] GC(2) Pause Final Update Refs 0.041ms
[2025-06-17T23:51:57.306+0300][22440][10048][info ][safepoint] Safepoint "ShenandoahFinalUpdateRefs", Time since last: 4574201 ns, Reaching safepoint: 18099 ns, Cleanup: 2201 ns, At safepoint: 53000 ns, Total: 73300 ns
[2025-06-17T23:51:57.306+0300][22440][2136 ][info ][gc       ] GC(2) Concurrent cleanup 859M->80M(12288M) 0.015ms
[2025-06-17T23:52:00.333+0300][22440][10048][debug][safepoint] Safepoint synchronization initiated using striped semaphore wait barrier. (32 threads)
[2025-06-17T23:52:00.333+0300][22440][10048][info ][safepoint] Safepoint "Cleanup", Time since last: 3012854800 ns, Reaching safepoint: 171000 ns, Cleanup: 44799 ns, At safepoint: 38200 ns, Total: 253999 ns
[2025-06-17T23:52:03.351+0300][22440][10048][debug][safepoint] Safepoint synchronization initiated using striped semaphore wait barrier. (32 threads)
[2025-06-17T23:52:03.351+0300][22440][7020 ][debug][safepoint] ... found polling page loop exception at pc = 0x0000027cf19e13be, stub =0x0000027cf0eb5a80
[2025-06-17T23:52:03.351+0300][22440][10048][info ][safepoint] Safepoint "Cleanup", Time since last: 3017998001 ns, Reaching safepoint: 296299 ns, Cleanup: 33701 ns, At safepoint: 30799 ns, Total: 360799 ns
[2025-06-17T23:52:04.353+0300][22440][10048][debug][safepoint] Safepoint synchronization initiated using striped semaphore wait barrier. (32 threads)
[2025-06-17T23:52:04.353+0300][22440][17120][debug][safepoint] ... found polling page loop exception at pc = 0x0000027cf18b6a6f, stub =0x0000027cf0eb6300
[2025-06-17T23:52:04.353+0300][22440][10048][info ][safepoint] Safepoint "Cleanup", Time since last: 1001501901 ns, Reaching safepoint: 290100 ns, Cleanup: 35800 ns, At safepoint: 24999 ns, Total: 350899 ns
[2025-06-17T23:52:06.373+0300][22440][10048][debug][safepoint] Safepoint synchronization initiated using striped semaphore wait barrier. (32 threads)
[2025-06-17T23:52:06.373+0300][22440][10048][info ][safepoint] Safepoint "Cleanup", Time since last: 2019284200 ns, Reaching safepoint: 156401 ns, Cleanup: 24500 ns, At safepoint: 20400 ns, Total: 201301 ns
[2025-06-17T23:52:10.105+0300][22440][11220][debug][safepoint] ... found polling page loop exception at pc = 0x0000027cf179c9db, stub =0x0000027cf0eb6300
[2025-06-17T23:52:10.105+0300][22440][11488][debug][safepoint] ... found polling page loop exception at pc = 0x0000027cf1b3f022, stub =0x0000027cf0eb5a80
[2025-06-17T23:52:12.109+0300][22440][10048][debug][safepoint] Safepoint synchronization initiated using striped semaphore wait barrier. (32 threads)
[2025-06-17T23:52:12.109+0300][22440][10048][info ][safepoint] Safepoint "Cleanup", Time since last: 5736524200 ns, Reaching safepoint: 216599 ns, Cleanup: 34501 ns, At safepoint: 17800 ns, Total: 268900 ns
[2025-06-17T23:52:19.185+0300][22440][10048][debug][safepoint] Safepoint synchronization initiated using striped semaphore wait barrier. (32 threads)
[2025-06-17T23:52:19.185+0300][22440][10048][info ][safepoint] Safepoint "Cleanup", Time since last: 7076110300 ns, Reaching safepoint: 140100 ns, Cleanup: 33900 ns, At safepoint: 12600 ns, Total: 186600 ns
[2025-06-17T23:52:20.188+0300][22440][10048][debug][safepoint] Safepoint synchronization initiated using striped semaphore wait barrier. (32 threads)
[2025-06-17T23:52:20.188+0300][22440][1668 ][debug][safepoint] ... found polling page loop exception at pc = 0x0000027cf1970ddd, stub =0x0000027cf0eb6300
[2025-06-17T23:52:20.188+0300][22440][10048][info ][safepoint] Safepoint "Cleanup", Time since last: 1001933499 ns, Reaching safepoint: 286401 ns, Cleanup: 33800 ns, At safepoint: 24800 ns, Total: 345001 ns
[2025-06-17T23:52:21.189+0300][22440][10048][debug][safepoint] Safepoint synchronization initiated using striped semaphore wait barrier. (32 threads)
[2025-06-17T23:52:21.189+0300][22440][7020 ][debug][safepoint] ... found polling page loop exception at pc = 0x0000027cf18b6a6f, stub =0x0000027cf0eb6300
[2025-06-17T23:52:21.189+0300][22440][10048][info ][safepoint] Safepoint "Cleanup", Time since last: 1001353899 ns, Reaching safepoint: 275700 ns, Cleanup: 35601 ns, At safepoint: 24200 ns, Total: 335501 ns
[2025-06-17T23:52:26.234+0300][22440][10048][debug][safepoint] Safepoint synchronization initiated using striped semaphore wait barrier. (32 threads)
[2025-06-17T23:52:26.235+0300][22440][10048][info ][safepoint] Safepoint "Cleanup", Time since last: 5044284800 ns, Reaching safepoint: 228899 ns, Cleanup: 36901 ns, At safepoint: 51900 ns, Total: 317700 ns
[2025-06-17T23:52:29.267+0300][22440][10048][debug][safepoint] Safepoint synchronization initiated using striped semaphore wait barrier. (32 threads)
[2025-06-17T23:52:29.267+0300][22440][10048][info ][safepoint] Safepoint "Cleanup", Time since last: 3032561200 ns, Reaching safepoint: 165199 ns, Cleanup: 37201 ns, At safepoint: 28400 ns, Total: 230800 ns
[2025-06-17T23:52:33.294+0300][22440][10048][debug][safepoint] Safepoint synchronization initiated using striped semaphore wait barrier. (32 threads)
[2025-06-17T23:52:33.294+0300][22440][10048][info ][safepoint] Safepoint "Cleanup", Time since last: 4026686600 ns, Reaching safepoint: 205099 ns, Cleanup: 36700 ns, At safepoint: 67101 ns, Total: 308900 ns
[2025-06-17T23:52:34.305+0300][22440][10048][debug][safepoint] Safepoint synchronization initiated using striped semaphore wait barrier. (32 threads)
[2025-06-17T23:52:34.305+0300][22440][19388][debug][safepoint] ... found polling page loop exception at pc = 0x0000027cf1a85278, stub =0x0000027cf0eb6300
[2025-06-17T23:52:34.305+0300][22440][10048][info ][safepoint] Safepoint "Cleanup", Time since last: 1010666900 ns, Reaching safepoint: 273800 ns, Cleanup: 34400 ns, At safepoint: 18100 ns, Total: 326300 ns
[2025-06-17T23:52:39.325+0300][22440][10048][debug][safepoint] Safepoint synchronization initiated using striped semaphore wait barrier. (32 threads)
[2025-06-17T23:52:39.325+0300][22440][19388][debug][safepoint] ... found polling page loop exception at pc = 0x0000027cf19d5b67, stub =0x0000027cf0eb6300
[2025-06-17T23:52:39.325+0300][22440][10048][info ][safepoint] Safepoint "Cleanup", Time since last: 5020136000 ns, Reaching safepoint: 292300 ns, Cleanup: 36100 ns, At safepoint: 22300 ns, Total: 350700 ns
[2025-06-17T23:52:44.372+0300][22440][10048][debug][safepoint] Safepoint synchronization initiated using striped semaphore wait barrier. (32 threads)
[2025-06-17T23:52:44.372+0300][22440][10048][info ][safepoint] Safepoint "Cleanup", Time since last: 5046113400 ns, Reaching safepoint: 144099 ns, Cleanup: 46501 ns, At safepoint: 49999 ns, Total: 240599 ns
[2025-06-17T23:52:55.479+0300][22440][10048][debug][safepoint] Safepoint synchronization initiated using striped semaphore wait barrier. (32 threads)
[2025-06-17T23:52:55.479+0300][22440][17120][debug][safepoint] ... found polling page loop exception at pc = 0x0000027cf19d5b67, stub =0x0000027cf0eb6300
[2025-06-17T23:52:55.479+0300][22440][10048][info ][safepoint] Safepoint "Cleanup", Time since last: 11106917901 ns, Reaching safepoint: 315300 ns, Cleanup: 20400 ns, At safepoint: 29600 ns, Total: 365300 ns
[2025-06-17T23:53:07.580+0300][22440][10048][debug][safepoint] Safepoint synchronization initiated using striped semaphore wait barrier. (32 threads)
[2025-06-17T23:53:07.580+0300][22440][10048][info ][safepoint] Safepoint "Cleanup", Time since last: 12100820300 ns, Reaching safepoint: 202800 ns, Cleanup: 54599 ns, At safepoint: 56901 ns, Total: 314300 ns
[2025-06-17T23:53:08.595+0300][22440][10048][debug][safepoint] Safepoint synchronization initiated using striped semaphore wait barrier. (32 threads)
[2025-06-17T23:53:08.595+0300][22440][17120][debug][safepoint] ... found polling page loop exception at pc = 0x0000027cf1b180fe, stub =0x0000027cf0eb6300
[2025-06-17T23:53:08.595+0300][22440][10048][info ][safepoint] Safepoint "Cleanup", Time since last: 1014371699 ns, Reaching safepoint: 261901 ns, Cleanup: 39500 ns, At safepoint: 25500 ns, Total: 326901 ns
[2025-06-17T23:53:25.341+0300][22440][10048][debug][safepoint] Safepoint synchronization initiated using striped semaphore wait barrier. (32 threads)
[2025-06-17T23:53:25.342+0300][22440][10048][info ][safepoint] Safepoint "Cleanup", Time since last: 16745925400 ns, Reaching safepoint: 197300 ns, Cleanup: 41800 ns, At safepoint: 32600 ns, Total: 271700 ns
[2025-06-17T23:53:25.858+0300][22440][2136 ][info ][gc       ] Trigger: Explicit GC request (System.gc())
[2025-06-17T23:53:25.858+0300][22440][2136 ][info ][gc       ] GC(3) Concurrent reset 1.405ms
[2025-06-17T23:53:25.858+0300][22440][10048][debug][safepoint] Safepoint synchronization initiated using striped semaphore wait barrier. (24 threads)
[2025-06-17T23:53:25.858+0300][22440][10048][info ][gc       ] GC(3) Pause Init Mark (unload classes) 0.025ms
[2025-06-17T23:53:25.858+0300][22440][10048][info ][safepoint] Safepoint "ShenandoahInitMark", Time since last: 517782500 ns, Reaching safepoint: 39300 ns, Cleanup: 26900 ns, At safepoint: 47300 ns, Total: 113500 ns
[2025-06-17T23:53:25.858+0300][22440][2136 ][info ][gc       ] GC(3) Concurrent marking roots 0.286ms
[2025-06-17T23:53:25.866+0300][22440][2136 ][info ][gc       ] GC(3) Concurrent marking (unload classes) 6.601ms
[2025-06-17T23:53:25.866+0300][22440][10048][debug][safepoint] Safepoint synchronization initiated using striped semaphore wait barrier. (24 threads)
[2025-06-17T23:53:25.866+0300][22440][10048][info ][gc       ] GC(3) Pause Final Mark (unload classes) 0.228ms
[2025-06-17T23:53:25.866+0300][22440][10048][info ][safepoint] Safepoint "ShenandoahFinalMarkStartEvac", Time since last: 7040700 ns, Reaching safepoint: 34100 ns, Cleanup: 2900 ns, At safepoint: 259600 ns, Total: 296600 ns
[2025-06-17T23:53:25.866+0300][22440][2136 ][info ][gc       ] GC(3) Concurrent thread roots 0.119ms
[2025-06-17T23:53:25.866+0300][22440][2136 ][info ][gc       ] GC(3) Concurrent weak references 0.185ms
[2025-06-17T23:53:25.866+0300][22440][2136 ][info ][gc       ] GC(3) Concurrent weak roots 1.755ms
[2025-06-17T23:53:25.866+0300][22440][2136 ][info ][gc       ] GC(3) Concurrent cleanup 2617M->344M(12288M) 0.051ms
[2025-06-17T23:53:25.866+0300][22440][2136 ][debug][gc,phases] GC(3) ClassLoaderData 0.474ms
[2025-06-17T23:53:25.866+0300][22440][2136 ][debug][gc,phases] GC(3) Trigger cleanups 0.006ms
[2025-06-17T23:53:25.885+0300][22440][2136 ][info ][gc       ] GC(3) Concurrent class unloading 16.150ms
[2025-06-17T23:53:25.885+0300][22440][10048][debug][safepoint] Safepoint synchronization initiated using striped semaphore wait barrier. (24 threads)
[2025-06-17T23:53:25.885+0300][22440][10048][info ][safepoint] Safepoint "CleanClassLoaderDataMetaspaces", Time since last: 18435199 ns, Reaching safepoint: 60801 ns, Cleanup: 128200 ns, At safepoint: 22900 ns, Total: 211901 ns
[2025-06-17T23:53:25.885+0300][22440][2136 ][info ][gc       ] GC(3) Concurrent strong roots 0.306ms
[2025-06-17T23:53:25.885+0300][22440][2136 ][info ][gc       ] GC(3) Concurrent evacuation 3.233ms
[2025-06-17T23:53:25.885+0300][22440][10048][debug][safepoint] Safepoint synchronization initiated using striped semaphore wait barrier. (24 threads)
[2025-06-17T23:53:25.885+0300][22440][10048][info ][gc       ] GC(3) Pause Init Update Refs 0.007ms
[2025-06-17T23:53:25.885+0300][22440][10048][info ][safepoint] Safepoint "ShenandoahInitUpdateRefs", Time since last: 3426100 ns, Reaching safepoint: 18299 ns, Cleanup: 3101 ns, At safepoint: 19300 ns, Total: 40700 ns
[2025-06-17T23:53:25.890+0300][22440][2136 ][info ][gc       ] GC(3) Concurrent update references 3.276ms
[2025-06-17T23:53:25.890+0300][22440][2136 ][info ][gc       ] GC(3) Concurrent update thread roots 0.125ms
[2025-06-17T23:53:25.890+0300][22440][10048][debug][safepoint] Safepoint synchronization initiated using striped semaphore wait barrier. (24 threads)
[2025-06-17T23:53:25.890+0300][22440][10048][info ][gc       ] GC(3) Pause Final Update Refs 0.040ms
[2025-06-17T23:53:25.890+0300][22440][10048][info ][safepoint] Safepoint "ShenandoahFinalUpdateRefs", Time since last: 3491599 ns, Reaching safepoint: 18101 ns, Cleanup: 1900 ns, At safepoint: 51699 ns, Total: 71700 ns
[2025-06-17T23:53:25.890+0300][22440][2136 ][info ][gc       ] GC(3) Concurrent cleanup 351M->23M(12288M) 0.011ms
[2025-06-17T23:53:26.894+0300][22440][10048][debug][safepoint] Safepoint synchronization initiated using striped semaphore wait barrier. (34 threads)
[2025-06-17T23:53:26.894+0300][22440][10048][info ][safepoint] Safepoint "Cleanup", Time since last: 1001161900 ns, Reaching safepoint: 330401 ns, Cleanup: 99500 ns, At safepoint: 20699 ns, Total: 450600 ns
[2025-06-17T23:53:27.902+0300][22440][10048][debug][safepoint] Safepoint synchronization initiated using striped semaphore wait barrier. (32 threads)
[2025-06-17T23:53:27.902+0300][22440][10048][info ][safepoint] Safepoint "Cleanup", Time since last: 1007629101 ns, Reaching safepoint: 172000 ns, Cleanup: 120799 ns, At safepoint: 32401 ns, Total: 325200 ns
[2025-06-17T23:53:28.902+0300][22440][10048][debug][safepoint] Safepoint synchronization initiated using striped semaphore wait barrier. (32 threads)
[2025-06-17T23:53:28.902+0300][22440][10048][info ][safepoint] Safepoint "Cleanup", Time since last: 1000091900 ns, Reaching safepoint: 125300 ns, Cleanup: 56199 ns, At safepoint: 16501 ns, Total: 198000 ns
[2025-06-17T23:53:30.920+0300][22440][10048][debug][safepoint] Safepoint synchronization initiated using striped semaphore wait barrier. (32 threads)
[2025-06-17T23:53:30.920+0300][22440][10048][info ][safepoint] Safepoint "Cleanup", Time since last: 2018111900 ns, Reaching safepoint: 101100 ns, Cleanup: 8300 ns, At safepoint: 18300 ns, Total: 127700 ns
[2025-06-17T23:53:31.930+0300][22440][10048][debug][safepoint] Safepoint synchronization initiated using striped semaphore wait barrier. (32 threads)
[2025-06-17T23:53:31.930+0300][22440][10048][info ][safepoint] Safepoint "Cleanup", Time since last: 1009606499 ns, Reaching safepoint: 143201 ns, Cleanup: 37700 ns, At safepoint: 25899 ns, Total: 206800 ns
[2025-06-17T23:53:32.946+0300][22440][10048][debug][safepoint] Safepoint synchronization initiated using striped semaphore wait barrier. (32 threads)
[2025-06-17T23:53:32.946+0300][22440][10048][info ][safepoint] Safepoint "Cleanup", Time since last: 1015739601 ns, Reaching safepoint: 149700 ns, Cleanup: 28200 ns, At safepoint: 4000 ns, Total: 181900 ns
[2025-06-17T23:53:34.954+0300][22440][10048][debug][safepoint] Safepoint synchronization initiated using striped semaphore wait barrier. (32 threads)
[2025-06-17T23:53:34.955+0300][22440][10048][info ][safepoint] Safepoint "Cleanup", Time since last: 2007586299 ns, Reaching safepoint: 651701 ns, Cleanup: 29599 ns, At safepoint: 20801 ns, Total: 702101 ns
[2025-06-17T23:53:35.959+0300][22440][10048][debug][safepoint] Safepoint synchronization initiated using striped semaphore wait barrier. (32 threads)
[2025-06-17T23:53:35.959+0300][22440][10048][info ][safepoint] Safepoint "Cleanup", Time since last: 1004235000 ns, Reaching safepoint: 133300 ns, Cleanup: 30900 ns, At safepoint: 17999 ns, Total: 182199 ns
[2025-06-17T23:53:36.970+0300][22440][10048][debug][safepoint] Safepoint synchronization initiated using striped semaphore wait barrier. (32 threads)
[2025-06-17T23:53:36.970+0300][22440][2104 ][debug][safepoint] ... found polling page loop exception at pc = 0x0000027cf1970ddd, stub =0x0000027cf0eb6300
[2025-06-17T23:53:36.970+0300][22440][8464 ][debug][safepoint] ... found polling page loop exception at pc = 0x0000027cf1970ddd, stub =0x0000027cf0eb6300
[2025-06-17T23:53:36.970+0300][22440][10048][info ][safepoint] Safepoint "Cleanup", Time since last: 1011347401 ns, Reaching safepoint: 224500 ns, Cleanup: 14100 ns, At safepoint: 7400 ns, Total: 246000 ns
[2025-06-17T23:53:38.997+0300][22440][10048][debug][safepoint] Safepoint synchronization initiated using striped semaphore wait barrier. (32 threads)
[2025-06-17T23:53:38.997+0300][22440][10048][info ][safepoint] Safepoint "Cleanup", Time since last: 2027100400 ns, Reaching safepoint: 88199 ns, Cleanup: 15800 ns, At safepoint: 6001 ns, Total: 110000 ns
[2025-06-17T23:53:40.001+0300][22440][10048][debug][safepoint] Safepoint synchronization initiated using striped semaphore wait barrier. (32 threads)
[2025-06-17T23:53:40.001+0300][22440][10048][info ][safepoint] Safepoint "Cleanup", Time since last: 1003430300 ns, Reaching safepoint: 167100 ns, Cleanup: 37100 ns, At safepoint: 23100 ns, Total: 227300 ns
[2025-06-17T23:53:43.030+0300][22440][10048][debug][safepoint] Safepoint synchronization initiated using striped semaphore wait barrier. (32 threads)
[2025-06-17T23:53:43.031+0300][22440][10048][info ][safepoint] Safepoint "Cleanup", Time since last: 3028777499 ns, Reaching safepoint: 186800 ns, Cleanup: 37101 ns, At safepoint: 44900 ns, Total: 268801 ns
[2025-06-17T23:53:45.053+0300][22440][10048][debug][safepoint] Safepoint synchronization initiated using striped semaphore wait barrier. (32 threads)
[2025-06-17T23:53:45.053+0300][22440][10048][info ][safepoint] Safepoint "Cleanup", Time since last: 2022569800 ns, Reaching safepoint: 89099 ns, Cleanup: 19600 ns, At safepoint: 20201 ns, Total: 128900 ns
[2025-06-17T23:53:46.069+0300][22440][10048][debug][safepoint] Safepoint synchronization initiated using striped semaphore wait barrier. (32 threads)
[2025-06-17T23:53:46.069+0300][22440][10048][info ][safepoint] Safepoint "Cleanup", Time since last: 1015734299 ns, Reaching safepoint: 215801 ns, Cleanup: 60900 ns, At safepoint: 45200 ns, Total: 321901 ns
[2025-06-17T23:53:47.071+0300][22440][10048][debug][safepoint] Safepoint synchronization initiated using striped semaphore wait barrier. (32 threads)
[2025-06-17T23:53:47.071+0300][22440][1560 ][debug][safepoint] ... found polling page loop exception at pc = 0x0000027cf1a1e762, stub =0x0000027cf0eb6300
[2025-06-17T23:53:47.071+0300][22440][10048][info ][safepoint] Safepoint "Cleanup", Time since last: 1001974300 ns, Reaching safepoint: 157599 ns, Cleanup: 19001 ns, At safepoint: 6000 ns, Total: 182600 ns
[2025-06-17T23:53:48.079+0300][22440][10048][debug][safepoint] Safepoint synchronization initiated using striped semaphore wait barrier. (32 threads)
[2025-06-17T23:53:48.079+0300][22440][10048][info ][safepoint] Safepoint "Cleanup", Time since last: 1008053599 ns, Reaching safepoint: 153800 ns, Cleanup: 30201 ns, At safepoint: 21899 ns, Total: 205900 ns
[2025-06-17T23:53:50.090+0300][22440][10048][debug][safepoint] Safepoint synchronization initiated using striped semaphore wait barrier. (32 threads)
[2025-06-17T23:53:50.090+0300][22440][10048][info ][safepoint] Safepoint "Cleanup", Time since last: 2010494301 ns, Reaching safepoint: 162000 ns, Cleanup: 32899 ns, At safepoint: 24501 ns, Total: 219400 ns
[2025-06-17T23:53:51.101+0300][22440][10048][debug][safepoint] Safepoint synchronization initiated using striped semaphore wait barrier. (32 threads)
[2025-06-17T23:53:51.101+0300][22440][1560 ][debug][safepoint] ... found polling page loop exception at pc = 0x0000027cf1a600ba, stub =0x0000027cf0eb6300
[2025-06-17T23:53:51.101+0300][22440][10048][info ][safepoint] Safepoint "Cleanup", Time since last: 1011255900 ns, Reaching safepoint: 529000 ns, Cleanup: 37100 ns, At safepoint: 19799 ns, Total: 585899 ns
[2025-06-17T23:53:55.121+0300][22440][10048][debug][safepoint] Safepoint synchronization initiated using striped semaphore wait barrier. (32 threads)
[2025-06-17T23:53:55.121+0300][22440][18668][debug][safepoint] ... found polling page loop exception at pc = 0x0000027cf1c56840, stub =0x0000027cf0eb6300
[2025-06-17T23:53:55.121+0300][22440][10048][info ][safepoint] Safepoint "Cleanup", Time since last: 4018594801 ns, Reaching safepoint: 298300 ns, Cleanup: 37900 ns, At safepoint: 27700 ns, Total: 363900 ns
[2025-06-17T23:54:08.226+0300][22440][10048][debug][safepoint] Safepoint synchronization initiated using striped semaphore wait barrier. (32 threads)
[2025-06-17T23:54:08.226+0300][22440][10048][info ][safepoint] Safepoint "Cleanup", Time since last: 13105053600 ns, Reaching safepoint: 200700 ns, Cleanup: 68800 ns, At safepoint: 56200 ns, Total: 325700 ns
[2025-06-17T23:54:09.241+0300][22440][10048][debug][safepoint] Safepoint synchronization initiated using striped semaphore wait barrier. (32 threads)
[2025-06-17T23:54:09.241+0300][22440][10048][info ][safepoint] Safepoint "Cleanup", Time since last: 1014381699 ns, Reaching safepoint: 98101 ns, Cleanup: 25199 ns, At safepoint: 15401 ns, Total: 138701 ns
[2025-06-17T23:54:10.252+0300][22440][10048][debug][safepoint] Safepoint synchronization initiated using striped semaphore wait barrier. (32 threads)
[2025-06-17T23:54:10.252+0300][22440][10048][info ][safepoint] Safepoint "Cleanup", Time since last: 1010557599 ns, Reaching safepoint: 188101 ns, Cleanup: 25900 ns, At safepoint: 60200 ns, Total: 274201 ns
[2025-06-17T23:54:12.303+0300][22440][10048][debug][safepoint] Safepoint synchronization initiated using striped semaphore wait barrier. (32 threads)
[2025-06-17T23:54:12.304+0300][22440][10048][info ][safepoint] Safepoint "Cleanup", Time since last: 2051650399 ns, Reaching safepoint: 242901 ns, Cleanup: 32000 ns, At safepoint: 28200 ns, Total: 303101 ns
[2025-06-17T23:54:16.327+0300][22440][10048][debug][safepoint] Safepoint synchronization initiated using striped semaphore wait barrier. (32 threads)
[2025-06-17T23:54:16.327+0300][22440][10048][info ][safepoint] Safepoint "Cleanup", Time since last: 4023166899 ns, Reaching safepoint: 105100 ns, Cleanup: 33201 ns, At safepoint: 18000 ns, Total: 156301 ns
[2025-06-17T23:54:17.343+0300][22440][10048][debug][safepoint] Safepoint synchronization initiated using striped semaphore wait barrier. (32 threads)
[2025-06-17T23:54:17.343+0300][22440][10048][info ][safepoint] Safepoint "Cleanup", Time since last: 1015353600 ns, Reaching safepoint: 132900 ns, Cleanup: 13900 ns, At safepoint: 2800 ns, Total: 149600 ns
[2025-06-17T23:54:23.385+0300][22440][10048][debug][safepoint] Safepoint synchronization initiated using striped semaphore wait barrier. (32 threads)
[2025-06-17T23:54:23.385+0300][22440][10048][info ][safepoint] Safepoint "Cleanup", Time since last: 6042583499 ns, Reaching safepoint: 221801 ns, Cleanup: 41999 ns, At safepoint: 49501 ns, Total: 313301 ns
[2025-06-17T23:54:31.443+0300][22440][10048][debug][safepoint] Safepoint synchronization initiated using striped semaphore wait barrier. (32 threads)
[2025-06-17T23:54:31.443+0300][22440][10048][info ][safepoint] Safepoint "Cleanup", Time since last: 8057418300 ns, Reaching safepoint: 154300 ns, Cleanup: 41100 ns, At safepoint: 26999 ns, Total: 222399 ns
[2025-06-17T23:54:32.450+0300][22440][10048][debug][safepoint] Safepoint synchronization initiated using striped semaphore wait barrier. (32 threads)
[2025-06-17T23:54:32.450+0300][22440][1560 ][debug][safepoint] ... found polling page loop exception at pc = 0x0000027cf196e868, stub =0x0000027cf0eb6300
[2025-06-17T23:54:32.450+0300][22440][10048][info ][safepoint] Safepoint "Cleanup", Time since last: 1006917700 ns, Reaching safepoint: 216201 ns, Cleanup: 25200 ns, At safepoint: 10700 ns, Total: 252101 ns
[2025-06-17T23:54:33.453+0300][22440][10048][debug][safepoint] Safepoint synchronization initiated using striped semaphore wait barrier. (32 threads)
[2025-06-17T23:54:33.453+0300][22440][10048][info ][safepoint] Safepoint "Cleanup", Time since last: 1002419599 ns, Reaching safepoint: 109701 ns, Cleanup: 29000 ns, At safepoint: 32000 ns, Total: 170701 ns
[2025-06-17T23:54:37.494+0300][22440][10048][debug][safepoint] Safepoint synchronization initiated using striped semaphore wait barrier. (32 threads)
[2025-06-17T23:54:37.494+0300][22440][10048][info ][safepoint] Safepoint "Cleanup", Time since last: 4040728400 ns, Reaching safepoint: 167400 ns, Cleanup: 40500 ns, At safepoint: 43600 ns, Total: 251500 ns
[2025-06-17T23:54:38.496+0300][22440][10048][debug][safepoint] Safepoint synchronization initiated using striped semaphore wait barrier. (32 threads)
[2025-06-17T23:54:38.496+0300][22440][10048][info ][safepoint] Safepoint "Cleanup", Time since last: 1001934500 ns, Reaching safepoint: 159000 ns, Cleanup: 33500 ns, At safepoint: 20700 ns, Total: 213200 ns
[2025-06-17T23:54:39.500+0300][22440][10048][debug][safepoint] Safepoint synchronization initiated using striped semaphore wait barrier. (32 threads)
[2025-06-17T23:54:39.500+0300][22440][11448][debug][safepoint] ... found polling page loop exception at pc = 0x0000027cf1c24f23, stub =0x0000027cf0eb6300
[2025-06-17T23:54:39.500+0300][22440][10048][info ][safepoint] Safepoint "Cleanup", Time since last: 1003656700 ns, Reaching safepoint: 332200 ns, Cleanup: 34100 ns, At safepoint: 31600 ns, Total: 397900 ns
[2025-06-17T23:54:47.552+0300][22440][10048][debug][safepoint] Safepoint synchronization initiated using striped semaphore wait barrier. (32 threads)
[2025-06-17T23:54:47.552+0300][22440][10048][info ][safepoint] Safepoint "Cleanup", Time since last: 8051445300 ns, Reaching safepoint: 379699 ns, Cleanup: 19501 ns, At safepoint: 15300 ns, Total: 414500 ns
[2025-06-17T23:54:49.563+0300][22440][10048][debug][safepoint] Safepoint synchronization initiated using striped semaphore wait barrier. (32 threads)
[2025-06-17T23:54:49.563+0300][22440][1888 ][debug][safepoint] ... found polling page loop exception at pc = 0x0000027cf18b6a6f, stub =0x0000027cf0eb6300
[2025-06-17T23:54:49.563+0300][22440][10048][info ][safepoint] Safepoint "Cleanup", Time since last: 2011548799 ns, Reaching safepoint: 280201 ns, Cleanup: 36900 ns, At safepoint: 25300 ns, Total: 342401 ns
[2025-06-17T23:54:59.649+0300][22440][10048][debug][safepoint] Safepoint synchronization initiated using striped semaphore wait barrier. (32 threads)
[2025-06-17T23:54:59.649+0300][22440][10048][info ][safepoint] Safepoint "Cleanup", Time since last: 10085149900 ns, Reaching safepoint: 78500 ns, Cleanup: 18799 ns, At safepoint: 5601 ns, Total: 102900 ns
[2025-06-17T23:55:05.677+0300][22440][10048][debug][safepoint] Safepoint synchronization initiated using striped semaphore wait barrier. (32 threads)
[2025-06-17T23:55:05.678+0300][22440][10048][info ][safepoint] Safepoint "Cleanup", Time since last: 6028148800 ns, Reaching safepoint: 188200 ns, Cleanup: 35900 ns, At safepoint: 55000 ns, Total: 279100 ns
[2025-06-17T23:55:08.346+0300][22440][2136 ][info ][gc       ] Trigger: Learning 2 of 5. Free (8600M) is below initial threshold (8601M)
[2025-06-17T23:55:08.346+0300][22440][2136 ][info ][gc       ] GC(4) Concurrent reset 0.814ms
[2025-06-17T23:55:08.346+0300][22440][10048][debug][safepoint] Safepoint synchronization initiated using striped semaphore wait barrier. (32 threads)
[2025-06-17T23:55:08.346+0300][22440][10048][info ][gc       ] GC(4) Pause Init Mark (unload classes) 0.023ms
[2025-06-17T23:55:08.346+0300][22440][10048][info ][safepoint] Safepoint "ShenandoahInitMark", Time since last: 2669699799 ns, Reaching safepoint: 21500 ns, Cleanup: 7401 ns, At safepoint: 39700 ns, Total: 68601 ns
[2025-06-17T23:55:08.346+0300][22440][2136 ][info ][gc       ] GC(4) Concurrent marking roots 0.241ms
[2025-06-17T23:55:08.346+0300][22440][2136 ][info ][gc       ] GC(4) Concurrent marking (unload classes) 7.239ms
[2025-06-17T23:55:08.346+0300][22440][10048][debug][safepoint] Safepoint synchronization initiated using striped semaphore wait barrier. (32 threads)
[2025-06-17T23:55:08.346+0300][22440][10048][info ][gc       ] GC(4) Pause Final Mark (unload classes) 0.167ms
[2025-06-17T23:55:08.346+0300][22440][10048][info ][safepoint] Safepoint "ShenandoahFinalMarkStartEvac", Time since last: 7591999 ns, Reaching safepoint: 18600 ns, Cleanup: 2501 ns, At safepoint: 194399 ns, Total: 215500 ns
[2025-06-17T23:55:08.346+0300][22440][2136 ][info ][gc       ] GC(4) Concurrent thread roots 0.182ms
[2025-06-17T23:55:08.346+0300][22440][2136 ][info ][gc       ] GC(4) Concurrent weak references 0.112ms
[2025-06-17T23:55:08.358+0300][22440][1560 ][debug][safepoint] ... found polling page loop exception at pc = 0x0000027cf1a600ba, stub =0x0000027cf0eb6300
[2025-06-17T23:55:08.358+0300][22440][2136 ][info ][gc       ] GC(4) Concurrent weak roots 2.808ms
[2025-06-17T23:55:08.358+0300][22440][2136 ][info ][gc       ] GC(4) Concurrent cleanup 3108M->548M(12288M) 0.050ms
[2025-06-17T23:55:08.358+0300][22440][2136 ][debug][gc,phases] GC(4) ClassLoaderData 0.389ms
[2025-06-17T23:55:08.358+0300][22440][2136 ][debug][gc,phases] GC(4) Trigger cleanups 0.004ms
[2025-06-17T23:55:08.379+0300][22440][2136 ][info ][gc       ] GC(4) Concurrent class unloading 23.678ms
[2025-06-17T23:55:08.379+0300][22440][10048][debug][safepoint] Safepoint synchronization initiated using striped semaphore wait barrier. (32 threads)
[2025-06-17T23:55:08.379+0300][22440][2136 ][info ][gc       ] GC(4) Concurrent strong roots 0.268ms
[2025-06-17T23:55:08.379+0300][22440][10048][info ][safepoint] Safepoint "CleanClassLoaderDataMetaspaces", Time since last: 27048201 ns, Reaching safepoint: 35200 ns, Cleanup: 154000 ns, At safepoint: 32500 ns, Total: 221700 ns
[2025-06-17T23:55:08.379+0300][22440][2136 ][info ][gc       ] GC(4) Concurrent evacuation 2.940ms
[2025-06-17T23:55:08.379+0300][22440][10048][debug][safepoint] Safepoint synchronization initiated using striped semaphore wait barrier. (32 threads)
[2025-06-17T23:55:08.379+0300][22440][10048][info ][gc       ] GC(4) Pause Init Update Refs 0.007ms
[2025-06-17T23:55:08.379+0300][22440][10048][info ][safepoint] Safepoint "ShenandoahInitUpdateRefs", Time since last: 2983600 ns, Reaching safepoint: 18800 ns, Cleanup: 2700 ns, At safepoint: 20100 ns, Total: 41600 ns
[2025-06-17T23:55:08.387+0300][22440][2136 ][info ][gc       ] GC(4) Concurrent update references 3.794ms
[2025-06-17T23:55:08.387+0300][22440][2136 ][info ][gc       ] GC(4) Concurrent update thread roots 0.148ms
[2025-06-17T23:55:08.387+0300][22440][10048][debug][safepoint] Safepoint synchronization initiated using striped semaphore wait barrier. (32 threads)
[2025-06-17T23:55:08.387+0300][22440][10048][info ][gc       ] GC(4) Pause Final Update Refs 0.038ms
[2025-06-17T23:55:08.387+0300][22440][10048][info ][safepoint] Safepoint "ShenandoahFinalUpdateRefs", Time since last: 4037600 ns, Reaching safepoint: 18899 ns, Cleanup: 2301 ns, At safepoint: 51199 ns, Total: 72399 ns
[2025-06-17T23:55:08.387+0300][22440][2136 ][info ][gc       ] GC(4) Concurrent cleanup 563M->59M(12288M) 0.013ms
[2025-06-17T23:55:24.499+0300][22440][10048][debug][safepoint] Safepoint synchronization initiated using striped semaphore wait barrier. (32 threads)
[2025-06-17T23:55:24.499+0300][22440][10048][info ][safepoint] Safepoint "Cleanup", Time since last: 16109537701 ns, Reaching safepoint: 95700 ns, Cleanup: 16500 ns, At safepoint: 6099 ns, Total: 118299 ns
[2025-06-17T23:56:18.470+0300][22440][10048][debug][safepoint] Safepoint synchronization initiated using striped semaphore wait barrier. (32 threads)
[2025-06-17T23:56:18.470+0300][22440][10048][info ][safepoint] Safepoint "Cleanup", Time since last: 53970666101 ns, Reaching safepoint: 223400 ns, Cleanup: 39500 ns, At safepoint: 49100 ns, Total: 312000 ns
[2025-06-17T23:56:31.411+0300][22440][2136 ][info ][gc       ] Trigger: Explicit GC request (System.gc())
[2025-06-17T23:56:31.411+0300][22440][2136 ][info ][gc       ] GC(5) Concurrent reset 1.039ms
[2025-06-17T23:56:31.411+0300][22440][10048][debug][safepoint] Safepoint synchronization initiated using striped semaphore wait barrier. (24 threads)
[2025-06-17T23:56:31.411+0300][22440][10048][info ][gc       ] GC(5) Pause Init Mark (unload classes) 0.023ms
[2025-06-17T23:56:31.411+0300][22440][10048][info ][safepoint] Safepoint "ShenandoahInitMark", Time since last: 12941818400 ns, Reaching safepoint: 37400 ns, Cleanup: 19400 ns, At safepoint: 43500 ns, Total: 100300 ns
[2025-06-17T23:56:31.411+0300][22440][2136 ][info ][gc       ] GC(5) Concurrent marking roots 0.187ms
[2025-06-17T23:56:31.419+0300][22440][2136 ][info ][gc       ] GC(5) Concurrent marking (unload classes) 6.628ms
[2025-06-17T23:56:31.419+0300][22440][10048][debug][safepoint] Safepoint synchronization initiated using striped semaphore wait barrier. (24 threads)
[2025-06-17T23:56:31.419+0300][22440][10048][info ][gc       ] GC(5) Pause Final Mark (unload classes) 0.228ms
[2025-06-17T23:56:31.419+0300][22440][10048][info ][safepoint] Safepoint "ShenandoahFinalMarkStartEvac", Time since last: 6968699 ns, Reaching safepoint: 34201 ns, Cleanup: 3100 ns, At safepoint: 259500 ns, Total: 296801 ns
[2025-06-17T23:56:31.419+0300][22440][2136 ][info ][gc       ] GC(5) Concurrent thread roots 0.221ms
[2025-06-17T23:56:31.419+0300][22440][2136 ][info ][gc       ] GC(5) Concurrent weak references 0.276ms
[2025-06-17T23:56:31.421+0300][22440][2136 ][info ][gc       ] GC(5) Concurrent weak roots 1.740ms
[2025-06-17T23:56:31.421+0300][22440][2136 ][info ][gc       ] GC(5) Concurrent cleanup 2443M->315M(12288M) 0.037ms
[2025-06-17T23:56:31.421+0300][22440][2136 ][debug][gc,phases] GC(5) ClassLoaderData 0.243ms
[2025-06-17T23:56:31.421+0300][22440][2136 ][debug][gc,phases] GC(5) Trigger cleanups 0.006ms
[2025-06-17T23:56:31.427+0300][22440][2136 ][info ][gc       ] GC(5) Concurrent class unloading 13.306ms
[2025-06-17T23:56:31.427+0300][22440][2136 ][info ][gc       ] GC(5) Concurrent strong roots 0.277ms
[2025-06-17T23:56:31.437+0300][22440][2136 ][info ][gc       ] GC(5) Concurrent evacuation 3.463ms
[2025-06-17T23:56:31.437+0300][22440][10048][debug][safepoint] Safepoint synchronization initiated using striped semaphore wait barrier. (24 threads)
[2025-06-17T23:56:31.437+0300][22440][10048][info ][gc       ] GC(5) Pause Init Update Refs 0.007ms
[2025-06-17T23:56:31.437+0300][22440][10048][info ][safepoint] Safepoint "ShenandoahInitUpdateRefs", Time since last: 19590399 ns, Reaching safepoint: 36700 ns, Cleanup: 11301 ns, At safepoint: 28399 ns, Total: 76400 ns
[2025-06-17T23:56:31.441+0300][22440][2136 ][info ][gc       ] GC(5) Concurrent update references 3.205ms
[2025-06-17T23:56:31.441+0300][22440][2136 ][info ][gc       ] GC(5) Concurrent update thread roots 0.125ms
[2025-06-17T23:56:31.441+0300][22440][10048][debug][safepoint] Safepoint synchronization initiated using striped semaphore wait barrier. (24 threads)
[2025-06-17T23:56:31.441+0300][22440][10048][info ][gc       ] GC(5) Pause Final Update Refs 0.038ms
[2025-06-17T23:56:31.441+0300][22440][10048][info ][safepoint] Safepoint "ShenandoahFinalUpdateRefs", Time since last: 3464601 ns, Reaching safepoint: 17800 ns, Cleanup: 1999 ns, At safepoint: 50701 ns, Total: 70500 ns
[2025-06-17T23:56:31.443+0300][22440][2136 ][info ][gc       ] GC(5) Concurrent cleanup 321M->21M(12288M) 0.014ms
[2025-06-17T23:56:32.450+0300][22440][10048][debug][safepoint] Safepoint synchronization initiated using striped semaphore wait barrier. (33 threads)
[2025-06-17T23:56:32.450+0300][22440][10048][info ][safepoint] Safepoint "Cleanup", Time since last: 1007715300 ns, Reaching safepoint: 100200 ns, Cleanup: 66900 ns, At safepoint: 17499 ns, Total: 184599 ns
[2025-06-17T23:56:33.464+0300][22440][10048][debug][safepoint] Safepoint synchronization initiated using striped semaphore wait barrier. (32 threads)
[2025-06-17T23:56:33.464+0300][22440][10048][info ][safepoint] Safepoint "Cleanup", Time since last: 1013308401 ns, Reaching safepoint: 215700 ns, Cleanup: 38900 ns, At safepoint: 23299 ns, Total: 277899 ns
[2025-06-17T23:56:34.464+0300][22440][10048][debug][safepoint] Safepoint synchronization initiated using striped semaphore wait barrier. (32 threads)
[2025-06-17T23:56:34.465+0300][22440][10048][info ][safepoint] Safepoint "Cleanup", Time since last: 1000130900 ns, Reaching safepoint: 222901 ns, Cleanup: 23199 ns, At safepoint: 39301 ns, Total: 285401 ns
[2025-06-17T23:56:35.480+0300][22440][10048][debug][safepoint] Safepoint synchronization initiated using striped semaphore wait barrier. (32 threads)
[2025-06-17T23:56:35.480+0300][22440][20524][debug][safepoint] ... found polling page loop exception at pc = 0x0000027cf1ce1b9d, stub =0x0000027cf0eb5a80
[2025-06-17T23:56:35.480+0300][22440][10048][info ][safepoint] Safepoint "Cleanup", Time since last: 1015079000 ns, Reaching safepoint: 325200 ns, Cleanup: 20600 ns, At safepoint: 47500 ns, Total: 393300 ns
[2025-06-17T23:56:36.491+0300][22440][10048][debug][safepoint] Safepoint synchronization initiated using striped semaphore wait barrier. (32 threads)
[2025-06-17T23:56:36.491+0300][22440][4196 ][debug][safepoint] ... found polling page loop exception at pc = 0x0000027cf1ce1b9d, stub =0x0000027cf0eb5a80
[2025-06-17T23:56:36.491+0300][22440][10048][info ][safepoint] Safepoint "Cleanup", Time since last: 1011469499 ns, Reaching safepoint: 250001 ns, Cleanup: 11799 ns, At safepoint: 27101 ns, Total: 288901 ns
[2025-06-17T23:56:37.504+0300][22440][10048][debug][safepoint] Safepoint synchronization initiated using striped semaphore wait barrier. (32 threads)
[2025-06-17T23:56:37.504+0300][22440][3324 ][debug][safepoint] ... found polling page loop exception at pc = 0x0000027cf15275c9, stub =0x0000027cf0eb6300
[2025-06-17T23:56:37.504+0300][22440][10048][info ][safepoint] Safepoint "Cleanup", Time since last: 1013037599 ns, Reaching safepoint: 289701 ns, Cleanup: 18600 ns, At safepoint: 29800 ns, Total: 338101 ns
[2025-06-17T23:56:38.508+0300][22440][10048][debug][safepoint] Safepoint synchronization initiated using striped semaphore wait barrier. (32 threads)
[2025-06-17T23:56:38.508+0300][22440][10048][info ][safepoint] Safepoint "Cleanup", Time since last: 1002730500 ns, Reaching safepoint: 151499 ns, Cleanup: 20100 ns, At safepoint: 28801 ns, Total: 200400 ns
[2025-06-17T23:56:40.533+0300][22440][10048][debug][safepoint] Safepoint synchronization initiated using striped semaphore wait barrier. (32 threads)
[2025-06-17T23:56:40.533+0300][22440][10048][info ][safepoint] Safepoint "Cleanup", Time since last: 2025036100 ns, Reaching safepoint: 154400 ns, Cleanup: 35700 ns, At safepoint: 5000 ns, Total: 195100 ns
[2025-06-17T23:56:41.546+0300][22440][10048][debug][safepoint] Safepoint synchronization initiated using striped semaphore wait barrier. (32 threads)
[2025-06-17T23:56:41.546+0300][22440][10048][info ][safepoint] Safepoint "Cleanup", Time since last: 1012629700 ns, Reaching safepoint: 126700 ns, Cleanup: 20900 ns, At safepoint: 10399 ns, Total: 157999 ns
[2025-06-17T23:56:44.567+0300][22440][10048][debug][safepoint] Safepoint synchronization initiated using striped semaphore wait barrier. (32 threads)
[2025-06-17T23:56:44.567+0300][22440][10048][info ][safepoint] Safepoint "Cleanup", Time since last: 3020943201 ns, Reaching safepoint: 160700 ns, Cleanup: 38800 ns, At safepoint: 22900 ns, Total: 222400 ns
[2025-06-17T23:56:45.570+0300][22440][10048][debug][safepoint] Safepoint synchronization initiated using striped semaphore wait barrier. (32 threads)
[2025-06-17T23:56:45.570+0300][22440][10048][info ][safepoint] Safepoint "Cleanup", Time since last: 1002643099 ns, Reaching safepoint: 148001 ns, Cleanup: 33000 ns, At safepoint: 4500 ns, Total: 185501 ns
[2025-06-17T23:57:04.715+0300][22440][10048][debug][safepoint] Safepoint synchronization initiated using striped semaphore wait barrier. (32 threads)
[2025-06-17T23:57:04.715+0300][22440][10048][info ][safepoint] Safepoint "Cleanup", Time since last: 19144655399 ns, Reaching safepoint: 176501 ns, Cleanup: 33199 ns, At safepoint: 48001 ns, Total: 257701 ns
[2025-06-17T23:57:14.477+0300][22440][10048][debug][safepoint] Safepoint synchronization initiated using striped semaphore wait barrier. (32 threads)
[2025-06-17T23:57:14.477+0300][22440][20524][debug][safepoint] ... found polling page loop exception at pc = 0x0000027cf1c76ce3, stub =0x0000027cf0eb5a80
[2025-06-17T23:57:14.477+0300][22440][10048][info ][safepoint] Safepoint "Cleanup", Time since last: 9761857900 ns, Reaching safepoint: 151200 ns, Cleanup: 28500 ns, At safepoint: 17500 ns, Total: 197200 ns
[2025-06-17T23:57:15.493+0300][22440][10048][debug][safepoint] Safepoint synchronization initiated using striped semaphore wait barrier. (32 threads)
[2025-06-17T23:57:15.493+0300][22440][10048][info ][safepoint] Safepoint "Cleanup", Time since last: 1015724699 ns, Reaching safepoint: 150000 ns, Cleanup: 41201 ns, At safepoint: 36800 ns, Total: 228001 ns
[2025-06-17T23:57:22.539+0300][22440][10048][debug][safepoint] Safepoint synchronization initiated using striped semaphore wait barrier. (32 threads)
[2025-06-17T23:57:22.539+0300][22440][10048][info ][safepoint] Safepoint "Cleanup", Time since last: 7045526700 ns, Reaching safepoint: 179400 ns, Cleanup: 54599 ns, At safepoint: 40901 ns, Total: 274900 ns
[2025-06-17T23:58:03.891+0300][22440][10048][debug][safepoint] Safepoint synchronization initiated using striped semaphore wait barrier. (32 threads)
[2025-06-17T23:58:03.891+0300][22440][10048][info ][safepoint] Safepoint "Cleanup", Time since last: 41352294000 ns, Reaching safepoint: 168900 ns, Cleanup: 39100 ns, At safepoint: 19400 ns, Total: 227400 ns
[2025-06-17T23:58:10.661+0300][22440][7196 ][debug][safepoint] ... found polling page loop exception at pc = 0x0000027cf1b7de51, stub =0x0000027cf0eb6300
[2025-06-17T23:58:11.675+0300][22440][10048][debug][safepoint] Safepoint synchronization initiated using striped semaphore wait barrier. (32 threads)
[2025-06-17T23:58:11.675+0300][22440][19492][debug][safepoint] ... found polling page loop exception at pc = 0x0000027cf19e0c3d, stub =0x0000027cf0eb5a80
[2025-06-17T23:58:11.675+0300][22440][7196 ][debug][safepoint] ... found polling page loop exception at pc = 0x0000027cf15275c9, stub =0x0000027cf0eb6300
[2025-06-17T23:58:11.675+0300][22440][10048][info ][safepoint] Safepoint "Cleanup", Time since last: 7783530100 ns, Reaching safepoint: 334300 ns, Cleanup: 29200 ns, At safepoint: 19300 ns, Total: 382800 ns
[2025-06-17T23:58:15.532+0300][22440][2136 ][info ][gc       ] Trigger: Learning 2 of 5. Free (8597M) is below initial threshold (8601M)
[2025-06-17T23:58:15.533+0300][22440][2136 ][info ][gc       ] GC(6) Concurrent reset 1.003ms
[2025-06-17T23:58:15.533+0300][22440][10048][debug][safepoint] Safepoint synchronization initiated using striped semaphore wait barrier. (32 threads)
[2025-06-17T23:58:15.533+0300][22440][10048][info ][gc       ] GC(6) Pause Init Mark (unload classes) 0.028ms
[2025-06-17T23:58:15.533+0300][22440][10048][info ][safepoint] Safepoint "ShenandoahInitMark", Time since last: 3858147900 ns, Reaching safepoint: 45200 ns, Cleanup: 18400 ns, At safepoint: 59400 ns, Total: 123000 ns
[2025-06-17T23:58:15.533+0300][22440][2136 ][info ][gc       ] GC(6) Concurrent marking roots 0.346ms
[2025-06-17T23:58:15.541+0300][22440][2136 ][info ][gc       ] GC(6) Concurrent marking (unload classes) 8.097ms
[2025-06-17T23:58:15.541+0300][22440][10048][debug][safepoint] Safepoint synchronization initiated using striped semaphore wait barrier. (32 threads)
[2025-06-17T23:58:15.541+0300][22440][10048][info ][gc       ] GC(6) Pause Final Mark (unload classes) 0.219ms
[2025-06-17T23:58:15.541+0300][22440][10048][info ][safepoint] Safepoint "ShenandoahFinalMarkStartEvac", Time since last: 8673800 ns, Reaching safepoint: 45300 ns, Cleanup: 3900 ns, At safepoint: 256800 ns, Total: 306000 ns
[2025-06-17T23:58:15.541+0300][22440][2136 ][info ][gc       ] GC(6) Concurrent thread roots 0.259ms
[2025-06-17T23:58:15.541+0300][22440][2136 ][info ][gc       ] GC(6) Concurrent weak references 0.126ms
[2025-06-17T23:58:15.545+0300][22440][2136 ][info ][gc       ] GC(6) Concurrent weak roots 2.236ms
[2025-06-17T23:58:15.545+0300][22440][2136 ][info ][gc       ] GC(6) Concurrent cleanup 3078M->466M(12288M) 0.044ms
[2025-06-17T23:58:15.545+0300][22440][2136 ][debug][gc,phases] GC(6) ClassLoaderData 0.210ms
[2025-06-17T23:58:15.545+0300][22440][2136 ][debug][gc,phases] GC(6) Trigger cleanups 0.005ms
[2025-06-17T23:58:15.554+0300][22440][2136 ][info ][gc       ] GC(6) Concurrent class unloading 13.620ms
[2025-06-17T23:58:15.554+0300][22440][10048][debug][safepoint] Safepoint synchronization initiated using striped semaphore wait barrier. (32 threads)
[2025-06-17T23:58:15.554+0300][22440][2136 ][info ][gc       ] GC(6) Concurrent strong roots 0.243ms
[2025-06-17T23:58:15.554+0300][22440][10048][info ][safepoint] Safepoint "CleanClassLoaderDataMetaspaces", Time since last: 16556300 ns, Reaching safepoint: 38800 ns, Cleanup: 122800 ns, At safepoint: 31800 ns, Total: 193400 ns
[2025-06-17T23:58:15.561+0300][22440][2136 ][info ][gc       ] GC(6) Concurrent evacuation 2.837ms
[2025-06-17T23:58:15.561+0300][22440][10048][debug][safepoint] Safepoint synchronization initiated using striped semaphore wait barrier. (32 threads)
[2025-06-17T23:58:15.561+0300][22440][10048][info ][gc       ] GC(6) Pause Init Update Refs 0.008ms
[2025-06-17T23:58:15.561+0300][22440][10048][info ][safepoint] Safepoint "ShenandoahInitUpdateRefs", Time since last: 2957400 ns, Reaching safepoint: 43000 ns, Cleanup: 3500 ns, At safepoint: 23700 ns, Total: 70200 ns
[2025-06-17T23:58:15.566+0300][22440][2136 ][info ][gc       ] GC(6) Concurrent update references 5.075ms
[2025-06-17T23:58:15.566+0300][22440][2136 ][info ][gc       ] GC(6) Concurrent update thread roots 0.135ms
[2025-06-17T23:58:15.566+0300][22440][10048][debug][safepoint] Safepoint synchronization initiated using striped semaphore wait barrier. (32 threads)
[2025-06-17T23:58:15.566+0300][22440][10048][info ][gc       ] GC(6) Pause Final Update Refs 0.041ms
[2025-06-17T23:58:15.566+0300][22440][10048][info ][safepoint] Safepoint "ShenandoahFinalUpdateRefs", Time since last: 5330300 ns, Reaching safepoint: 18200 ns, Cleanup: 2400 ns, At safepoint: 53800 ns, Total: 74400 ns
[2025-06-17T23:58:15.566+0300][22440][2136 ][info ][gc       ] GC(6) Concurrent cleanup 509M->57M(12288M) 0.012ms
[2025-06-17T23:58:21.621+0300][22440][10048][debug][safepoint] Safepoint synchronization initiated using striped semaphore wait barrier. (32 threads)
[2025-06-17T23:58:21.621+0300][22440][20732][debug][safepoint] ... found polling page loop exception at pc = 0x0000027cf1b7de51, stub =0x0000027cf0eb6300
[2025-06-17T23:58:21.621+0300][22440][10048][info ][safepoint] Safepoint "Cleanup", Time since last: 6053055400 ns, Reaching safepoint: 127200 ns, Cleanup: 14800 ns, At safepoint: 15700 ns, Total: 157700 ns
[2025-06-17T23:58:22.625+0300][22440][10048][debug][safepoint] Safepoint synchronization initiated using striped semaphore wait barrier. (32 threads)
[2025-06-17T23:58:22.625+0300][22440][10048][info ][safepoint] Safepoint "Cleanup", Time since last: 1003818700 ns, Reaching safepoint: 155000 ns, Cleanup: 40300 ns, At safepoint: 49900 ns, Total: 245200 ns
[2025-06-17T23:58:36.761+0300][22440][10048][debug][safepoint] Safepoint synchronization initiated using striped semaphore wait barrier. (32 threads)
[2025-06-17T23:58:36.761+0300][22440][19492][debug][safepoint] ... found polling page loop exception at pc = 0x0000027cf199dfb5, stub =0x0000027cf0eb6300
[2025-06-17T23:58:36.761+0300][22440][10048][info ][safepoint] Safepoint "Cleanup", Time since last: 14136005900 ns, Reaching safepoint: 271400 ns, Cleanup: 34000 ns, At safepoint: 28900 ns, Total: 334300 ns
[2025-06-17T23:58:38.781+0300][22440][10048][debug][safepoint] Safepoint synchronization initiated using striped semaphore wait barrier. (32 threads)
[2025-06-17T23:58:38.781+0300][22440][7196 ][debug][safepoint] ... found polling page loop exception at pc = 0x0000027cf162ece6, stub =0x0000027cf0eb6300
[2025-06-17T23:58:38.781+0300][22440][19492][debug][safepoint] ... found polling page loop exception at pc = 0x0000027cf1b7de51, stub =0x0000027cf0eb6300
[2025-06-17T23:58:38.781+0300][22440][10048][info ][safepoint] Safepoint "Cleanup", Time since last: 2020546100 ns, Reaching safepoint: 415100 ns, Cleanup: 42300 ns, At safepoint: 18200 ns, Total: 475600 ns
[2025-06-17T23:58:41.806+0300][22440][10048][debug][safepoint] Safepoint synchronization initiated using striped semaphore wait barrier. (32 threads)
[2025-06-17T23:58:41.806+0300][22440][10048][info ][safepoint] Safepoint "Cleanup", Time since last: 3023997300 ns, Reaching safepoint: 159800 ns, Cleanup: 44300 ns, At safepoint: 22100 ns, Total: 226200 ns
[2025-06-17T23:58:43.831+0300][22440][10048][debug][safepoint] Safepoint synchronization initiated using striped semaphore wait barrier. (32 threads)
[2025-06-17T23:58:43.831+0300][22440][10048][info ][safepoint] Safepoint "Cleanup", Time since last: 2025053200 ns, Reaching safepoint: 167500 ns, Cleanup: 35500 ns, At safepoint: 22600 ns, Total: 225600 ns
[2025-06-17T23:58:44.834+0300][22440][10048][debug][safepoint] Safepoint synchronization initiated using striped semaphore wait barrier. (32 threads)
[2025-06-17T23:58:44.834+0300][22440][10048][info ][safepoint] Safepoint "Cleanup", Time since last: 1002188900 ns, Reaching safepoint: 76000 ns, Cleanup: 19300 ns, At safepoint: 5800 ns, Total: 101100 ns
[2025-06-17T23:58:45.838+0300][22440][10048][debug][safepoint] Safepoint synchronization initiated using striped semaphore wait barrier. (32 threads)
[2025-06-17T23:58:45.838+0300][22440][10048][info ][safepoint] Safepoint "Cleanup", Time since last: 1003995300 ns, Reaching safepoint: 104500 ns, Cleanup: 20500 ns, At safepoint: 6800 ns, Total: 131800 ns
[2025-06-17T23:58:53.913+0300][22440][10048][debug][safepoint] Safepoint synchronization initiated using striped semaphore wait barrier. (32 threads)
[2025-06-17T23:58:53.914+0300][22440][10048][info ][safepoint] Safepoint "Cleanup", Time since last: 8075380200 ns, Reaching safepoint: 173400 ns, Cleanup: 39500 ns, At safepoint: 20600 ns, Total: 233500 ns
[2025-06-17T23:58:55.920+0300][22440][10048][debug][safepoint] Safepoint synchronization initiated using striped semaphore wait barrier. (32 threads)
[2025-06-17T23:58:55.920+0300][22440][3324 ][debug][safepoint] ... found polling page loop exception at pc = 0x0000027cf1804fdf, stub =0x0000027cf0eb5a80
[2025-06-17T23:58:55.920+0300][22440][20992][debug][safepoint] ... found polling page loop exception at pc = 0x0000027cf196e868, stub =0x0000027cf0eb6300
[2025-06-17T23:58:55.920+0300][22440][10048][info ][safepoint] Safepoint "Cleanup", Time since last: 2006137500 ns, Reaching safepoint: 404200 ns, Cleanup: 41600 ns, At safepoint: 24400 ns, Total: 470200 ns
[2025-06-17T23:58:56.935+0300][22440][10048][debug][safepoint] Safepoint synchronization initiated using striped semaphore wait barrier. (32 threads)
[2025-06-17T23:58:56.935+0300][22440][20732][debug][safepoint] ... found polling page loop exception at pc = 0x0000027cf19a518b, stub =0x0000027cf0eb6300
[2025-06-17T23:58:56.935+0300][22440][3324 ][debug][safepoint] ... found polling page loop exception at pc = 0x0000027cf1a85278, stub =0x0000027cf0eb6300
[2025-06-17T23:58:56.935+0300][22440][10048][info ][safepoint] Safepoint "Cleanup", Time since last: 1014197900 ns, Reaching safepoint: 158200 ns, Cleanup: 18900 ns, At safepoint: 12100 ns, Total: 189200 ns
[2025-06-17T23:58:58.947+0300][22440][10048][debug][safepoint] Safepoint synchronization initiated using striped semaphore wait barrier. (32 threads)
[2025-06-17T23:58:58.947+0300][22440][10048][info ][safepoint] Safepoint "Cleanup", Time since last: 2011689200 ns, Reaching safepoint: 221100 ns, Cleanup: 43700 ns, At safepoint: 44300 ns, Total: 309100 ns
[2025-06-17T23:59:37.006+0300][22440][10048][debug][safepoint] Safepoint synchronization initiated using striped semaphore wait barrier. (24 threads)
[2025-06-17T23:59:37.006+0300][22440][10048][info ][safepoint] Safepoint "Cleanup", Time since last: 38059201600 ns, Reaching safepoint: 104600 ns, Cleanup: 23100 ns, At safepoint: 7500 ns, Total: 135200 ns
[2025-06-17T23:59:37.158+0300][22440][19276][info ][gc       ] Cancelling GC: Stopping VM
[2025-06-17T23:59:37.173+0300][22440][10048][debug][safepoint] Safepoint synchronization initiated using striped semaphore wait barrier. (12 threads)
