[2025-05-18T22:48:53.822+0300][9688][2552][info][gc,init] Initializing The Z Garbage Collector
[2025-05-18T22:48:53.822+0300][9688][2552][info][gc,init] Version: 21.0.7+6-LTS (release)
[2025-05-18T22:48:53.822+0300][9688][2552][info][gc,init] Using legacy single-generation mode
[2025-05-18T22:48:53.822+0300][9688][2552][info][gc,init] NUMA Support: Disabled
[2025-05-18T22:48:53.822+0300][9688][2552][info][gc,init] CPUs: 8 total, 8 available
[2025-05-18T22:48:53.822+0300][9688][2552][info][gc,init] Memory: 16183M
[2025-05-18T22:48:53.822+0300][9688][2552][info][gc,init] Large Page Support: Disabled
[2025-05-18T22:48:53.822+0300][9688][2552][info][gc,init] GC Workers: 2 (dynamic)
[2025-05-18T22:48:53.823+0300][9688][2552][info][gc,init] Address Space Type: Contiguous/Unrestricted/Complete
[2025-05-18T22:48:53.823+0300][9688][2552][info][gc,init] Address Space Size: 196608M x 3 = 589824M
[2025-05-18T22:48:53.823+0300][9688][2552][info][gc,init] Min Capacity: 12288M
[2025-05-18T22:48:53.823+0300][9688][2552][info][gc,init] Initial Capacity: 12288M
[2025-05-18T22:48:53.823+0300][9688][2552][info][gc,init] Max Capacity: 12288M
[2025-05-18T22:48:53.823+0300][9688][2552][info][gc,init] Medium Page Size: 32M
[2025-05-18T22:48:53.823+0300][9688][2552][info][gc,init] Pre-touch: Disabled
[2025-05-18T22:48:53.823+0300][9688][2552][info][gc,init] Uncommit: Implicitly Disabled (-Xms equals -Xmx)
[2025-05-18T22:48:54.093+0300][9688][2552][info][gc,init] Runtime Workers: 5
[2025-05-18T22:48:54.095+0300][9688][2552][info][gc     ] Using The Z Garbage Collector
[2025-05-18T22:48:54.102+0300][9688][2552][info][gc,metaspace] CDS archive(s) mapped at: [0x0000018f00000000-0x0000018f00c80000-0x0000018f00c80000), size 13107200, SharedBaseAddress: 0x0000018f00000000, ArchiveRelocationMode: 1.
[2025-05-18T22:48:54.102+0300][9688][2552][info][gc,metaspace] Compressed class space mapped at: 0x0000018f01000000-0x0000018f41000000, reserved size: 1073741824
[2025-05-18T22:48:54.102+0300][9688][2552][info][gc,metaspace] Narrow klass base: 0x0000018f00000000, Narrow klass shift: 0, Narrow klass range: 0x100000000
[2025-05-18T22:48:55.926+0300][9688][17228][info][gc,start    ] GC(0) Garbage Collection (System.gc())
[2025-05-18T22:48:55.927+0300][9688][17228][info][gc,task     ] GC(0) Using 2 workers
[2025-05-18T22:48:55.927+0300][9688][17448][info][gc,phases   ] GC(0) Pause Mark Start 0.005ms
[2025-05-18T22:48:55.939+0300][9688][17228][info][gc,phases   ] GC(0) Concurrent Mark 12.194ms
[2025-05-18T22:48:55.939+0300][9688][17448][info][gc,phases   ] GC(0) Pause Mark End 0.026ms
[2025-05-18T22:48:55.939+0300][9688][17228][info][gc,phases   ] GC(0) Concurrent Mark Free 0.001ms
[2025-05-18T22:48:55.940+0300][9688][17228][info][gc,phases   ] GC(0) Concurrent Process Non-Strong References 1.310ms
[2025-05-18T22:48:55.940+0300][9688][17228][info][gc,phases   ] GC(0) Concurrent Reset Relocation Set 0.000ms
[2025-05-18T22:48:55.943+0300][9688][17228][info][gc,phases   ] GC(0) Concurrent Select Relocation Set 3.052ms
[2025-05-18T22:48:55.943+0300][9688][17448][info][gc,phases   ] GC(0) Pause Relocate Start 0.018ms
[2025-05-18T22:48:55.944+0300][9688][17228][info][gc,phases   ] GC(0) Concurrent Relocate 1.162ms
[2025-05-18T22:48:55.944+0300][9688][17228][info][gc,load     ] GC(0) Load: 0.00/0.00/0.00
[2025-05-18T22:48:55.944+0300][9688][17228][info][gc,mmu      ] GC(0) MMU: 2ms/98.7%, 5ms/99.1%, 10ms/99.6%, 20ms/99.8%, 50ms/99.9%, 100ms/100.0%
[2025-05-18T22:48:55.944+0300][9688][17228][info][gc,marking  ] GC(0) Mark: 2 stripe(s), 1 proactive flush(es), 1 terminate flush(es), 0 completion(s), 0 continuation(s) 
[2025-05-18T22:48:55.944+0300][9688][17228][info][gc,marking  ] GC(0) Mark Stack Usage: 32M
[2025-05-18T22:48:55.944+0300][9688][17228][info][gc,nmethod  ] GC(0) NMethods: 823 registered, 127 unregistered
[2025-05-18T22:48:55.944+0300][9688][17228][info][gc,metaspace] GC(0) Metaspace: 2M used, 3M committed, 1088M reserved
[2025-05-18T22:48:55.944+0300][9688][17228][info][gc,ref      ] GC(0) Soft: 82 encountered, 0 discovered, 0 enqueued
[2025-05-18T22:48:55.944+0300][9688][17228][info][gc,ref      ] GC(0) Weak: 320 encountered, 147 discovered, 76 enqueued
[2025-05-18T22:48:55.944+0300][9688][17228][info][gc,ref      ] GC(0) Final: 3 encountered, 0 discovered, 0 enqueued
[2025-05-18T22:48:55.944+0300][9688][17228][info][gc,ref      ] GC(0) Phantom: 64 encountered, 61 discovered, 34 enqueued
[2025-05-18T22:48:55.944+0300][9688][17228][info][gc,reloc    ] GC(0) Small Pages: 82 / 164M, Empty: 0M, Relocated: 1M, In-Place: 0
[2025-05-18T22:48:55.944+0300][9688][17228][info][gc,reloc    ] GC(0) Medium Pages: 0 / 0M, Empty: 0M, Relocated: 0M, In-Place: 0
[2025-05-18T22:48:55.945+0300][9688][17228][info][gc,reloc    ] GC(0) Large Pages: 0 / 0M, Empty: 0M, Relocated: 0M, In-Place: 0
[2025-05-18T22:48:55.945+0300][9688][17228][info][gc,reloc    ] GC(0) Forwarding Usage: 0M
[2025-05-18T22:48:55.945+0300][9688][17228][info][gc,heap     ] GC(0) Min Capacity: 12288M(100%)
[2025-05-18T22:48:55.945+0300][9688][17228][info][gc,heap     ] GC(0) Max Capacity: 12288M(100%)
[2025-05-18T22:48:55.945+0300][9688][17228][info][gc,heap     ] GC(0) Soft Max Capacity: 12288M(100%)
[2025-05-18T22:48:55.945+0300][9688][17228][info][gc,heap     ] GC(0)                Mark Start          Mark End        Relocate Start      Relocate End           High               Low         
[2025-05-18T22:48:55.945+0300][9688][17228][info][gc,heap     ] GC(0)  Capacity:    12288M (100%)      12288M (100%)      12288M (100%)      12288M (100%)      12288M (100%)      12288M (100%)   
[2025-05-18T22:48:55.945+0300][9688][17228][info][gc,heap     ] GC(0)      Free:    12124M (99%)       12124M (99%)       12122M (99%)       12278M (100%)      12278M (100%)      12118M (99%)    
[2025-05-18T22:48:55.945+0300][9688][17228][info][gc,heap     ] GC(0)      Used:      164M (1%)          164M (1%)          166M (1%)           10M (0%)          170M (1%)           10M (0%)     
[2025-05-18T22:48:55.945+0300][9688][17228][info][gc,heap     ] GC(0)      Live:         -                 3M (0%)            3M (0%)            3M (0%)             -                  -          
[2025-05-18T22:48:55.945+0300][9688][17228][info][gc,heap     ] GC(0) Allocated:         -                 0M (0%)            2M (0%)            2M (0%)             -                  -          
[2025-05-18T22:48:55.945+0300][9688][17228][info][gc,heap     ] GC(0)   Garbage:         -               160M (1%)          160M (1%)            4M (0%)             -                  -          
[2025-05-18T22:48:55.945+0300][9688][17228][info][gc,heap     ] GC(0) Reclaimed:         -                  -                 0M (0%)          156M (1%)             -                  -          
[2025-05-18T22:48:55.945+0300][9688][17228][info][gc          ] GC(0) Garbage Collection (System.gc()) 164M(1%)->10M(0%)
[2025-05-18T22:48:57.117+0300][9688][17228][info][gc,start    ] GC(1) Garbage Collection (Warmup)
[2025-05-18T22:48:57.117+0300][9688][17228][info][gc,task     ] GC(1) Using 2 workers
[2025-05-18T22:48:57.117+0300][9688][17448][info][gc,phases   ] GC(1) Pause Mark Start 0.007ms
[2025-05-18T22:48:57.277+0300][9688][17228][info][gc,phases   ] GC(1) Concurrent Mark 159.546ms
[2025-05-18T22:48:57.277+0300][9688][17448][info][gc,phases   ] GC(1) Pause Mark End 0.014ms
[2025-05-18T22:48:57.277+0300][9688][17228][info][gc,phases   ] GC(1) Concurrent Mark Free 0.001ms
[2025-05-18T22:48:57.294+0300][9688][17228][info][gc,phases   ] GC(1) Concurrent Process Non-Strong References 16.610ms
[2025-05-18T22:48:57.294+0300][9688][17228][info][gc,phases   ] GC(1) Concurrent Reset Relocation Set 0.024ms
[2025-05-18T22:48:57.296+0300][9688][17228][info][gc,phases   ] GC(1) Concurrent Select Relocation Set 2.560ms
[2025-05-18T22:48:57.296+0300][9688][17448][info][gc,phases   ] GC(1) Pause Relocate Start 0.009ms
[2025-05-18T22:48:57.298+0300][9688][17228][info][gc,phases   ] GC(1) Concurrent Relocate 1.834ms
[2025-05-18T22:48:57.298+0300][9688][17228][info][gc,load     ] GC(1) Load: 0.00/0.00/0.00
[2025-05-18T22:48:57.298+0300][9688][17228][info][gc,mmu      ] GC(1) MMU: 2ms/98.7%, 5ms/99.1%, 10ms/99.6%, 20ms/99.8%, 50ms/99.9%, 100ms/100.0%
[2025-05-18T22:48:57.298+0300][9688][17228][info][gc,marking  ] GC(1) Mark: 2 stripe(s), 3 proactive flush(es), 2 terminate flush(es), 0 completion(s), 0 continuation(s) 
[2025-05-18T22:48:57.298+0300][9688][17228][info][gc,marking  ] GC(1) Mark Stack Usage: 32M
[2025-05-18T22:48:57.299+0300][9688][17228][info][gc,nmethod  ] GC(1) NMethods: 2243 registered, 369 unregistered
[2025-05-18T22:48:57.299+0300][9688][17228][info][gc,metaspace] GC(1) Metaspace: 8M used, 9M committed, 1088M reserved
[2025-05-18T22:48:57.299+0300][9688][17228][info][gc,ref      ] GC(1) Soft: 323 encountered, 0 discovered, 0 enqueued
[2025-05-18T22:48:57.299+0300][9688][17228][info][gc,ref      ] GC(1) Weak: 1051 encountered, 733 discovered, 361 enqueued
[2025-05-18T22:48:57.299+0300][9688][17228][info][gc,ref      ] GC(1) Final: 3 encountered, 1 discovered, 0 enqueued
[2025-05-18T22:48:57.299+0300][9688][17228][info][gc,ref      ] GC(1) Phantom: 193 encountered, 179 discovered, 143 enqueued
[2025-05-18T22:48:57.299+0300][9688][17228][info][gc,reloc    ] GC(1) Small Pages: 602 / 1204M, Empty: 864M, Relocated: 3M, In-Place: 0
[2025-05-18T22:48:57.299+0300][9688][17228][info][gc,reloc    ] GC(1) Medium Pages: 1 / 32M, Empty: 0M, Relocated: 0M, In-Place: 0
[2025-05-18T22:48:57.299+0300][9688][17228][info][gc,reloc    ] GC(1) Large Pages: 0 / 0M, Empty: 0M, Relocated: 0M, In-Place: 0
[2025-05-18T22:48:57.299+0300][9688][17228][info][gc,reloc    ] GC(1) Forwarding Usage: 0M
[2025-05-18T22:48:57.299+0300][9688][17228][info][gc,heap     ] GC(1) Min Capacity: 12288M(100%)
[2025-05-18T22:48:57.299+0300][9688][17228][info][gc,heap     ] GC(1) Max Capacity: 12288M(100%)
[2025-05-18T22:48:57.299+0300][9688][17228][info][gc,heap     ] GC(1) Soft Max Capacity: 12288M(100%)
[2025-05-18T22:48:57.299+0300][9688][17228][info][gc,heap     ] GC(1)                Mark Start          Mark End        Relocate Start      Relocate End           High               Low         
[2025-05-18T22:48:57.299+0300][9688][17228][info][gc,heap     ] GC(1)  Capacity:    12288M (100%)      12288M (100%)      12288M (100%)      12288M (100%)      12288M (100%)      12288M (100%)   
[2025-05-18T22:48:57.299+0300][9688][17228][info][gc,heap     ] GC(1)      Free:    11052M (90%)       10778M (88%)       11610M (94%)       11940M (97%)       11940M (97%)       10748M (87%)    
[2025-05-18T22:48:57.299+0300][9688][17228][info][gc,heap     ] GC(1)      Used:     1236M (10%)        1510M (12%)         678M (6%)          348M (3%)         1540M (13%)         348M (3%)     
[2025-05-18T22:48:57.299+0300][9688][17228][info][gc,heap     ] GC(1)      Live:         -                11M (0%)           11M (0%)           11M (0%)             -                  -          
[2025-05-18T22:48:57.299+0300][9688][17228][info][gc,heap     ] GC(1) Allocated:         -               274M (2%)          306M (2%)          307M (3%)             -                  -          
[2025-05-18T22:48:57.299+0300][9688][17228][info][gc,heap     ] GC(1)   Garbage:         -              1224M (10%)         360M (3%)           28M (0%)             -                  -          
[2025-05-18T22:48:57.299+0300][9688][17228][info][gc,heap     ] GC(1) Reclaimed:         -                  -               864M (7%)         1195M (10%)            -                  -          
[2025-05-18T22:48:57.299+0300][9688][17228][info][gc          ] GC(1) Garbage Collection (Warmup) 1236M(10%)->348M(3%)
[2025-05-18T22:48:58.027+0300][9688][17228][info][gc,start    ] GC(2) Garbage Collection (Warmup)
[2025-05-18T22:48:58.027+0300][9688][17228][info][gc,task     ] GC(2) Using 2 workers
[2025-05-18T22:48:58.027+0300][9688][17448][info][gc,phases   ] GC(2) Pause Mark Start 0.008ms
[2025-05-18T22:48:58.043+0300][9688][17228][info][gc,phases   ] GC(2) Concurrent Mark 15.745ms
[2025-05-18T22:48:58.043+0300][9688][17448][info][gc,phases   ] GC(2) Pause Mark End 0.017ms
[2025-05-18T22:48:58.043+0300][9688][17228][info][gc,phases   ] GC(2) Concurrent Mark Free 0.001ms
[2025-05-18T22:48:58.059+0300][9688][17228][info][gc,phases   ] GC(2) Concurrent Process Non-Strong References 16.065ms
[2025-05-18T22:48:58.059+0300][9688][17228][info][gc,phases   ] GC(2) Concurrent Reset Relocation Set 0.014ms
[2025-05-18T22:48:58.062+0300][9688][17228][info][gc,phases   ] GC(2) Concurrent Select Relocation Set 2.621ms
[2025-05-18T22:48:58.062+0300][9688][17448][info][gc,phases   ] GC(2) Pause Relocate Start 0.017ms
[2025-05-18T22:48:58.065+0300][9688][17228][info][gc,phases   ] GC(2) Concurrent Relocate 3.180ms
[2025-05-18T22:48:58.065+0300][9688][17228][info][gc,load     ] GC(2) Load: 0.00/0.00/0.00
[2025-05-18T22:48:58.065+0300][9688][17228][info][gc,mmu      ] GC(2) MMU: 2ms/98.7%, 5ms/99.1%, 10ms/99.6%, 20ms/99.8%, 50ms/99.9%, 100ms/100.0%
[2025-05-18T22:48:58.065+0300][9688][17228][info][gc,marking  ] GC(2) Mark: 2 stripe(s), 3 proactive flush(es), 1 terminate flush(es), 0 completion(s), 0 continuation(s) 
[2025-05-18T22:48:58.065+0300][9688][17228][info][gc,marking  ] GC(2) Mark Stack Usage: 32M
[2025-05-18T22:48:58.065+0300][9688][17228][info][gc,nmethod  ] GC(2) NMethods: 2310 registered, 533 unregistered
[2025-05-18T22:48:58.065+0300][9688][17228][info][gc,metaspace] GC(2) Metaspace: 8M used, 9M committed, 1088M reserved
[2025-05-18T22:48:58.065+0300][9688][17228][info][gc,ref      ] GC(2) Soft: 323 encountered, 0 discovered, 0 enqueued
[2025-05-18T22:48:58.065+0300][9688][17228][info][gc,ref      ] GC(2) Weak: 1104 encountered, 778 discovered, 417 enqueued
[2025-05-18T22:48:58.065+0300][9688][17228][info][gc,ref      ] GC(2) Final: 3 encountered, 3 discovered, 0 enqueued
[2025-05-18T22:48:58.065+0300][9688][17228][info][gc,ref      ] GC(2) Phantom: 47 encountered, 31 discovered, 0 enqueued
[2025-05-18T22:48:58.065+0300][9688][17228][info][gc,reloc    ] GC(2) Small Pages: 1299 / 2598M, Empty: 2108M, Relocated: 5M, In-Place: 0
[2025-05-18T22:48:58.065+0300][9688][17228][info][gc,reloc    ] GC(2) Medium Pages: 1 / 32M, Empty: 0M, Relocated: 0M, In-Place: 0
[2025-05-18T22:48:58.065+0300][9688][17228][info][gc,reloc    ] GC(2) Large Pages: 0 / 0M, Empty: 0M, Relocated: 0M, In-Place: 0
[2025-05-18T22:48:58.065+0300][9688][17228][info][gc,reloc    ] GC(2) Forwarding Usage: 1M
[2025-05-18T22:48:58.065+0300][9688][17228][info][gc,heap     ] GC(2) Min Capacity: 12288M(100%)
[2025-05-18T22:48:58.065+0300][9688][17228][info][gc,heap     ] GC(2) Max Capacity: 12288M(100%)
[2025-05-18T22:48:58.065+0300][9688][17228][info][gc,heap     ] GC(2) Soft Max Capacity: 12288M(100%)
[2025-05-18T22:48:58.066+0300][9688][17228][info][gc,heap     ] GC(2)                Mark Start          Mark End        Relocate Start      Relocate End           High               Low         
[2025-05-18T22:48:58.066+0300][9688][17228][info][gc,heap     ] GC(2)  Capacity:    12288M (100%)      12288M (100%)      12288M (100%)      12288M (100%)      12288M (100%)      12288M (100%)   
[2025-05-18T22:48:58.066+0300][9688][17228][info][gc,heap     ] GC(2)      Free:     9658M (79%)        9602M (78%)       11652M (95%)       12120M (99%)       12128M (99%)        9552M (78%)    
[2025-05-18T22:48:58.066+0300][9688][17228][info][gc,heap     ] GC(2)      Used:     2630M (21%)        2686M (22%)         636M (5%)          168M (1%)         2736M (22%)         160M (1%)     
[2025-05-18T22:48:58.066+0300][9688][17228][info][gc,heap     ] GC(2)      Live:         -                11M (0%)           11M (0%)           11M (0%)             -                  -          
[2025-05-18T22:48:58.066+0300][9688][17228][info][gc,heap     ] GC(2) Allocated:         -                56M (0%)          114M (1%)          127M (1%)             -                  -          
[2025-05-18T22:48:58.066+0300][9688][17228][info][gc,heap     ] GC(2)   Garbage:         -              2618M (21%)         510M (4%)           28M (0%)             -                  -          
[2025-05-18T22:48:58.066+0300][9688][17228][info][gc,heap     ] GC(2) Reclaimed:         -                  -              2108M (17%)        2589M (21%)            -                  -          
[2025-05-18T22:48:58.066+0300][9688][17228][info][gc          ] GC(2) Garbage Collection (Warmup) 2630M(21%)->168M(1%)
[2025-05-18T22:48:58.920+0300][9688][17228][info][gc,start    ] GC(3) Garbage Collection (Warmup)
[2025-05-18T22:48:58.920+0300][9688][17228][info][gc,task     ] GC(3) Using 2 workers
[2025-05-18T22:48:58.920+0300][9688][17448][info][gc,phases   ] GC(3) Pause Mark Start 0.011ms
[2025-05-18T22:48:58.951+0300][9688][17228][info][gc,phases   ] GC(3) Concurrent Mark 30.890ms
[2025-05-18T22:48:58.951+0300][9688][17448][info][gc,phases   ] GC(3) Pause Mark End 0.021ms
[2025-05-18T22:48:58.951+0300][9688][17228][info][gc,phases   ] GC(3) Concurrent Mark Free 0.001ms
[2025-05-18T22:48:58.955+0300][9688][17228][info][gc,phases   ] GC(3) Concurrent Process Non-Strong References 3.782ms
[2025-05-18T22:48:58.955+0300][9688][17228][info][gc,phases   ] GC(3) Concurrent Reset Relocation Set 0.012ms
[2025-05-18T22:48:58.958+0300][9688][17228][info][gc,phases   ] GC(3) Concurrent Select Relocation Set 3.679ms
[2025-05-18T22:48:58.959+0300][9688][17448][info][gc,phases   ] GC(3) Pause Relocate Start 0.011ms
[2025-05-18T22:48:58.960+0300][9688][17228][info][gc,phases   ] GC(3) Concurrent Relocate 1.081ms
[2025-05-18T22:48:58.960+0300][9688][17228][info][gc,load     ] GC(3) Load: 0.00/0.00/0.00
[2025-05-18T22:48:58.960+0300][9688][17228][info][gc,mmu      ] GC(3) MMU: 2ms/98.7%, 5ms/99.1%, 10ms/99.6%, 20ms/99.8%, 50ms/99.9%, 100ms/100.0%
[2025-05-18T22:48:58.960+0300][9688][17228][info][gc,marking  ] GC(3) Mark: 2 stripe(s), 2 proactive flush(es), 1 terminate flush(es), 0 completion(s), 0 continuation(s) 
[2025-05-18T22:48:58.960+0300][9688][17228][info][gc,marking  ] GC(3) Mark Stack Usage: 32M
[2025-05-18T22:48:58.960+0300][9688][17228][info][gc,nmethod  ] GC(3) NMethods: 2346 registered, 40 unregistered
[2025-05-18T22:48:58.960+0300][9688][17228][info][gc,metaspace] GC(3) Metaspace: 8M used, 9M committed, 1088M reserved
[2025-05-18T22:48:58.960+0300][9688][17228][info][gc,ref      ] GC(3) Soft: 323 encountered, 0 discovered, 0 enqueued
[2025-05-18T22:48:58.960+0300][9688][17228][info][gc,ref      ] GC(3) Weak: 1289 encountered, 647 discovered, 602 enqueued
[2025-05-18T22:48:58.960+0300][9688][17228][info][gc,ref      ] GC(3) Final: 3 encountered, 0 discovered, 0 enqueued
[2025-05-18T22:48:58.960+0300][9688][17228][info][gc,ref      ] GC(3) Phantom: 45 encountered, 29 discovered, 1 enqueued
[2025-05-18T22:48:58.960+0300][9688][17228][info][gc,reloc    ] GC(3) Small Pages: 1864 / 3728M, Empty: 3068M, Relocated: 1M, In-Place: 0
[2025-05-18T22:48:58.960+0300][9688][17228][info][gc,reloc    ] GC(3) Medium Pages: 1 / 32M, Empty: 0M, Relocated: 0M, In-Place: 0
[2025-05-18T22:48:58.960+0300][9688][17228][info][gc,reloc    ] GC(3) Large Pages: 0 / 0M, Empty: 0M, Relocated: 0M, In-Place: 0
[2025-05-18T22:48:58.960+0300][9688][17228][info][gc,reloc    ] GC(3) Forwarding Usage: 0M
[2025-05-18T22:48:58.960+0300][9688][17228][info][gc,heap     ] GC(3) Min Capacity: 12288M(100%)
[2025-05-18T22:48:58.960+0300][9688][17228][info][gc,heap     ] GC(3) Max Capacity: 12288M(100%)
[2025-05-18T22:48:58.960+0300][9688][17228][info][gc,heap     ] GC(3) Soft Max Capacity: 12288M(100%)
[2025-05-18T22:48:58.960+0300][9688][17228][info][gc,heap     ] GC(3)                Mark Start          Mark End        Relocate Start      Relocate End           High               Low         
[2025-05-18T22:48:58.960+0300][9688][17228][info][gc,heap     ] GC(3)  Capacity:    12288M (100%)      12288M (100%)      12288M (100%)      12288M (100%)      12288M (100%)      12288M (100%)   
[2025-05-18T22:48:58.960+0300][9688][17228][info][gc,heap     ] GC(3)      Free:     8528M (69%)        8422M (69%)       11468M (93%)       12114M (99%)       12118M (99%)        8412M (68%)    
[2025-05-18T22:48:58.960+0300][9688][17228][info][gc,heap     ] GC(3)      Used:     3760M (31%)        3866M (31%)         820M (7%)          174M (1%)         3876M (32%)         170M (1%)     
[2025-05-18T22:48:58.960+0300][9688][17228][info][gc,heap     ] GC(3)      Live:         -                11M (0%)           11M (0%)           11M (0%)             -                  -          
[2025-05-18T22:48:58.960+0300][9688][17228][info][gc,heap     ] GC(3) Allocated:         -               106M (1%)          128M (1%)          133M (1%)             -                  -          
[2025-05-18T22:48:58.960+0300][9688][17228][info][gc,heap     ] GC(3)   Garbage:         -              3748M (31%)         680M (6%)           28M (0%)             -                  -          
[2025-05-18T22:48:58.960+0300][9688][17228][info][gc,heap     ] GC(3) Reclaimed:         -                  -              3068M (25%)        3719M (30%)            -                  -          
[2025-05-18T22:48:58.960+0300][9688][17228][info][gc          ] GC(3) Garbage Collection (Warmup) 3760M(31%)->174M(1%)
[2025-05-18T22:49:03.116+0300][9688][17228][info][gc,start    ] GC(4) Garbage Collection (Allocation Rate)
[2025-05-18T22:49:03.116+0300][9688][17228][info][gc,task     ] GC(4) Using 1 workers
[2025-05-18T22:49:03.132+0300][9688][17448][info][gc,phases   ] GC(4) Pause Mark Start 0.147ms
[2025-05-18T22:49:03.260+0300][9688][17228][info][gc,phases   ] GC(4) Concurrent Mark 127.684ms
[2025-05-18T22:49:03.260+0300][9688][17448][info][gc,phases   ] GC(4) Pause Mark End 0.044ms
[2025-05-18T22:49:03.260+0300][9688][17228][info][gc,phases   ] GC(4) Concurrent Mark Free 0.001ms
[2025-05-18T22:49:03.292+0300][9688][17228][info][gc,phases   ] GC(4) Concurrent Process Non-Strong References 32.033ms
[2025-05-18T22:49:03.292+0300][9688][17228][info][gc,phases   ] GC(4) Concurrent Reset Relocation Set 0.061ms
[2025-05-18T22:49:03.299+0300][9688][17228][info][gc,phases   ] GC(4) Concurrent Select Relocation Set 6.557ms
[2025-05-18T22:49:03.299+0300][9688][17448][info][gc,phases   ] GC(4) Pause Relocate Start 0.013ms
[2025-05-18T22:49:03.303+0300][9688][17228][info][gc,phases   ] GC(4) Concurrent Relocate 3.900ms
[2025-05-18T22:49:03.303+0300][9688][17228][info][gc,load     ] GC(4) Load: 0.00/0.00/0.00
[2025-05-18T22:49:03.303+0300][9688][17228][info][gc,mmu      ] GC(4) MMU: 2ms/92.6%, 5ms/97.1%, 10ms/98.5%, 20ms/99.3%, 50ms/99.7%, 100ms/99.9%
[2025-05-18T22:49:03.303+0300][9688][17228][info][gc,marking  ] GC(4) Mark: 1 stripe(s), 2 proactive flush(es), 1 terminate flush(es), 0 completion(s), 0 continuation(s) 
[2025-05-18T22:49:03.304+0300][9688][17228][info][gc,marking  ] GC(4) Mark Stack Usage: 32M
[2025-05-18T22:49:03.304+0300][9688][17228][info][gc,nmethod  ] GC(4) NMethods: 2361 registered, 95 unregistered
[2025-05-18T22:49:03.304+0300][9688][17228][info][gc,metaspace] GC(4) Metaspace: 8M used, 9M committed, 1088M reserved
[2025-05-18T22:49:03.304+0300][9688][17228][info][gc,ref      ] GC(4) Soft: 323 encountered, 0 discovered, 0 enqueued
[2025-05-18T22:49:03.304+0300][9688][17228][info][gc,ref      ] GC(4) Weak: 2520 encountered, 2160 discovered, 1836 enqueued
[2025-05-18T22:49:03.304+0300][9688][17228][info][gc,ref      ] GC(4) Final: 3 encountered, 1 discovered, 0 enqueued
[2025-05-18T22:49:03.304+0300][9688][17228][info][gc,ref      ] GC(4) Phantom: 48 encountered, 34 discovered, 0 enqueued
[2025-05-18T22:49:03.304+0300][9688][17228][info][gc,reloc    ] GC(4) Small Pages: 5667 / 11334M, Empty: 9446M, Relocated: 1M, In-Place: 0
[2025-05-18T22:49:03.304+0300][9688][17228][info][gc,reloc    ] GC(4) Medium Pages: 1 / 32M, Empty: 0M, Relocated: 0M, In-Place: 0
[2025-05-18T22:49:03.304+0300][9688][17228][info][gc,reloc    ] GC(4) Large Pages: 0 / 0M, Empty: 0M, Relocated: 0M, In-Place: 0
[2025-05-18T22:49:03.304+0300][9688][17228][info][gc,reloc    ] GC(4) Forwarding Usage: 0M
[2025-05-18T22:49:03.304+0300][9688][17228][info][gc,heap     ] GC(4) Min Capacity: 12288M(100%)
[2025-05-18T22:49:03.304+0300][9688][17228][info][gc,heap     ] GC(4) Max Capacity: 12288M(100%)
[2025-05-18T22:49:03.304+0300][9688][17228][info][gc,heap     ] GC(4) Soft Max Capacity: 12288M(100%)
[2025-05-18T22:49:03.304+0300][9688][17228][info][gc,heap     ] GC(4)                Mark Start          Mark End        Relocate Start      Relocate End           High               Low         
[2025-05-18T22:49:03.304+0300][9688][17228][info][gc,heap     ] GC(4)  Capacity:    12288M (100%)      12288M (100%)      12288M (100%)      12288M (100%)      12288M (100%)      12288M (100%)   
[2025-05-18T22:49:03.304+0300][9688][17228][info][gc,heap     ] GC(4)      Free:      922M (8%)          808M (7%)        10208M (83%)       12086M (98%)       12086M (98%)         770M (6%)     
[2025-05-18T22:49:03.304+0300][9688][17228][info][gc,heap     ] GC(4)      Used:    11366M (92%)       11480M (93%)        2080M (17%)         202M (2%)        11518M (94%)         202M (2%)     
[2025-05-18T22:49:03.304+0300][9688][17228][info][gc,heap     ] GC(4)      Live:         -                11M (0%)           11M (0%)           11M (0%)             -                  -          
[2025-05-18T22:49:03.304+0300][9688][17228][info][gc,heap     ] GC(4) Allocated:         -               114M (1%)          160M (1%)          163M (1%)             -                  -          
[2025-05-18T22:49:03.304+0300][9688][17228][info][gc,heap     ] GC(4)   Garbage:         -             11354M (92%)        1908M (16%)          26M (0%)             -                  -          
[2025-05-18T22:49:03.304+0300][9688][17228][info][gc,heap     ] GC(4) Reclaimed:         -                  -              9446M (77%)       11327M (92%)            -                  -          
[2025-05-18T22:49:03.304+0300][9688][17228][info][gc          ] GC(4) Garbage Collection (Allocation Rate) 11366M(92%)->202M(2%)
[2025-05-18T22:49:04.122+0300][9688][8248 ][info][gc,stats    ] === Garbage Collection Statistics =======================================================================================================================
[2025-05-18T22:49:04.122+0300][9688][8248 ][info][gc,stats    ]                                                              Last 10s              Last 10m              Last 10h                Total
[2025-05-18T22:49:04.122+0300][9688][8248 ][info][gc,stats    ]                                                              Avg / Max             Avg / Max             Avg / Max             Avg / Max
[2025-05-18T22:49:04.122+0300][9688][8248 ][info][gc,stats    ]   Collector: Garbage Collection Cycle                     93.396 / 187.760      93.396 / 187.760      93.396 / 187.760      93.396 / 187.760     ms
[2025-05-18T22:49:04.122+0300][9688][8248 ][info][gc,stats    ]  Contention: Mark Segment Reset Contention                     0 / 0                 0 / 0                 0 / 0                 0 / 0           ops/s
[2025-05-18T22:49:04.122+0300][9688][8248 ][info][gc,stats    ]  Contention: Mark SeqNum Reset Contention                      0 / 0                 0 / 0                 0 / 0                 0 / 0           ops/s
[2025-05-18T22:49:04.122+0300][9688][8248 ][info][gc,stats    ]    Critical: Allocation Stall                                  0 / 0                 0 / 0                 0 / 0                 0 / 0           ops/s
[2025-05-18T22:49:04.122+0300][9688][8248 ][info][gc,stats    ]    Critical: Allocation Stall                              0.000 / 0.000         0.000 / 0.000         0.000 / 0.000         0.000 / 0.000       ms
[2025-05-18T22:49:04.122+0300][9688][8248 ][info][gc,stats    ]    Critical: GC Locker Stall                                   0 / 0                 0 / 0                 0 / 0                 0 / 0           ops/s
[2025-05-18T22:49:04.122+0300][9688][8248 ][info][gc,stats    ]    Critical: GC Locker Stall                               0.000 / 0.000         0.000 / 0.000         0.000 / 0.000         0.000 / 0.000       ms
[2025-05-18T22:49:04.122+0300][9688][8248 ][info][gc,stats    ]    Critical: Relocation Stall                                  0 / 0                 0 / 0                 0 / 0                 0 / 0           ops/s
[2025-05-18T22:49:04.122+0300][9688][8248 ][info][gc,stats    ]    Critical: Relocation Stall                              0.000 / 0.000         0.000 / 0.000         0.000 / 0.000         0.000 / 0.000       ms
[2025-05-18T22:49:04.122+0300][9688][8248 ][info][gc,stats    ]      Memory: Allocation Rate                                2047 / 4316           2047 / 4316           2047 / 4316           2047 / 4316        MB/s
[2025-05-18T22:49:04.122+0300][9688][8248 ][info][gc,stats    ]      Memory: Defragment                                        0 / 0                 0 / 0                 0 / 0                 0 / 0           ops/s
[2025-05-18T22:49:04.122+0300][9688][8248 ][info][gc,stats    ]      Memory: Out Of Memory                                     0 / 0                 0 / 0                 0 / 0                 0 / 0           ops/s
[2025-05-18T22:49:04.122+0300][9688][8248 ][info][gc,stats    ]      Memory: Page Cache Flush                                  0 / 0                 0 / 0                 0 / 0                 0 / 0           MB/s
[2025-05-18T22:49:04.122+0300][9688][8248 ][info][gc,stats    ]      Memory: Page Cache Hit L1                               449 / 1590            449 / 1590            449 / 1590            449 / 1590        ops/s
[2025-05-18T22:49:04.122+0300][9688][8248 ][info][gc,stats    ]      Memory: Page Cache Hit L2                                 0 / 0                 0 / 0                 0 / 0                 0 / 0           ops/s
[2025-05-18T22:49:04.123+0300][9688][8248 ][info][gc,stats    ]      Memory: Page Cache Hit L3                               574 / 1585            574 / 1585            574 / 1585            574 / 1585        ops/s
[2025-05-18T22:49:04.123+0300][9688][8248 ][info][gc,stats    ]      Memory: Page Cache Miss                                   0 / 1                 0 / 1                 0 / 1                 0 / 1           ops/s
[2025-05-18T22:49:04.123+0300][9688][8248 ][info][gc,stats    ]      Memory: Uncommit                                          0 / 0                 0 / 0                 0 / 0                 0 / 0           MB/s
[2025-05-18T22:49:04.123+0300][9688][8248 ][info][gc,stats    ]      Memory: Undo Object Allocation Failed                     0 / 0                 0 / 0                 0 / 0                 0 / 0           ops/s
[2025-05-18T22:49:04.123+0300][9688][8248 ][info][gc,stats    ]      Memory: Undo Object Allocation Succeeded                  9 / 31                9 / 31                9 / 31                9 / 31          ops/s
[2025-05-18T22:49:04.123+0300][9688][8248 ][info][gc,stats    ]      Memory: Undo Page Allocation                              0 / 2                 0 / 2                 0 / 2                 0 / 2           ops/s
[2025-05-18T22:49:04.123+0300][9688][8248 ][info][gc,stats    ]       Phase: Concurrent Mark                              69.212 / 159.546      69.212 / 159.546      69.212 / 159.546      69.212 / 159.546     ms
[2025-05-18T22:49:04.123+0300][9688][8248 ][info][gc,stats    ]       Phase: Concurrent Mark Continue                      0.000 / 0.000         0.000 / 0.000         0.000 / 0.000         0.000 / 0.000       ms
[2025-05-18T22:49:04.123+0300][9688][8248 ][info][gc,stats    ]       Phase: Concurrent Mark Free                          0.001 / 0.001         0.001 / 0.001         0.001 / 0.001         0.001 / 0.001       ms
[2025-05-18T22:49:04.123+0300][9688][8248 ][info][gc,stats    ]       Phase: Concurrent Process Non-Strong References     13.960 / 32.033       13.960 / 32.033       13.960 / 32.033       13.960 / 32.033      ms
[2025-05-18T22:49:04.123+0300][9688][8248 ][info][gc,stats    ]       Phase: Concurrent Relocate                           2.232 / 3.900         2.232 / 3.900         2.232 / 3.900         2.232 / 3.900       ms
[2025-05-18T22:49:04.123+0300][9688][8248 ][info][gc,stats    ]       Phase: Concurrent Reset Relocation Set               0.022 / 0.061         0.022 / 0.061         0.022 / 0.061         0.022 / 0.061       ms
[2025-05-18T22:49:04.123+0300][9688][8248 ][info][gc,stats    ]       Phase: Concurrent Select Relocation Set              3.694 / 6.557         3.694 / 6.557         3.694 / 6.557         3.694 / 6.557       ms
[2025-05-18T22:49:04.123+0300][9688][8248 ][info][gc,stats    ]       Phase: Pause Mark End                                0.025 / 0.044         0.025 / 0.044         0.025 / 0.044         0.025 / 0.044       ms
[2025-05-18T22:49:04.123+0300][9688][8248 ][info][gc,stats    ]       Phase: Pause Mark Start                              0.036 / 0.147         0.036 / 0.147         0.036 / 0.147         0.036 / 0.147       ms
[2025-05-18T22:49:04.123+0300][9688][8248 ][info][gc,stats    ]       Phase: Pause Relocate Start                          0.013 / 0.018         0.013 / 0.018         0.013 / 0.018         0.013 / 0.018       ms
[2025-05-18T22:49:04.123+0300][9688][8248 ][info][gc,stats    ]    Subphase: Concurrent Classes Purge                      0.602 / 1.825         0.602 / 1.825         0.602 / 1.825         0.602 / 1.825       ms
[2025-05-18T22:49:04.123+0300][9688][8248 ][info][gc,stats    ]    Subphase: Concurrent Classes Unlink                     4.236 / 10.627        4.236 / 10.627        4.236 / 10.627        4.236 / 10.627      ms
[2025-05-18T22:49:04.123+0300][9688][8248 ][info][gc,stats    ]    Subphase: Concurrent Mark                              57.598 / 159.149      57.598 / 159.149      57.598 / 159.149      57.598 / 159.149     ms
[2025-05-18T22:49:04.123+0300][9688][8248 ][info][gc,stats    ]    Subphase: Concurrent Mark Try Flush                    13.498 / 47.931       13.498 / 47.931       13.498 / 47.931       13.498 / 47.931      ms
[2025-05-18T22:49:04.123+0300][9688][8248 ][info][gc,stats    ]    Subphase: Concurrent Mark Try Terminate                10.287 / 31.993       10.287 / 31.993       10.287 / 31.993       10.287 / 31.993      ms
[2025-05-18T22:49:04.123+0300][9688][8248 ][info][gc,stats    ]    Subphase: Concurrent References Enqueue                 0.006 / 0.013         0.006 / 0.013         0.006 / 0.013         0.006 / 0.013       ms
[2025-05-18T22:49:04.123+0300][9688][8248 ][info][gc,stats    ]    Subphase: Concurrent References Process                 0.305 / 0.880         0.305 / 0.880         0.305 / 0.880         0.305 / 0.880       ms
[2025-05-18T22:49:04.123+0300][9688][8248 ][info][gc,stats    ]    Subphase: Concurrent Roots ClassLoaderDataGraph         0.151 / 0.474         0.151 / 0.474         0.151 / 0.474         0.151 / 0.474       ms
[2025-05-18T22:49:04.123+0300][9688][8248 ][info][gc,stats    ]    Subphase: Concurrent Roots CodeCache                    0.000 / 0.000         0.000 / 0.000         0.000 / 0.000         0.000 / 0.000       ms
[2025-05-18T22:49:04.123+0300][9688][8248 ][info][gc,stats    ]    Subphase: Concurrent Roots JavaThreads                  0.262 / 0.636         0.262 / 0.636         0.262 / 0.636         0.262 / 0.636       ms
[2025-05-18T22:49:04.123+0300][9688][8248 ][info][gc,stats    ]    Subphase: Concurrent Roots OopStorageSet                0.056 / 0.182         0.056 / 0.182         0.056 / 0.182         0.056 / 0.182       ms
[2025-05-18T22:49:04.123+0300][9688][8248 ][info][gc,stats    ]    Subphase: Concurrent Weak Roots OopStorageSet           0.386 / 0.718         0.386 / 0.718         0.386 / 0.718         0.386 / 0.718       ms
[2025-05-18T22:49:04.123+0300][9688][8248 ][info][gc,stats    ]    Subphase: Pause Mark Try Complete                       0.000 / 0.000         0.000 / 0.000         0.000 / 0.000         0.000 / 0.000       ms
[2025-05-18T22:49:04.123+0300][9688][8248 ][info][gc,stats    ]      System: Java Threads                                     18 / 21               18 / 21               18 / 21               18 / 21          threads
[2025-05-18T22:49:04.123+0300][9688][8248 ][info][gc,stats    ] =========================================================================================================================================================
[2025-05-18T22:49:07.428+0300][9688][17228][info][gc,start    ] GC(5) Garbage Collection (System.gc())
[2025-05-18T22:49:07.428+0300][9688][17228][info][gc,task     ] GC(5) Using 2 workers
[2025-05-18T22:49:07.428+0300][9688][17448][info][gc,phases   ] GC(5) Pause Mark Start 0.010ms
[2025-05-18T22:49:07.449+0300][9688][17228][info][gc,phases   ] GC(5) Concurrent Mark 20.456ms
[2025-05-18T22:49:07.449+0300][9688][17448][info][gc,phases   ] GC(5) Pause Mark End 0.053ms
[2025-05-18T22:49:07.449+0300][9688][17228][info][gc,phases   ] GC(5) Concurrent Mark Free 0.002ms
[2025-05-18T22:49:07.452+0300][9688][17228][info][gc,phases   ] GC(5) Concurrent Process Non-Strong References 3.632ms
[2025-05-18T22:49:07.453+0300][9688][17228][info][gc,phases   ] GC(5) Concurrent Reset Relocation Set 0.035ms
[2025-05-18T22:49:07.456+0300][9688][17228][info][gc,phases   ] GC(5) Concurrent Select Relocation Set 3.902ms
[2025-05-18T22:49:07.457+0300][9688][17448][info][gc,phases   ] GC(5) Pause Relocate Start 0.011ms
[2025-05-18T22:49:07.458+0300][9688][17228][info][gc,phases   ] GC(5) Concurrent Relocate 1.665ms
[2025-05-18T22:49:07.458+0300][9688][17228][info][gc,load     ] GC(5) Load: 0.00/0.00/0.00
[2025-05-18T22:49:07.458+0300][9688][17228][info][gc,mmu      ] GC(5) MMU: 2ms/92.6%, 5ms/97.1%, 10ms/98.5%, 20ms/99.3%, 50ms/99.7%, 100ms/99.9%
[2025-05-18T22:49:07.458+0300][9688][17228][info][gc,marking  ] GC(5) Mark: 2 stripe(s), 2 proactive flush(es), 1 terminate flush(es), 0 completion(s), 0 continuation(s) 
[2025-05-18T22:49:07.458+0300][9688][17228][info][gc,marking  ] GC(5) Mark Stack Usage: 32M
[2025-05-18T22:49:07.458+0300][9688][17228][info][gc,nmethod  ] GC(5) NMethods: 2389 registered, 161 unregistered
[2025-05-18T22:49:07.458+0300][9688][17228][info][gc,metaspace] GC(5) Metaspace: 8M used, 9M committed, 1088M reserved
[2025-05-18T22:49:07.458+0300][9688][17228][info][gc,ref      ] GC(5) Soft: 326 encountered, 0 discovered, 0 enqueued
[2025-05-18T22:49:07.458+0300][9688][17228][info][gc,ref      ] GC(5) Weak: 693 encountered, 108 discovered, 19 enqueued
[2025-05-18T22:49:07.458+0300][9688][17228][info][gc,ref      ] GC(5) Final: 3 encountered, 0 discovered, 0 enqueued
[2025-05-18T22:49:07.458+0300][9688][17228][info][gc,ref      ] GC(5) Phantom: 41 encountered, 27 discovered, 15 enqueued
[2025-05-18T22:49:07.458+0300][9688][17228][info][gc,reloc    ] GC(5) Small Pages: 3283 / 6566M, Empty: 6542M, Relocated: 1M, In-Place: 0
[2025-05-18T22:49:07.458+0300][9688][17228][info][gc,reloc    ] GC(5) Medium Pages: 2 / 64M, Empty: 32M, Relocated: 0M, In-Place: 0
[2025-05-18T22:49:07.458+0300][9688][17228][info][gc,reloc    ] GC(5) Large Pages: 0 / 0M, Empty: 0M, Relocated: 0M, In-Place: 0
[2025-05-18T22:49:07.458+0300][9688][17228][info][gc,reloc    ] GC(5) Forwarding Usage: 0M
[2025-05-18T22:49:07.458+0300][9688][17228][info][gc,heap     ] GC(5) Min Capacity: 12288M(100%)
[2025-05-18T22:49:07.458+0300][9688][17228][info][gc,heap     ] GC(5) Max Capacity: 12288M(100%)
[2025-05-18T22:49:07.458+0300][9688][17228][info][gc,heap     ] GC(5) Soft Max Capacity: 12288M(100%)
[2025-05-18T22:49:07.458+0300][9688][17228][info][gc,heap     ] GC(5)                Mark Start          Mark End        Relocate Start      Relocate End           High               Low         
[2025-05-18T22:49:07.458+0300][9688][17228][info][gc,heap     ] GC(5)  Capacity:    12288M (100%)      12288M (100%)      12288M (100%)      12288M (100%)      12288M (100%)      12288M (100%)   
[2025-05-18T22:49:07.458+0300][9688][17228][info][gc,heap     ] GC(5)      Free:     5658M (46%)        5658M (46%)       12230M (100%)      12246M (100%)      12246M (100%)       5658M (46%)    
[2025-05-18T22:49:07.458+0300][9688][17228][info][gc,heap     ] GC(5)      Used:     6630M (54%)        6630M (54%)          58M (0%)           42M (0%)         6630M (54%)          42M (0%)     
[2025-05-18T22:49:07.458+0300][9688][17228][info][gc,heap     ] GC(5)      Live:         -                10M (0%)           10M (0%)           10M (0%)             -                  -          
[2025-05-18T22:49:07.458+0300][9688][17228][info][gc,heap     ] GC(5) Allocated:         -                 0M (0%)            2M (0%)            2M (0%)             -                  -          
[2025-05-18T22:49:07.458+0300][9688][17228][info][gc,heap     ] GC(5)   Garbage:         -              6619M (54%)          45M (0%)           29M (0%)             -                  -          
[2025-05-18T22:49:07.458+0300][9688][17228][info][gc,heap     ] GC(5) Reclaimed:         -                  -              6574M (53%)        6590M (54%)            -                  -          
[2025-05-18T22:49:07.458+0300][9688][17228][info][gc          ] GC(5) Garbage Collection (System.gc()) 6630M(54%)->42M(0%)
[2025-05-18T22:49:11.718+0300][9688][17228][info][gc,start    ] GC(6) Garbage Collection (Allocation Rate)
[2025-05-18T22:49:11.718+0300][9688][17228][info][gc,task     ] GC(6) Using 1 workers
[2025-05-18T22:49:11.718+0300][9688][17448][info][gc,phases   ] GC(6) Pause Mark Start 0.009ms
[2025-05-18T22:49:11.845+0300][9688][17228][info][gc,phases   ] GC(6) Concurrent Mark 126.062ms
[2025-05-18T22:49:11.845+0300][9688][17448][info][gc,phases   ] GC(6) Pause Mark End 0.017ms
[2025-05-18T22:49:11.845+0300][9688][17228][info][gc,phases   ] GC(6) Concurrent Mark Free 0.001ms
[2025-05-18T22:49:11.861+0300][9688][17228][info][gc,phases   ] GC(6) Concurrent Process Non-Strong References 15.809ms
[2025-05-18T22:49:11.861+0300][9688][17228][info][gc,phases   ] GC(6) Concurrent Reset Relocation Set 0.003ms
[2025-05-18T22:49:11.865+0300][9688][17228][info][gc,phases   ] GC(6) Concurrent Select Relocation Set 3.557ms
[2025-05-18T22:49:11.865+0300][9688][17448][info][gc,phases   ] GC(6) Pause Relocate Start 0.015ms
[2025-05-18T22:49:11.866+0300][9688][17228][info][gc,phases   ] GC(6) Concurrent Relocate 1.538ms
[2025-05-18T22:49:11.867+0300][9688][17228][info][gc,load     ] GC(6) Load: 0.00/0.00/0.00
[2025-05-18T22:49:11.867+0300][9688][17228][info][gc,mmu      ] GC(6) MMU: 2ms/92.6%, 5ms/97.1%, 10ms/98.5%, 20ms/99.3%, 50ms/99.7%, 100ms/99.9%
[2025-05-18T22:49:11.867+0300][9688][17228][info][gc,marking  ] GC(6) Mark: 1 stripe(s), 3 proactive flush(es), 1 terminate flush(es), 0 completion(s), 0 continuation(s) 
[2025-05-18T22:49:11.867+0300][9688][17228][info][gc,marking  ] GC(6) Mark Stack Usage: 32M
[2025-05-18T22:49:11.867+0300][9688][17228][info][gc,nmethod  ] GC(6) NMethods: 2393 registered, 196 unregistered
[2025-05-18T22:49:11.867+0300][9688][17228][info][gc,metaspace] GC(6) Metaspace: 8M used, 9M committed, 1088M reserved
[2025-05-18T22:49:11.867+0300][9688][17228][info][gc,ref      ] GC(6) Soft: 326 encountered, 0 discovered, 0 enqueued
[2025-05-18T22:49:11.867+0300][9688][17228][info][gc,ref      ] GC(6) Weak: 2497 encountered, 2151 discovered, 1774 enqueued
[2025-05-18T22:49:11.867+0300][9688][17228][info][gc,ref      ] GC(6) Final: 3 encountered, 1 discovered, 0 enqueued
[2025-05-18T22:49:11.867+0300][9688][17228][info][gc,ref      ] GC(6) Phantom: 50 encountered, 36 discovered, 0 enqueued
[2025-05-18T22:49:11.867+0300][9688][17228][info][gc,reloc    ] GC(6) Small Pages: 5512 / 11024M, Empty: 9202M, Relocated: 0M, In-Place: 0
[2025-05-18T22:49:11.867+0300][9688][17228][info][gc,reloc    ] GC(6) Medium Pages: 2 / 64M, Empty: 32M, Relocated: 0M, In-Place: 0
[2025-05-18T22:49:11.867+0300][9688][17228][info][gc,reloc    ] GC(6) Large Pages: 0 / 0M, Empty: 0M, Relocated: 0M, In-Place: 0
[2025-05-18T22:49:11.867+0300][9688][17228][info][gc,reloc    ] GC(6) Forwarding Usage: 0M
[2025-05-18T22:49:11.867+0300][9688][17228][info][gc,heap     ] GC(6) Min Capacity: 12288M(100%)
[2025-05-18T22:49:11.867+0300][9688][17228][info][gc,heap     ] GC(6) Max Capacity: 12288M(100%)
[2025-05-18T22:49:11.867+0300][9688][17228][info][gc,heap     ] GC(6) Soft Max Capacity: 12288M(100%)
[2025-05-18T22:49:11.867+0300][9688][17228][info][gc,heap     ] GC(6)                Mark Start          Mark End        Relocate Start      Relocate End           High               Low         
[2025-05-18T22:49:11.867+0300][9688][17228][info][gc,heap     ] GC(6)  Capacity:    12288M (100%)      12288M (100%)      12288M (100%)      12288M (100%)      12288M (100%)      12288M (100%)   
[2025-05-18T22:49:11.867+0300][9688][17228][info][gc,heap     ] GC(6)      Free:     1200M (10%)        1050M (9%)        10262M (84%)       12074M (98%)       12074M (98%)        1032M (8%)     
[2025-05-18T22:49:11.867+0300][9688][17228][info][gc,heap     ] GC(6)      Used:    11088M (90%)       11238M (91%)        2026M (16%)         214M (2%)        11256M (92%)         214M (2%)     
[2025-05-18T22:49:11.867+0300][9688][17228][info][gc,heap     ] GC(6)      Live:         -                11M (0%)           11M (0%)           11M (0%)             -                  -          
[2025-05-18T22:49:11.867+0300][9688][17228][info][gc,heap     ] GC(6) Allocated:         -               150M (1%)          172M (1%)          173M (1%)             -                  -          
[2025-05-18T22:49:11.867+0300][9688][17228][info][gc,heap     ] GC(6)   Garbage:         -             11076M (90%)        1842M (15%)          28M (0%)             -                  -          
[2025-05-18T22:49:11.867+0300][9688][17228][info][gc,heap     ] GC(6) Reclaimed:         -                  -              9234M (75%)       11047M (90%)            -                  -          
[2025-05-18T22:49:11.867+0300][9688][17228][info][gc          ] GC(6) Garbage Collection (Allocation Rate) 11088M(90%)->214M(2%)
[2025-05-18T22:49:14.121+0300][9688][8248 ][info][gc,stats    ] === Garbage Collection Statistics =======================================================================================================================
[2025-05-18T22:49:14.121+0300][9688][8248 ][info][gc,stats    ]                                                              Last 10s              Last 10m              Last 10h                Total
[2025-05-18T22:49:14.121+0300][9688][8248 ][info][gc,stats    ]                                                              Avg / Max             Avg / Max             Avg / Max             Avg / Max
[2025-05-18T22:49:14.121+0300][9688][8248 ][info][gc,stats    ]   Collector: Garbage Collection Cycle                     89.612 / 148.335      92.315 / 187.760      92.315 / 187.760      92.315 / 187.760     ms
[2025-05-18T22:49:14.121+0300][9688][8248 ][info][gc,stats    ]  Contention: Mark Segment Reset Contention                     0 / 0                 0 / 0                 0 / 0                 0 / 0           ops/s
[2025-05-18T22:49:14.121+0300][9688][8248 ][info][gc,stats    ]  Contention: Mark SeqNum Reset Contention                      0 / 0                 0 / 0                 0 / 0                 0 / 0           ops/s
[2025-05-18T22:49:14.121+0300][9688][8248 ][info][gc,stats    ]    Critical: Allocation Stall                                  0 / 0                 0 / 0                 0 / 0                 0 / 0           ops/s
[2025-05-18T22:49:14.121+0300][9688][8248 ][info][gc,stats    ]    Critical: Allocation Stall                              0.000 / 0.000         0.000 / 0.000         0.000 / 0.000         0.000 / 0.000       ms
[2025-05-18T22:49:14.121+0300][9688][8248 ][info][gc,stats    ]    Critical: GC Locker Stall                                   0 / 0                 0 / 0                 0 / 0                 0 / 0           ops/s
[2025-05-18T22:49:14.121+0300][9688][8248 ][info][gc,stats    ]    Critical: GC Locker Stall                               0.000 / 0.000         0.000 / 0.000         0.000 / 0.000         0.000 / 0.000       ms
[2025-05-18T22:49:14.121+0300][9688][8248 ][info][gc,stats    ]    Critical: Relocation Stall                                  0 / 0                 0 / 0                 0 / 0                 0 / 0           ops/s
[2025-05-18T22:49:14.121+0300][9688][8248 ][info][gc,stats    ]    Critical: Relocation Stall                              0.000 / 0.000         0.000 / 0.000         0.000 / 0.000         0.000 / 0.000       ms
[2025-05-18T22:49:14.121+0300][9688][8248 ][info][gc,stats    ]      Memory: Allocation Rate                                2311 / 3094           2179 / 4316           2179 / 4316           2179 / 4316        MB/s
[2025-05-18T22:49:14.121+0300][9688][8248 ][info][gc,stats    ]      Memory: Defragment                                        0 / 0                 0 / 0                 0 / 0                 0 / 0           ops/s
[2025-05-18T22:49:14.121+0300][9688][8248 ][info][gc,stats    ]      Memory: Out Of Memory                                     0 / 0                 0 / 0                 0 / 0                 0 / 0           ops/s
[2025-05-18T22:49:14.121+0300][9688][8248 ][info][gc,stats    ]      Memory: Page Cache Flush                                  0 / 0                 0 / 0                 0 / 0                 0 / 0           MB/s
[2025-05-18T22:49:14.121+0300][9688][8248 ][info][gc,stats    ]      Memory: Page Cache Hit L1                              1152 / 1547            801 / 1590            801 / 1590            801 / 1590        ops/s
[2025-05-18T22:49:14.121+0300][9688][8248 ][info][gc,stats    ]      Memory: Page Cache Hit L2                                 0 / 0                 0 / 0                 0 / 0                 0 / 0           ops/s
[2025-05-18T22:49:14.121+0300][9688][8248 ][info][gc,stats    ]      Memory: Page Cache Hit L3                                 0 / 1               287 / 1585            287 / 1585            287 / 1585        ops/s
[2025-05-18T22:49:14.121+0300][9688][8248 ][info][gc,stats    ]      Memory: Page Cache Miss                                   0 / 0                 0 / 1                 0 / 1                 0 / 1           ops/s
[2025-05-18T22:49:14.121+0300][9688][8248 ][info][gc,stats    ]      Memory: Uncommit                                          0 / 0                 0 / 0                 0 / 0                 0 / 0           MB/s
[2025-05-18T22:49:14.121+0300][9688][8248 ][info][gc,stats    ]      Memory: Undo Object Allocation Failed                     0 / 0                 0 / 0                 0 / 0                 0 / 0           ops/s
[2025-05-18T22:49:14.121+0300][9688][8248 ][info][gc,stats    ]      Memory: Undo Object Allocation Succeeded                  0 / 8                 4 / 31                4 / 31                4 / 31          ops/s
[2025-05-18T22:49:14.121+0300][9688][8248 ][info][gc,stats    ]      Memory: Undo Page Allocation                              0 / 0                 0 / 2                 0 / 2                 0 / 2           ops/s
[2025-05-18T22:49:14.121+0300][9688][8248 ][info][gc,stats    ]       Phase: Concurrent Mark                              73.259 / 126.062      70.368 / 159.546      70.368 / 159.546      70.368 / 159.546     ms
[2025-05-18T22:49:14.121+0300][9688][8248 ][info][gc,stats    ]       Phase: Concurrent Mark Continue                      0.000 / 0.000         0.000 / 0.000         0.000 / 0.000         0.000 / 0.000       ms
[2025-05-18T22:49:14.121+0300][9688][8248 ][info][gc,stats    ]       Phase: Concurrent Mark Free                          0.001 / 0.002         0.001 / 0.002         0.001 / 0.002         0.001 / 0.002       ms
[2025-05-18T22:49:14.121+0300][9688][8248 ][info][gc,stats    ]       Phase: Concurrent Process Non-Strong References      9.721 / 15.809       12.749 / 32.033       12.749 / 32.033       12.749 / 32.033      ms
[2025-05-18T22:49:14.121+0300][9688][8248 ][info][gc,stats    ]       Phase: Concurrent Relocate                           1.601 / 1.665         2.051 / 3.900         2.051 / 3.900         2.051 / 3.900       ms
[2025-05-18T22:49:14.121+0300][9688][8248 ][info][gc,stats    ]       Phase: Concurrent Reset Relocation Set               0.019 / 0.035         0.021 / 0.061         0.021 / 0.061         0.021 / 0.061       ms
[2025-05-18T22:49:14.121+0300][9688][8248 ][info][gc,stats    ]       Phase: Concurrent Select Relocation Set              3.729 / 3.902         3.704 / 6.557         3.704 / 6.557         3.704 / 6.557       ms
[2025-05-18T22:49:14.121+0300][9688][8248 ][info][gc,stats    ]       Phase: Pause Mark End                                0.035 / 0.053         0.028 / 0.053         0.028 / 0.053         0.028 / 0.053       ms
[2025-05-18T22:49:14.121+0300][9688][8248 ][info][gc,stats    ]       Phase: Pause Mark Start                              0.010 / 0.010         0.028 / 0.147         0.028 / 0.147         0.028 / 0.147       ms
[2025-05-18T22:49:14.121+0300][9688][8248 ][info][gc,stats    ]       Phase: Pause Relocate Start                          0.013 / 0.015         0.013 / 0.018         0.013 / 0.018         0.013 / 0.018       ms
[2025-05-18T22:49:14.122+0300][9688][8248 ][info][gc,stats    ]    Subphase: Concurrent Classes Purge                      0.304 / 0.333         0.517 / 1.825         0.517 / 1.825         0.517 / 1.825       ms
[2025-05-18T22:49:14.122+0300][9688][8248 ][info][gc,stats    ]    Subphase: Concurrent Classes Unlink                     4.233 / 5.804         4.235 / 10.627        4.235 / 10.627        4.235 / 10.627      ms
[2025-05-18T22:49:14.122+0300][9688][8248 ][info][gc,stats    ]    Subphase: Concurrent Mark                              50.476 / 125.246      55.818 / 159.149      55.818 / 159.149      55.818 / 159.149     ms
[2025-05-18T22:49:14.122+0300][9688][8248 ][info][gc,stats    ]    Subphase: Concurrent Mark Try Flush                    12.682 / 31.674       13.260 / 47.931       13.260 / 47.931       13.260 / 47.931      ms
[2025-05-18T22:49:14.122+0300][9688][8248 ][info][gc,stats    ]    Subphase: Concurrent Mark Try Terminate                 6.293 / 16.040        9.622 / 31.993        9.622 / 31.993        9.622 / 31.993      ms
[2025-05-18T22:49:14.122+0300][9688][8248 ][info][gc,stats    ]    Subphase: Concurrent References Enqueue                 0.007 / 0.009         0.006 / 0.013         0.006 / 0.013         0.006 / 0.013       ms
[2025-05-18T22:49:14.122+0300][9688][8248 ][info][gc,stats    ]    Subphase: Concurrent References Process                 0.482 / 0.886         0.356 / 0.886         0.356 / 0.886         0.356 / 0.886       ms
[2025-05-18T22:49:14.122+0300][9688][8248 ][info][gc,stats    ]    Subphase: Concurrent Roots ClassLoaderDataGraph         0.208 / 0.339         0.165 / 0.474         0.165 / 0.474         0.165 / 0.474       ms
[2025-05-18T22:49:14.122+0300][9688][8248 ][info][gc,stats    ]    Subphase: Concurrent Roots CodeCache                    0.000 / 0.000         0.000 / 0.000         0.000 / 0.000         0.000 / 0.000       ms
[2025-05-18T22:49:14.122+0300][9688][8248 ][info][gc,stats    ]    Subphase: Concurrent Roots JavaThreads                  0.240 / 0.384         0.257 / 0.636         0.257 / 0.636         0.257 / 0.636       ms
[2025-05-18T22:49:14.122+0300][9688][8248 ][info][gc,stats    ]    Subphase: Concurrent Roots OopStorageSet                0.035 / 0.041         0.050 / 0.182         0.050 / 0.182         0.050 / 0.182       ms
[2025-05-18T22:49:14.122+0300][9688][8248 ][info][gc,stats    ]    Subphase: Concurrent Weak Roots OopStorageSet           0.411 / 0.573         0.392 / 0.718         0.392 / 0.718         0.392 / 0.718       ms
[2025-05-18T22:49:14.122+0300][9688][8248 ][info][gc,stats    ]    Subphase: Pause Mark Try Complete                       0.000 / 0.000         0.000 / 0.000         0.000 / 0.000         0.000 / 0.000       ms
[2025-05-18T22:49:14.122+0300][9688][8248 ][info][gc,stats    ]      System: Java Threads                                     16 / 19               17 / 21               17 / 21               17 / 21          threads
[2025-05-18T22:49:14.122+0300][9688][8248 ][info][gc,stats    ] =========================================================================================================================================================
[2025-05-18T22:49:15.623+0300][9688][17228][info][gc,start    ] GC(7) Garbage Collection (Allocation Rate)
[2025-05-18T22:49:15.623+0300][9688][17228][info][gc,task     ] GC(7) Using 1 workers
[2025-05-18T22:49:15.623+0300][9688][17448][info][gc,phases   ] GC(7) Pause Mark Start 0.013ms
[2025-05-18T22:49:15.673+0300][9688][17228][info][gc,phases   ] GC(7) Concurrent Mark 49.605ms
[2025-05-18T22:49:15.674+0300][9688][17448][info][gc,phases   ] GC(7) Pause Mark End 0.018ms
[2025-05-18T22:49:15.674+0300][9688][17228][info][gc,phases   ] GC(7) Concurrent Mark Free 0.002ms
[2025-05-18T22:49:15.681+0300][9688][17228][info][gc,phases   ] GC(7) Concurrent Process Non-Strong References 7.346ms
[2025-05-18T22:49:15.681+0300][9688][17228][info][gc,phases   ] GC(7) Concurrent Reset Relocation Set 0.036ms
[2025-05-18T22:49:15.685+0300][9688][17228][info][gc,phases   ] GC(7) Concurrent Select Relocation Set 3.286ms
[2025-05-18T22:49:15.685+0300][9688][17448][info][gc,phases   ] GC(7) Pause Relocate Start 0.011ms
[2025-05-18T22:49:15.687+0300][9688][17228][info][gc,phases   ] GC(7) Concurrent Relocate 1.639ms
[2025-05-18T22:49:15.687+0300][9688][17228][info][gc,load     ] GC(7) Load: 0.00/0.00/0.00
[2025-05-18T22:49:15.687+0300][9688][17228][info][gc,mmu      ] GC(7) MMU: 2ms/92.6%, 5ms/97.1%, 10ms/98.5%, 20ms/99.3%, 50ms/99.7%, 100ms/99.9%
[2025-05-18T22:49:15.687+0300][9688][17228][info][gc,marking  ] GC(7) Mark: 1 stripe(s), 2 proactive flush(es), 1 terminate flush(es), 0 completion(s), 0 continuation(s) 
[2025-05-18T22:49:15.687+0300][9688][17228][info][gc,marking  ] GC(7) Mark Stack Usage: 32M
[2025-05-18T22:49:15.687+0300][9688][17228][info][gc,nmethod  ] GC(7) NMethods: 2394 registered, 211 unregistered
[2025-05-18T22:49:15.687+0300][9688][17228][info][gc,metaspace] GC(7) Metaspace: 8M used, 9M committed, 1088M reserved
[2025-05-18T22:49:15.687+0300][9688][17228][info][gc,ref      ] GC(7) Soft: 326 encountered, 0 discovered, 0 enqueued
[2025-05-18T22:49:15.687+0300][9688][17228][info][gc,ref      ] GC(7) Weak: 2525 encountered, 2179 discovered, 1802 enqueued
[2025-05-18T22:49:15.687+0300][9688][17228][info][gc,ref      ] GC(7) Final: 3 encountered, 1 discovered, 0 enqueued
[2025-05-18T22:49:15.687+0300][9688][17228][info][gc,ref      ] GC(7) Phantom: 50 encountered, 36 discovered, 0 enqueued
[2025-05-18T22:49:15.687+0300][9688][17228][info][gc,reloc    ] GC(7) Small Pages: 5567 / 11134M, Empty: 9280M, Relocated: 0M, In-Place: 0
[2025-05-18T22:49:15.687+0300][9688][17228][info][gc,reloc    ] GC(7) Medium Pages: 1 / 32M, Empty: 0M, Relocated: 0M, In-Place: 0
[2025-05-18T22:49:15.687+0300][9688][17228][info][gc,reloc    ] GC(7) Large Pages: 0 / 0M, Empty: 0M, Relocated: 0M, In-Place: 0
[2025-05-18T22:49:15.687+0300][9688][17228][info][gc,reloc    ] GC(7) Forwarding Usage: 0M
[2025-05-18T22:49:15.687+0300][9688][17228][info][gc,heap     ] GC(7) Min Capacity: 12288M(100%)
[2025-05-18T22:49:15.687+0300][9688][17228][info][gc,heap     ] GC(7) Max Capacity: 12288M(100%)
[2025-05-18T22:49:15.687+0300][9688][17228][info][gc,heap     ] GC(7) Soft Max Capacity: 12288M(100%)
[2025-05-18T22:49:15.687+0300][9688][17228][info][gc,heap     ] GC(7)                Mark Start          Mark End        Relocate Start      Relocate End           High               Low         
[2025-05-18T22:49:15.687+0300][9688][17228][info][gc,heap     ] GC(7)  Capacity:    12288M (100%)      12288M (100%)      12288M (100%)      12288M (100%)      12288M (100%)      12288M (100%)   
[2025-05-18T22:49:15.687+0300][9688][17228][info][gc,heap     ] GC(7)      Free:     1122M (9%)         1022M (8%)        10296M (84%)       12140M (99%)       12140M (99%)        1016M (8%)     
[2025-05-18T22:49:15.687+0300][9688][17228][info][gc,heap     ] GC(7)      Used:    11166M (91%)       11266M (92%)        1992M (16%)         148M (1%)        11272M (92%)         148M (1%)     
[2025-05-18T22:49:15.687+0300][9688][17228][info][gc,heap     ] GC(7)      Live:         -                11M (0%)           11M (0%)           11M (0%)             -                  -          
[2025-05-18T22:49:15.687+0300][9688][17228][info][gc,heap     ] GC(7) Allocated:         -               100M (1%)          106M (1%)          107M (1%)             -                  -          
[2025-05-18T22:49:15.687+0300][9688][17228][info][gc,heap     ] GC(7)   Garbage:         -             11154M (91%)        1874M (15%)          28M (0%)             -                  -          
[2025-05-18T22:49:15.687+0300][9688][17228][info][gc,heap     ] GC(7) Reclaimed:         -                  -              9280M (76%)       11125M (91%)            -                  -          
[2025-05-18T22:49:15.687+0300][9688][17228][info][gc          ] GC(7) Garbage Collection (Allocation Rate) 11166M(91%)->148M(1%)
[2025-05-18T22:49:17.142+0300][9688][17228][info][gc,start    ] GC(8) Garbage Collection (System.gc())
[2025-05-18T22:49:17.142+0300][9688][17228][info][gc,task     ] GC(8) Using 2 workers
[2025-05-18T22:49:17.142+0300][9688][17448][info][gc,phases   ] GC(8) Pause Mark Start 0.012ms
[2025-05-18T22:49:17.157+0300][9688][17228][info][gc,phases   ] GC(8) Concurrent Mark 14.826ms
[2025-05-18T22:49:17.157+0300][9688][17448][info][gc,phases   ] GC(8) Pause Mark End 0.027ms
[2025-05-18T22:49:17.157+0300][9688][17228][info][gc,phases   ] GC(8) Concurrent Mark Free 0.001ms
[2025-05-18T22:49:17.160+0300][9688][17228][info][gc,phases   ] GC(8) Concurrent Process Non-Strong References 3.320ms
[2025-05-18T22:49:17.160+0300][9688][17228][info][gc,phases   ] GC(8) Concurrent Reset Relocation Set 0.036ms
[2025-05-18T22:49:17.165+0300][9688][17228][info][gc,phases   ] GC(8) Concurrent Select Relocation Set 4.268ms
[2025-05-18T22:49:17.165+0300][9688][17448][info][gc,phases   ] GC(8) Pause Relocate Start 0.009ms
[2025-05-18T22:49:17.166+0300][9688][17228][info][gc,phases   ] GC(8) Concurrent Relocate 1.280ms
[2025-05-18T22:49:17.166+0300][9688][17228][info][gc,load     ] GC(8) Load: 0.00/0.00/0.00
[2025-05-18T22:49:17.166+0300][9688][17228][info][gc,mmu      ] GC(8) MMU: 2ms/92.6%, 5ms/97.1%, 10ms/98.5%, 20ms/99.3%, 50ms/99.7%, 100ms/99.9%
[2025-05-18T22:49:17.166+0300][9688][17228][info][gc,marking  ] GC(8) Mark: 2 stripe(s), 1 proactive flush(es), 1 terminate flush(es), 0 completion(s), 0 continuation(s) 
[2025-05-18T22:49:17.166+0300][9688][17228][info][gc,marking  ] GC(8) Mark Stack Usage: 32M
[2025-05-18T22:49:17.166+0300][9688][17228][info][gc,nmethod  ] GC(8) NMethods: 2400 registered, 217 unregistered
[2025-05-18T22:49:17.166+0300][9688][17228][info][gc,metaspace] GC(8) Metaspace: 8M used, 9M committed, 1088M reserved
[2025-05-18T22:49:17.166+0300][9688][17228][info][gc,ref      ] GC(8) Soft: 326 encountered, 0 discovered, 0 enqueued
[2025-05-18T22:49:17.166+0300][9688][17228][info][gc,ref      ] GC(8) Weak: 674 encountered, 449 discovered, 0 enqueued
[2025-05-18T22:49:17.166+0300][9688][17228][info][gc,ref      ] GC(8) Final: 3 encountered, 3 discovered, 0 enqueued
[2025-05-18T22:49:17.167+0300][9688][17228][info][gc,ref      ] GC(8) Phantom: 26 encountered, 12 discovered, 0 enqueued
[2025-05-18T22:49:17.167+0300][9688][17228][info][gc,reloc    ] GC(8) Small Pages: 1596 / 3192M, Empty: 3176M, Relocated: 1M, In-Place: 0
[2025-05-18T22:49:17.167+0300][9688][17228][info][gc,reloc    ] GC(8) Medium Pages: 2 / 64M, Empty: 32M, Relocated: 0M, In-Place: 0
[2025-05-18T22:49:17.167+0300][9688][17228][info][gc,reloc    ] GC(8) Large Pages: 0 / 0M, Empty: 0M, Relocated: 0M, In-Place: 0
[2025-05-18T22:49:17.167+0300][9688][17228][info][gc,reloc    ] GC(8) Forwarding Usage: 0M
[2025-05-18T22:49:17.167+0300][9688][17228][info][gc,heap     ] GC(8) Min Capacity: 12288M(100%)
[2025-05-18T22:49:17.167+0300][9688][17228][info][gc,heap     ] GC(8) Max Capacity: 12288M(100%)
[2025-05-18T22:49:17.167+0300][9688][17228][info][gc,heap     ] GC(8) Soft Max Capacity: 12288M(100%)
[2025-05-18T22:49:17.167+0300][9688][17228][info][gc,heap     ] GC(8)                Mark Start          Mark End        Relocate Start      Relocate End           High               Low         
[2025-05-18T22:49:17.167+0300][9688][17228][info][gc,heap     ] GC(8)  Capacity:    12288M (100%)      12288M (100%)      12288M (100%)      12288M (100%)      12288M (100%)      12288M (100%)   
[2025-05-18T22:49:17.167+0300][9688][17228][info][gc,heap     ] GC(8)      Free:     9032M (74%)        9032M (74%)       12240M (100%)      12248M (100%)      12248M (100%)       9032M (74%)    
[2025-05-18T22:49:17.167+0300][9688][17228][info][gc,heap     ] GC(8)      Used:     3256M (26%)        3256M (26%)          48M (0%)           40M (0%)         3256M (26%)          40M (0%)     
[2025-05-18T22:49:17.167+0300][9688][17228][info][gc,heap     ] GC(8)      Live:         -                10M (0%)           10M (0%)           10M (0%)             -                  -          
[2025-05-18T22:49:17.167+0300][9688][17228][info][gc,heap     ] GC(8) Allocated:         -                 0M (0%)            0M (0%)            0M (0%)             -                  -          
[2025-05-18T22:49:17.167+0300][9688][17228][info][gc,heap     ] GC(8)   Garbage:         -              3245M (26%)          37M (0%)           29M (0%)             -                  -          
[2025-05-18T22:49:17.167+0300][9688][17228][info][gc,heap     ] GC(8) Reclaimed:         -                  -              3208M (26%)        3216M (26%)            -                  -          
[2025-05-18T22:49:17.167+0300][9688][17228][info][gc          ] GC(8) Garbage Collection (System.gc()) 3256M(26%)->40M(0%)
[2025-05-18T22:49:20.716+0300][9688][17228][info][gc,start    ] GC(9) Garbage Collection (Allocation Rate)
[2025-05-18T22:49:20.716+0300][9688][17228][info][gc,task     ] GC(9) Using 1 workers
[2025-05-18T22:49:20.716+0300][9688][17448][info][gc,phases   ] GC(9) Pause Mark Start 0.011ms
[2025-05-18T22:49:20.764+0300][9688][17228][info][gc,phases   ] GC(9) Concurrent Mark 47.734ms
[2025-05-18T22:49:20.764+0300][9688][17448][info][gc,phases   ] GC(9) Pause Mark End 0.022ms
[2025-05-18T22:49:20.764+0300][9688][17228][info][gc,phases   ] GC(9) Concurrent Mark Free 0.001ms
[2025-05-18T22:49:20.773+0300][9688][17228][info][gc,phases   ] GC(9) Concurrent Process Non-Strong References 8.979ms
[2025-05-18T22:49:20.773+0300][9688][17228][info][gc,phases   ] GC(9) Concurrent Reset Relocation Set 0.002ms
[2025-05-18T22:49:20.776+0300][9688][17228][info][gc,phases   ] GC(9) Concurrent Select Relocation Set 3.412ms
[2025-05-18T22:49:20.777+0300][9688][17448][info][gc,phases   ] GC(9) Pause Relocate Start 0.013ms
[2025-05-18T22:49:20.778+0300][9688][17228][info][gc,phases   ] GC(9) Concurrent Relocate 1.602ms
[2025-05-18T22:49:20.778+0300][9688][17228][info][gc,load     ] GC(9) Load: 0.00/0.00/0.00
[2025-05-18T22:49:20.778+0300][9688][17228][info][gc,mmu      ] GC(9) MMU: 2ms/92.6%, 5ms/97.1%, 10ms/98.5%, 20ms/99.3%, 50ms/99.7%, 100ms/99.9%
[2025-05-18T22:49:20.778+0300][9688][17228][info][gc,marking  ] GC(9) Mark: 1 stripe(s), 2 proactive flush(es), 1 terminate flush(es), 0 completion(s), 0 continuation(s) 
[2025-05-18T22:49:20.778+0300][9688][17228][info][gc,marking  ] GC(9) Mark Stack Usage: 32M
[2025-05-18T22:49:20.779+0300][9688][17228][info][gc,nmethod  ] GC(9) NMethods: 2407 registered, 227 unregistered
[2025-05-18T22:49:20.779+0300][9688][17228][info][gc,metaspace] GC(9) Metaspace: 8M used, 9M committed, 1088M reserved
[2025-05-18T22:49:20.779+0300][9688][17228][info][gc,ref      ] GC(9) Soft: 326 encountered, 0 discovered, 0 enqueued
[2025-05-18T22:49:20.779+0300][9688][17228][info][gc,ref      ] GC(9) Weak: 2571 encountered, 2225 discovered, 1848 enqueued
[2025-05-18T22:49:20.779+0300][9688][17228][info][gc,ref      ] GC(9) Final: 3 encountered, 1 discovered, 0 enqueued
[2025-05-18T22:49:20.779+0300][9688][17228][info][gc,ref      ] GC(9) Phantom: 48 encountered, 34 discovered, 0 enqueued
[2025-05-18T22:49:20.779+0300][9688][17228][info][gc,reloc    ] GC(9) Small Pages: 5744 / 11488M, Empty: 9582M, Relocated: 0M, In-Place: 0
[2025-05-18T22:49:20.779+0300][9688][17228][info][gc,reloc    ] GC(9) Medium Pages: 2 / 64M, Empty: 32M, Relocated: 0M, In-Place: 0
[2025-05-18T22:49:20.779+0300][9688][17228][info][gc,reloc    ] GC(9) Large Pages: 0 / 0M, Empty: 0M, Relocated: 0M, In-Place: 0
[2025-05-18T22:49:20.779+0300][9688][17228][info][gc,reloc    ] GC(9) Forwarding Usage: 0M
[2025-05-18T22:49:20.779+0300][9688][17228][info][gc,heap     ] GC(9) Min Capacity: 12288M(100%)
[2025-05-18T22:49:20.779+0300][9688][17228][info][gc,heap     ] GC(9) Max Capacity: 12288M(100%)
[2025-05-18T22:49:20.779+0300][9688][17228][info][gc,heap     ] GC(9) Soft Max Capacity: 12288M(100%)
[2025-05-18T22:49:20.779+0300][9688][17228][info][gc,heap     ] GC(9)                Mark Start          Mark End        Relocate Start      Relocate End           High               Low         
[2025-05-18T22:49:20.779+0300][9688][17228][info][gc,heap     ] GC(9)  Capacity:    12288M (100%)      12288M (100%)      12288M (100%)      12288M (100%)      12288M (100%)      12288M (100%)   
[2025-05-18T22:49:20.779+0300][9688][17228][info][gc,heap     ] GC(9)      Free:      736M (6%)          632M (5%)        10224M (83%)       12122M (99%)       12122M (99%)         616M (5%)     
[2025-05-18T22:49:20.779+0300][9688][17228][info][gc,heap     ] GC(9)      Used:    11552M (94%)       11656M (95%)        2064M (17%)         166M (1%)        11672M (95%)         166M (1%)     
[2025-05-18T22:49:20.779+0300][9688][17228][info][gc,heap     ] GC(9)      Live:         -                11M (0%)           11M (0%)           11M (0%)             -                  -          
[2025-05-18T22:49:20.779+0300][9688][17228][info][gc,heap     ] GC(9) Allocated:         -               104M (1%)          126M (1%)          125M (1%)             -                  -          
[2025-05-18T22:49:20.779+0300][9688][17228][info][gc,heap     ] GC(9)   Garbage:         -             11540M (94%)        1926M (16%)          28M (0%)             -                  -          
[2025-05-18T22:49:20.779+0300][9688][17228][info][gc,heap     ] GC(9) Reclaimed:         -                  -              9614M (78%)       11511M (94%)            -                  -          
[2025-05-18T22:49:20.779+0300][9688][17228][info][gc          ] GC(9) Garbage Collection (Allocation Rate) 11552M(94%)->166M(1%)
[2025-05-18T22:49:23.924+0300][9688][17228][info][gc,start    ] GC(10) Garbage Collection (Proactive)
[2025-05-18T22:49:23.924+0300][9688][17228][info][gc,task     ] GC(10) Using 2 workers
[2025-05-18T22:49:23.924+0300][9688][17448][info][gc,phases   ] GC(10) Pause Mark Start 0.019ms
[2025-05-18T22:49:23.955+0300][9688][17228][info][gc,phases   ] GC(10) Concurrent Mark 30.644ms
[2025-05-18T22:49:23.955+0300][9688][17448][info][gc,phases   ] GC(10) Pause Mark End 0.039ms
[2025-05-18T22:49:23.955+0300][9688][17228][info][gc,phases   ] GC(10) Concurrent Mark Free 0.001ms
[2025-05-18T22:49:23.959+0300][9688][17228][info][gc,phases   ] GC(10) Concurrent Process Non-Strong References 3.984ms
[2025-05-18T22:49:23.959+0300][9688][17228][info][gc,phases   ] GC(10) Concurrent Reset Relocation Set 0.059ms
[2025-05-18T22:49:23.964+0300][9688][17228][info][gc,phases   ] GC(10) Concurrent Select Relocation Set 4.974ms
[2025-05-18T22:49:23.964+0300][9688][17448][info][gc,phases   ] GC(10) Pause Relocate Start 0.012ms
[2025-05-18T22:49:23.965+0300][9688][17228][info][gc,phases   ] GC(10) Concurrent Relocate 0.880ms
[2025-05-18T22:49:23.965+0300][9688][17228][info][gc,load     ] GC(10) Load: 0.00/0.00/0.00
[2025-05-18T22:49:23.965+0300][9688][17228][info][gc,mmu      ] GC(10) MMU: 2ms/92.6%, 5ms/97.1%, 10ms/98.5%, 20ms/99.3%, 50ms/99.7%, 100ms/99.9%
[2025-05-18T22:49:23.965+0300][9688][17228][info][gc,marking  ] GC(10) Mark: 2 stripe(s), 3 proactive flush(es), 1 terminate flush(es), 0 completion(s), 0 continuation(s) 
[2025-05-18T22:49:23.965+0300][9688][17228][info][gc,marking  ] GC(10) Mark Stack Usage: 32M
[2025-05-18T22:49:23.965+0300][9688][17228][info][gc,nmethod  ] GC(10) NMethods: 2406 registered, 256 unregistered
[2025-05-18T22:49:23.965+0300][9688][17228][info][gc,metaspace] GC(10) Metaspace: 8M used, 9M committed, 1088M reserved
[2025-05-18T22:49:23.965+0300][9688][17228][info][gc,ref      ] GC(10) Soft: 326 encountered, 0 discovered, 0 enqueued
[2025-05-18T22:49:23.966+0300][9688][17228][info][gc,ref      ] GC(10) Weak: 1823 encountered, 1553 discovered, 1100 enqueued
[2025-05-18T22:49:23.966+0300][9688][17228][info][gc,ref      ] GC(10) Final: 3 encountered, 3 discovered, 0 enqueued
[2025-05-18T22:49:23.966+0300][9688][17228][info][gc,ref      ] GC(10) Phantom: 50 encountered, 43 discovered, 0 enqueued
[2025-05-18T22:49:23.966+0300][9688][17228][info][gc,reloc    ] GC(10) Small Pages: 3400 / 6800M, Empty: 5656M, Relocated: 0M, In-Place: 0
[2025-05-18T22:49:23.966+0300][9688][17228][info][gc,reloc    ] GC(10) Medium Pages: 1 / 32M, Empty: 0M, Relocated: 0M, In-Place: 0
[2025-05-18T22:49:23.966+0300][9688][17228][info][gc,reloc    ] GC(10) Large Pages: 0 / 0M, Empty: 0M, Relocated: 0M, In-Place: 0
[2025-05-18T22:49:23.966+0300][9688][17228][info][gc,reloc    ] GC(10) Forwarding Usage: 0M
[2025-05-18T22:49:23.966+0300][9688][17228][info][gc,heap     ] GC(10) Min Capacity: 12288M(100%)
[2025-05-18T22:49:23.966+0300][9688][17228][info][gc,heap     ] GC(10) Max Capacity: 12288M(100%)
[2025-05-18T22:49:23.966+0300][9688][17228][info][gc,heap     ] GC(10) Soft Max Capacity: 12288M(100%)
[2025-05-18T22:49:23.966+0300][9688][17228][info][gc,heap     ] GC(10)                Mark Start          Mark End        Relocate Start      Relocate End           High               Low         
[2025-05-18T22:49:23.966+0300][9688][17228][info][gc,heap     ] GC(10)  Capacity:    12288M (100%)      12288M (100%)      12288M (100%)      12288M (100%)      12288M (100%)      12288M (100%)   
[2025-05-18T22:49:23.966+0300][9688][17228][info][gc,heap     ] GC(10)      Free:     5456M (44%)        5388M (44%)       11024M (90%)       12156M (99%)       12156M (99%)        5380M (44%)    
[2025-05-18T22:49:23.966+0300][9688][17228][info][gc,heap     ] GC(10)      Used:     6832M (56%)        6900M (56%)        1264M (10%)         132M (1%)         6908M (56%)         132M (1%)     
[2025-05-18T22:49:23.966+0300][9688][17228][info][gc,heap     ] GC(10)      Live:         -                11M (0%)           11M (0%)           11M (0%)             -                  -          
[2025-05-18T22:49:23.966+0300][9688][17228][info][gc,heap     ] GC(10) Allocated:         -                68M (1%)           88M (1%)           89M (1%)             -                  -          
[2025-05-18T22:49:23.966+0300][9688][17228][info][gc,heap     ] GC(10)   Garbage:         -              6820M (56%)        1164M (9%)           30M (0%)             -                  -          
[2025-05-18T22:49:23.966+0300][9688][17228][info][gc,heap     ] GC(10) Reclaimed:         -                  -              5656M (46%)        6789M (55%)            -                  -          
[2025-05-18T22:49:23.966+0300][9688][17228][info][gc          ] GC(10) Garbage Collection (Proactive) 6832M(56%)->132M(1%)
[2025-05-18T22:49:24.130+0300][9688][8248 ][info][gc,stats    ] === Garbage Collection Statistics =======================================================================================================================
[2025-05-18T22:49:24.130+0300][9688][8248 ][info][gc,stats    ]                                                              Last 10s              Last 10m              Last 10h                Total
[2025-05-18T22:49:24.130+0300][9688][8248 ][info][gc,stats    ]                                                              Avg / Max             Avg / Max             Avg / Max             Avg / Max
[2025-05-18T22:49:24.130+0300][9688][8248 ][info][gc,stats    ]   Collector: Garbage Collection Cycle                     48.409 / 64.300       76.349 / 187.760      76.349 / 187.760      76.349 / 187.760     ms
[2025-05-18T22:49:24.130+0300][9688][8248 ][info][gc,stats    ]  Contention: Mark Segment Reset Contention                     0 / 0                 0 / 0                 0 / 0                 0 / 0           ops/s
[2025-05-18T22:49:24.130+0300][9688][8248 ][info][gc,stats    ]  Contention: Mark SeqNum Reset Contention                      0 / 0                 0 / 0                 0 / 0                 0 / 0           ops/s
[2025-05-18T22:49:24.130+0300][9688][8248 ][info][gc,stats    ]    Critical: Allocation Stall                                  0 / 0                 0 / 0                 0 / 0                 0 / 0           ops/s
[2025-05-18T22:49:24.130+0300][9688][8248 ][info][gc,stats    ]    Critical: Allocation Stall                              0.000 / 0.000         0.000 / 0.000         0.000 / 0.000         0.000 / 0.000       ms
[2025-05-18T22:49:24.130+0300][9688][8248 ][info][gc,stats    ]    Critical: GC Locker Stall                                   0 / 0                 0 / 0                 0 / 0                 0 / 0           ops/s
[2025-05-18T22:49:24.130+0300][9688][8248 ][info][gc,stats    ]    Critical: GC Locker Stall                               0.000 / 0.000         0.000 / 0.000         0.000 / 0.000         0.000 / 0.000       ms
[2025-05-18T22:49:24.130+0300][9688][8248 ][info][gc,stats    ]    Critical: Relocation Stall                                  0 / 0                 0 / 0                 0 / 0                 0 / 0           ops/s
[2025-05-18T22:49:24.130+0300][9688][8248 ][info][gc,stats    ]    Critical: Relocation Stall                              0.000 / 0.000         0.000 / 0.000         0.000 / 0.000         0.000 / 0.000       ms
[2025-05-18T22:49:24.130+0300][9688][8248 ][info][gc,stats    ]      Memory: Allocation Rate                                2635 / 3390           2331 / 4316           2331 / 4316           2331 / 4316        MB/s
[2025-05-18T22:49:24.130+0300][9688][8248 ][info][gc,stats    ]      Memory: Defragment                                        0 / 0                 0 / 0                 0 / 0                 0 / 0           ops/s
[2025-05-18T22:49:24.130+0300][9688][8248 ][info][gc,stats    ]      Memory: Out Of Memory                                     0 / 0                 0 / 0                 0 / 0                 0 / 0           ops/s
[2025-05-18T22:49:24.130+0300][9688][8248 ][info][gc,stats    ]      Memory: Page Cache Flush                                  0 / 0                 0 / 0                 0 / 0                 0 / 0           MB/s
[2025-05-18T22:49:24.130+0300][9688][8248 ][info][gc,stats    ]      Memory: Page Cache Hit L1                              1309 / 1695            970 / 1695            970 / 1695            970 / 1695        ops/s
[2025-05-18T22:49:24.130+0300][9688][8248 ][info][gc,stats    ]      Memory: Page Cache Hit L2                                 0 / 0                 0 / 0                 0 / 0                 0 / 0           ops/s
[2025-05-18T22:49:24.130+0300][9688][8248 ][info][gc,stats    ]      Memory: Page Cache Hit L3                                 6 / 61              193 / 1585            193 / 1585            193 / 1585        ops/s
[2025-05-18T22:49:24.130+0300][9688][8248 ][info][gc,stats    ]      Memory: Page Cache Miss                                   0 / 0                 0 / 1                 0 / 1                 0 / 1           ops/s
[2025-05-18T22:49:24.130+0300][9688][8248 ][info][gc,stats    ]      Memory: Uncommit                                          0 / 0                 0 / 0                 0 / 0                 0 / 0           MB/s
[2025-05-18T22:49:24.130+0300][9688][8248 ][info][gc,stats    ]      Memory: Undo Object Allocation Failed                     0 / 0                 0 / 0                 0 / 0                 0 / 0           ops/s
[2025-05-18T22:49:24.130+0300][9688][8248 ][info][gc,stats    ]      Memory: Undo Object Allocation Succeeded                  5 / 46                4 / 46                4 / 46                4 / 46          ops/s
[2025-05-18T22:49:24.130+0300][9688][8248 ][info][gc,stats    ]      Memory: Undo Page Allocation                              0 / 0                 0 / 2                 0 / 2                 0 / 2           ops/s
[2025-05-18T22:49:24.130+0300][9688][8248 ][info][gc,stats    ]       Phase: Concurrent Mark                              35.702 / 49.605       57.762 / 159.546      57.762 / 159.546      57.762 / 159.546     ms
[2025-05-18T22:49:24.130+0300][9688][8248 ][info][gc,stats    ]       Phase: Concurrent Mark Continue                      0.000 / 0.000         0.000 / 0.000         0.000 / 0.000         0.000 / 0.000       ms
[2025-05-18T22:49:24.130+0300][9688][8248 ][info][gc,stats    ]       Phase: Concurrent Mark Free                          0.001 / 0.002         0.001 / 0.002         0.001 / 0.002         0.001 / 0.002       ms
[2025-05-18T22:49:24.130+0300][9688][8248 ][info][gc,stats    ]       Phase: Concurrent Process Non-Strong References      5.907 / 8.979        10.261 / 32.033       10.261 / 32.033       10.261 / 32.033      ms
[2025-05-18T22:49:24.130+0300][9688][8248 ][info][gc,stats    ]       Phase: Concurrent Relocate                           1.350 / 1.639         1.796 / 3.900         1.796 / 3.900         1.796 / 3.900       ms
[2025-05-18T22:49:24.130+0300][9688][8248 ][info][gc,stats    ]       Phase: Concurrent Reset Relocation Set               0.033 / 0.059         0.025 / 0.061         0.025 / 0.061         0.025 / 0.061       ms
[2025-05-18T22:49:24.130+0300][9688][8248 ][info][gc,stats    ]       Phase: Concurrent Select Relocation Set              3.985 / 4.974         3.806 / 6.557         3.806 / 6.557         3.806 / 6.557       ms
[2025-05-18T22:49:24.130+0300][9688][8248 ][info][gc,stats    ]       Phase: Pause Mark End                                0.026 / 0.039         0.027 / 0.053         0.027 / 0.053         0.027 / 0.053       ms
[2025-05-18T22:49:24.130+0300][9688][8248 ][info][gc,stats    ]       Phase: Pause Mark Start                              0.014 / 0.019         0.023 / 0.147         0.023 / 0.147         0.023 / 0.147       ms
[2025-05-18T22:49:24.130+0300][9688][8248 ][info][gc,stats    ]       Phase: Pause Relocate Start                          0.011 / 0.013         0.013 / 0.018         0.013 / 0.018         0.013 / 0.018       ms
[2025-05-18T22:49:24.131+0300][9688][8248 ][info][gc,stats    ]    Subphase: Concurrent Classes Purge                      0.152 / 0.228         0.384 / 1.825         0.384 / 1.825         0.384 / 1.825       ms
[2025-05-18T22:49:24.131+0300][9688][8248 ][info][gc,stats    ]    Subphase: Concurrent Classes Unlink                     4.254 / 5.649         4.242 / 10.627        4.242 / 10.627        4.242 / 10.627      ms
[2025-05-18T22:49:24.131+0300][9688][8248 ][info][gc,stats    ]    Subphase: Concurrent Mark                              27.117 / 48.884       46.251 / 159.149      46.251 / 159.149      46.251 / 159.149     ms
[2025-05-18T22:49:24.131+0300][9688][8248 ][info][gc,stats    ]    Subphase: Concurrent Mark Try Flush                     2.501 / 11.627        9.674 / 47.931        9.674 / 47.931        9.674 / 47.931      ms
[2025-05-18T22:49:24.131+0300][9688][8248 ][info][gc,stats    ]    Subphase: Concurrent Mark Try Terminate                 3.386 / 15.970        7.949 / 31.993        7.949 / 31.993        7.949 / 31.993      ms
[2025-05-18T22:49:24.131+0300][9688][8248 ][info][gc,stats    ]    Subphase: Concurrent References Enqueue                 0.005 / 0.008         0.006 / 0.013         0.006 / 0.013         0.006 / 0.013       ms
[2025-05-18T22:49:24.131+0300][9688][8248 ][info][gc,stats    ]    Subphase: Concurrent References Process                 0.579 / 0.962         0.437 / 0.962         0.437 / 0.962         0.437 / 0.962       ms
[2025-05-18T22:49:24.131+0300][9688][8248 ][info][gc,stats    ]    Subphase: Concurrent Roots ClassLoaderDataGraph         0.142 / 0.266         0.158 / 0.474         0.158 / 0.474         0.158 / 0.474       ms
[2025-05-18T22:49:24.131+0300][9688][8248 ][info][gc,stats    ]    Subphase: Concurrent Roots CodeCache                    0.000 / 0.000         0.000 / 0.000         0.000 / 0.000         0.000 / 0.000       ms
[2025-05-18T22:49:24.131+0300][9688][8248 ][info][gc,stats    ]    Subphase: Concurrent Roots JavaThreads                  0.132 / 0.260         0.212 / 0.636         0.212 / 0.636         0.212 / 0.636       ms
[2025-05-18T22:49:24.131+0300][9688][8248 ][info][gc,stats    ]    Subphase: Concurrent Roots OopStorageSet                0.114 / 0.303         0.070 / 0.303         0.070 / 0.303         0.070 / 0.303       ms
[2025-05-18T22:49:24.131+0300][9688][8248 ][info][gc,stats    ]    Subphase: Concurrent Weak Roots OopStorageSet           0.274 / 0.525         0.353 / 0.718         0.353 / 0.718         0.353 / 0.718       ms
[2025-05-18T22:49:24.131+0300][9688][8248 ][info][gc,stats    ]    Subphase: Pause Mark Try Complete                       0.000 / 0.000         0.000 / 0.000         0.000 / 0.000         0.000 / 0.000       ms
[2025-05-18T22:49:24.131+0300][9688][8248 ][info][gc,stats    ]      System: Java Threads                                     17 / 19               17 / 21               17 / 21               17 / 21          threads
[2025-05-18T22:49:24.131+0300][9688][8248 ][info][gc,stats    ] =========================================================================================================================================================
[2025-05-18T22:49:26.634+0300][9688][2552 ][info][gc,heap,exit] Heap
[2025-05-18T22:49:26.634+0300][9688][2552 ][info][gc,heap,exit]  ZHeap           used 7136M, capacity 12288M, max capacity 12288M
[2025-05-18T22:49:26.635+0300][9688][2552 ][info][gc,heap,exit]  Metaspace       used 8744K, committed 9728K, reserved 1114112K
[2025-05-18T22:49:26.635+0300][9688][2552 ][info][gc,heap,exit]   class space    used 879K, committed 1280K, reserved 1048576K
